[2024-08-08T17:00:59.138-0700] {processor.py:161} INFO - Started process (PID=338) to work on /Users/treylayton/Library/Python/3.9/lib/python/site-packages/airflow/example_dags/example_branch_operator.py
[2024-08-08T17:00:59.140-0700] {processor.py:830} INFO - Processing file /Users/treylayton/Library/Python/3.9/lib/python/site-packages/airflow/example_dags/example_branch_operator.py for tasks to queue
[2024-08-08T17:00:59.140-0700] {logging_mixin.py:188} INFO - [2024-08-08T17:00:59.140-0700] {dagbag.py:545} INFO - Filling up the DagBag from /Users/treylayton/Library/Python/3.9/lib/python/site-packages/airflow/example_dags/example_branch_operator.py
[2024-08-08T17:00:59.153-0700] {processor.py:842} WARNING - No viable dags retrieved from /Users/treylayton/Library/Python/3.9/lib/python/site-packages/airflow/example_dags/example_branch_operator.py
[2024-08-08T17:00:59.206-0700] {processor.py:183} INFO - Processing /Users/treylayton/Library/Python/3.9/lib/python/site-packages/airflow/example_dags/example_branch_operator.py took 0.070 seconds
[2024-08-08T17:02:12.159-0700] {processor.py:161} INFO - Started process (PID=750) to work on /Users/treylayton/Library/Python/3.9/lib/python/site-packages/airflow/example_dags/example_branch_operator.py
[2024-08-08T17:02:12.167-0700] {processor.py:830} INFO - Processing file /Users/treylayton/Library/Python/3.9/lib/python/site-packages/airflow/example_dags/example_branch_operator.py for tasks to queue
[2024-08-08T17:02:12.168-0700] {logging_mixin.py:188} INFO - [2024-08-08T17:02:12.168-0700] {dagbag.py:545} INFO - Filling up the DagBag from /Users/treylayton/Library/Python/3.9/lib/python/site-packages/airflow/example_dags/example_branch_operator.py
[2024-08-08T17:02:12.188-0700] {processor.py:842} WARNING - No viable dags retrieved from /Users/treylayton/Library/Python/3.9/lib/python/site-packages/airflow/example_dags/example_branch_operator.py
[2024-08-08T17:02:12.236-0700] {processor.py:183} INFO - Processing /Users/treylayton/Library/Python/3.9/lib/python/site-packages/airflow/example_dags/example_branch_operator.py took 0.085 seconds
[2024-08-08T17:03:28.772-0700] {processor.py:161} INFO - Started process (PID=915) to work on /Users/treylayton/Library/Python/3.9/lib/python/site-packages/airflow/example_dags/example_branch_operator.py
[2024-08-08T17:03:28.773-0700] {processor.py:830} INFO - Processing file /Users/treylayton/Library/Python/3.9/lib/python/site-packages/airflow/example_dags/example_branch_operator.py for tasks to queue
[2024-08-08T17:03:28.774-0700] {logging_mixin.py:188} INFO - [2024-08-08T17:03:28.774-0700] {dagbag.py:545} INFO - Filling up the DagBag from /Users/treylayton/Library/Python/3.9/lib/python/site-packages/airflow/example_dags/example_branch_operator.py
[2024-08-08T17:03:28.786-0700] {processor.py:842} WARNING - No viable dags retrieved from /Users/treylayton/Library/Python/3.9/lib/python/site-packages/airflow/example_dags/example_branch_operator.py
[2024-08-08T17:03:28.834-0700] {processor.py:183} INFO - Processing /Users/treylayton/Library/Python/3.9/lib/python/site-packages/airflow/example_dags/example_branch_operator.py took 0.064 seconds
[2024-08-08T17:05:52.943-0700] {processor.py:161} INFO - Started process (PID=1288) to work on /Users/treylayton/Library/Python/3.9/lib/python/site-packages/airflow/example_dags/example_branch_operator.py
[2024-08-08T17:05:52.945-0700] {processor.py:830} INFO - Processing file /Users/treylayton/Library/Python/3.9/lib/python/site-packages/airflow/example_dags/example_branch_operator.py for tasks to queue
[2024-08-08T17:05:52.945-0700] {logging_mixin.py:188} INFO - [2024-08-08T17:05:52.945-0700] {dagbag.py:545} INFO - Filling up the DagBag from /Users/treylayton/Library/Python/3.9/lib/python/site-packages/airflow/example_dags/example_branch_operator.py
[2024-08-08T17:05:52.957-0700] {processor.py:842} WARNING - No viable dags retrieved from /Users/treylayton/Library/Python/3.9/lib/python/site-packages/airflow/example_dags/example_branch_operator.py
[2024-08-08T17:05:53.004-0700] {processor.py:183} INFO - Processing /Users/treylayton/Library/Python/3.9/lib/python/site-packages/airflow/example_dags/example_branch_operator.py took 0.062 seconds
[2024-08-08T17:06:56.509-0700] {processor.py:161} INFO - Started process (PID=1446) to work on /Users/treylayton/Library/Python/3.9/lib/python/site-packages/airflow/example_dags/example_branch_operator.py
[2024-08-08T17:06:56.511-0700] {processor.py:830} INFO - Processing file /Users/treylayton/Library/Python/3.9/lib/python/site-packages/airflow/example_dags/example_branch_operator.py for tasks to queue
[2024-08-08T17:06:56.511-0700] {logging_mixin.py:188} INFO - [2024-08-08T17:06:56.511-0700] {dagbag.py:545} INFO - Filling up the DagBag from /Users/treylayton/Library/Python/3.9/lib/python/site-packages/airflow/example_dags/example_branch_operator.py
[2024-08-08T17:06:56.523-0700] {processor.py:842} WARNING - No viable dags retrieved from /Users/treylayton/Library/Python/3.9/lib/python/site-packages/airflow/example_dags/example_branch_operator.py
[2024-08-08T17:06:56.569-0700] {processor.py:183} INFO - Processing /Users/treylayton/Library/Python/3.9/lib/python/site-packages/airflow/example_dags/example_branch_operator.py took 0.062 seconds
[2024-08-08T17:08:19.460-0700] {processor.py:161} INFO - Started process (PID=1586) to work on /Users/treylayton/Library/Python/3.9/lib/python/site-packages/airflow/example_dags/example_branch_operator.py
[2024-08-08T17:08:19.462-0700] {processor.py:830} INFO - Processing file /Users/treylayton/Library/Python/3.9/lib/python/site-packages/airflow/example_dags/example_branch_operator.py for tasks to queue
[2024-08-08T17:08:19.462-0700] {logging_mixin.py:188} INFO - [2024-08-08T17:08:19.462-0700] {dagbag.py:545} INFO - Filling up the DagBag from /Users/treylayton/Library/Python/3.9/lib/python/site-packages/airflow/example_dags/example_branch_operator.py
[2024-08-08T17:08:19.475-0700] {processor.py:842} WARNING - No viable dags retrieved from /Users/treylayton/Library/Python/3.9/lib/python/site-packages/airflow/example_dags/example_branch_operator.py
[2024-08-08T17:08:19.523-0700] {processor.py:183} INFO - Processing /Users/treylayton/Library/Python/3.9/lib/python/site-packages/airflow/example_dags/example_branch_operator.py took 0.065 seconds
[2024-08-08T17:34:57.897-0700] {processor.py:161} INFO - Started process (PID=1801) to work on /Users/treylayton/Library/Python/3.9/lib/python/site-packages/airflow/example_dags/example_branch_operator.py
[2024-08-08T17:34:57.899-0700] {processor.py:830} INFO - Processing file /Users/treylayton/Library/Python/3.9/lib/python/site-packages/airflow/example_dags/example_branch_operator.py for tasks to queue
[2024-08-08T17:34:57.899-0700] {logging_mixin.py:188} INFO - [2024-08-08T17:34:57.899-0700] {dagbag.py:545} INFO - Filling up the DagBag from /Users/treylayton/Library/Python/3.9/lib/python/site-packages/airflow/example_dags/example_branch_operator.py
[2024-08-08T17:34:57.912-0700] {processor.py:842} WARNING - No viable dags retrieved from /Users/treylayton/Library/Python/3.9/lib/python/site-packages/airflow/example_dags/example_branch_operator.py
[2024-08-08T17:34:57.957-0700] {processor.py:183} INFO - Processing /Users/treylayton/Library/Python/3.9/lib/python/site-packages/airflow/example_dags/example_branch_operator.py took 0.062 seconds
[2024-08-08T17:37:29.075-0700] {processor.py:161} INFO - Started process (PID=1909) to work on /Users/treylayton/Library/Python/3.9/lib/python/site-packages/airflow/example_dags/example_branch_operator.py
[2024-08-08T17:37:29.078-0700] {processor.py:830} INFO - Processing file /Users/treylayton/Library/Python/3.9/lib/python/site-packages/airflow/example_dags/example_branch_operator.py for tasks to queue
[2024-08-08T17:37:29.078-0700] {logging_mixin.py:188} INFO - [2024-08-08T17:37:29.078-0700] {dagbag.py:545} INFO - Filling up the DagBag from /Users/treylayton/Library/Python/3.9/lib/python/site-packages/airflow/example_dags/example_branch_operator.py
[2024-08-08T17:37:29.092-0700] {processor.py:842} WARNING - No viable dags retrieved from /Users/treylayton/Library/Python/3.9/lib/python/site-packages/airflow/example_dags/example_branch_operator.py
[2024-08-08T17:37:29.140-0700] {processor.py:183} INFO - Processing /Users/treylayton/Library/Python/3.9/lib/python/site-packages/airflow/example_dags/example_branch_operator.py took 0.067 seconds
[2024-08-08T17:39:59.578-0700] {processor.py:161} INFO - Started process (PID=2034) to work on /Users/treylayton/Library/Python/3.9/lib/python/site-packages/airflow/example_dags/example_branch_operator.py
[2024-08-08T17:39:59.580-0700] {processor.py:830} INFO - Processing file /Users/treylayton/Library/Python/3.9/lib/python/site-packages/airflow/example_dags/example_branch_operator.py for tasks to queue
[2024-08-08T17:39:59.580-0700] {logging_mixin.py:188} INFO - [2024-08-08T17:39:59.580-0700] {dagbag.py:545} INFO - Filling up the DagBag from /Users/treylayton/Library/Python/3.9/lib/python/site-packages/airflow/example_dags/example_branch_operator.py
[2024-08-08T17:39:59.593-0700] {processor.py:842} WARNING - No viable dags retrieved from /Users/treylayton/Library/Python/3.9/lib/python/site-packages/airflow/example_dags/example_branch_operator.py
[2024-08-08T17:39:59.639-0700] {processor.py:183} INFO - Processing /Users/treylayton/Library/Python/3.9/lib/python/site-packages/airflow/example_dags/example_branch_operator.py took 0.063 seconds
[2024-08-08T17:42:26.764-0700] {processor.py:161} INFO - Started process (PID=2125) to work on /Users/treylayton/Library/Python/3.9/lib/python/site-packages/airflow/example_dags/example_branch_operator.py
[2024-08-08T17:42:26.766-0700] {processor.py:830} INFO - Processing file /Users/treylayton/Library/Python/3.9/lib/python/site-packages/airflow/example_dags/example_branch_operator.py for tasks to queue
[2024-08-08T17:42:26.766-0700] {logging_mixin.py:188} INFO - [2024-08-08T17:42:26.766-0700] {dagbag.py:545} INFO - Filling up the DagBag from /Users/treylayton/Library/Python/3.9/lib/python/site-packages/airflow/example_dags/example_branch_operator.py
[2024-08-08T17:42:26.779-0700] {processor.py:842} WARNING - No viable dags retrieved from /Users/treylayton/Library/Python/3.9/lib/python/site-packages/airflow/example_dags/example_branch_operator.py
[2024-08-08T17:42:26.825-0700] {processor.py:183} INFO - Processing /Users/treylayton/Library/Python/3.9/lib/python/site-packages/airflow/example_dags/example_branch_operator.py took 0.063 seconds
[2024-08-08T17:44:55.787-0700] {processor.py:161} INFO - Started process (PID=2212) to work on /Users/treylayton/Library/Python/3.9/lib/python/site-packages/airflow/example_dags/example_branch_operator.py
[2024-08-08T17:44:55.789-0700] {processor.py:830} INFO - Processing file /Users/treylayton/Library/Python/3.9/lib/python/site-packages/airflow/example_dags/example_branch_operator.py for tasks to queue
[2024-08-08T17:44:55.789-0700] {logging_mixin.py:188} INFO - [2024-08-08T17:44:55.789-0700] {dagbag.py:545} INFO - Filling up the DagBag from /Users/treylayton/Library/Python/3.9/lib/python/site-packages/airflow/example_dags/example_branch_operator.py
[2024-08-08T17:44:55.803-0700] {processor.py:842} WARNING - No viable dags retrieved from /Users/treylayton/Library/Python/3.9/lib/python/site-packages/airflow/example_dags/example_branch_operator.py
[2024-08-08T17:44:55.853-0700] {processor.py:183} INFO - Processing /Users/treylayton/Library/Python/3.9/lib/python/site-packages/airflow/example_dags/example_branch_operator.py took 0.068 seconds
[2024-08-08T17:47:24.828-0700] {processor.py:161} INFO - Started process (PID=2306) to work on /Users/treylayton/Library/Python/3.9/lib/python/site-packages/airflow/example_dags/example_branch_operator.py
[2024-08-08T17:47:24.830-0700] {processor.py:830} INFO - Processing file /Users/treylayton/Library/Python/3.9/lib/python/site-packages/airflow/example_dags/example_branch_operator.py for tasks to queue
[2024-08-08T17:47:24.830-0700] {logging_mixin.py:188} INFO - [2024-08-08T17:47:24.830-0700] {dagbag.py:545} INFO - Filling up the DagBag from /Users/treylayton/Library/Python/3.9/lib/python/site-packages/airflow/example_dags/example_branch_operator.py
[2024-08-08T17:47:24.843-0700] {processor.py:842} WARNING - No viable dags retrieved from /Users/treylayton/Library/Python/3.9/lib/python/site-packages/airflow/example_dags/example_branch_operator.py
[2024-08-08T17:47:24.890-0700] {processor.py:183} INFO - Processing /Users/treylayton/Library/Python/3.9/lib/python/site-packages/airflow/example_dags/example_branch_operator.py took 0.063 seconds
[2024-08-08T17:49:51.874-0700] {processor.py:161} INFO - Started process (PID=2394) to work on /Users/treylayton/Library/Python/3.9/lib/python/site-packages/airflow/example_dags/example_branch_operator.py
[2024-08-08T17:49:51.876-0700] {processor.py:830} INFO - Processing file /Users/treylayton/Library/Python/3.9/lib/python/site-packages/airflow/example_dags/example_branch_operator.py for tasks to queue
[2024-08-08T17:49:51.876-0700] {logging_mixin.py:188} INFO - [2024-08-08T17:49:51.876-0700] {dagbag.py:545} INFO - Filling up the DagBag from /Users/treylayton/Library/Python/3.9/lib/python/site-packages/airflow/example_dags/example_branch_operator.py
[2024-08-08T17:49:51.889-0700] {processor.py:842} WARNING - No viable dags retrieved from /Users/treylayton/Library/Python/3.9/lib/python/site-packages/airflow/example_dags/example_branch_operator.py
[2024-08-08T17:49:51.941-0700] {processor.py:183} INFO - Processing /Users/treylayton/Library/Python/3.9/lib/python/site-packages/airflow/example_dags/example_branch_operator.py took 0.069 seconds
[2024-08-08T17:52:16.648-0700] {processor.py:161} INFO - Started process (PID=2485) to work on /Users/treylayton/Library/Python/3.9/lib/python/site-packages/airflow/example_dags/example_branch_operator.py
[2024-08-08T17:52:16.649-0700] {processor.py:830} INFO - Processing file /Users/treylayton/Library/Python/3.9/lib/python/site-packages/airflow/example_dags/example_branch_operator.py for tasks to queue
[2024-08-08T17:52:16.650-0700] {logging_mixin.py:188} INFO - [2024-08-08T17:52:16.650-0700] {dagbag.py:545} INFO - Filling up the DagBag from /Users/treylayton/Library/Python/3.9/lib/python/site-packages/airflow/example_dags/example_branch_operator.py
[2024-08-08T17:52:16.662-0700] {processor.py:842} WARNING - No viable dags retrieved from /Users/treylayton/Library/Python/3.9/lib/python/site-packages/airflow/example_dags/example_branch_operator.py
[2024-08-08T17:52:16.710-0700] {processor.py:183} INFO - Processing /Users/treylayton/Library/Python/3.9/lib/python/site-packages/airflow/example_dags/example_branch_operator.py took 0.064 seconds
[2024-08-08T17:54:44.019-0700] {processor.py:161} INFO - Started process (PID=2569) to work on /Users/treylayton/Library/Python/3.9/lib/python/site-packages/airflow/example_dags/example_branch_operator.py
[2024-08-08T17:54:44.021-0700] {processor.py:830} INFO - Processing file /Users/treylayton/Library/Python/3.9/lib/python/site-packages/airflow/example_dags/example_branch_operator.py for tasks to queue
[2024-08-08T17:54:44.022-0700] {logging_mixin.py:188} INFO - [2024-08-08T17:54:44.022-0700] {dagbag.py:545} INFO - Filling up the DagBag from /Users/treylayton/Library/Python/3.9/lib/python/site-packages/airflow/example_dags/example_branch_operator.py
[2024-08-08T17:54:44.036-0700] {processor.py:842} WARNING - No viable dags retrieved from /Users/treylayton/Library/Python/3.9/lib/python/site-packages/airflow/example_dags/example_branch_operator.py
[2024-08-08T17:54:44.084-0700] {processor.py:183} INFO - Processing /Users/treylayton/Library/Python/3.9/lib/python/site-packages/airflow/example_dags/example_branch_operator.py took 0.067 seconds
[2024-08-08T18:25:42.729-0700] {processor.py:161} INFO - Started process (PID=2711) to work on /Users/treylayton/Library/Python/3.9/lib/python/site-packages/airflow/example_dags/example_branch_operator.py
[2024-08-08T18:25:42.731-0700] {processor.py:830} INFO - Processing file /Users/treylayton/Library/Python/3.9/lib/python/site-packages/airflow/example_dags/example_branch_operator.py for tasks to queue
[2024-08-08T18:25:42.731-0700] {logging_mixin.py:188} INFO - [2024-08-08T18:25:42.731-0700] {dagbag.py:545} INFO - Filling up the DagBag from /Users/treylayton/Library/Python/3.9/lib/python/site-packages/airflow/example_dags/example_branch_operator.py
[2024-08-08T18:25:42.740-0700] {processor.py:842} WARNING - No viable dags retrieved from /Users/treylayton/Library/Python/3.9/lib/python/site-packages/airflow/example_dags/example_branch_operator.py
[2024-08-08T18:25:42.774-0700] {processor.py:183} INFO - Processing /Users/treylayton/Library/Python/3.9/lib/python/site-packages/airflow/example_dags/example_branch_operator.py took 0.046 seconds
[2024-08-08T18:27:43.081-0700] {processor.py:161} INFO - Started process (PID=2830) to work on /Users/treylayton/Library/Python/3.9/lib/python/site-packages/airflow/example_dags/example_branch_operator.py
[2024-08-08T18:27:43.082-0700] {processor.py:830} INFO - Processing file /Users/treylayton/Library/Python/3.9/lib/python/site-packages/airflow/example_dags/example_branch_operator.py for tasks to queue
[2024-08-08T18:27:43.082-0700] {logging_mixin.py:188} INFO - [2024-08-08T18:27:43.082-0700] {dagbag.py:545} INFO - Filling up the DagBag from /Users/treylayton/Library/Python/3.9/lib/python/site-packages/airflow/example_dags/example_branch_operator.py
[2024-08-08T18:27:43.090-0700] {processor.py:842} WARNING - No viable dags retrieved from /Users/treylayton/Library/Python/3.9/lib/python/site-packages/airflow/example_dags/example_branch_operator.py
[2024-08-08T18:27:43.124-0700] {processor.py:183} INFO - Processing /Users/treylayton/Library/Python/3.9/lib/python/site-packages/airflow/example_dags/example_branch_operator.py took 0.044 seconds
[2024-08-08T18:29:39.791-0700] {processor.py:161} INFO - Started process (PID=2924) to work on /Users/treylayton/Library/Python/3.9/lib/python/site-packages/airflow/example_dags/example_branch_operator.py
[2024-08-08T18:29:39.792-0700] {processor.py:830} INFO - Processing file /Users/treylayton/Library/Python/3.9/lib/python/site-packages/airflow/example_dags/example_branch_operator.py for tasks to queue
[2024-08-08T18:29:39.792-0700] {logging_mixin.py:188} INFO - [2024-08-08T18:29:39.792-0700] {dagbag.py:545} INFO - Filling up the DagBag from /Users/treylayton/Library/Python/3.9/lib/python/site-packages/airflow/example_dags/example_branch_operator.py
[2024-08-08T18:29:39.801-0700] {processor.py:842} WARNING - No viable dags retrieved from /Users/treylayton/Library/Python/3.9/lib/python/site-packages/airflow/example_dags/example_branch_operator.py
[2024-08-08T18:29:39.834-0700] {processor.py:183} INFO - Processing /Users/treylayton/Library/Python/3.9/lib/python/site-packages/airflow/example_dags/example_branch_operator.py took 0.045 seconds
[2024-08-08T18:31:42.779-0700] {processor.py:161} INFO - Started process (PID=3005) to work on /Users/treylayton/Library/Python/3.9/lib/python/site-packages/airflow/example_dags/example_branch_operator.py
[2024-08-08T18:31:42.780-0700] {processor.py:830} INFO - Processing file /Users/treylayton/Library/Python/3.9/lib/python/site-packages/airflow/example_dags/example_branch_operator.py for tasks to queue
[2024-08-08T18:31:42.780-0700] {logging_mixin.py:188} INFO - [2024-08-08T18:31:42.780-0700] {dagbag.py:545} INFO - Filling up the DagBag from /Users/treylayton/Library/Python/3.9/lib/python/site-packages/airflow/example_dags/example_branch_operator.py
[2024-08-08T18:31:42.789-0700] {processor.py:842} WARNING - No viable dags retrieved from /Users/treylayton/Library/Python/3.9/lib/python/site-packages/airflow/example_dags/example_branch_operator.py
[2024-08-08T18:31:42.824-0700] {processor.py:183} INFO - Processing /Users/treylayton/Library/Python/3.9/lib/python/site-packages/airflow/example_dags/example_branch_operator.py took 0.046 seconds
[2024-08-08T18:33:44.403-0700] {processor.py:161} INFO - Started process (PID=3096) to work on /Users/treylayton/Library/Python/3.9/lib/python/site-packages/airflow/example_dags/example_branch_operator.py
[2024-08-08T18:33:44.405-0700] {processor.py:830} INFO - Processing file /Users/treylayton/Library/Python/3.9/lib/python/site-packages/airflow/example_dags/example_branch_operator.py for tasks to queue
[2024-08-08T18:33:44.405-0700] {logging_mixin.py:188} INFO - [2024-08-08T18:33:44.405-0700] {dagbag.py:545} INFO - Filling up the DagBag from /Users/treylayton/Library/Python/3.9/lib/python/site-packages/airflow/example_dags/example_branch_operator.py
[2024-08-08T18:33:44.414-0700] {processor.py:842} WARNING - No viable dags retrieved from /Users/treylayton/Library/Python/3.9/lib/python/site-packages/airflow/example_dags/example_branch_operator.py
[2024-08-08T18:33:44.451-0700] {processor.py:183} INFO - Processing /Users/treylayton/Library/Python/3.9/lib/python/site-packages/airflow/example_dags/example_branch_operator.py took 0.049 seconds
[2024-08-08T18:35:41.905-0700] {processor.py:161} INFO - Started process (PID=3198) to work on /Users/treylayton/Library/Python/3.9/lib/python/site-packages/airflow/example_dags/example_branch_operator.py
[2024-08-08T18:35:41.907-0700] {processor.py:830} INFO - Processing file /Users/treylayton/Library/Python/3.9/lib/python/site-packages/airflow/example_dags/example_branch_operator.py for tasks to queue
[2024-08-08T18:35:41.908-0700] {logging_mixin.py:188} INFO - [2024-08-08T18:35:41.907-0700] {dagbag.py:545} INFO - Filling up the DagBag from /Users/treylayton/Library/Python/3.9/lib/python/site-packages/airflow/example_dags/example_branch_operator.py
[2024-08-08T18:35:41.916-0700] {processor.py:842} WARNING - No viable dags retrieved from /Users/treylayton/Library/Python/3.9/lib/python/site-packages/airflow/example_dags/example_branch_operator.py
[2024-08-08T18:35:41.950-0700] {processor.py:183} INFO - Processing /Users/treylayton/Library/Python/3.9/lib/python/site-packages/airflow/example_dags/example_branch_operator.py took 0.047 seconds
[2024-08-08T18:37:41.716-0700] {processor.py:161} INFO - Started process (PID=3290) to work on /Users/treylayton/Library/Python/3.9/lib/python/site-packages/airflow/example_dags/example_branch_operator.py
[2024-08-08T18:37:41.718-0700] {processor.py:830} INFO - Processing file /Users/treylayton/Library/Python/3.9/lib/python/site-packages/airflow/example_dags/example_branch_operator.py for tasks to queue
[2024-08-08T18:37:41.718-0700] {logging_mixin.py:188} INFO - [2024-08-08T18:37:41.718-0700] {dagbag.py:545} INFO - Filling up the DagBag from /Users/treylayton/Library/Python/3.9/lib/python/site-packages/airflow/example_dags/example_branch_operator.py
[2024-08-08T18:37:41.727-0700] {processor.py:842} WARNING - No viable dags retrieved from /Users/treylayton/Library/Python/3.9/lib/python/site-packages/airflow/example_dags/example_branch_operator.py
[2024-08-08T18:37:41.762-0700] {processor.py:183} INFO - Processing /Users/treylayton/Library/Python/3.9/lib/python/site-packages/airflow/example_dags/example_branch_operator.py took 0.047 seconds
[2024-08-08T18:39:38.461-0700] {processor.py:161} INFO - Started process (PID=3381) to work on /Users/treylayton/Library/Python/3.9/lib/python/site-packages/airflow/example_dags/example_branch_operator.py
[2024-08-08T18:39:38.462-0700] {processor.py:830} INFO - Processing file /Users/treylayton/Library/Python/3.9/lib/python/site-packages/airflow/example_dags/example_branch_operator.py for tasks to queue
[2024-08-08T18:39:38.463-0700] {logging_mixin.py:188} INFO - [2024-08-08T18:39:38.462-0700] {dagbag.py:545} INFO - Filling up the DagBag from /Users/treylayton/Library/Python/3.9/lib/python/site-packages/airflow/example_dags/example_branch_operator.py
[2024-08-08T18:39:38.471-0700] {processor.py:842} WARNING - No viable dags retrieved from /Users/treylayton/Library/Python/3.9/lib/python/site-packages/airflow/example_dags/example_branch_operator.py
[2024-08-08T18:39:38.505-0700] {processor.py:183} INFO - Processing /Users/treylayton/Library/Python/3.9/lib/python/site-packages/airflow/example_dags/example_branch_operator.py took 0.045 seconds
[2024-08-08T18:41:37.543-0700] {processor.py:161} INFO - Started process (PID=3483) to work on /Users/treylayton/Library/Python/3.9/lib/python/site-packages/airflow/example_dags/example_branch_operator.py
[2024-08-08T18:41:37.544-0700] {processor.py:830} INFO - Processing file /Users/treylayton/Library/Python/3.9/lib/python/site-packages/airflow/example_dags/example_branch_operator.py for tasks to queue
[2024-08-08T18:41:37.545-0700] {logging_mixin.py:188} INFO - [2024-08-08T18:41:37.545-0700] {dagbag.py:545} INFO - Filling up the DagBag from /Users/treylayton/Library/Python/3.9/lib/python/site-packages/airflow/example_dags/example_branch_operator.py
[2024-08-08T18:41:37.553-0700] {processor.py:842} WARNING - No viable dags retrieved from /Users/treylayton/Library/Python/3.9/lib/python/site-packages/airflow/example_dags/example_branch_operator.py
[2024-08-08T18:41:37.585-0700] {processor.py:183} INFO - Processing /Users/treylayton/Library/Python/3.9/lib/python/site-packages/airflow/example_dags/example_branch_operator.py took 0.043 seconds
[2024-08-08T18:43:31.516-0700] {processor.py:161} INFO - Started process (PID=3591) to work on /Users/treylayton/Library/Python/3.9/lib/python/site-packages/airflow/example_dags/example_branch_operator.py
[2024-08-08T18:43:31.517-0700] {processor.py:830} INFO - Processing file /Users/treylayton/Library/Python/3.9/lib/python/site-packages/airflow/example_dags/example_branch_operator.py for tasks to queue
[2024-08-08T18:43:31.517-0700] {logging_mixin.py:188} INFO - [2024-08-08T18:43:31.517-0700] {dagbag.py:545} INFO - Filling up the DagBag from /Users/treylayton/Library/Python/3.9/lib/python/site-packages/airflow/example_dags/example_branch_operator.py
[2024-08-08T18:43:31.525-0700] {processor.py:842} WARNING - No viable dags retrieved from /Users/treylayton/Library/Python/3.9/lib/python/site-packages/airflow/example_dags/example_branch_operator.py
[2024-08-08T18:43:31.557-0700] {processor.py:183} INFO - Processing /Users/treylayton/Library/Python/3.9/lib/python/site-packages/airflow/example_dags/example_branch_operator.py took 0.043 seconds
[2024-08-08T18:45:33.786-0700] {processor.py:161} INFO - Started process (PID=3676) to work on /Users/treylayton/Library/Python/3.9/lib/python/site-packages/airflow/example_dags/example_branch_operator.py
[2024-08-08T18:45:33.787-0700] {processor.py:830} INFO - Processing file /Users/treylayton/Library/Python/3.9/lib/python/site-packages/airflow/example_dags/example_branch_operator.py for tasks to queue
[2024-08-08T18:45:33.788-0700] {logging_mixin.py:188} INFO - [2024-08-08T18:45:33.788-0700] {dagbag.py:545} INFO - Filling up the DagBag from /Users/treylayton/Library/Python/3.9/lib/python/site-packages/airflow/example_dags/example_branch_operator.py
[2024-08-08T18:45:33.796-0700] {processor.py:842} WARNING - No viable dags retrieved from /Users/treylayton/Library/Python/3.9/lib/python/site-packages/airflow/example_dags/example_branch_operator.py
[2024-08-08T18:45:33.831-0700] {processor.py:183} INFO - Processing /Users/treylayton/Library/Python/3.9/lib/python/site-packages/airflow/example_dags/example_branch_operator.py took 0.046 seconds
[2024-08-08T18:47:30.495-0700] {processor.py:161} INFO - Started process (PID=3764) to work on /Users/treylayton/Library/Python/3.9/lib/python/site-packages/airflow/example_dags/example_branch_operator.py
[2024-08-08T18:47:30.496-0700] {processor.py:830} INFO - Processing file /Users/treylayton/Library/Python/3.9/lib/python/site-packages/airflow/example_dags/example_branch_operator.py for tasks to queue
[2024-08-08T18:47:30.496-0700] {logging_mixin.py:188} INFO - [2024-08-08T18:47:30.496-0700] {dagbag.py:545} INFO - Filling up the DagBag from /Users/treylayton/Library/Python/3.9/lib/python/site-packages/airflow/example_dags/example_branch_operator.py
[2024-08-08T18:47:30.504-0700] {processor.py:842} WARNING - No viable dags retrieved from /Users/treylayton/Library/Python/3.9/lib/python/site-packages/airflow/example_dags/example_branch_operator.py
[2024-08-08T18:47:30.537-0700] {processor.py:183} INFO - Processing /Users/treylayton/Library/Python/3.9/lib/python/site-packages/airflow/example_dags/example_branch_operator.py took 0.044 seconds
[2024-08-08T18:49:31.932-0700] {processor.py:161} INFO - Started process (PID=3868) to work on /Users/treylayton/Library/Python/3.9/lib/python/site-packages/airflow/example_dags/example_branch_operator.py
[2024-08-08T18:49:31.933-0700] {processor.py:830} INFO - Processing file /Users/treylayton/Library/Python/3.9/lib/python/site-packages/airflow/example_dags/example_branch_operator.py for tasks to queue
[2024-08-08T18:49:31.933-0700] {logging_mixin.py:188} INFO - [2024-08-08T18:49:31.933-0700] {dagbag.py:545} INFO - Filling up the DagBag from /Users/treylayton/Library/Python/3.9/lib/python/site-packages/airflow/example_dags/example_branch_operator.py
[2024-08-08T18:49:31.941-0700] {processor.py:842} WARNING - No viable dags retrieved from /Users/treylayton/Library/Python/3.9/lib/python/site-packages/airflow/example_dags/example_branch_operator.py
[2024-08-08T18:49:31.974-0700] {processor.py:183} INFO - Processing /Users/treylayton/Library/Python/3.9/lib/python/site-packages/airflow/example_dags/example_branch_operator.py took 0.043 seconds
[2024-08-08T18:51:32.487-0700] {processor.py:161} INFO - Started process (PID=3949) to work on /Users/treylayton/Library/Python/3.9/lib/python/site-packages/airflow/example_dags/example_branch_operator.py
[2024-08-08T18:51:32.488-0700] {processor.py:830} INFO - Processing file /Users/treylayton/Library/Python/3.9/lib/python/site-packages/airflow/example_dags/example_branch_operator.py for tasks to queue
[2024-08-08T18:51:32.488-0700] {logging_mixin.py:188} INFO - [2024-08-08T18:51:32.488-0700] {dagbag.py:545} INFO - Filling up the DagBag from /Users/treylayton/Library/Python/3.9/lib/python/site-packages/airflow/example_dags/example_branch_operator.py
[2024-08-08T18:51:32.497-0700] {processor.py:842} WARNING - No viable dags retrieved from /Users/treylayton/Library/Python/3.9/lib/python/site-packages/airflow/example_dags/example_branch_operator.py
[2024-08-08T18:51:32.531-0700] {processor.py:183} INFO - Processing /Users/treylayton/Library/Python/3.9/lib/python/site-packages/airflow/example_dags/example_branch_operator.py took 0.046 seconds
[2024-08-08T18:53:32.338-0700] {processor.py:161} INFO - Started process (PID=4049) to work on /Users/treylayton/Library/Python/3.9/lib/python/site-packages/airflow/example_dags/example_branch_operator.py
[2024-08-08T18:53:32.339-0700] {processor.py:830} INFO - Processing file /Users/treylayton/Library/Python/3.9/lib/python/site-packages/airflow/example_dags/example_branch_operator.py for tasks to queue
[2024-08-08T18:53:32.339-0700] {logging_mixin.py:188} INFO - [2024-08-08T18:53:32.339-0700] {dagbag.py:545} INFO - Filling up the DagBag from /Users/treylayton/Library/Python/3.9/lib/python/site-packages/airflow/example_dags/example_branch_operator.py
[2024-08-08T18:53:32.347-0700] {processor.py:842} WARNING - No viable dags retrieved from /Users/treylayton/Library/Python/3.9/lib/python/site-packages/airflow/example_dags/example_branch_operator.py
[2024-08-08T18:53:32.380-0700] {processor.py:183} INFO - Processing /Users/treylayton/Library/Python/3.9/lib/python/site-packages/airflow/example_dags/example_branch_operator.py took 0.044 seconds
[2024-08-08T18:55:34.255-0700] {processor.py:161} INFO - Started process (PID=4147) to work on /Users/treylayton/Library/Python/3.9/lib/python/site-packages/airflow/example_dags/example_branch_operator.py
[2024-08-08T18:55:34.256-0700] {processor.py:830} INFO - Processing file /Users/treylayton/Library/Python/3.9/lib/python/site-packages/airflow/example_dags/example_branch_operator.py for tasks to queue
[2024-08-08T18:55:34.256-0700] {logging_mixin.py:188} INFO - [2024-08-08T18:55:34.256-0700] {dagbag.py:545} INFO - Filling up the DagBag from /Users/treylayton/Library/Python/3.9/lib/python/site-packages/airflow/example_dags/example_branch_operator.py
[2024-08-08T18:55:34.265-0700] {processor.py:842} WARNING - No viable dags retrieved from /Users/treylayton/Library/Python/3.9/lib/python/site-packages/airflow/example_dags/example_branch_operator.py
[2024-08-08T18:55:34.299-0700] {processor.py:183} INFO - Processing /Users/treylayton/Library/Python/3.9/lib/python/site-packages/airflow/example_dags/example_branch_operator.py took 0.046 seconds
[2024-08-08T18:57:34.308-0700] {processor.py:161} INFO - Started process (PID=4236) to work on /Users/treylayton/Library/Python/3.9/lib/python/site-packages/airflow/example_dags/example_branch_operator.py
[2024-08-08T18:57:34.309-0700] {processor.py:830} INFO - Processing file /Users/treylayton/Library/Python/3.9/lib/python/site-packages/airflow/example_dags/example_branch_operator.py for tasks to queue
[2024-08-08T18:57:34.309-0700] {logging_mixin.py:188} INFO - [2024-08-08T18:57:34.309-0700] {dagbag.py:545} INFO - Filling up the DagBag from /Users/treylayton/Library/Python/3.9/lib/python/site-packages/airflow/example_dags/example_branch_operator.py
[2024-08-08T18:57:34.318-0700] {processor.py:842} WARNING - No viable dags retrieved from /Users/treylayton/Library/Python/3.9/lib/python/site-packages/airflow/example_dags/example_branch_operator.py
[2024-08-08T18:57:34.354-0700] {processor.py:183} INFO - Processing /Users/treylayton/Library/Python/3.9/lib/python/site-packages/airflow/example_dags/example_branch_operator.py took 0.048 seconds
[2024-08-08T18:59:26.916-0700] {processor.py:161} INFO - Started process (PID=4321) to work on /Users/treylayton/Library/Python/3.9/lib/python/site-packages/airflow/example_dags/example_branch_operator.py
[2024-08-08T18:59:26.917-0700] {processor.py:830} INFO - Processing file /Users/treylayton/Library/Python/3.9/lib/python/site-packages/airflow/example_dags/example_branch_operator.py for tasks to queue
[2024-08-08T18:59:26.917-0700] {logging_mixin.py:188} INFO - [2024-08-08T18:59:26.917-0700] {dagbag.py:545} INFO - Filling up the DagBag from /Users/treylayton/Library/Python/3.9/lib/python/site-packages/airflow/example_dags/example_branch_operator.py
[2024-08-08T18:59:26.926-0700] {processor.py:842} WARNING - No viable dags retrieved from /Users/treylayton/Library/Python/3.9/lib/python/site-packages/airflow/example_dags/example_branch_operator.py
[2024-08-08T18:59:26.961-0700] {processor.py:183} INFO - Processing /Users/treylayton/Library/Python/3.9/lib/python/site-packages/airflow/example_dags/example_branch_operator.py took 0.047 seconds
[2024-08-08T19:01:19.994-0700] {processor.py:161} INFO - Started process (PID=4454) to work on /Users/treylayton/Library/Python/3.9/lib/python/site-packages/airflow/example_dags/example_branch_operator.py
[2024-08-08T19:01:19.995-0700] {processor.py:830} INFO - Processing file /Users/treylayton/Library/Python/3.9/lib/python/site-packages/airflow/example_dags/example_branch_operator.py for tasks to queue
[2024-08-08T19:01:19.996-0700] {logging_mixin.py:188} INFO - [2024-08-08T19:01:19.996-0700] {dagbag.py:545} INFO - Filling up the DagBag from /Users/treylayton/Library/Python/3.9/lib/python/site-packages/airflow/example_dags/example_branch_operator.py
[2024-08-08T19:01:20.003-0700] {processor.py:842} WARNING - No viable dags retrieved from /Users/treylayton/Library/Python/3.9/lib/python/site-packages/airflow/example_dags/example_branch_operator.py
[2024-08-08T19:01:20.036-0700] {processor.py:183} INFO - Processing /Users/treylayton/Library/Python/3.9/lib/python/site-packages/airflow/example_dags/example_branch_operator.py took 0.043 seconds
[2024-08-08T19:03:13.150-0700] {processor.py:161} INFO - Started process (PID=4593) to work on /Users/treylayton/Library/Python/3.9/lib/python/site-packages/airflow/example_dags/example_branch_operator.py
[2024-08-08T19:03:13.151-0700] {processor.py:830} INFO - Processing file /Users/treylayton/Library/Python/3.9/lib/python/site-packages/airflow/example_dags/example_branch_operator.py for tasks to queue
[2024-08-08T19:03:13.152-0700] {logging_mixin.py:188} INFO - [2024-08-08T19:03:13.151-0700] {dagbag.py:545} INFO - Filling up the DagBag from /Users/treylayton/Library/Python/3.9/lib/python/site-packages/airflow/example_dags/example_branch_operator.py
[2024-08-08T19:03:13.160-0700] {processor.py:842} WARNING - No viable dags retrieved from /Users/treylayton/Library/Python/3.9/lib/python/site-packages/airflow/example_dags/example_branch_operator.py
[2024-08-08T19:03:13.195-0700] {processor.py:183} INFO - Processing /Users/treylayton/Library/Python/3.9/lib/python/site-packages/airflow/example_dags/example_branch_operator.py took 0.046 seconds
[2024-08-08T19:05:09.256-0700] {processor.py:161} INFO - Started process (PID=4732) to work on /Users/treylayton/Library/Python/3.9/lib/python/site-packages/airflow/example_dags/example_branch_operator.py
[2024-08-08T19:05:09.257-0700] {processor.py:830} INFO - Processing file /Users/treylayton/Library/Python/3.9/lib/python/site-packages/airflow/example_dags/example_branch_operator.py for tasks to queue
[2024-08-08T19:05:09.257-0700] {logging_mixin.py:188} INFO - [2024-08-08T19:05:09.257-0700] {dagbag.py:545} INFO - Filling up the DagBag from /Users/treylayton/Library/Python/3.9/lib/python/site-packages/airflow/example_dags/example_branch_operator.py
[2024-08-08T19:05:09.266-0700] {processor.py:842} WARNING - No viable dags retrieved from /Users/treylayton/Library/Python/3.9/lib/python/site-packages/airflow/example_dags/example_branch_operator.py
[2024-08-08T19:05:09.301-0700] {processor.py:183} INFO - Processing /Users/treylayton/Library/Python/3.9/lib/python/site-packages/airflow/example_dags/example_branch_operator.py took 0.047 seconds
[2024-08-08T19:07:07.905-0700] {processor.py:161} INFO - Started process (PID=4856) to work on /Users/treylayton/Library/Python/3.9/lib/python/site-packages/airflow/example_dags/example_branch_operator.py
[2024-08-08T19:07:07.907-0700] {processor.py:830} INFO - Processing file /Users/treylayton/Library/Python/3.9/lib/python/site-packages/airflow/example_dags/example_branch_operator.py for tasks to queue
[2024-08-08T19:07:07.907-0700] {logging_mixin.py:188} INFO - [2024-08-08T19:07:07.907-0700] {dagbag.py:545} INFO - Filling up the DagBag from /Users/treylayton/Library/Python/3.9/lib/python/site-packages/airflow/example_dags/example_branch_operator.py
[2024-08-08T19:07:07.915-0700] {processor.py:842} WARNING - No viable dags retrieved from /Users/treylayton/Library/Python/3.9/lib/python/site-packages/airflow/example_dags/example_branch_operator.py
[2024-08-08T19:07:07.948-0700] {processor.py:183} INFO - Processing /Users/treylayton/Library/Python/3.9/lib/python/site-packages/airflow/example_dags/example_branch_operator.py took 0.044 seconds
[2024-08-08T19:09:04.724-0700] {processor.py:161} INFO - Started process (PID=4978) to work on /Users/treylayton/Library/Python/3.9/lib/python/site-packages/airflow/example_dags/example_branch_operator.py
[2024-08-08T19:09:04.725-0700] {processor.py:830} INFO - Processing file /Users/treylayton/Library/Python/3.9/lib/python/site-packages/airflow/example_dags/example_branch_operator.py for tasks to queue
[2024-08-08T19:09:04.725-0700] {logging_mixin.py:188} INFO - [2024-08-08T19:09:04.725-0700] {dagbag.py:545} INFO - Filling up the DagBag from /Users/treylayton/Library/Python/3.9/lib/python/site-packages/airflow/example_dags/example_branch_operator.py
[2024-08-08T19:09:04.733-0700] {processor.py:842} WARNING - No viable dags retrieved from /Users/treylayton/Library/Python/3.9/lib/python/site-packages/airflow/example_dags/example_branch_operator.py
[2024-08-08T19:09:04.766-0700] {processor.py:183} INFO - Processing /Users/treylayton/Library/Python/3.9/lib/python/site-packages/airflow/example_dags/example_branch_operator.py took 0.043 seconds
[2024-08-08T19:10:57.418-0700] {processor.py:161} INFO - Started process (PID=5055) to work on /Users/treylayton/Library/Python/3.9/lib/python/site-packages/airflow/example_dags/example_branch_operator.py
[2024-08-08T19:10:57.419-0700] {processor.py:830} INFO - Processing file /Users/treylayton/Library/Python/3.9/lib/python/site-packages/airflow/example_dags/example_branch_operator.py for tasks to queue
[2024-08-08T19:10:57.419-0700] {logging_mixin.py:188} INFO - [2024-08-08T19:10:57.419-0700] {dagbag.py:545} INFO - Filling up the DagBag from /Users/treylayton/Library/Python/3.9/lib/python/site-packages/airflow/example_dags/example_branch_operator.py
[2024-08-08T19:10:57.427-0700] {processor.py:842} WARNING - No viable dags retrieved from /Users/treylayton/Library/Python/3.9/lib/python/site-packages/airflow/example_dags/example_branch_operator.py
[2024-08-08T19:10:57.459-0700] {processor.py:183} INFO - Processing /Users/treylayton/Library/Python/3.9/lib/python/site-packages/airflow/example_dags/example_branch_operator.py took 0.042 seconds
[2024-08-08T19:12:53.955-0700] {processor.py:161} INFO - Started process (PID=5190) to work on /Users/treylayton/Library/Python/3.9/lib/python/site-packages/airflow/example_dags/example_branch_operator.py
[2024-08-08T19:12:53.956-0700] {processor.py:830} INFO - Processing file /Users/treylayton/Library/Python/3.9/lib/python/site-packages/airflow/example_dags/example_branch_operator.py for tasks to queue
[2024-08-08T19:12:53.957-0700] {logging_mixin.py:188} INFO - [2024-08-08T19:12:53.957-0700] {dagbag.py:545} INFO - Filling up the DagBag from /Users/treylayton/Library/Python/3.9/lib/python/site-packages/airflow/example_dags/example_branch_operator.py
[2024-08-08T19:12:53.965-0700] {processor.py:842} WARNING - No viable dags retrieved from /Users/treylayton/Library/Python/3.9/lib/python/site-packages/airflow/example_dags/example_branch_operator.py
[2024-08-08T19:12:54.001-0700] {processor.py:183} INFO - Processing /Users/treylayton/Library/Python/3.9/lib/python/site-packages/airflow/example_dags/example_branch_operator.py took 0.047 seconds
[2024-08-08T19:14:53.724-0700] {processor.py:161} INFO - Started process (PID=5330) to work on /Users/treylayton/Library/Python/3.9/lib/python/site-packages/airflow/example_dags/example_branch_operator.py
[2024-08-08T19:14:53.725-0700] {processor.py:830} INFO - Processing file /Users/treylayton/Library/Python/3.9/lib/python/site-packages/airflow/example_dags/example_branch_operator.py for tasks to queue
[2024-08-08T19:14:53.726-0700] {logging_mixin.py:188} INFO - [2024-08-08T19:14:53.726-0700] {dagbag.py:545} INFO - Filling up the DagBag from /Users/treylayton/Library/Python/3.9/lib/python/site-packages/airflow/example_dags/example_branch_operator.py
[2024-08-08T19:14:53.734-0700] {processor.py:842} WARNING - No viable dags retrieved from /Users/treylayton/Library/Python/3.9/lib/python/site-packages/airflow/example_dags/example_branch_operator.py
[2024-08-08T19:14:53.766-0700] {processor.py:183} INFO - Processing /Users/treylayton/Library/Python/3.9/lib/python/site-packages/airflow/example_dags/example_branch_operator.py took 0.043 seconds
[2024-08-08T19:16:49.194-0700] {processor.py:161} INFO - Started process (PID=5443) to work on /Users/treylayton/Library/Python/3.9/lib/python/site-packages/airflow/example_dags/example_branch_operator.py
[2024-08-08T19:16:49.196-0700] {processor.py:830} INFO - Processing file /Users/treylayton/Library/Python/3.9/lib/python/site-packages/airflow/example_dags/example_branch_operator.py for tasks to queue
[2024-08-08T19:16:49.196-0700] {logging_mixin.py:188} INFO - [2024-08-08T19:16:49.196-0700] {dagbag.py:545} INFO - Filling up the DagBag from /Users/treylayton/Library/Python/3.9/lib/python/site-packages/airflow/example_dags/example_branch_operator.py
[2024-08-08T19:16:49.204-0700] {processor.py:842} WARNING - No viable dags retrieved from /Users/treylayton/Library/Python/3.9/lib/python/site-packages/airflow/example_dags/example_branch_operator.py
[2024-08-08T19:16:49.238-0700] {processor.py:183} INFO - Processing /Users/treylayton/Library/Python/3.9/lib/python/site-packages/airflow/example_dags/example_branch_operator.py took 0.045 seconds
[2024-08-08T19:18:44.770-0700] {processor.py:161} INFO - Started process (PID=5572) to work on /Users/treylayton/Library/Python/3.9/lib/python/site-packages/airflow/example_dags/example_branch_operator.py
[2024-08-08T19:18:44.771-0700] {processor.py:830} INFO - Processing file /Users/treylayton/Library/Python/3.9/lib/python/site-packages/airflow/example_dags/example_branch_operator.py for tasks to queue
[2024-08-08T19:18:44.772-0700] {logging_mixin.py:188} INFO - [2024-08-08T19:18:44.772-0700] {dagbag.py:545} INFO - Filling up the DagBag from /Users/treylayton/Library/Python/3.9/lib/python/site-packages/airflow/example_dags/example_branch_operator.py
[2024-08-08T19:18:44.779-0700] {processor.py:842} WARNING - No viable dags retrieved from /Users/treylayton/Library/Python/3.9/lib/python/site-packages/airflow/example_dags/example_branch_operator.py
[2024-08-08T19:18:44.811-0700] {processor.py:183} INFO - Processing /Users/treylayton/Library/Python/3.9/lib/python/site-packages/airflow/example_dags/example_branch_operator.py took 0.042 seconds
[2024-08-08T19:20:43.547-0700] {processor.py:161} INFO - Started process (PID=5665) to work on /Users/treylayton/Library/Python/3.9/lib/python/site-packages/airflow/example_dags/example_branch_operator.py
[2024-08-08T19:20:43.548-0700] {processor.py:830} INFO - Processing file /Users/treylayton/Library/Python/3.9/lib/python/site-packages/airflow/example_dags/example_branch_operator.py for tasks to queue
[2024-08-08T19:20:43.549-0700] {logging_mixin.py:188} INFO - [2024-08-08T19:20:43.549-0700] {dagbag.py:545} INFO - Filling up the DagBag from /Users/treylayton/Library/Python/3.9/lib/python/site-packages/airflow/example_dags/example_branch_operator.py
[2024-08-08T19:20:43.557-0700] {processor.py:842} WARNING - No viable dags retrieved from /Users/treylayton/Library/Python/3.9/lib/python/site-packages/airflow/example_dags/example_branch_operator.py
[2024-08-08T19:20:43.588-0700] {processor.py:183} INFO - Processing /Users/treylayton/Library/Python/3.9/lib/python/site-packages/airflow/example_dags/example_branch_operator.py took 0.042 seconds
[2024-08-08T19:22:33.459-0700] {processor.py:161} INFO - Started process (PID=5746) to work on /Users/treylayton/Library/Python/3.9/lib/python/site-packages/airflow/example_dags/example_branch_operator.py
[2024-08-08T19:22:33.460-0700] {processor.py:830} INFO - Processing file /Users/treylayton/Library/Python/3.9/lib/python/site-packages/airflow/example_dags/example_branch_operator.py for tasks to queue
[2024-08-08T19:22:33.460-0700] {logging_mixin.py:188} INFO - [2024-08-08T19:22:33.460-0700] {dagbag.py:545} INFO - Filling up the DagBag from /Users/treylayton/Library/Python/3.9/lib/python/site-packages/airflow/example_dags/example_branch_operator.py
[2024-08-08T19:22:33.468-0700] {processor.py:842} WARNING - No viable dags retrieved from /Users/treylayton/Library/Python/3.9/lib/python/site-packages/airflow/example_dags/example_branch_operator.py
[2024-08-08T19:22:33.501-0700] {processor.py:183} INFO - Processing /Users/treylayton/Library/Python/3.9/lib/python/site-packages/airflow/example_dags/example_branch_operator.py took 0.044 seconds
[2024-08-08T19:24:26.509-0700] {processor.py:161} INFO - Started process (PID=5849) to work on /Users/treylayton/Library/Python/3.9/lib/python/site-packages/airflow/example_dags/example_branch_operator.py
[2024-08-08T19:24:26.512-0700] {processor.py:830} INFO - Processing file /Users/treylayton/Library/Python/3.9/lib/python/site-packages/airflow/example_dags/example_branch_operator.py for tasks to queue
[2024-08-08T19:24:26.512-0700] {logging_mixin.py:188} INFO - [2024-08-08T19:24:26.512-0700] {dagbag.py:545} INFO - Filling up the DagBag from /Users/treylayton/Library/Python/3.9/lib/python/site-packages/airflow/example_dags/example_branch_operator.py
[2024-08-08T19:24:26.521-0700] {processor.py:842} WARNING - No viable dags retrieved from /Users/treylayton/Library/Python/3.9/lib/python/site-packages/airflow/example_dags/example_branch_operator.py
[2024-08-08T19:24:26.554-0700] {processor.py:183} INFO - Processing /Users/treylayton/Library/Python/3.9/lib/python/site-packages/airflow/example_dags/example_branch_operator.py took 0.047 seconds
[2024-08-08T19:26:27.898-0700] {processor.py:161} INFO - Started process (PID=5929) to work on /Users/treylayton/Library/Python/3.9/lib/python/site-packages/airflow/example_dags/example_branch_operator.py
[2024-08-08T19:26:27.899-0700] {processor.py:830} INFO - Processing file /Users/treylayton/Library/Python/3.9/lib/python/site-packages/airflow/example_dags/example_branch_operator.py for tasks to queue
[2024-08-08T19:26:27.900-0700] {logging_mixin.py:188} INFO - [2024-08-08T19:26:27.899-0700] {dagbag.py:545} INFO - Filling up the DagBag from /Users/treylayton/Library/Python/3.9/lib/python/site-packages/airflow/example_dags/example_branch_operator.py
[2024-08-08T19:26:27.907-0700] {processor.py:842} WARNING - No viable dags retrieved from /Users/treylayton/Library/Python/3.9/lib/python/site-packages/airflow/example_dags/example_branch_operator.py
[2024-08-08T19:26:27.941-0700] {processor.py:183} INFO - Processing /Users/treylayton/Library/Python/3.9/lib/python/site-packages/airflow/example_dags/example_branch_operator.py took 0.044 seconds
[2024-08-08T19:28:30.538-0700] {processor.py:161} INFO - Started process (PID=6010) to work on /Users/treylayton/Library/Python/3.9/lib/python/site-packages/airflow/example_dags/example_branch_operator.py
[2024-08-08T19:28:30.540-0700] {processor.py:830} INFO - Processing file /Users/treylayton/Library/Python/3.9/lib/python/site-packages/airflow/example_dags/example_branch_operator.py for tasks to queue
[2024-08-08T19:28:30.541-0700] {logging_mixin.py:188} INFO - [2024-08-08T19:28:30.541-0700] {dagbag.py:545} INFO - Filling up the DagBag from /Users/treylayton/Library/Python/3.9/lib/python/site-packages/airflow/example_dags/example_branch_operator.py
[2024-08-08T19:28:30.549-0700] {processor.py:842} WARNING - No viable dags retrieved from /Users/treylayton/Library/Python/3.9/lib/python/site-packages/airflow/example_dags/example_branch_operator.py
[2024-08-08T19:28:30.581-0700] {processor.py:183} INFO - Processing /Users/treylayton/Library/Python/3.9/lib/python/site-packages/airflow/example_dags/example_branch_operator.py took 0.044 seconds
[2024-08-08T19:30:32.566-0700] {processor.py:161} INFO - Started process (PID=6095) to work on /Users/treylayton/Library/Python/3.9/lib/python/site-packages/airflow/example_dags/example_branch_operator.py
[2024-08-08T19:30:32.567-0700] {processor.py:830} INFO - Processing file /Users/treylayton/Library/Python/3.9/lib/python/site-packages/airflow/example_dags/example_branch_operator.py for tasks to queue
[2024-08-08T19:30:32.567-0700] {logging_mixin.py:188} INFO - [2024-08-08T19:30:32.567-0700] {dagbag.py:545} INFO - Filling up the DagBag from /Users/treylayton/Library/Python/3.9/lib/python/site-packages/airflow/example_dags/example_branch_operator.py
[2024-08-08T19:30:32.576-0700] {processor.py:842} WARNING - No viable dags retrieved from /Users/treylayton/Library/Python/3.9/lib/python/site-packages/airflow/example_dags/example_branch_operator.py
[2024-08-08T19:30:32.608-0700] {processor.py:183} INFO - Processing /Users/treylayton/Library/Python/3.9/lib/python/site-packages/airflow/example_dags/example_branch_operator.py took 0.044 seconds
[2024-08-08T19:32:29.809-0700] {processor.py:161} INFO - Started process (PID=6171) to work on /Users/treylayton/Library/Python/3.9/lib/python/site-packages/airflow/example_dags/example_branch_operator.py
[2024-08-08T19:32:29.810-0700] {processor.py:830} INFO - Processing file /Users/treylayton/Library/Python/3.9/lib/python/site-packages/airflow/example_dags/example_branch_operator.py for tasks to queue
[2024-08-08T19:32:29.810-0700] {logging_mixin.py:188} INFO - [2024-08-08T19:32:29.810-0700] {dagbag.py:545} INFO - Filling up the DagBag from /Users/treylayton/Library/Python/3.9/lib/python/site-packages/airflow/example_dags/example_branch_operator.py
[2024-08-08T19:32:29.819-0700] {processor.py:842} WARNING - No viable dags retrieved from /Users/treylayton/Library/Python/3.9/lib/python/site-packages/airflow/example_dags/example_branch_operator.py
[2024-08-08T19:32:29.854-0700] {processor.py:183} INFO - Processing /Users/treylayton/Library/Python/3.9/lib/python/site-packages/airflow/example_dags/example_branch_operator.py took 0.047 seconds
[2024-08-08T19:34:26.055-0700] {processor.py:161} INFO - Started process (PID=6252) to work on /Users/treylayton/Library/Python/3.9/lib/python/site-packages/airflow/example_dags/example_branch_operator.py
[2024-08-08T19:34:26.057-0700] {processor.py:830} INFO - Processing file /Users/treylayton/Library/Python/3.9/lib/python/site-packages/airflow/example_dags/example_branch_operator.py for tasks to queue
[2024-08-08T19:34:26.057-0700] {logging_mixin.py:188} INFO - [2024-08-08T19:34:26.057-0700] {dagbag.py:545} INFO - Filling up the DagBag from /Users/treylayton/Library/Python/3.9/lib/python/site-packages/airflow/example_dags/example_branch_operator.py
[2024-08-08T19:34:26.066-0700] {processor.py:842} WARNING - No viable dags retrieved from /Users/treylayton/Library/Python/3.9/lib/python/site-packages/airflow/example_dags/example_branch_operator.py
[2024-08-08T19:34:26.099-0700] {processor.py:183} INFO - Processing /Users/treylayton/Library/Python/3.9/lib/python/site-packages/airflow/example_dags/example_branch_operator.py took 0.045 seconds
[2024-08-08T19:36:19.322-0700] {processor.py:161} INFO - Started process (PID=6330) to work on /Users/treylayton/Library/Python/3.9/lib/python/site-packages/airflow/example_dags/example_branch_operator.py
[2024-08-08T19:36:19.324-0700] {processor.py:830} INFO - Processing file /Users/treylayton/Library/Python/3.9/lib/python/site-packages/airflow/example_dags/example_branch_operator.py for tasks to queue
[2024-08-08T19:36:19.324-0700] {logging_mixin.py:188} INFO - [2024-08-08T19:36:19.324-0700] {dagbag.py:545} INFO - Filling up the DagBag from /Users/treylayton/Library/Python/3.9/lib/python/site-packages/airflow/example_dags/example_branch_operator.py
[2024-08-08T19:36:19.332-0700] {processor.py:842} WARNING - No viable dags retrieved from /Users/treylayton/Library/Python/3.9/lib/python/site-packages/airflow/example_dags/example_branch_operator.py
[2024-08-08T19:36:19.364-0700] {processor.py:183} INFO - Processing /Users/treylayton/Library/Python/3.9/lib/python/site-packages/airflow/example_dags/example_branch_operator.py took 0.044 seconds
[2024-08-08T19:38:16.431-0700] {processor.py:161} INFO - Started process (PID=6413) to work on /Users/treylayton/Library/Python/3.9/lib/python/site-packages/airflow/example_dags/example_branch_operator.py
[2024-08-08T19:38:16.432-0700] {processor.py:830} INFO - Processing file /Users/treylayton/Library/Python/3.9/lib/python/site-packages/airflow/example_dags/example_branch_operator.py for tasks to queue
[2024-08-08T19:38:16.432-0700] {logging_mixin.py:188} INFO - [2024-08-08T19:38:16.432-0700] {dagbag.py:545} INFO - Filling up the DagBag from /Users/treylayton/Library/Python/3.9/lib/python/site-packages/airflow/example_dags/example_branch_operator.py
[2024-08-08T19:38:16.441-0700] {processor.py:842} WARNING - No viable dags retrieved from /Users/treylayton/Library/Python/3.9/lib/python/site-packages/airflow/example_dags/example_branch_operator.py
[2024-08-08T19:38:16.474-0700] {processor.py:183} INFO - Processing /Users/treylayton/Library/Python/3.9/lib/python/site-packages/airflow/example_dags/example_branch_operator.py took 0.044 seconds
[2024-08-08T19:40:07.996-0700] {processor.py:161} INFO - Started process (PID=6490) to work on /Users/treylayton/Library/Python/3.9/lib/python/site-packages/airflow/example_dags/example_branch_operator.py
[2024-08-08T19:40:07.998-0700] {processor.py:830} INFO - Processing file /Users/treylayton/Library/Python/3.9/lib/python/site-packages/airflow/example_dags/example_branch_operator.py for tasks to queue
[2024-08-08T19:40:07.998-0700] {logging_mixin.py:188} INFO - [2024-08-08T19:40:07.998-0700] {dagbag.py:545} INFO - Filling up the DagBag from /Users/treylayton/Library/Python/3.9/lib/python/site-packages/airflow/example_dags/example_branch_operator.py
[2024-08-08T19:40:08.006-0700] {processor.py:842} WARNING - No viable dags retrieved from /Users/treylayton/Library/Python/3.9/lib/python/site-packages/airflow/example_dags/example_branch_operator.py
[2024-08-08T19:40:08.038-0700] {processor.py:183} INFO - Processing /Users/treylayton/Library/Python/3.9/lib/python/site-packages/airflow/example_dags/example_branch_operator.py took 0.043 seconds
[2024-08-08T19:42:08.731-0700] {processor.py:161} INFO - Started process (PID=6572) to work on /Users/treylayton/Library/Python/3.9/lib/python/site-packages/airflow/example_dags/example_branch_operator.py
[2024-08-08T19:42:08.732-0700] {processor.py:830} INFO - Processing file /Users/treylayton/Library/Python/3.9/lib/python/site-packages/airflow/example_dags/example_branch_operator.py for tasks to queue
[2024-08-08T19:42:08.732-0700] {logging_mixin.py:188} INFO - [2024-08-08T19:42:08.732-0700] {dagbag.py:545} INFO - Filling up the DagBag from /Users/treylayton/Library/Python/3.9/lib/python/site-packages/airflow/example_dags/example_branch_operator.py
[2024-08-08T19:42:08.741-0700] {processor.py:842} WARNING - No viable dags retrieved from /Users/treylayton/Library/Python/3.9/lib/python/site-packages/airflow/example_dags/example_branch_operator.py
[2024-08-08T19:42:08.773-0700] {processor.py:183} INFO - Processing /Users/treylayton/Library/Python/3.9/lib/python/site-packages/airflow/example_dags/example_branch_operator.py took 0.043 seconds
[2024-08-08T19:44:07.105-0700] {processor.py:161} INFO - Started process (PID=6654) to work on /Users/treylayton/Library/Python/3.9/lib/python/site-packages/airflow/example_dags/example_branch_operator.py
[2024-08-08T19:44:07.107-0700] {processor.py:830} INFO - Processing file /Users/treylayton/Library/Python/3.9/lib/python/site-packages/airflow/example_dags/example_branch_operator.py for tasks to queue
[2024-08-08T19:44:07.107-0700] {logging_mixin.py:188} INFO - [2024-08-08T19:44:07.107-0700] {dagbag.py:545} INFO - Filling up the DagBag from /Users/treylayton/Library/Python/3.9/lib/python/site-packages/airflow/example_dags/example_branch_operator.py
[2024-08-08T19:44:07.115-0700] {processor.py:842} WARNING - No viable dags retrieved from /Users/treylayton/Library/Python/3.9/lib/python/site-packages/airflow/example_dags/example_branch_operator.py
[2024-08-08T19:44:07.149-0700] {processor.py:183} INFO - Processing /Users/treylayton/Library/Python/3.9/lib/python/site-packages/airflow/example_dags/example_branch_operator.py took 0.045 seconds
[2024-08-08T19:46:06.458-0700] {processor.py:161} INFO - Started process (PID=6733) to work on /Users/treylayton/Library/Python/3.9/lib/python/site-packages/airflow/example_dags/example_branch_operator.py
[2024-08-08T19:46:06.460-0700] {processor.py:830} INFO - Processing file /Users/treylayton/Library/Python/3.9/lib/python/site-packages/airflow/example_dags/example_branch_operator.py for tasks to queue
[2024-08-08T19:46:06.460-0700] {logging_mixin.py:188} INFO - [2024-08-08T19:46:06.460-0700] {dagbag.py:545} INFO - Filling up the DagBag from /Users/treylayton/Library/Python/3.9/lib/python/site-packages/airflow/example_dags/example_branch_operator.py
[2024-08-08T19:46:06.468-0700] {processor.py:842} WARNING - No viable dags retrieved from /Users/treylayton/Library/Python/3.9/lib/python/site-packages/airflow/example_dags/example_branch_operator.py
[2024-08-08T19:46:06.500-0700] {processor.py:183} INFO - Processing /Users/treylayton/Library/Python/3.9/lib/python/site-packages/airflow/example_dags/example_branch_operator.py took 0.043 seconds
[2024-08-08T19:48:07.787-0700] {processor.py:161} INFO - Started process (PID=6816) to work on /Users/treylayton/Library/Python/3.9/lib/python/site-packages/airflow/example_dags/example_branch_operator.py
[2024-08-08T19:48:07.788-0700] {processor.py:830} INFO - Processing file /Users/treylayton/Library/Python/3.9/lib/python/site-packages/airflow/example_dags/example_branch_operator.py for tasks to queue
[2024-08-08T19:48:07.788-0700] {logging_mixin.py:188} INFO - [2024-08-08T19:48:07.788-0700] {dagbag.py:545} INFO - Filling up the DagBag from /Users/treylayton/Library/Python/3.9/lib/python/site-packages/airflow/example_dags/example_branch_operator.py
[2024-08-08T19:48:07.796-0700] {processor.py:842} WARNING - No viable dags retrieved from /Users/treylayton/Library/Python/3.9/lib/python/site-packages/airflow/example_dags/example_branch_operator.py
[2024-08-08T19:48:07.828-0700] {processor.py:183} INFO - Processing /Users/treylayton/Library/Python/3.9/lib/python/site-packages/airflow/example_dags/example_branch_operator.py took 0.043 seconds
[2024-08-08T19:50:05.193-0700] {processor.py:161} INFO - Started process (PID=6896) to work on /Users/treylayton/Library/Python/3.9/lib/python/site-packages/airflow/example_dags/example_branch_operator.py
[2024-08-08T19:50:05.195-0700] {processor.py:830} INFO - Processing file /Users/treylayton/Library/Python/3.9/lib/python/site-packages/airflow/example_dags/example_branch_operator.py for tasks to queue
[2024-08-08T19:50:05.195-0700] {logging_mixin.py:188} INFO - [2024-08-08T19:50:05.195-0700] {dagbag.py:545} INFO - Filling up the DagBag from /Users/treylayton/Library/Python/3.9/lib/python/site-packages/airflow/example_dags/example_branch_operator.py
[2024-08-08T19:50:05.204-0700] {processor.py:842} WARNING - No viable dags retrieved from /Users/treylayton/Library/Python/3.9/lib/python/site-packages/airflow/example_dags/example_branch_operator.py
[2024-08-08T19:50:05.237-0700] {processor.py:183} INFO - Processing /Users/treylayton/Library/Python/3.9/lib/python/site-packages/airflow/example_dags/example_branch_operator.py took 0.045 seconds
[2024-08-08T19:52:06.226-0700] {processor.py:161} INFO - Started process (PID=6977) to work on /Users/treylayton/Library/Python/3.9/lib/python/site-packages/airflow/example_dags/example_branch_operator.py
[2024-08-08T19:52:06.228-0700] {processor.py:830} INFO - Processing file /Users/treylayton/Library/Python/3.9/lib/python/site-packages/airflow/example_dags/example_branch_operator.py for tasks to queue
[2024-08-08T19:52:06.228-0700] {logging_mixin.py:188} INFO - [2024-08-08T19:52:06.228-0700] {dagbag.py:545} INFO - Filling up the DagBag from /Users/treylayton/Library/Python/3.9/lib/python/site-packages/airflow/example_dags/example_branch_operator.py
[2024-08-08T19:52:06.236-0700] {processor.py:842} WARNING - No viable dags retrieved from /Users/treylayton/Library/Python/3.9/lib/python/site-packages/airflow/example_dags/example_branch_operator.py
[2024-08-08T19:52:06.268-0700] {processor.py:183} INFO - Processing /Users/treylayton/Library/Python/3.9/lib/python/site-packages/airflow/example_dags/example_branch_operator.py took 0.043 seconds
[2024-08-08T19:54:02.592-0700] {processor.py:161} INFO - Started process (PID=7066) to work on /Users/treylayton/Library/Python/3.9/lib/python/site-packages/airflow/example_dags/example_branch_operator.py
[2024-08-08T19:54:02.594-0700] {processor.py:830} INFO - Processing file /Users/treylayton/Library/Python/3.9/lib/python/site-packages/airflow/example_dags/example_branch_operator.py for tasks to queue
[2024-08-08T19:54:02.594-0700] {logging_mixin.py:188} INFO - [2024-08-08T19:54:02.594-0700] {dagbag.py:545} INFO - Filling up the DagBag from /Users/treylayton/Library/Python/3.9/lib/python/site-packages/airflow/example_dags/example_branch_operator.py
[2024-08-08T19:54:02.603-0700] {processor.py:842} WARNING - No viable dags retrieved from /Users/treylayton/Library/Python/3.9/lib/python/site-packages/airflow/example_dags/example_branch_operator.py
[2024-08-08T19:54:02.637-0700] {processor.py:183} INFO - Processing /Users/treylayton/Library/Python/3.9/lib/python/site-packages/airflow/example_dags/example_branch_operator.py took 0.046 seconds
[2024-08-08T19:55:59.766-0700] {processor.py:161} INFO - Started process (PID=7145) to work on /Users/treylayton/Library/Python/3.9/lib/python/site-packages/airflow/example_dags/example_branch_operator.py
[2024-08-08T19:55:59.767-0700] {processor.py:830} INFO - Processing file /Users/treylayton/Library/Python/3.9/lib/python/site-packages/airflow/example_dags/example_branch_operator.py for tasks to queue
[2024-08-08T19:55:59.767-0700] {logging_mixin.py:188} INFO - [2024-08-08T19:55:59.767-0700] {dagbag.py:545} INFO - Filling up the DagBag from /Users/treylayton/Library/Python/3.9/lib/python/site-packages/airflow/example_dags/example_branch_operator.py
[2024-08-08T19:55:59.776-0700] {processor.py:842} WARNING - No viable dags retrieved from /Users/treylayton/Library/Python/3.9/lib/python/site-packages/airflow/example_dags/example_branch_operator.py
[2024-08-08T19:55:59.808-0700] {processor.py:183} INFO - Processing /Users/treylayton/Library/Python/3.9/lib/python/site-packages/airflow/example_dags/example_branch_operator.py took 0.044 seconds
[2024-08-08T19:57:55.530-0700] {processor.py:161} INFO - Started process (PID=7226) to work on /Users/treylayton/Library/Python/3.9/lib/python/site-packages/airflow/example_dags/example_branch_operator.py
[2024-08-08T19:57:55.531-0700] {processor.py:830} INFO - Processing file /Users/treylayton/Library/Python/3.9/lib/python/site-packages/airflow/example_dags/example_branch_operator.py for tasks to queue
[2024-08-08T19:57:55.531-0700] {logging_mixin.py:188} INFO - [2024-08-08T19:57:55.531-0700] {dagbag.py:545} INFO - Filling up the DagBag from /Users/treylayton/Library/Python/3.9/lib/python/site-packages/airflow/example_dags/example_branch_operator.py
[2024-08-08T19:57:55.540-0700] {processor.py:842} WARNING - No viable dags retrieved from /Users/treylayton/Library/Python/3.9/lib/python/site-packages/airflow/example_dags/example_branch_operator.py
[2024-08-08T19:57:55.573-0700] {processor.py:183} INFO - Processing /Users/treylayton/Library/Python/3.9/lib/python/site-packages/airflow/example_dags/example_branch_operator.py took 0.045 seconds
[2024-08-08T19:59:48.018-0700] {processor.py:161} INFO - Started process (PID=7304) to work on /Users/treylayton/Library/Python/3.9/lib/python/site-packages/airflow/example_dags/example_branch_operator.py
[2024-08-08T19:59:48.020-0700] {processor.py:830} INFO - Processing file /Users/treylayton/Library/Python/3.9/lib/python/site-packages/airflow/example_dags/example_branch_operator.py for tasks to queue
[2024-08-08T19:59:48.021-0700] {logging_mixin.py:188} INFO - [2024-08-08T19:59:48.021-0700] {dagbag.py:545} INFO - Filling up the DagBag from /Users/treylayton/Library/Python/3.9/lib/python/site-packages/airflow/example_dags/example_branch_operator.py
[2024-08-08T19:59:48.030-0700] {processor.py:842} WARNING - No viable dags retrieved from /Users/treylayton/Library/Python/3.9/lib/python/site-packages/airflow/example_dags/example_branch_operator.py
[2024-08-08T19:59:48.063-0700] {processor.py:183} INFO - Processing /Users/treylayton/Library/Python/3.9/lib/python/site-packages/airflow/example_dags/example_branch_operator.py took 0.046 seconds
[2024-08-08T20:01:38.248-0700] {processor.py:161} INFO - Started process (PID=7380) to work on /Users/treylayton/Library/Python/3.9/lib/python/site-packages/airflow/example_dags/example_branch_operator.py
[2024-08-08T20:01:38.250-0700] {processor.py:830} INFO - Processing file /Users/treylayton/Library/Python/3.9/lib/python/site-packages/airflow/example_dags/example_branch_operator.py for tasks to queue
[2024-08-08T20:01:38.250-0700] {logging_mixin.py:188} INFO - [2024-08-08T20:01:38.250-0700] {dagbag.py:545} INFO - Filling up the DagBag from /Users/treylayton/Library/Python/3.9/lib/python/site-packages/airflow/example_dags/example_branch_operator.py
[2024-08-08T20:01:38.258-0700] {processor.py:842} WARNING - No viable dags retrieved from /Users/treylayton/Library/Python/3.9/lib/python/site-packages/airflow/example_dags/example_branch_operator.py
[2024-08-08T20:01:38.290-0700] {processor.py:183} INFO - Processing /Users/treylayton/Library/Python/3.9/lib/python/site-packages/airflow/example_dags/example_branch_operator.py took 0.043 seconds
[2024-08-08T20:03:34.122-0700] {processor.py:161} INFO - Started process (PID=7476) to work on /Users/treylayton/Library/Python/3.9/lib/python/site-packages/airflow/example_dags/example_branch_operator.py
[2024-08-08T20:03:34.125-0700] {processor.py:830} INFO - Processing file /Users/treylayton/Library/Python/3.9/lib/python/site-packages/airflow/example_dags/example_branch_operator.py for tasks to queue
[2024-08-08T20:03:34.126-0700] {logging_mixin.py:188} INFO - [2024-08-08T20:03:34.126-0700] {dagbag.py:545} INFO - Filling up the DagBag from /Users/treylayton/Library/Python/3.9/lib/python/site-packages/airflow/example_dags/example_branch_operator.py
[2024-08-08T20:03:34.135-0700] {processor.py:842} WARNING - No viable dags retrieved from /Users/treylayton/Library/Python/3.9/lib/python/site-packages/airflow/example_dags/example_branch_operator.py
[2024-08-08T20:03:34.170-0700] {processor.py:183} INFO - Processing /Users/treylayton/Library/Python/3.9/lib/python/site-packages/airflow/example_dags/example_branch_operator.py took 0.049 seconds
[2024-08-08T20:05:31.585-0700] {processor.py:161} INFO - Started process (PID=7561) to work on /Users/treylayton/Library/Python/3.9/lib/python/site-packages/airflow/example_dags/example_branch_operator.py
[2024-08-08T20:05:31.587-0700] {processor.py:830} INFO - Processing file /Users/treylayton/Library/Python/3.9/lib/python/site-packages/airflow/example_dags/example_branch_operator.py for tasks to queue
[2024-08-08T20:05:31.587-0700] {logging_mixin.py:188} INFO - [2024-08-08T20:05:31.587-0700] {dagbag.py:545} INFO - Filling up the DagBag from /Users/treylayton/Library/Python/3.9/lib/python/site-packages/airflow/example_dags/example_branch_operator.py
[2024-08-08T20:05:31.596-0700] {processor.py:842} WARNING - No viable dags retrieved from /Users/treylayton/Library/Python/3.9/lib/python/site-packages/airflow/example_dags/example_branch_operator.py
[2024-08-08T20:05:31.631-0700] {processor.py:183} INFO - Processing /Users/treylayton/Library/Python/3.9/lib/python/site-packages/airflow/example_dags/example_branch_operator.py took 0.047 seconds
[2024-08-08T20:07:24.946-0700] {processor.py:161} INFO - Started process (PID=7640) to work on /Users/treylayton/Library/Python/3.9/lib/python/site-packages/airflow/example_dags/example_branch_operator.py
[2024-08-08T20:07:24.947-0700] {processor.py:830} INFO - Processing file /Users/treylayton/Library/Python/3.9/lib/python/site-packages/airflow/example_dags/example_branch_operator.py for tasks to queue
[2024-08-08T20:07:24.948-0700] {logging_mixin.py:188} INFO - [2024-08-08T20:07:24.947-0700] {dagbag.py:545} INFO - Filling up the DagBag from /Users/treylayton/Library/Python/3.9/lib/python/site-packages/airflow/example_dags/example_branch_operator.py
[2024-08-08T20:07:24.956-0700] {processor.py:842} WARNING - No viable dags retrieved from /Users/treylayton/Library/Python/3.9/lib/python/site-packages/airflow/example_dags/example_branch_operator.py
[2024-08-08T20:07:24.989-0700] {processor.py:183} INFO - Processing /Users/treylayton/Library/Python/3.9/lib/python/site-packages/airflow/example_dags/example_branch_operator.py took 0.044 seconds
[2024-08-08T20:09:20.771-0700] {processor.py:161} INFO - Started process (PID=7744) to work on /Users/treylayton/Library/Python/3.9/lib/python/site-packages/airflow/example_dags/example_branch_operator.py
[2024-08-08T20:09:20.772-0700] {processor.py:830} INFO - Processing file /Users/treylayton/Library/Python/3.9/lib/python/site-packages/airflow/example_dags/example_branch_operator.py for tasks to queue
[2024-08-08T20:09:20.772-0700] {logging_mixin.py:188} INFO - [2024-08-08T20:09:20.772-0700] {dagbag.py:545} INFO - Filling up the DagBag from /Users/treylayton/Library/Python/3.9/lib/python/site-packages/airflow/example_dags/example_branch_operator.py
[2024-08-08T20:09:20.781-0700] {processor.py:842} WARNING - No viable dags retrieved from /Users/treylayton/Library/Python/3.9/lib/python/site-packages/airflow/example_dags/example_branch_operator.py
[2024-08-08T20:09:20.814-0700] {processor.py:183} INFO - Processing /Users/treylayton/Library/Python/3.9/lib/python/site-packages/airflow/example_dags/example_branch_operator.py took 0.045 seconds
[2024-08-08T20:11:13.168-0700] {processor.py:161} INFO - Started process (PID=7863) to work on /Users/treylayton/Library/Python/3.9/lib/python/site-packages/airflow/example_dags/example_branch_operator.py
[2024-08-08T20:11:13.170-0700] {processor.py:830} INFO - Processing file /Users/treylayton/Library/Python/3.9/lib/python/site-packages/airflow/example_dags/example_branch_operator.py for tasks to queue
[2024-08-08T20:11:13.170-0700] {logging_mixin.py:188} INFO - [2024-08-08T20:11:13.170-0700] {dagbag.py:545} INFO - Filling up the DagBag from /Users/treylayton/Library/Python/3.9/lib/python/site-packages/airflow/example_dags/example_branch_operator.py
[2024-08-08T20:11:13.180-0700] {processor.py:842} WARNING - No viable dags retrieved from /Users/treylayton/Library/Python/3.9/lib/python/site-packages/airflow/example_dags/example_branch_operator.py
[2024-08-08T20:11:13.217-0700] {processor.py:183} INFO - Processing /Users/treylayton/Library/Python/3.9/lib/python/site-packages/airflow/example_dags/example_branch_operator.py took 0.051 seconds
[2024-08-08T20:13:09.423-0700] {processor.py:161} INFO - Started process (PID=7941) to work on /Users/treylayton/Library/Python/3.9/lib/python/site-packages/airflow/example_dags/example_branch_operator.py
[2024-08-08T20:13:09.425-0700] {processor.py:830} INFO - Processing file /Users/treylayton/Library/Python/3.9/lib/python/site-packages/airflow/example_dags/example_branch_operator.py for tasks to queue
[2024-08-08T20:13:09.425-0700] {logging_mixin.py:188} INFO - [2024-08-08T20:13:09.425-0700] {dagbag.py:545} INFO - Filling up the DagBag from /Users/treylayton/Library/Python/3.9/lib/python/site-packages/airflow/example_dags/example_branch_operator.py
[2024-08-08T20:13:09.433-0700] {processor.py:842} WARNING - No viable dags retrieved from /Users/treylayton/Library/Python/3.9/lib/python/site-packages/airflow/example_dags/example_branch_operator.py
[2024-08-08T20:13:09.467-0700] {processor.py:183} INFO - Processing /Users/treylayton/Library/Python/3.9/lib/python/site-packages/airflow/example_dags/example_branch_operator.py took 0.045 seconds
[2024-08-08T20:15:09.473-0700] {processor.py:161} INFO - Started process (PID=8079) to work on /Users/treylayton/Library/Python/3.9/lib/python/site-packages/airflow/example_dags/example_branch_operator.py
[2024-08-08T20:15:09.474-0700] {processor.py:830} INFO - Processing file /Users/treylayton/Library/Python/3.9/lib/python/site-packages/airflow/example_dags/example_branch_operator.py for tasks to queue
[2024-08-08T20:15:09.475-0700] {logging_mixin.py:188} INFO - [2024-08-08T20:15:09.475-0700] {dagbag.py:545} INFO - Filling up the DagBag from /Users/treylayton/Library/Python/3.9/lib/python/site-packages/airflow/example_dags/example_branch_operator.py
[2024-08-08T20:15:09.483-0700] {processor.py:842} WARNING - No viable dags retrieved from /Users/treylayton/Library/Python/3.9/lib/python/site-packages/airflow/example_dags/example_branch_operator.py
[2024-08-08T20:15:09.518-0700] {processor.py:183} INFO - Processing /Users/treylayton/Library/Python/3.9/lib/python/site-packages/airflow/example_dags/example_branch_operator.py took 0.046 seconds
[2024-08-08T20:17:10.650-0700] {processor.py:161} INFO - Started process (PID=8169) to work on /Users/treylayton/Library/Python/3.9/lib/python/site-packages/airflow/example_dags/example_branch_operator.py
[2024-08-08T20:17:10.651-0700] {processor.py:830} INFO - Processing file /Users/treylayton/Library/Python/3.9/lib/python/site-packages/airflow/example_dags/example_branch_operator.py for tasks to queue
[2024-08-08T20:17:10.652-0700] {logging_mixin.py:188} INFO - [2024-08-08T20:17:10.652-0700] {dagbag.py:545} INFO - Filling up the DagBag from /Users/treylayton/Library/Python/3.9/lib/python/site-packages/airflow/example_dags/example_branch_operator.py
[2024-08-08T20:17:10.660-0700] {processor.py:842} WARNING - No viable dags retrieved from /Users/treylayton/Library/Python/3.9/lib/python/site-packages/airflow/example_dags/example_branch_operator.py
[2024-08-08T20:17:10.697-0700] {processor.py:183} INFO - Processing /Users/treylayton/Library/Python/3.9/lib/python/site-packages/airflow/example_dags/example_branch_operator.py took 0.048 seconds
[2024-08-08T20:19:07.386-0700] {processor.py:161} INFO - Started process (PID=8318) to work on /Users/treylayton/Library/Python/3.9/lib/python/site-packages/airflow/example_dags/example_branch_operator.py
[2024-08-08T20:19:07.388-0700] {processor.py:830} INFO - Processing file /Users/treylayton/Library/Python/3.9/lib/python/site-packages/airflow/example_dags/example_branch_operator.py for tasks to queue
[2024-08-08T20:19:07.388-0700] {logging_mixin.py:188} INFO - [2024-08-08T20:19:07.388-0700] {dagbag.py:545} INFO - Filling up the DagBag from /Users/treylayton/Library/Python/3.9/lib/python/site-packages/airflow/example_dags/example_branch_operator.py
[2024-08-08T20:19:07.397-0700] {processor.py:842} WARNING - No viable dags retrieved from /Users/treylayton/Library/Python/3.9/lib/python/site-packages/airflow/example_dags/example_branch_operator.py
[2024-08-08T20:19:07.432-0700] {processor.py:183} INFO - Processing /Users/treylayton/Library/Python/3.9/lib/python/site-packages/airflow/example_dags/example_branch_operator.py took 0.047 seconds
[2024-08-08T20:21:08.076-0700] {processor.py:161} INFO - Started process (PID=8463) to work on /Users/treylayton/Library/Python/3.9/lib/python/site-packages/airflow/example_dags/example_branch_operator.py
[2024-08-08T20:21:08.077-0700] {processor.py:830} INFO - Processing file /Users/treylayton/Library/Python/3.9/lib/python/site-packages/airflow/example_dags/example_branch_operator.py for tasks to queue
[2024-08-08T20:21:08.077-0700] {logging_mixin.py:188} INFO - [2024-08-08T20:21:08.077-0700] {dagbag.py:545} INFO - Filling up the DagBag from /Users/treylayton/Library/Python/3.9/lib/python/site-packages/airflow/example_dags/example_branch_operator.py
[2024-08-08T20:21:08.087-0700] {processor.py:842} WARNING - No viable dags retrieved from /Users/treylayton/Library/Python/3.9/lib/python/site-packages/airflow/example_dags/example_branch_operator.py
[2024-08-08T20:21:08.123-0700] {processor.py:183} INFO - Processing /Users/treylayton/Library/Python/3.9/lib/python/site-packages/airflow/example_dags/example_branch_operator.py took 0.049 seconds
[2024-08-08T20:23:09.853-0700] {processor.py:161} INFO - Started process (PID=8549) to work on /Users/treylayton/Library/Python/3.9/lib/python/site-packages/airflow/example_dags/example_branch_operator.py
[2024-08-08T20:23:09.854-0700] {processor.py:830} INFO - Processing file /Users/treylayton/Library/Python/3.9/lib/python/site-packages/airflow/example_dags/example_branch_operator.py for tasks to queue
[2024-08-08T20:23:09.855-0700] {logging_mixin.py:188} INFO - [2024-08-08T20:23:09.855-0700] {dagbag.py:545} INFO - Filling up the DagBag from /Users/treylayton/Library/Python/3.9/lib/python/site-packages/airflow/example_dags/example_branch_operator.py
[2024-08-08T20:23:09.863-0700] {processor.py:842} WARNING - No viable dags retrieved from /Users/treylayton/Library/Python/3.9/lib/python/site-packages/airflow/example_dags/example_branch_operator.py
[2024-08-08T20:23:09.899-0700] {processor.py:183} INFO - Processing /Users/treylayton/Library/Python/3.9/lib/python/site-packages/airflow/example_dags/example_branch_operator.py took 0.047 seconds
[2024-08-08T20:25:07.502-0700] {processor.py:161} INFO - Started process (PID=8637) to work on /Users/treylayton/Library/Python/3.9/lib/python/site-packages/airflow/example_dags/example_branch_operator.py
[2024-08-08T20:25:07.503-0700] {processor.py:830} INFO - Processing file /Users/treylayton/Library/Python/3.9/lib/python/site-packages/airflow/example_dags/example_branch_operator.py for tasks to queue
[2024-08-08T20:25:07.504-0700] {logging_mixin.py:188} INFO - [2024-08-08T20:25:07.504-0700] {dagbag.py:545} INFO - Filling up the DagBag from /Users/treylayton/Library/Python/3.9/lib/python/site-packages/airflow/example_dags/example_branch_operator.py
[2024-08-08T20:25:07.512-0700] {processor.py:842} WARNING - No viable dags retrieved from /Users/treylayton/Library/Python/3.9/lib/python/site-packages/airflow/example_dags/example_branch_operator.py
[2024-08-08T20:25:07.545-0700] {processor.py:183} INFO - Processing /Users/treylayton/Library/Python/3.9/lib/python/site-packages/airflow/example_dags/example_branch_operator.py took 0.044 seconds
[2024-08-08T20:27:03.028-0700] {processor.py:161} INFO - Started process (PID=8762) to work on /Users/treylayton/Library/Python/3.9/lib/python/site-packages/airflow/example_dags/example_branch_operator.py
[2024-08-08T20:27:03.030-0700] {processor.py:830} INFO - Processing file /Users/treylayton/Library/Python/3.9/lib/python/site-packages/airflow/example_dags/example_branch_operator.py for tasks to queue
[2024-08-08T20:27:03.030-0700] {logging_mixin.py:188} INFO - [2024-08-08T20:27:03.030-0700] {dagbag.py:545} INFO - Filling up the DagBag from /Users/treylayton/Library/Python/3.9/lib/python/site-packages/airflow/example_dags/example_branch_operator.py
[2024-08-08T20:27:03.039-0700] {processor.py:842} WARNING - No viable dags retrieved from /Users/treylayton/Library/Python/3.9/lib/python/site-packages/airflow/example_dags/example_branch_operator.py
[2024-08-08T20:27:03.073-0700] {processor.py:183} INFO - Processing /Users/treylayton/Library/Python/3.9/lib/python/site-packages/airflow/example_dags/example_branch_operator.py took 0.046 seconds
[2024-08-08T20:28:56.317-0700] {processor.py:161} INFO - Started process (PID=8873) to work on /Users/treylayton/Library/Python/3.9/lib/python/site-packages/airflow/example_dags/example_branch_operator.py
[2024-08-08T20:28:56.319-0700] {processor.py:830} INFO - Processing file /Users/treylayton/Library/Python/3.9/lib/python/site-packages/airflow/example_dags/example_branch_operator.py for tasks to queue
[2024-08-08T20:28:56.319-0700] {logging_mixin.py:188} INFO - [2024-08-08T20:28:56.319-0700] {dagbag.py:545} INFO - Filling up the DagBag from /Users/treylayton/Library/Python/3.9/lib/python/site-packages/airflow/example_dags/example_branch_operator.py
[2024-08-08T20:28:56.328-0700] {processor.py:842} WARNING - No viable dags retrieved from /Users/treylayton/Library/Python/3.9/lib/python/site-packages/airflow/example_dags/example_branch_operator.py
[2024-08-08T20:28:56.364-0700] {processor.py:183} INFO - Processing /Users/treylayton/Library/Python/3.9/lib/python/site-packages/airflow/example_dags/example_branch_operator.py took 0.048 seconds
[2024-08-08T20:30:52.853-0700] {processor.py:161} INFO - Started process (PID=8989) to work on /Users/treylayton/Library/Python/3.9/lib/python/site-packages/airflow/example_dags/example_branch_operator.py
[2024-08-08T20:30:52.855-0700] {processor.py:830} INFO - Processing file /Users/treylayton/Library/Python/3.9/lib/python/site-packages/airflow/example_dags/example_branch_operator.py for tasks to queue
[2024-08-08T20:30:52.855-0700] {logging_mixin.py:188} INFO - [2024-08-08T20:30:52.855-0700] {dagbag.py:545} INFO - Filling up the DagBag from /Users/treylayton/Library/Python/3.9/lib/python/site-packages/airflow/example_dags/example_branch_operator.py
[2024-08-08T20:30:52.862-0700] {processor.py:842} WARNING - No viable dags retrieved from /Users/treylayton/Library/Python/3.9/lib/python/site-packages/airflow/example_dags/example_branch_operator.py
[2024-08-08T20:30:52.894-0700] {processor.py:183} INFO - Processing /Users/treylayton/Library/Python/3.9/lib/python/site-packages/airflow/example_dags/example_branch_operator.py took 0.042 seconds
[2024-08-08T20:32:47.884-0700] {processor.py:161} INFO - Started process (PID=9141) to work on /Users/treylayton/Library/Python/3.9/lib/python/site-packages/airflow/example_dags/example_branch_operator.py
[2024-08-08T20:32:47.886-0700] {processor.py:830} INFO - Processing file /Users/treylayton/Library/Python/3.9/lib/python/site-packages/airflow/example_dags/example_branch_operator.py for tasks to queue
[2024-08-08T20:32:47.886-0700] {logging_mixin.py:188} INFO - [2024-08-08T20:32:47.886-0700] {dagbag.py:545} INFO - Filling up the DagBag from /Users/treylayton/Library/Python/3.9/lib/python/site-packages/airflow/example_dags/example_branch_operator.py
[2024-08-08T20:32:47.894-0700] {processor.py:842} WARNING - No viable dags retrieved from /Users/treylayton/Library/Python/3.9/lib/python/site-packages/airflow/example_dags/example_branch_operator.py
[2024-08-08T20:32:47.927-0700] {processor.py:183} INFO - Processing /Users/treylayton/Library/Python/3.9/lib/python/site-packages/airflow/example_dags/example_branch_operator.py took 0.044 seconds
[2024-08-08T20:34:44.397-0700] {processor.py:161} INFO - Started process (PID=9244) to work on /Users/treylayton/Library/Python/3.9/lib/python/site-packages/airflow/example_dags/example_branch_operator.py
[2024-08-08T20:34:44.398-0700] {processor.py:830} INFO - Processing file /Users/treylayton/Library/Python/3.9/lib/python/site-packages/airflow/example_dags/example_branch_operator.py for tasks to queue
[2024-08-08T20:34:44.398-0700] {logging_mixin.py:188} INFO - [2024-08-08T20:34:44.398-0700] {dagbag.py:545} INFO - Filling up the DagBag from /Users/treylayton/Library/Python/3.9/lib/python/site-packages/airflow/example_dags/example_branch_operator.py
[2024-08-08T20:34:44.407-0700] {processor.py:842} WARNING - No viable dags retrieved from /Users/treylayton/Library/Python/3.9/lib/python/site-packages/airflow/example_dags/example_branch_operator.py
[2024-08-08T20:34:44.441-0700] {processor.py:183} INFO - Processing /Users/treylayton/Library/Python/3.9/lib/python/site-packages/airflow/example_dags/example_branch_operator.py took 0.046 seconds
[2024-08-08T20:36:39.742-0700] {processor.py:161} INFO - Started process (PID=9337) to work on /Users/treylayton/Library/Python/3.9/lib/python/site-packages/airflow/example_dags/example_branch_operator.py
[2024-08-08T20:36:39.743-0700] {processor.py:830} INFO - Processing file /Users/treylayton/Library/Python/3.9/lib/python/site-packages/airflow/example_dags/example_branch_operator.py for tasks to queue
[2024-08-08T20:36:39.743-0700] {logging_mixin.py:188} INFO - [2024-08-08T20:36:39.743-0700] {dagbag.py:545} INFO - Filling up the DagBag from /Users/treylayton/Library/Python/3.9/lib/python/site-packages/airflow/example_dags/example_branch_operator.py
[2024-08-08T20:36:39.752-0700] {processor.py:842} WARNING - No viable dags retrieved from /Users/treylayton/Library/Python/3.9/lib/python/site-packages/airflow/example_dags/example_branch_operator.py
[2024-08-08T20:36:39.786-0700] {processor.py:183} INFO - Processing /Users/treylayton/Library/Python/3.9/lib/python/site-packages/airflow/example_dags/example_branch_operator.py took 0.046 seconds
[2024-08-08T20:38:37.019-0700] {processor.py:161} INFO - Started process (PID=9444) to work on /Users/treylayton/Library/Python/3.9/lib/python/site-packages/airflow/example_dags/example_branch_operator.py
[2024-08-08T20:38:37.021-0700] {processor.py:830} INFO - Processing file /Users/treylayton/Library/Python/3.9/lib/python/site-packages/airflow/example_dags/example_branch_operator.py for tasks to queue
[2024-08-08T20:38:37.021-0700] {logging_mixin.py:188} INFO - [2024-08-08T20:38:37.021-0700] {dagbag.py:545} INFO - Filling up the DagBag from /Users/treylayton/Library/Python/3.9/lib/python/site-packages/airflow/example_dags/example_branch_operator.py
[2024-08-08T20:38:37.029-0700] {processor.py:842} WARNING - No viable dags retrieved from /Users/treylayton/Library/Python/3.9/lib/python/site-packages/airflow/example_dags/example_branch_operator.py
[2024-08-08T20:38:37.063-0700] {processor.py:183} INFO - Processing /Users/treylayton/Library/Python/3.9/lib/python/site-packages/airflow/example_dags/example_branch_operator.py took 0.045 seconds
[2024-08-08T20:40:33.314-0700] {processor.py:161} INFO - Started process (PID=9548) to work on /Users/treylayton/Library/Python/3.9/lib/python/site-packages/airflow/example_dags/example_branch_operator.py
[2024-08-08T20:40:33.316-0700] {processor.py:830} INFO - Processing file /Users/treylayton/Library/Python/3.9/lib/python/site-packages/airflow/example_dags/example_branch_operator.py for tasks to queue
[2024-08-08T20:40:33.316-0700] {logging_mixin.py:188} INFO - [2024-08-08T20:40:33.316-0700] {dagbag.py:545} INFO - Filling up the DagBag from /Users/treylayton/Library/Python/3.9/lib/python/site-packages/airflow/example_dags/example_branch_operator.py
[2024-08-08T20:40:33.324-0700] {processor.py:842} WARNING - No viable dags retrieved from /Users/treylayton/Library/Python/3.9/lib/python/site-packages/airflow/example_dags/example_branch_operator.py
[2024-08-08T20:40:33.356-0700] {processor.py:183} INFO - Processing /Users/treylayton/Library/Python/3.9/lib/python/site-packages/airflow/example_dags/example_branch_operator.py took 0.043 seconds
[2024-08-08T20:42:27.877-0700] {processor.py:161} INFO - Started process (PID=9627) to work on /Users/treylayton/Library/Python/3.9/lib/python/site-packages/airflow/example_dags/example_branch_operator.py
[2024-08-08T20:42:27.878-0700] {processor.py:830} INFO - Processing file /Users/treylayton/Library/Python/3.9/lib/python/site-packages/airflow/example_dags/example_branch_operator.py for tasks to queue
[2024-08-08T20:42:27.878-0700] {logging_mixin.py:188} INFO - [2024-08-08T20:42:27.878-0700] {dagbag.py:545} INFO - Filling up the DagBag from /Users/treylayton/Library/Python/3.9/lib/python/site-packages/airflow/example_dags/example_branch_operator.py
[2024-08-08T20:42:27.886-0700] {processor.py:842} WARNING - No viable dags retrieved from /Users/treylayton/Library/Python/3.9/lib/python/site-packages/airflow/example_dags/example_branch_operator.py
[2024-08-08T20:42:27.920-0700] {processor.py:183} INFO - Processing /Users/treylayton/Library/Python/3.9/lib/python/site-packages/airflow/example_dags/example_branch_operator.py took 0.045 seconds
[2024-08-08T20:44:27.120-0700] {processor.py:161} INFO - Started process (PID=9727) to work on /Users/treylayton/Library/Python/3.9/lib/python/site-packages/airflow/example_dags/example_branch_operator.py
[2024-08-08T20:44:27.122-0700] {processor.py:830} INFO - Processing file /Users/treylayton/Library/Python/3.9/lib/python/site-packages/airflow/example_dags/example_branch_operator.py for tasks to queue
[2024-08-08T20:44:27.122-0700] {logging_mixin.py:188} INFO - [2024-08-08T20:44:27.122-0700] {dagbag.py:545} INFO - Filling up the DagBag from /Users/treylayton/Library/Python/3.9/lib/python/site-packages/airflow/example_dags/example_branch_operator.py
[2024-08-08T20:44:27.131-0700] {processor.py:842} WARNING - No viable dags retrieved from /Users/treylayton/Library/Python/3.9/lib/python/site-packages/airflow/example_dags/example_branch_operator.py
[2024-08-08T20:44:27.165-0700] {processor.py:183} INFO - Processing /Users/treylayton/Library/Python/3.9/lib/python/site-packages/airflow/example_dags/example_branch_operator.py took 0.046 seconds
[2024-08-08T20:46:24.549-0700] {processor.py:161} INFO - Started process (PID=9905) to work on /Users/treylayton/Library/Python/3.9/lib/python/site-packages/airflow/example_dags/example_branch_operator.py
[2024-08-08T20:46:24.551-0700] {processor.py:830} INFO - Processing file /Users/treylayton/Library/Python/3.9/lib/python/site-packages/airflow/example_dags/example_branch_operator.py for tasks to queue
[2024-08-08T20:46:24.551-0700] {logging_mixin.py:188} INFO - [2024-08-08T20:46:24.551-0700] {dagbag.py:545} INFO - Filling up the DagBag from /Users/treylayton/Library/Python/3.9/lib/python/site-packages/airflow/example_dags/example_branch_operator.py
[2024-08-08T20:46:24.560-0700] {processor.py:842} WARNING - No viable dags retrieved from /Users/treylayton/Library/Python/3.9/lib/python/site-packages/airflow/example_dags/example_branch_operator.py
[2024-08-08T20:46:24.592-0700] {processor.py:183} INFO - Processing /Users/treylayton/Library/Python/3.9/lib/python/site-packages/airflow/example_dags/example_branch_operator.py took 0.044 seconds
[2024-08-08T20:48:22.903-0700] {processor.py:161} INFO - Started process (PID=10075) to work on /Users/treylayton/Library/Python/3.9/lib/python/site-packages/airflow/example_dags/example_branch_operator.py
[2024-08-08T20:48:22.904-0700] {processor.py:830} INFO - Processing file /Users/treylayton/Library/Python/3.9/lib/python/site-packages/airflow/example_dags/example_branch_operator.py for tasks to queue
[2024-08-08T20:48:22.905-0700] {logging_mixin.py:188} INFO - [2024-08-08T20:48:22.905-0700] {dagbag.py:545} INFO - Filling up the DagBag from /Users/treylayton/Library/Python/3.9/lib/python/site-packages/airflow/example_dags/example_branch_operator.py
[2024-08-08T20:48:22.913-0700] {processor.py:842} WARNING - No viable dags retrieved from /Users/treylayton/Library/Python/3.9/lib/python/site-packages/airflow/example_dags/example_branch_operator.py
[2024-08-08T20:48:22.945-0700] {processor.py:183} INFO - Processing /Users/treylayton/Library/Python/3.9/lib/python/site-packages/airflow/example_dags/example_branch_operator.py took 0.043 seconds
[2024-08-08T20:50:22.923-0700] {processor.py:161} INFO - Started process (PID=10239) to work on /Users/treylayton/Library/Python/3.9/lib/python/site-packages/airflow/example_dags/example_branch_operator.py
[2024-08-08T20:50:22.924-0700] {processor.py:830} INFO - Processing file /Users/treylayton/Library/Python/3.9/lib/python/site-packages/airflow/example_dags/example_branch_operator.py for tasks to queue
[2024-08-08T20:50:22.924-0700] {logging_mixin.py:188} INFO - [2024-08-08T20:50:22.924-0700] {dagbag.py:545} INFO - Filling up the DagBag from /Users/treylayton/Library/Python/3.9/lib/python/site-packages/airflow/example_dags/example_branch_operator.py
[2024-08-08T20:50:22.933-0700] {processor.py:842} WARNING - No viable dags retrieved from /Users/treylayton/Library/Python/3.9/lib/python/site-packages/airflow/example_dags/example_branch_operator.py
[2024-08-08T20:50:22.965-0700] {processor.py:183} INFO - Processing /Users/treylayton/Library/Python/3.9/lib/python/site-packages/airflow/example_dags/example_branch_operator.py took 0.044 seconds
[2024-08-08T20:52:17.456-0700] {processor.py:161} INFO - Started process (PID=10444) to work on /Users/treylayton/Library/Python/3.9/lib/python/site-packages/airflow/example_dags/example_branch_operator.py
[2024-08-08T20:52:17.459-0700] {processor.py:830} INFO - Processing file /Users/treylayton/Library/Python/3.9/lib/python/site-packages/airflow/example_dags/example_branch_operator.py for tasks to queue
[2024-08-08T20:52:17.459-0700] {logging_mixin.py:188} INFO - [2024-08-08T20:52:17.459-0700] {dagbag.py:545} INFO - Filling up the DagBag from /Users/treylayton/Library/Python/3.9/lib/python/site-packages/airflow/example_dags/example_branch_operator.py
[2024-08-08T20:52:17.468-0700] {processor.py:842} WARNING - No viable dags retrieved from /Users/treylayton/Library/Python/3.9/lib/python/site-packages/airflow/example_dags/example_branch_operator.py
[2024-08-08T20:52:17.500-0700] {processor.py:183} INFO - Processing /Users/treylayton/Library/Python/3.9/lib/python/site-packages/airflow/example_dags/example_branch_operator.py took 0.045 seconds
[2024-08-08T20:54:12.700-0700] {processor.py:161} INFO - Started process (PID=10759) to work on /Users/treylayton/Library/Python/3.9/lib/python/site-packages/airflow/example_dags/example_branch_operator.py
[2024-08-08T20:54:12.702-0700] {processor.py:830} INFO - Processing file /Users/treylayton/Library/Python/3.9/lib/python/site-packages/airflow/example_dags/example_branch_operator.py for tasks to queue
[2024-08-08T20:54:12.703-0700] {logging_mixin.py:188} INFO - [2024-08-08T20:54:12.703-0700] {dagbag.py:545} INFO - Filling up the DagBag from /Users/treylayton/Library/Python/3.9/lib/python/site-packages/airflow/example_dags/example_branch_operator.py
[2024-08-08T20:54:12.711-0700] {processor.py:842} WARNING - No viable dags retrieved from /Users/treylayton/Library/Python/3.9/lib/python/site-packages/airflow/example_dags/example_branch_operator.py
[2024-08-08T20:54:12.748-0700] {processor.py:183} INFO - Processing /Users/treylayton/Library/Python/3.9/lib/python/site-packages/airflow/example_dags/example_branch_operator.py took 0.050 seconds
