[2024-08-08T16:47:15.738-0700] {processor.py:161} INFO - Started process (PID=98606) to work on /Users/treylayton/Library/Python/3.9/lib/python/site-packages/airflow/example_dags/plugins/decreasing_priority_weight_strategy.py
[2024-08-08T16:47:15.739-0700] {processor.py:830} INFO - Processing file /Users/treylayton/Library/Python/3.9/lib/python/site-packages/airflow/example_dags/plugins/decreasing_priority_weight_strategy.py for tasks to queue
[2024-08-08T16:47:15.740-0700] {logging_mixin.py:188} INFO - [2024-08-08T16:47:15.740-0700] {dagbag.py:545} INFO - Filling up the DagBag from /Users/treylayton/Library/Python/3.9/lib/python/site-packages/airflow/example_dags/plugins/decreasing_priority_weight_strategy.py
[2024-08-08T16:47:15.740-0700] {processor.py:842} WARNING - No viable dags retrieved from /Users/treylayton/Library/Python/3.9/lib/python/site-packages/airflow/example_dags/plugins/decreasing_priority_weight_strategy.py
[2024-08-08T16:47:15.787-0700] {processor.py:183} INFO - Processing /Users/treylayton/Library/Python/3.9/lib/python/site-packages/airflow/example_dags/plugins/decreasing_priority_weight_strategy.py took 0.051 seconds
[2024-08-08T16:49:01.717-0700] {processor.py:161} INFO - Started process (PID=98774) to work on /Users/treylayton/Library/Python/3.9/lib/python/site-packages/airflow/example_dags/plugins/decreasing_priority_weight_strategy.py
[2024-08-08T16:49:01.719-0700] {processor.py:830} INFO - Processing file /Users/treylayton/Library/Python/3.9/lib/python/site-packages/airflow/example_dags/plugins/decreasing_priority_weight_strategy.py for tasks to queue
[2024-08-08T16:49:01.719-0700] {logging_mixin.py:188} INFO - [2024-08-08T16:49:01.719-0700] {dagbag.py:545} INFO - Filling up the DagBag from /Users/treylayton/Library/Python/3.9/lib/python/site-packages/airflow/example_dags/plugins/decreasing_priority_weight_strategy.py
[2024-08-08T16:49:01.720-0700] {processor.py:842} WARNING - No viable dags retrieved from /Users/treylayton/Library/Python/3.9/lib/python/site-packages/airflow/example_dags/plugins/decreasing_priority_weight_strategy.py
[2024-08-08T16:49:01.768-0700] {processor.py:183} INFO - Processing /Users/treylayton/Library/Python/3.9/lib/python/site-packages/airflow/example_dags/plugins/decreasing_priority_weight_strategy.py took 0.053 seconds
[2024-08-08T16:50:17.446-0700] {processor.py:161} INFO - Started process (PID=98961) to work on /Users/treylayton/Library/Python/3.9/lib/python/site-packages/airflow/example_dags/plugins/decreasing_priority_weight_strategy.py
[2024-08-08T16:50:17.448-0700] {processor.py:830} INFO - Processing file /Users/treylayton/Library/Python/3.9/lib/python/site-packages/airflow/example_dags/plugins/decreasing_priority_weight_strategy.py for tasks to queue
[2024-08-08T16:50:17.448-0700] {logging_mixin.py:188} INFO - [2024-08-08T16:50:17.448-0700] {dagbag.py:545} INFO - Filling up the DagBag from /Users/treylayton/Library/Python/3.9/lib/python/site-packages/airflow/example_dags/plugins/decreasing_priority_weight_strategy.py
[2024-08-08T16:50:17.449-0700] {processor.py:842} WARNING - No viable dags retrieved from /Users/treylayton/Library/Python/3.9/lib/python/site-packages/airflow/example_dags/plugins/decreasing_priority_weight_strategy.py
[2024-08-08T16:50:17.499-0700] {processor.py:183} INFO - Processing /Users/treylayton/Library/Python/3.9/lib/python/site-packages/airflow/example_dags/plugins/decreasing_priority_weight_strategy.py took 0.055 seconds
[2024-08-08T16:50:59.823-0700] {processor.py:161} INFO - Started process (PID=99093) to work on /Users/treylayton/Library/Python/3.9/lib/python/site-packages/airflow/example_dags/plugins/decreasing_priority_weight_strategy.py
[2024-08-08T16:50:59.825-0700] {processor.py:830} INFO - Processing file /Users/treylayton/Library/Python/3.9/lib/python/site-packages/airflow/example_dags/plugins/decreasing_priority_weight_strategy.py for tasks to queue
[2024-08-08T16:50:59.825-0700] {logging_mixin.py:188} INFO - [2024-08-08T16:50:59.825-0700] {dagbag.py:545} INFO - Filling up the DagBag from /Users/treylayton/Library/Python/3.9/lib/python/site-packages/airflow/example_dags/plugins/decreasing_priority_weight_strategy.py
[2024-08-08T16:50:59.826-0700] {processor.py:842} WARNING - No viable dags retrieved from /Users/treylayton/Library/Python/3.9/lib/python/site-packages/airflow/example_dags/plugins/decreasing_priority_weight_strategy.py
[2024-08-08T16:50:59.875-0700] {processor.py:183} INFO - Processing /Users/treylayton/Library/Python/3.9/lib/python/site-packages/airflow/example_dags/plugins/decreasing_priority_weight_strategy.py took 0.054 seconds
[2024-08-08T16:51:28.734-0700] {processor.py:161} INFO - Started process (PID=99132) to work on /Users/treylayton/Library/Python/3.9/lib/python/site-packages/airflow/example_dags/plugins/decreasing_priority_weight_strategy.py
[2024-08-08T16:51:28.736-0700] {processor.py:830} INFO - Processing file /Users/treylayton/Library/Python/3.9/lib/python/site-packages/airflow/example_dags/plugins/decreasing_priority_weight_strategy.py for tasks to queue
[2024-08-08T16:51:28.736-0700] {logging_mixin.py:188} INFO - [2024-08-08T16:51:28.736-0700] {dagbag.py:545} INFO - Filling up the DagBag from /Users/treylayton/Library/Python/3.9/lib/python/site-packages/airflow/example_dags/plugins/decreasing_priority_weight_strategy.py
[2024-08-08T16:51:28.737-0700] {processor.py:842} WARNING - No viable dags retrieved from /Users/treylayton/Library/Python/3.9/lib/python/site-packages/airflow/example_dags/plugins/decreasing_priority_weight_strategy.py
[2024-08-08T16:51:28.785-0700] {processor.py:183} INFO - Processing /Users/treylayton/Library/Python/3.9/lib/python/site-packages/airflow/example_dags/plugins/decreasing_priority_weight_strategy.py took 0.053 seconds
[2024-08-08T16:52:41.006-0700] {processor.py:161} INFO - Started process (PID=99288) to work on /Users/treylayton/Library/Python/3.9/lib/python/site-packages/airflow/example_dags/plugins/decreasing_priority_weight_strategy.py
[2024-08-08T16:52:41.008-0700] {processor.py:830} INFO - Processing file /Users/treylayton/Library/Python/3.9/lib/python/site-packages/airflow/example_dags/plugins/decreasing_priority_weight_strategy.py for tasks to queue
[2024-08-08T16:52:41.008-0700] {logging_mixin.py:188} INFO - [2024-08-08T16:52:41.008-0700] {dagbag.py:545} INFO - Filling up the DagBag from /Users/treylayton/Library/Python/3.9/lib/python/site-packages/airflow/example_dags/plugins/decreasing_priority_weight_strategy.py
[2024-08-08T16:52:41.009-0700] {processor.py:842} WARNING - No viable dags retrieved from /Users/treylayton/Library/Python/3.9/lib/python/site-packages/airflow/example_dags/plugins/decreasing_priority_weight_strategy.py
[2024-08-08T16:52:41.061-0700] {processor.py:183} INFO - Processing /Users/treylayton/Library/Python/3.9/lib/python/site-packages/airflow/example_dags/plugins/decreasing_priority_weight_strategy.py took 0.056 seconds
[2024-08-08T16:52:43.955-0700] {processor.py:161} INFO - Started process (PID=99291) to work on /Users/treylayton/Library/Python/3.9/lib/python/site-packages/airflow/example_dags/plugins/decreasing_priority_weight_strategy.py
[2024-08-08T16:52:43.957-0700] {processor.py:830} INFO - Processing file /Users/treylayton/Library/Python/3.9/lib/python/site-packages/airflow/example_dags/plugins/decreasing_priority_weight_strategy.py for tasks to queue
[2024-08-08T16:52:43.957-0700] {logging_mixin.py:188} INFO - [2024-08-08T16:52:43.957-0700] {dagbag.py:545} INFO - Filling up the DagBag from /Users/treylayton/Library/Python/3.9/lib/python/site-packages/airflow/example_dags/plugins/decreasing_priority_weight_strategy.py
[2024-08-08T16:52:43.958-0700] {processor.py:842} WARNING - No viable dags retrieved from /Users/treylayton/Library/Python/3.9/lib/python/site-packages/airflow/example_dags/plugins/decreasing_priority_weight_strategy.py
[2024-08-08T16:52:44.006-0700] {processor.py:183} INFO - Processing /Users/treylayton/Library/Python/3.9/lib/python/site-packages/airflow/example_dags/plugins/decreasing_priority_weight_strategy.py took 0.053 seconds
[2024-08-08T16:53:57.836-0700] {processor.py:161} INFO - Started process (PID=99408) to work on /Users/treylayton/Library/Python/3.9/lib/python/site-packages/airflow/example_dags/plugins/decreasing_priority_weight_strategy.py
[2024-08-08T16:53:57.837-0700] {processor.py:830} INFO - Processing file /Users/treylayton/Library/Python/3.9/lib/python/site-packages/airflow/example_dags/plugins/decreasing_priority_weight_strategy.py for tasks to queue
[2024-08-08T16:53:57.838-0700] {logging_mixin.py:188} INFO - [2024-08-08T16:53:57.838-0700] {dagbag.py:545} INFO - Filling up the DagBag from /Users/treylayton/Library/Python/3.9/lib/python/site-packages/airflow/example_dags/plugins/decreasing_priority_weight_strategy.py
[2024-08-08T16:53:57.838-0700] {processor.py:842} WARNING - No viable dags retrieved from /Users/treylayton/Library/Python/3.9/lib/python/site-packages/airflow/example_dags/plugins/decreasing_priority_weight_strategy.py
[2024-08-08T16:53:57.888-0700] {processor.py:183} INFO - Processing /Users/treylayton/Library/Python/3.9/lib/python/site-packages/airflow/example_dags/plugins/decreasing_priority_weight_strategy.py took 0.055 seconds
[2024-08-08T16:53:58.539-0700] {processor.py:161} INFO - Started process (PID=99411) to work on /Users/treylayton/Library/Python/3.9/lib/python/site-packages/airflow/example_dags/plugins/decreasing_priority_weight_strategy.py
[2024-08-08T16:53:58.541-0700] {processor.py:830} INFO - Processing file /Users/treylayton/Library/Python/3.9/lib/python/site-packages/airflow/example_dags/plugins/decreasing_priority_weight_strategy.py for tasks to queue
[2024-08-08T16:53:58.542-0700] {logging_mixin.py:188} INFO - [2024-08-08T16:53:58.541-0700] {dagbag.py:545} INFO - Filling up the DagBag from /Users/treylayton/Library/Python/3.9/lib/python/site-packages/airflow/example_dags/plugins/decreasing_priority_weight_strategy.py
[2024-08-08T16:53:58.542-0700] {processor.py:842} WARNING - No viable dags retrieved from /Users/treylayton/Library/Python/3.9/lib/python/site-packages/airflow/example_dags/plugins/decreasing_priority_weight_strategy.py
[2024-08-08T16:53:58.595-0700] {processor.py:183} INFO - Processing /Users/treylayton/Library/Python/3.9/lib/python/site-packages/airflow/example_dags/plugins/decreasing_priority_weight_strategy.py took 0.057 seconds
[2024-08-08T16:55:12.264-0700] {processor.py:161} INFO - Started process (PID=99557) to work on /Users/treylayton/Library/Python/3.9/lib/python/site-packages/airflow/example_dags/plugins/decreasing_priority_weight_strategy.py
[2024-08-08T16:55:12.266-0700] {processor.py:830} INFO - Processing file /Users/treylayton/Library/Python/3.9/lib/python/site-packages/airflow/example_dags/plugins/decreasing_priority_weight_strategy.py for tasks to queue
[2024-08-08T16:55:12.266-0700] {logging_mixin.py:188} INFO - [2024-08-08T16:55:12.266-0700] {dagbag.py:545} INFO - Filling up the DagBag from /Users/treylayton/Library/Python/3.9/lib/python/site-packages/airflow/example_dags/plugins/decreasing_priority_weight_strategy.py
[2024-08-08T16:55:12.267-0700] {processor.py:842} WARNING - No viable dags retrieved from /Users/treylayton/Library/Python/3.9/lib/python/site-packages/airflow/example_dags/plugins/decreasing_priority_weight_strategy.py
[2024-08-08T16:55:12.314-0700] {processor.py:183} INFO - Processing /Users/treylayton/Library/Python/3.9/lib/python/site-packages/airflow/example_dags/plugins/decreasing_priority_weight_strategy.py took 0.051 seconds
[2024-08-08T16:55:12.527-0700] {processor.py:161} INFO - Started process (PID=99558) to work on /Users/treylayton/Library/Python/3.9/lib/python/site-packages/airflow/example_dags/plugins/decreasing_priority_weight_strategy.py
[2024-08-08T16:55:12.529-0700] {processor.py:830} INFO - Processing file /Users/treylayton/Library/Python/3.9/lib/python/site-packages/airflow/example_dags/plugins/decreasing_priority_weight_strategy.py for tasks to queue
[2024-08-08T16:55:12.529-0700] {logging_mixin.py:188} INFO - [2024-08-08T16:55:12.529-0700] {dagbag.py:545} INFO - Filling up the DagBag from /Users/treylayton/Library/Python/3.9/lib/python/site-packages/airflow/example_dags/plugins/decreasing_priority_weight_strategy.py
[2024-08-08T16:55:12.530-0700] {processor.py:842} WARNING - No viable dags retrieved from /Users/treylayton/Library/Python/3.9/lib/python/site-packages/airflow/example_dags/plugins/decreasing_priority_weight_strategy.py
[2024-08-08T16:55:12.576-0700] {processor.py:183} INFO - Processing /Users/treylayton/Library/Python/3.9/lib/python/site-packages/airflow/example_dags/plugins/decreasing_priority_weight_strategy.py took 0.051 seconds
[2024-08-08T16:56:26.471-0700] {processor.py:161} INFO - Started process (PID=99713) to work on /Users/treylayton/Library/Python/3.9/lib/python/site-packages/airflow/example_dags/plugins/decreasing_priority_weight_strategy.py
[2024-08-08T16:56:26.473-0700] {processor.py:830} INFO - Processing file /Users/treylayton/Library/Python/3.9/lib/python/site-packages/airflow/example_dags/plugins/decreasing_priority_weight_strategy.py for tasks to queue
[2024-08-08T16:56:26.474-0700] {logging_mixin.py:188} INFO - [2024-08-08T16:56:26.474-0700] {dagbag.py:545} INFO - Filling up the DagBag from /Users/treylayton/Library/Python/3.9/lib/python/site-packages/airflow/example_dags/plugins/decreasing_priority_weight_strategy.py
[2024-08-08T16:56:26.475-0700] {processor.py:842} WARNING - No viable dags retrieved from /Users/treylayton/Library/Python/3.9/lib/python/site-packages/airflow/example_dags/plugins/decreasing_priority_weight_strategy.py
[2024-08-08T16:56:26.524-0700] {processor.py:183} INFO - Processing /Users/treylayton/Library/Python/3.9/lib/python/site-packages/airflow/example_dags/plugins/decreasing_priority_weight_strategy.py took 0.055 seconds
[2024-08-08T16:56:26.967-0700] {processor.py:161} INFO - Started process (PID=99714) to work on /Users/treylayton/Library/Python/3.9/lib/python/site-packages/airflow/example_dags/plugins/decreasing_priority_weight_strategy.py
[2024-08-08T16:56:26.969-0700] {processor.py:830} INFO - Processing file /Users/treylayton/Library/Python/3.9/lib/python/site-packages/airflow/example_dags/plugins/decreasing_priority_weight_strategy.py for tasks to queue
[2024-08-08T16:56:26.969-0700] {logging_mixin.py:188} INFO - [2024-08-08T16:56:26.969-0700] {dagbag.py:545} INFO - Filling up the DagBag from /Users/treylayton/Library/Python/3.9/lib/python/site-packages/airflow/example_dags/plugins/decreasing_priority_weight_strategy.py
[2024-08-08T16:56:26.970-0700] {processor.py:842} WARNING - No viable dags retrieved from /Users/treylayton/Library/Python/3.9/lib/python/site-packages/airflow/example_dags/plugins/decreasing_priority_weight_strategy.py
[2024-08-08T16:56:27.022-0700] {processor.py:183} INFO - Processing /Users/treylayton/Library/Python/3.9/lib/python/site-packages/airflow/example_dags/plugins/decreasing_priority_weight_strategy.py took 0.057 seconds
[2024-08-08T16:57:41.238-0700] {processor.py:161} INFO - Started process (PID=99832) to work on /Users/treylayton/Library/Python/3.9/lib/python/site-packages/airflow/example_dags/plugins/decreasing_priority_weight_strategy.py
[2024-08-08T16:57:41.240-0700] {processor.py:830} INFO - Processing file /Users/treylayton/Library/Python/3.9/lib/python/site-packages/airflow/example_dags/plugins/decreasing_priority_weight_strategy.py for tasks to queue
[2024-08-08T16:57:41.241-0700] {logging_mixin.py:188} INFO - [2024-08-08T16:57:41.240-0700] {dagbag.py:545} INFO - Filling up the DagBag from /Users/treylayton/Library/Python/3.9/lib/python/site-packages/airflow/example_dags/plugins/decreasing_priority_weight_strategy.py
[2024-08-08T16:57:41.241-0700] {processor.py:842} WARNING - No viable dags retrieved from /Users/treylayton/Library/Python/3.9/lib/python/site-packages/airflow/example_dags/plugins/decreasing_priority_weight_strategy.py
[2024-08-08T16:57:41.290-0700] {processor.py:183} INFO - Processing /Users/treylayton/Library/Python/3.9/lib/python/site-packages/airflow/example_dags/plugins/decreasing_priority_weight_strategy.py took 0.054 seconds
[2024-08-08T16:57:42.424-0700] {processor.py:161} INFO - Started process (PID=99833) to work on /Users/treylayton/Library/Python/3.9/lib/python/site-packages/airflow/example_dags/plugins/decreasing_priority_weight_strategy.py
[2024-08-08T16:57:42.425-0700] {processor.py:830} INFO - Processing file /Users/treylayton/Library/Python/3.9/lib/python/site-packages/airflow/example_dags/plugins/decreasing_priority_weight_strategy.py for tasks to queue
[2024-08-08T16:57:42.426-0700] {logging_mixin.py:188} INFO - [2024-08-08T16:57:42.426-0700] {dagbag.py:545} INFO - Filling up the DagBag from /Users/treylayton/Library/Python/3.9/lib/python/site-packages/airflow/example_dags/plugins/decreasing_priority_weight_strategy.py
[2024-08-08T16:57:42.427-0700] {processor.py:842} WARNING - No viable dags retrieved from /Users/treylayton/Library/Python/3.9/lib/python/site-packages/airflow/example_dags/plugins/decreasing_priority_weight_strategy.py
[2024-08-08T16:57:42.474-0700] {processor.py:183} INFO - Processing /Users/treylayton/Library/Python/3.9/lib/python/site-packages/airflow/example_dags/plugins/decreasing_priority_weight_strategy.py took 0.052 seconds
[2024-08-08T16:58:54.506-0700] {processor.py:161} INFO - Started process (PID=100) to work on /Users/treylayton/Library/Python/3.9/lib/python/site-packages/airflow/example_dags/plugins/decreasing_priority_weight_strategy.py
[2024-08-08T16:58:54.508-0700] {processor.py:830} INFO - Processing file /Users/treylayton/Library/Python/3.9/lib/python/site-packages/airflow/example_dags/plugins/decreasing_priority_weight_strategy.py for tasks to queue
[2024-08-08T16:58:54.508-0700] {logging_mixin.py:188} INFO - [2024-08-08T16:58:54.508-0700] {dagbag.py:545} INFO - Filling up the DagBag from /Users/treylayton/Library/Python/3.9/lib/python/site-packages/airflow/example_dags/plugins/decreasing_priority_weight_strategy.py
[2024-08-08T16:58:54.509-0700] {processor.py:842} WARNING - No viable dags retrieved from /Users/treylayton/Library/Python/3.9/lib/python/site-packages/airflow/example_dags/plugins/decreasing_priority_weight_strategy.py
[2024-08-08T16:58:54.556-0700] {processor.py:183} INFO - Processing /Users/treylayton/Library/Python/3.9/lib/python/site-packages/airflow/example_dags/plugins/decreasing_priority_weight_strategy.py took 0.052 seconds
[2024-08-08T16:58:55.413-0700] {processor.py:161} INFO - Started process (PID=101) to work on /Users/treylayton/Library/Python/3.9/lib/python/site-packages/airflow/example_dags/plugins/decreasing_priority_weight_strategy.py
[2024-08-08T16:58:55.415-0700] {processor.py:830} INFO - Processing file /Users/treylayton/Library/Python/3.9/lib/python/site-packages/airflow/example_dags/plugins/decreasing_priority_weight_strategy.py for tasks to queue
[2024-08-08T16:58:55.415-0700] {logging_mixin.py:188} INFO - [2024-08-08T16:58:55.415-0700] {dagbag.py:545} INFO - Filling up the DagBag from /Users/treylayton/Library/Python/3.9/lib/python/site-packages/airflow/example_dags/plugins/decreasing_priority_weight_strategy.py
[2024-08-08T16:58:55.416-0700] {processor.py:842} WARNING - No viable dags retrieved from /Users/treylayton/Library/Python/3.9/lib/python/site-packages/airflow/example_dags/plugins/decreasing_priority_weight_strategy.py
[2024-08-08T16:58:55.464-0700] {processor.py:183} INFO - Processing /Users/treylayton/Library/Python/3.9/lib/python/site-packages/airflow/example_dags/plugins/decreasing_priority_weight_strategy.py took 0.052 seconds
