[2024-08-08T16:47:13.850-0700] {processor.py:161} INFO - Started process (PID=98601) to work on /Users/treylayton/Library/Python/3.9/lib/python/site-packages/airflow/example_dags/plugins/event_listener.py
[2024-08-08T16:47:13.851-0700] {processor.py:830} INFO - Processing file /Users/treylayton/Library/Python/3.9/lib/python/site-packages/airflow/example_dags/plugins/event_listener.py for tasks to queue
[2024-08-08T16:47:13.852-0700] {logging_mixin.py:188} INFO - [2024-08-08T16:47:13.852-0700] {dagbag.py:545} INFO - Filling up the DagBag from /Users/treylayton/Library/Python/3.9/lib/python/site-packages/airflow/example_dags/plugins/event_listener.py
[2024-08-08T16:47:13.852-0700] {processor.py:842} WARNING - No viable dags retrieved from /Users/treylayton/Library/Python/3.9/lib/python/site-packages/airflow/example_dags/plugins/event_listener.py
[2024-08-08T16:47:13.901-0700] {processor.py:183} INFO - Processing /Users/treylayton/Library/Python/3.9/lib/python/site-packages/airflow/example_dags/plugins/event_listener.py took 0.053 seconds
[2024-08-08T16:49:00.223-0700] {processor.py:161} INFO - Started process (PID=98770) to work on /Users/treylayton/Library/Python/3.9/lib/python/site-packages/airflow/example_dags/plugins/event_listener.py
[2024-08-08T16:49:00.224-0700] {processor.py:830} INFO - Processing file /Users/treylayton/Library/Python/3.9/lib/python/site-packages/airflow/example_dags/plugins/event_listener.py for tasks to queue
[2024-08-08T16:49:00.225-0700] {logging_mixin.py:188} INFO - [2024-08-08T16:49:00.225-0700] {dagbag.py:545} INFO - Filling up the DagBag from /Users/treylayton/Library/Python/3.9/lib/python/site-packages/airflow/example_dags/plugins/event_listener.py
[2024-08-08T16:49:00.225-0700] {processor.py:842} WARNING - No viable dags retrieved from /Users/treylayton/Library/Python/3.9/lib/python/site-packages/airflow/example_dags/plugins/event_listener.py
[2024-08-08T16:49:00.274-0700] {processor.py:183} INFO - Processing /Users/treylayton/Library/Python/3.9/lib/python/site-packages/airflow/example_dags/plugins/event_listener.py took 0.053 seconds
[2024-08-08T16:50:15.396-0700] {processor.py:161} INFO - Started process (PID=98960) to work on /Users/treylayton/Library/Python/3.9/lib/python/site-packages/airflow/example_dags/plugins/event_listener.py
[2024-08-08T16:50:15.398-0700] {processor.py:830} INFO - Processing file /Users/treylayton/Library/Python/3.9/lib/python/site-packages/airflow/example_dags/plugins/event_listener.py for tasks to queue
[2024-08-08T16:50:15.399-0700] {logging_mixin.py:188} INFO - [2024-08-08T16:50:15.398-0700] {dagbag.py:545} INFO - Filling up the DagBag from /Users/treylayton/Library/Python/3.9/lib/python/site-packages/airflow/example_dags/plugins/event_listener.py
[2024-08-08T16:50:15.399-0700] {processor.py:842} WARNING - No viable dags retrieved from /Users/treylayton/Library/Python/3.9/lib/python/site-packages/airflow/example_dags/plugins/event_listener.py
[2024-08-08T16:50:15.449-0700] {processor.py:183} INFO - Processing /Users/treylayton/Library/Python/3.9/lib/python/site-packages/airflow/example_dags/plugins/event_listener.py took 0.055 seconds
[2024-08-08T16:50:57.872-0700] {processor.py:161} INFO - Started process (PID=99082) to work on /Users/treylayton/Library/Python/3.9/lib/python/site-packages/airflow/example_dags/plugins/event_listener.py
[2024-08-08T16:50:57.874-0700] {processor.py:830} INFO - Processing file /Users/treylayton/Library/Python/3.9/lib/python/site-packages/airflow/example_dags/plugins/event_listener.py for tasks to queue
[2024-08-08T16:50:57.875-0700] {logging_mixin.py:188} INFO - [2024-08-08T16:50:57.874-0700] {dagbag.py:545} INFO - Filling up the DagBag from /Users/treylayton/Library/Python/3.9/lib/python/site-packages/airflow/example_dags/plugins/event_listener.py
[2024-08-08T16:50:57.875-0700] {processor.py:842} WARNING - No viable dags retrieved from /Users/treylayton/Library/Python/3.9/lib/python/site-packages/airflow/example_dags/plugins/event_listener.py
[2024-08-08T16:50:57.921-0700] {processor.py:183} INFO - Processing /Users/treylayton/Library/Python/3.9/lib/python/site-packages/airflow/example_dags/plugins/event_listener.py took 0.051 seconds
[2024-08-08T16:51:26.667-0700] {processor.py:161} INFO - Started process (PID=99130) to work on /Users/treylayton/Library/Python/3.9/lib/python/site-packages/airflow/example_dags/plugins/event_listener.py
[2024-08-08T16:51:26.669-0700] {processor.py:830} INFO - Processing file /Users/treylayton/Library/Python/3.9/lib/python/site-packages/airflow/example_dags/plugins/event_listener.py for tasks to queue
[2024-08-08T16:51:26.669-0700] {logging_mixin.py:188} INFO - [2024-08-08T16:51:26.669-0700] {dagbag.py:545} INFO - Filling up the DagBag from /Users/treylayton/Library/Python/3.9/lib/python/site-packages/airflow/example_dags/plugins/event_listener.py
[2024-08-08T16:51:26.670-0700] {processor.py:842} WARNING - No viable dags retrieved from /Users/treylayton/Library/Python/3.9/lib/python/site-packages/airflow/example_dags/plugins/event_listener.py
[2024-08-08T16:51:26.720-0700] {processor.py:183} INFO - Processing /Users/treylayton/Library/Python/3.9/lib/python/site-packages/airflow/example_dags/plugins/event_listener.py took 0.055 seconds
[2024-08-08T16:52:38.878-0700] {processor.py:161} INFO - Started process (PID=99282) to work on /Users/treylayton/Library/Python/3.9/lib/python/site-packages/airflow/example_dags/plugins/event_listener.py
[2024-08-08T16:52:38.880-0700] {processor.py:830} INFO - Processing file /Users/treylayton/Library/Python/3.9/lib/python/site-packages/airflow/example_dags/plugins/event_listener.py for tasks to queue
[2024-08-08T16:52:38.880-0700] {logging_mixin.py:188} INFO - [2024-08-08T16:52:38.880-0700] {dagbag.py:545} INFO - Filling up the DagBag from /Users/treylayton/Library/Python/3.9/lib/python/site-packages/airflow/example_dags/plugins/event_listener.py
[2024-08-08T16:52:38.881-0700] {processor.py:842} WARNING - No viable dags retrieved from /Users/treylayton/Library/Python/3.9/lib/python/site-packages/airflow/example_dags/plugins/event_listener.py
[2024-08-08T16:52:38.931-0700] {processor.py:183} INFO - Processing /Users/treylayton/Library/Python/3.9/lib/python/site-packages/airflow/example_dags/plugins/event_listener.py took 0.054 seconds
[2024-08-08T16:52:41.733-0700] {processor.py:161} INFO - Started process (PID=99289) to work on /Users/treylayton/Library/Python/3.9/lib/python/site-packages/airflow/example_dags/plugins/event_listener.py
[2024-08-08T16:52:41.735-0700] {processor.py:830} INFO - Processing file /Users/treylayton/Library/Python/3.9/lib/python/site-packages/airflow/example_dags/plugins/event_listener.py for tasks to queue
[2024-08-08T16:52:41.735-0700] {logging_mixin.py:188} INFO - [2024-08-08T16:52:41.735-0700] {dagbag.py:545} INFO - Filling up the DagBag from /Users/treylayton/Library/Python/3.9/lib/python/site-packages/airflow/example_dags/plugins/event_listener.py
[2024-08-08T16:52:41.736-0700] {processor.py:842} WARNING - No viable dags retrieved from /Users/treylayton/Library/Python/3.9/lib/python/site-packages/airflow/example_dags/plugins/event_listener.py
[2024-08-08T16:52:41.787-0700] {processor.py:183} INFO - Processing /Users/treylayton/Library/Python/3.9/lib/python/site-packages/airflow/example_dags/plugins/event_listener.py took 0.056 seconds
[2024-08-08T16:53:56.048-0700] {processor.py:161} INFO - Started process (PID=99400) to work on /Users/treylayton/Library/Python/3.9/lib/python/site-packages/airflow/example_dags/plugins/event_listener.py
[2024-08-08T16:53:56.050-0700] {processor.py:830} INFO - Processing file /Users/treylayton/Library/Python/3.9/lib/python/site-packages/airflow/example_dags/plugins/event_listener.py for tasks to queue
[2024-08-08T16:53:56.050-0700] {logging_mixin.py:188} INFO - [2024-08-08T16:53:56.050-0700] {dagbag.py:545} INFO - Filling up the DagBag from /Users/treylayton/Library/Python/3.9/lib/python/site-packages/airflow/example_dags/plugins/event_listener.py
[2024-08-08T16:53:56.051-0700] {processor.py:842} WARNING - No viable dags retrieved from /Users/treylayton/Library/Python/3.9/lib/python/site-packages/airflow/example_dags/plugins/event_listener.py
[2024-08-08T16:53:56.102-0700] {processor.py:183} INFO - Processing /Users/treylayton/Library/Python/3.9/lib/python/site-packages/airflow/example_dags/plugins/event_listener.py took 0.056 seconds
[2024-08-08T16:53:56.580-0700] {processor.py:161} INFO - Started process (PID=99401) to work on /Users/treylayton/Library/Python/3.9/lib/python/site-packages/airflow/example_dags/plugins/event_listener.py
[2024-08-08T16:53:56.581-0700] {processor.py:830} INFO - Processing file /Users/treylayton/Library/Python/3.9/lib/python/site-packages/airflow/example_dags/plugins/event_listener.py for tasks to queue
[2024-08-08T16:53:56.582-0700] {logging_mixin.py:188} INFO - [2024-08-08T16:53:56.582-0700] {dagbag.py:545} INFO - Filling up the DagBag from /Users/treylayton/Library/Python/3.9/lib/python/site-packages/airflow/example_dags/plugins/event_listener.py
[2024-08-08T16:53:56.582-0700] {processor.py:842} WARNING - No viable dags retrieved from /Users/treylayton/Library/Python/3.9/lib/python/site-packages/airflow/example_dags/plugins/event_listener.py
[2024-08-08T16:53:56.633-0700] {processor.py:183} INFO - Processing /Users/treylayton/Library/Python/3.9/lib/python/site-packages/airflow/example_dags/plugins/event_listener.py took 0.056 seconds
[2024-08-08T16:55:11.024-0700] {processor.py:161} INFO - Started process (PID=99551) to work on /Users/treylayton/Library/Python/3.9/lib/python/site-packages/airflow/example_dags/plugins/event_listener.py
[2024-08-08T16:55:11.025-0700] {processor.py:830} INFO - Processing file /Users/treylayton/Library/Python/3.9/lib/python/site-packages/airflow/example_dags/plugins/event_listener.py for tasks to queue
[2024-08-08T16:55:11.026-0700] {logging_mixin.py:188} INFO - [2024-08-08T16:55:11.026-0700] {dagbag.py:545} INFO - Filling up the DagBag from /Users/treylayton/Library/Python/3.9/lib/python/site-packages/airflow/example_dags/plugins/event_listener.py
[2024-08-08T16:55:11.026-0700] {processor.py:842} WARNING - No viable dags retrieved from /Users/treylayton/Library/Python/3.9/lib/python/site-packages/airflow/example_dags/plugins/event_listener.py
[2024-08-08T16:55:11.074-0700] {processor.py:183} INFO - Processing /Users/treylayton/Library/Python/3.9/lib/python/site-packages/airflow/example_dags/plugins/event_listener.py took 0.052 seconds
[2024-08-08T16:55:11.233-0700] {processor.py:161} INFO - Started process (PID=99552) to work on /Users/treylayton/Library/Python/3.9/lib/python/site-packages/airflow/example_dags/plugins/event_listener.py
[2024-08-08T16:55:11.235-0700] {processor.py:830} INFO - Processing file /Users/treylayton/Library/Python/3.9/lib/python/site-packages/airflow/example_dags/plugins/event_listener.py for tasks to queue
[2024-08-08T16:55:11.235-0700] {logging_mixin.py:188} INFO - [2024-08-08T16:55:11.235-0700] {dagbag.py:545} INFO - Filling up the DagBag from /Users/treylayton/Library/Python/3.9/lib/python/site-packages/airflow/example_dags/plugins/event_listener.py
[2024-08-08T16:55:11.236-0700] {processor.py:842} WARNING - No viable dags retrieved from /Users/treylayton/Library/Python/3.9/lib/python/site-packages/airflow/example_dags/plugins/event_listener.py
[2024-08-08T16:55:11.283-0700] {processor.py:183} INFO - Processing /Users/treylayton/Library/Python/3.9/lib/python/site-packages/airflow/example_dags/plugins/event_listener.py took 0.052 seconds
[2024-08-08T16:56:24.632-0700] {processor.py:161} INFO - Started process (PID=99711) to work on /Users/treylayton/Library/Python/3.9/lib/python/site-packages/airflow/example_dags/plugins/event_listener.py
[2024-08-08T16:56:24.634-0700] {processor.py:830} INFO - Processing file /Users/treylayton/Library/Python/3.9/lib/python/site-packages/airflow/example_dags/plugins/event_listener.py for tasks to queue
[2024-08-08T16:56:24.634-0700] {logging_mixin.py:188} INFO - [2024-08-08T16:56:24.634-0700] {dagbag.py:545} INFO - Filling up the DagBag from /Users/treylayton/Library/Python/3.9/lib/python/site-packages/airflow/example_dags/plugins/event_listener.py
[2024-08-08T16:56:24.635-0700] {processor.py:842} WARNING - No viable dags retrieved from /Users/treylayton/Library/Python/3.9/lib/python/site-packages/airflow/example_dags/plugins/event_listener.py
[2024-08-08T16:56:24.685-0700] {processor.py:183} INFO - Processing /Users/treylayton/Library/Python/3.9/lib/python/site-packages/airflow/example_dags/plugins/event_listener.py took 0.055 seconds
[2024-08-08T16:56:24.727-0700] {processor.py:161} INFO - Started process (PID=99712) to work on /Users/treylayton/Library/Python/3.9/lib/python/site-packages/airflow/example_dags/plugins/event_listener.py
[2024-08-08T16:56:24.729-0700] {processor.py:830} INFO - Processing file /Users/treylayton/Library/Python/3.9/lib/python/site-packages/airflow/example_dags/plugins/event_listener.py for tasks to queue
[2024-08-08T16:56:24.729-0700] {logging_mixin.py:188} INFO - [2024-08-08T16:56:24.729-0700] {dagbag.py:545} INFO - Filling up the DagBag from /Users/treylayton/Library/Python/3.9/lib/python/site-packages/airflow/example_dags/plugins/event_listener.py
[2024-08-08T16:56:24.730-0700] {processor.py:842} WARNING - No viable dags retrieved from /Users/treylayton/Library/Python/3.9/lib/python/site-packages/airflow/example_dags/plugins/event_listener.py
[2024-08-08T16:56:24.784-0700] {processor.py:183} INFO - Processing /Users/treylayton/Library/Python/3.9/lib/python/site-packages/airflow/example_dags/plugins/event_listener.py took 0.059 seconds
[2024-08-08T16:57:39.546-0700] {processor.py:161} INFO - Started process (PID=99830) to work on /Users/treylayton/Library/Python/3.9/lib/python/site-packages/airflow/example_dags/plugins/event_listener.py
[2024-08-08T16:57:39.547-0700] {processor.py:830} INFO - Processing file /Users/treylayton/Library/Python/3.9/lib/python/site-packages/airflow/example_dags/plugins/event_listener.py for tasks to queue
[2024-08-08T16:57:39.548-0700] {logging_mixin.py:188} INFO - [2024-08-08T16:57:39.548-0700] {dagbag.py:545} INFO - Filling up the DagBag from /Users/treylayton/Library/Python/3.9/lib/python/site-packages/airflow/example_dags/plugins/event_listener.py
[2024-08-08T16:57:39.549-0700] {processor.py:842} WARNING - No viable dags retrieved from /Users/treylayton/Library/Python/3.9/lib/python/site-packages/airflow/example_dags/plugins/event_listener.py
[2024-08-08T16:57:39.601-0700] {processor.py:183} INFO - Processing /Users/treylayton/Library/Python/3.9/lib/python/site-packages/airflow/example_dags/plugins/event_listener.py took 0.058 seconds
[2024-08-08T16:57:40.614-0700] {processor.py:161} INFO - Started process (PID=99831) to work on /Users/treylayton/Library/Python/3.9/lib/python/site-packages/airflow/example_dags/plugins/event_listener.py
[2024-08-08T16:57:40.615-0700] {processor.py:830} INFO - Processing file /Users/treylayton/Library/Python/3.9/lib/python/site-packages/airflow/example_dags/plugins/event_listener.py for tasks to queue
[2024-08-08T16:57:40.616-0700] {logging_mixin.py:188} INFO - [2024-08-08T16:57:40.616-0700] {dagbag.py:545} INFO - Filling up the DagBag from /Users/treylayton/Library/Python/3.9/lib/python/site-packages/airflow/example_dags/plugins/event_listener.py
[2024-08-08T16:57:40.617-0700] {processor.py:842} WARNING - No viable dags retrieved from /Users/treylayton/Library/Python/3.9/lib/python/site-packages/airflow/example_dags/plugins/event_listener.py
[2024-08-08T16:57:40.666-0700] {processor.py:183} INFO - Processing /Users/treylayton/Library/Python/3.9/lib/python/site-packages/airflow/example_dags/plugins/event_listener.py took 0.055 seconds
[2024-08-08T16:58:52.479-0700] {processor.py:161} INFO - Started process (PID=99997) to work on /Users/treylayton/Library/Python/3.9/lib/python/site-packages/airflow/example_dags/plugins/event_listener.py
[2024-08-08T16:58:52.480-0700] {processor.py:830} INFO - Processing file /Users/treylayton/Library/Python/3.9/lib/python/site-packages/airflow/example_dags/plugins/event_listener.py for tasks to queue
[2024-08-08T16:58:52.481-0700] {logging_mixin.py:188} INFO - [2024-08-08T16:58:52.481-0700] {dagbag.py:545} INFO - Filling up the DagBag from /Users/treylayton/Library/Python/3.9/lib/python/site-packages/airflow/example_dags/plugins/event_listener.py
[2024-08-08T16:58:52.481-0700] {processor.py:842} WARNING - No viable dags retrieved from /Users/treylayton/Library/Python/3.9/lib/python/site-packages/airflow/example_dags/plugins/event_listener.py
[2024-08-08T16:58:52.530-0700] {processor.py:183} INFO - Processing /Users/treylayton/Library/Python/3.9/lib/python/site-packages/airflow/example_dags/plugins/event_listener.py took 0.053 seconds
[2024-08-08T16:58:53.338-0700] {processor.py:161} INFO - Started process (PID=99998) to work on /Users/treylayton/Library/Python/3.9/lib/python/site-packages/airflow/example_dags/plugins/event_listener.py
[2024-08-08T16:58:53.339-0700] {processor.py:830} INFO - Processing file /Users/treylayton/Library/Python/3.9/lib/python/site-packages/airflow/example_dags/plugins/event_listener.py for tasks to queue
[2024-08-08T16:58:53.340-0700] {logging_mixin.py:188} INFO - [2024-08-08T16:58:53.340-0700] {dagbag.py:545} INFO - Filling up the DagBag from /Users/treylayton/Library/Python/3.9/lib/python/site-packages/airflow/example_dags/plugins/event_listener.py
[2024-08-08T16:58:53.341-0700] {processor.py:842} WARNING - No viable dags retrieved from /Users/treylayton/Library/Python/3.9/lib/python/site-packages/airflow/example_dags/plugins/event_listener.py
[2024-08-08T16:58:53.389-0700] {processor.py:183} INFO - Processing /Users/treylayton/Library/Python/3.9/lib/python/site-packages/airflow/example_dags/plugins/event_listener.py took 0.053 seconds
