[2024-08-08T16:47:11.745-0700] {processor.py:161} INFO - Started process (PID=98600) to work on /Users/treylayton/Library/Python/3.9/lib/python/site-packages/airflow/example_dags/plugins/listener_plugin.py
[2024-08-08T16:47:11.746-0700] {processor.py:830} INFO - Processing file /Users/treylayton/Library/Python/3.9/lib/python/site-packages/airflow/example_dags/plugins/listener_plugin.py for tasks to queue
[2024-08-08T16:47:11.747-0700] {logging_mixin.py:188} INFO - [2024-08-08T16:47:11.746-0700] {dagbag.py:545} INFO - Filling up the DagBag from /Users/treylayton/Library/Python/3.9/lib/python/site-packages/airflow/example_dags/plugins/listener_plugin.py
[2024-08-08T16:47:11.748-0700] {processor.py:842} WARNING - No viable dags retrieved from /Users/treylayton/Library/Python/3.9/lib/python/site-packages/airflow/example_dags/plugins/listener_plugin.py
[2024-08-08T16:47:11.796-0700] {processor.py:183} INFO - Processing /Users/treylayton/Library/Python/3.9/lib/python/site-packages/airflow/example_dags/plugins/listener_plugin.py took 0.053 seconds
[2024-08-08T16:48:58.555-0700] {processor.py:161} INFO - Started process (PID=98765) to work on /Users/treylayton/Library/Python/3.9/lib/python/site-packages/airflow/example_dags/plugins/listener_plugin.py
[2024-08-08T16:48:58.557-0700] {processor.py:830} INFO - Processing file /Users/treylayton/Library/Python/3.9/lib/python/site-packages/airflow/example_dags/plugins/listener_plugin.py for tasks to queue
[2024-08-08T16:48:58.557-0700] {logging_mixin.py:188} INFO - [2024-08-08T16:48:58.557-0700] {dagbag.py:545} INFO - Filling up the DagBag from /Users/treylayton/Library/Python/3.9/lib/python/site-packages/airflow/example_dags/plugins/listener_plugin.py
[2024-08-08T16:48:58.559-0700] {processor.py:842} WARNING - No viable dags retrieved from /Users/treylayton/Library/Python/3.9/lib/python/site-packages/airflow/example_dags/plugins/listener_plugin.py
[2024-08-08T16:48:58.612-0700] {processor.py:183} INFO - Processing /Users/treylayton/Library/Python/3.9/lib/python/site-packages/airflow/example_dags/plugins/listener_plugin.py took 0.059 seconds
[2024-08-08T16:50:14.173-0700] {processor.py:161} INFO - Started process (PID=98959) to work on /Users/treylayton/Library/Python/3.9/lib/python/site-packages/airflow/example_dags/plugins/listener_plugin.py
[2024-08-08T16:50:14.175-0700] {processor.py:830} INFO - Processing file /Users/treylayton/Library/Python/3.9/lib/python/site-packages/airflow/example_dags/plugins/listener_plugin.py for tasks to queue
[2024-08-08T16:50:14.175-0700] {logging_mixin.py:188} INFO - [2024-08-08T16:50:14.175-0700] {dagbag.py:545} INFO - Filling up the DagBag from /Users/treylayton/Library/Python/3.9/lib/python/site-packages/airflow/example_dags/plugins/listener_plugin.py
[2024-08-08T16:50:14.177-0700] {processor.py:842} WARNING - No viable dags retrieved from /Users/treylayton/Library/Python/3.9/lib/python/site-packages/airflow/example_dags/plugins/listener_plugin.py
[2024-08-08T16:50:14.225-0700] {processor.py:183} INFO - Processing /Users/treylayton/Library/Python/3.9/lib/python/site-packages/airflow/example_dags/plugins/listener_plugin.py took 0.054 seconds
[2024-08-08T16:50:30.647-0700] {processor.py:161} INFO - Started process (PID=99004) to work on /Users/treylayton/Library/Python/3.9/lib/python/site-packages/airflow/example_dags/plugins/listener_plugin.py
[2024-08-08T16:50:30.649-0700] {processor.py:830} INFO - Processing file /Users/treylayton/Library/Python/3.9/lib/python/site-packages/airflow/example_dags/plugins/listener_plugin.py for tasks to queue
[2024-08-08T16:50:30.649-0700] {logging_mixin.py:188} INFO - [2024-08-08T16:50:30.649-0700] {dagbag.py:545} INFO - Filling up the DagBag from /Users/treylayton/Library/Python/3.9/lib/python/site-packages/airflow/example_dags/plugins/listener_plugin.py
[2024-08-08T16:50:30.651-0700] {processor.py:842} WARNING - No viable dags retrieved from /Users/treylayton/Library/Python/3.9/lib/python/site-packages/airflow/example_dags/plugins/listener_plugin.py
[2024-08-08T16:50:30.698-0700] {processor.py:183} INFO - Processing /Users/treylayton/Library/Python/3.9/lib/python/site-packages/airflow/example_dags/plugins/listener_plugin.py took 0.052 seconds
[2024-08-08T16:50:55.815-0700] {processor.py:161} INFO - Started process (PID=99074) to work on /Users/treylayton/Library/Python/3.9/lib/python/site-packages/airflow/example_dags/plugins/listener_plugin.py
[2024-08-08T16:50:55.817-0700] {processor.py:830} INFO - Processing file /Users/treylayton/Library/Python/3.9/lib/python/site-packages/airflow/example_dags/plugins/listener_plugin.py for tasks to queue
[2024-08-08T16:50:55.817-0700] {logging_mixin.py:188} INFO - [2024-08-08T16:50:55.817-0700] {dagbag.py:545} INFO - Filling up the DagBag from /Users/treylayton/Library/Python/3.9/lib/python/site-packages/airflow/example_dags/plugins/listener_plugin.py
[2024-08-08T16:50:55.818-0700] {processor.py:842} WARNING - No viable dags retrieved from /Users/treylayton/Library/Python/3.9/lib/python/site-packages/airflow/example_dags/plugins/listener_plugin.py
[2024-08-08T16:50:55.863-0700] {processor.py:183} INFO - Processing /Users/treylayton/Library/Python/3.9/lib/python/site-packages/airflow/example_dags/plugins/listener_plugin.py took 0.050 seconds
[2024-08-08T16:51:24.570-0700] {processor.py:161} INFO - Started process (PID=99124) to work on /Users/treylayton/Library/Python/3.9/lib/python/site-packages/airflow/example_dags/plugins/listener_plugin.py
[2024-08-08T16:51:24.572-0700] {processor.py:830} INFO - Processing file /Users/treylayton/Library/Python/3.9/lib/python/site-packages/airflow/example_dags/plugins/listener_plugin.py for tasks to queue
[2024-08-08T16:51:24.573-0700] {logging_mixin.py:188} INFO - [2024-08-08T16:51:24.573-0700] {dagbag.py:545} INFO - Filling up the DagBag from /Users/treylayton/Library/Python/3.9/lib/python/site-packages/airflow/example_dags/plugins/listener_plugin.py
[2024-08-08T16:51:24.574-0700] {processor.py:842} WARNING - No viable dags retrieved from /Users/treylayton/Library/Python/3.9/lib/python/site-packages/airflow/example_dags/plugins/listener_plugin.py
[2024-08-08T16:51:24.623-0700] {processor.py:183} INFO - Processing /Users/treylayton/Library/Python/3.9/lib/python/site-packages/airflow/example_dags/plugins/listener_plugin.py took 0.054 seconds
[2024-08-08T16:52:37.027-0700] {processor.py:161} INFO - Started process (PID=99275) to work on /Users/treylayton/Library/Python/3.9/lib/python/site-packages/airflow/example_dags/plugins/listener_plugin.py
[2024-08-08T16:52:37.029-0700] {processor.py:830} INFO - Processing file /Users/treylayton/Library/Python/3.9/lib/python/site-packages/airflow/example_dags/plugins/listener_plugin.py for tasks to queue
[2024-08-08T16:52:37.029-0700] {logging_mixin.py:188} INFO - [2024-08-08T16:52:37.029-0700] {dagbag.py:545} INFO - Filling up the DagBag from /Users/treylayton/Library/Python/3.9/lib/python/site-packages/airflow/example_dags/plugins/listener_plugin.py
[2024-08-08T16:52:37.030-0700] {processor.py:842} WARNING - No viable dags retrieved from /Users/treylayton/Library/Python/3.9/lib/python/site-packages/airflow/example_dags/plugins/listener_plugin.py
[2024-08-08T16:52:37.077-0700] {processor.py:183} INFO - Processing /Users/treylayton/Library/Python/3.9/lib/python/site-packages/airflow/example_dags/plugins/listener_plugin.py took 0.051 seconds
[2024-08-08T16:52:39.998-0700] {processor.py:161} INFO - Started process (PID=99287) to work on /Users/treylayton/Library/Python/3.9/lib/python/site-packages/airflow/example_dags/plugins/listener_plugin.py
[2024-08-08T16:52:39.999-0700] {processor.py:830} INFO - Processing file /Users/treylayton/Library/Python/3.9/lib/python/site-packages/airflow/example_dags/plugins/listener_plugin.py for tasks to queue
[2024-08-08T16:52:40.000-0700] {logging_mixin.py:188} INFO - [2024-08-08T16:52:40.000-0700] {dagbag.py:545} INFO - Filling up the DagBag from /Users/treylayton/Library/Python/3.9/lib/python/site-packages/airflow/example_dags/plugins/listener_plugin.py
[2024-08-08T16:52:40.002-0700] {processor.py:842} WARNING - No viable dags retrieved from /Users/treylayton/Library/Python/3.9/lib/python/site-packages/airflow/example_dags/plugins/listener_plugin.py
[2024-08-08T16:52:40.048-0700] {processor.py:183} INFO - Processing /Users/treylayton/Library/Python/3.9/lib/python/site-packages/airflow/example_dags/plugins/listener_plugin.py took 0.052 seconds
[2024-08-08T16:53:53.897-0700] {processor.py:161} INFO - Started process (PID=99398) to work on /Users/treylayton/Library/Python/3.9/lib/python/site-packages/airflow/example_dags/plugins/listener_plugin.py
[2024-08-08T16:53:53.899-0700] {processor.py:830} INFO - Processing file /Users/treylayton/Library/Python/3.9/lib/python/site-packages/airflow/example_dags/plugins/listener_plugin.py for tasks to queue
[2024-08-08T16:53:53.899-0700] {logging_mixin.py:188} INFO - [2024-08-08T16:53:53.899-0700] {dagbag.py:545} INFO - Filling up the DagBag from /Users/treylayton/Library/Python/3.9/lib/python/site-packages/airflow/example_dags/plugins/listener_plugin.py
[2024-08-08T16:53:53.900-0700] {processor.py:842} WARNING - No viable dags retrieved from /Users/treylayton/Library/Python/3.9/lib/python/site-packages/airflow/example_dags/plugins/listener_plugin.py
[2024-08-08T16:53:53.951-0700] {processor.py:183} INFO - Processing /Users/treylayton/Library/Python/3.9/lib/python/site-packages/airflow/example_dags/plugins/listener_plugin.py took 0.056 seconds
[2024-08-08T16:53:55.124-0700] {processor.py:161} INFO - Started process (PID=99399) to work on /Users/treylayton/Library/Python/3.9/lib/python/site-packages/airflow/example_dags/plugins/listener_plugin.py
[2024-08-08T16:53:55.126-0700] {processor.py:830} INFO - Processing file /Users/treylayton/Library/Python/3.9/lib/python/site-packages/airflow/example_dags/plugins/listener_plugin.py for tasks to queue
[2024-08-08T16:53:55.126-0700] {logging_mixin.py:188} INFO - [2024-08-08T16:53:55.126-0700] {dagbag.py:545} INFO - Filling up the DagBag from /Users/treylayton/Library/Python/3.9/lib/python/site-packages/airflow/example_dags/plugins/listener_plugin.py
[2024-08-08T16:53:55.127-0700] {processor.py:842} WARNING - No viable dags retrieved from /Users/treylayton/Library/Python/3.9/lib/python/site-packages/airflow/example_dags/plugins/listener_plugin.py
[2024-08-08T16:53:55.178-0700] {processor.py:183} INFO - Processing /Users/treylayton/Library/Python/3.9/lib/python/site-packages/airflow/example_dags/plugins/listener_plugin.py took 0.056 seconds
[2024-08-08T16:55:09.012-0700] {processor.py:161} INFO - Started process (PID=99547) to work on /Users/treylayton/Library/Python/3.9/lib/python/site-packages/airflow/example_dags/plugins/listener_plugin.py
[2024-08-08T16:55:09.014-0700] {processor.py:830} INFO - Processing file /Users/treylayton/Library/Python/3.9/lib/python/site-packages/airflow/example_dags/plugins/listener_plugin.py for tasks to queue
[2024-08-08T16:55:09.014-0700] {logging_mixin.py:188} INFO - [2024-08-08T16:55:09.014-0700] {dagbag.py:545} INFO - Filling up the DagBag from /Users/treylayton/Library/Python/3.9/lib/python/site-packages/airflow/example_dags/plugins/listener_plugin.py
[2024-08-08T16:55:09.015-0700] {processor.py:842} WARNING - No viable dags retrieved from /Users/treylayton/Library/Python/3.9/lib/python/site-packages/airflow/example_dags/plugins/listener_plugin.py
[2024-08-08T16:55:09.061-0700] {processor.py:183} INFO - Processing /Users/treylayton/Library/Python/3.9/lib/python/site-packages/airflow/example_dags/plugins/listener_plugin.py took 0.051 seconds
[2024-08-08T16:55:09.301-0700] {processor.py:161} INFO - Started process (PID=99548) to work on /Users/treylayton/Library/Python/3.9/lib/python/site-packages/airflow/example_dags/plugins/listener_plugin.py
[2024-08-08T16:55:09.302-0700] {processor.py:830} INFO - Processing file /Users/treylayton/Library/Python/3.9/lib/python/site-packages/airflow/example_dags/plugins/listener_plugin.py for tasks to queue
[2024-08-08T16:55:09.303-0700] {logging_mixin.py:188} INFO - [2024-08-08T16:55:09.303-0700] {dagbag.py:545} INFO - Filling up the DagBag from /Users/treylayton/Library/Python/3.9/lib/python/site-packages/airflow/example_dags/plugins/listener_plugin.py
[2024-08-08T16:55:09.304-0700] {processor.py:842} WARNING - No viable dags retrieved from /Users/treylayton/Library/Python/3.9/lib/python/site-packages/airflow/example_dags/plugins/listener_plugin.py
[2024-08-08T16:55:09.352-0700] {processor.py:183} INFO - Processing /Users/treylayton/Library/Python/3.9/lib/python/site-packages/airflow/example_dags/plugins/listener_plugin.py took 0.053 seconds
[2024-08-08T16:56:22.430-0700] {processor.py:161} INFO - Started process (PID=99707) to work on /Users/treylayton/Library/Python/3.9/lib/python/site-packages/airflow/example_dags/plugins/listener_plugin.py
[2024-08-08T16:56:22.432-0700] {processor.py:830} INFO - Processing file /Users/treylayton/Library/Python/3.9/lib/python/site-packages/airflow/example_dags/plugins/listener_plugin.py for tasks to queue
[2024-08-08T16:56:22.433-0700] {logging_mixin.py:188} INFO - [2024-08-08T16:56:22.433-0700] {dagbag.py:545} INFO - Filling up the DagBag from /Users/treylayton/Library/Python/3.9/lib/python/site-packages/airflow/example_dags/plugins/listener_plugin.py
[2024-08-08T16:56:22.434-0700] {processor.py:842} WARNING - No viable dags retrieved from /Users/treylayton/Library/Python/3.9/lib/python/site-packages/airflow/example_dags/plugins/listener_plugin.py
[2024-08-08T16:56:22.486-0700] {processor.py:183} INFO - Processing /Users/treylayton/Library/Python/3.9/lib/python/site-packages/airflow/example_dags/plugins/listener_plugin.py took 0.057 seconds
[2024-08-08T16:56:22.512-0700] {processor.py:161} INFO - Started process (PID=99708) to work on /Users/treylayton/Library/Python/3.9/lib/python/site-packages/airflow/example_dags/plugins/listener_plugin.py
[2024-08-08T16:56:22.514-0700] {processor.py:830} INFO - Processing file /Users/treylayton/Library/Python/3.9/lib/python/site-packages/airflow/example_dags/plugins/listener_plugin.py for tasks to queue
[2024-08-08T16:56:22.514-0700] {logging_mixin.py:188} INFO - [2024-08-08T16:56:22.514-0700] {dagbag.py:545} INFO - Filling up the DagBag from /Users/treylayton/Library/Python/3.9/lib/python/site-packages/airflow/example_dags/plugins/listener_plugin.py
[2024-08-08T16:56:22.515-0700] {processor.py:842} WARNING - No viable dags retrieved from /Users/treylayton/Library/Python/3.9/lib/python/site-packages/airflow/example_dags/plugins/listener_plugin.py
[2024-08-08T16:56:22.565-0700] {processor.py:183} INFO - Processing /Users/treylayton/Library/Python/3.9/lib/python/site-packages/airflow/example_dags/plugins/listener_plugin.py took 0.056 seconds
[2024-08-08T16:57:38.000-0700] {processor.py:161} INFO - Started process (PID=99828) to work on /Users/treylayton/Library/Python/3.9/lib/python/site-packages/airflow/example_dags/plugins/listener_plugin.py
[2024-08-08T16:57:38.002-0700] {processor.py:830} INFO - Processing file /Users/treylayton/Library/Python/3.9/lib/python/site-packages/airflow/example_dags/plugins/listener_plugin.py for tasks to queue
[2024-08-08T16:57:38.003-0700] {logging_mixin.py:188} INFO - [2024-08-08T16:57:38.003-0700] {dagbag.py:545} INFO - Filling up the DagBag from /Users/treylayton/Library/Python/3.9/lib/python/site-packages/airflow/example_dags/plugins/listener_plugin.py
[2024-08-08T16:57:38.004-0700] {processor.py:842} WARNING - No viable dags retrieved from /Users/treylayton/Library/Python/3.9/lib/python/site-packages/airflow/example_dags/plugins/listener_plugin.py
[2024-08-08T16:57:38.055-0700] {processor.py:183} INFO - Processing /Users/treylayton/Library/Python/3.9/lib/python/site-packages/airflow/example_dags/plugins/listener_plugin.py took 0.056 seconds
[2024-08-08T16:57:39.037-0700] {processor.py:161} INFO - Started process (PID=99829) to work on /Users/treylayton/Library/Python/3.9/lib/python/site-packages/airflow/example_dags/plugins/listener_plugin.py
[2024-08-08T16:57:39.038-0700] {processor.py:830} INFO - Processing file /Users/treylayton/Library/Python/3.9/lib/python/site-packages/airflow/example_dags/plugins/listener_plugin.py for tasks to queue
[2024-08-08T16:57:39.039-0700] {logging_mixin.py:188} INFO - [2024-08-08T16:57:39.039-0700] {dagbag.py:545} INFO - Filling up the DagBag from /Users/treylayton/Library/Python/3.9/lib/python/site-packages/airflow/example_dags/plugins/listener_plugin.py
[2024-08-08T16:57:39.040-0700] {processor.py:842} WARNING - No viable dags retrieved from /Users/treylayton/Library/Python/3.9/lib/python/site-packages/airflow/example_dags/plugins/listener_plugin.py
[2024-08-08T16:57:39.089-0700] {processor.py:183} INFO - Processing /Users/treylayton/Library/Python/3.9/lib/python/site-packages/airflow/example_dags/plugins/listener_plugin.py took 0.054 seconds
[2024-08-08T16:58:51.349-0700] {processor.py:161} INFO - Started process (PID=99993) to work on /Users/treylayton/Library/Python/3.9/lib/python/site-packages/airflow/example_dags/plugins/listener_plugin.py
[2024-08-08T16:58:51.351-0700] {processor.py:830} INFO - Processing file /Users/treylayton/Library/Python/3.9/lib/python/site-packages/airflow/example_dags/plugins/listener_plugin.py for tasks to queue
[2024-08-08T16:58:51.351-0700] {logging_mixin.py:188} INFO - [2024-08-08T16:58:51.351-0700] {dagbag.py:545} INFO - Filling up the DagBag from /Users/treylayton/Library/Python/3.9/lib/python/site-packages/airflow/example_dags/plugins/listener_plugin.py
[2024-08-08T16:58:51.352-0700] {processor.py:842} WARNING - No viable dags retrieved from /Users/treylayton/Library/Python/3.9/lib/python/site-packages/airflow/example_dags/plugins/listener_plugin.py
[2024-08-08T16:58:51.401-0700] {processor.py:183} INFO - Processing /Users/treylayton/Library/Python/3.9/lib/python/site-packages/airflow/example_dags/plugins/listener_plugin.py took 0.054 seconds
[2024-08-08T16:58:51.901-0700] {processor.py:161} INFO - Started process (PID=99996) to work on /Users/treylayton/Library/Python/3.9/lib/python/site-packages/airflow/example_dags/plugins/listener_plugin.py
[2024-08-08T16:58:51.903-0700] {processor.py:830} INFO - Processing file /Users/treylayton/Library/Python/3.9/lib/python/site-packages/airflow/example_dags/plugins/listener_plugin.py for tasks to queue
[2024-08-08T16:58:51.903-0700] {logging_mixin.py:188} INFO - [2024-08-08T16:58:51.903-0700] {dagbag.py:545} INFO - Filling up the DagBag from /Users/treylayton/Library/Python/3.9/lib/python/site-packages/airflow/example_dags/plugins/listener_plugin.py
[2024-08-08T16:58:51.904-0700] {processor.py:842} WARNING - No viable dags retrieved from /Users/treylayton/Library/Python/3.9/lib/python/site-packages/airflow/example_dags/plugins/listener_plugin.py
[2024-08-08T16:58:51.950-0700] {processor.py:183} INFO - Processing /Users/treylayton/Library/Python/3.9/lib/python/site-packages/airflow/example_dags/plugins/listener_plugin.py took 0.051 seconds
