[2024-08-08T16:47:09.438-0700] {processor.py:161} INFO - Started process (PID=98595) to work on /Users/treylayton/Library/Python/3.9/lib/python/site-packages/airflow/example_dags/plugins/workday.py
[2024-08-08T16:47:09.440-0700] {processor.py:830} INFO - Processing file /Users/treylayton/Library/Python/3.9/lib/python/site-packages/airflow/example_dags/plugins/workday.py for tasks to queue
[2024-08-08T16:47:09.440-0700] {logging_mixin.py:188} INFO - [2024-08-08T16:47:09.440-0700] {dagbag.py:545} INFO - Filling up the DagBag from /Users/treylayton/Library/Python/3.9/lib/python/site-packages/airflow/example_dags/plugins/workday.py
[2024-08-08T16:47:09.676-0700] {processor.py:842} WARNING - No viable dags retrieved from /Users/treylayton/Library/Python/3.9/lib/python/site-packages/airflow/example_dags/plugins/workday.py
[2024-08-08T16:47:09.735-0700] {processor.py:183} INFO - Processing /Users/treylayton/Library/Python/3.9/lib/python/site-packages/airflow/example_dags/plugins/workday.py took 0.300 seconds
[2024-08-08T16:48:56.196-0700] {processor.py:161} INFO - Started process (PID=98764) to work on /Users/treylayton/Library/Python/3.9/lib/python/site-packages/airflow/example_dags/plugins/workday.py
[2024-08-08T16:48:56.198-0700] {processor.py:830} INFO - Processing file /Users/treylayton/Library/Python/3.9/lib/python/site-packages/airflow/example_dags/plugins/workday.py for tasks to queue
[2024-08-08T16:48:56.198-0700] {logging_mixin.py:188} INFO - [2024-08-08T16:48:56.198-0700] {dagbag.py:545} INFO - Filling up the DagBag from /Users/treylayton/Library/Python/3.9/lib/python/site-packages/airflow/example_dags/plugins/workday.py
[2024-08-08T16:48:56.410-0700] {processor.py:842} WARNING - No viable dags retrieved from /Users/treylayton/Library/Python/3.9/lib/python/site-packages/airflow/example_dags/plugins/workday.py
[2024-08-08T16:48:56.474-0700] {processor.py:183} INFO - Processing /Users/treylayton/Library/Python/3.9/lib/python/site-packages/airflow/example_dags/plugins/workday.py took 0.280 seconds
[2024-08-08T16:50:12.303-0700] {processor.py:161} INFO - Started process (PID=98955) to work on /Users/treylayton/Library/Python/3.9/lib/python/site-packages/airflow/example_dags/plugins/workday.py
[2024-08-08T16:50:12.304-0700] {processor.py:830} INFO - Processing file /Users/treylayton/Library/Python/3.9/lib/python/site-packages/airflow/example_dags/plugins/workday.py for tasks to queue
[2024-08-08T16:50:12.305-0700] {logging_mixin.py:188} INFO - [2024-08-08T16:50:12.305-0700] {dagbag.py:545} INFO - Filling up the DagBag from /Users/treylayton/Library/Python/3.9/lib/python/site-packages/airflow/example_dags/plugins/workday.py
[2024-08-08T16:50:12.585-0700] {processor.py:842} WARNING - No viable dags retrieved from /Users/treylayton/Library/Python/3.9/lib/python/site-packages/airflow/example_dags/plugins/workday.py
[2024-08-08T16:50:12.633-0700] {processor.py:183} INFO - Processing /Users/treylayton/Library/Python/3.9/lib/python/site-packages/airflow/example_dags/plugins/workday.py took 0.332 seconds
[2024-08-08T16:50:28.291-0700] {processor.py:161} INFO - Started process (PID=98992) to work on /Users/treylayton/Library/Python/3.9/lib/python/site-packages/airflow/example_dags/plugins/workday.py
[2024-08-08T16:50:28.292-0700] {processor.py:830} INFO - Processing file /Users/treylayton/Library/Python/3.9/lib/python/site-packages/airflow/example_dags/plugins/workday.py for tasks to queue
[2024-08-08T16:50:28.293-0700] {logging_mixin.py:188} INFO - [2024-08-08T16:50:28.293-0700] {dagbag.py:545} INFO - Filling up the DagBag from /Users/treylayton/Library/Python/3.9/lib/python/site-packages/airflow/example_dags/plugins/workday.py
[2024-08-08T16:50:28.566-0700] {processor.py:842} WARNING - No viable dags retrieved from /Users/treylayton/Library/Python/3.9/lib/python/site-packages/airflow/example_dags/plugins/workday.py
[2024-08-08T16:50:28.615-0700] {processor.py:183} INFO - Processing /Users/treylayton/Library/Python/3.9/lib/python/site-packages/airflow/example_dags/plugins/workday.py took 0.325 seconds
[2024-08-08T16:50:53.469-0700] {processor.py:161} INFO - Started process (PID=99068) to work on /Users/treylayton/Library/Python/3.9/lib/python/site-packages/airflow/example_dags/plugins/workday.py
[2024-08-08T16:50:53.471-0700] {processor.py:830} INFO - Processing file /Users/treylayton/Library/Python/3.9/lib/python/site-packages/airflow/example_dags/plugins/workday.py for tasks to queue
[2024-08-08T16:50:53.471-0700] {logging_mixin.py:188} INFO - [2024-08-08T16:50:53.471-0700] {dagbag.py:545} INFO - Filling up the DagBag from /Users/treylayton/Library/Python/3.9/lib/python/site-packages/airflow/example_dags/plugins/workday.py
[2024-08-08T16:50:53.730-0700] {processor.py:842} WARNING - No viable dags retrieved from /Users/treylayton/Library/Python/3.9/lib/python/site-packages/airflow/example_dags/plugins/workday.py
[2024-08-08T16:50:53.783-0700] {processor.py:183} INFO - Processing /Users/treylayton/Library/Python/3.9/lib/python/site-packages/airflow/example_dags/plugins/workday.py took 0.315 seconds
[2024-08-08T16:51:22.222-0700] {processor.py:161} INFO - Started process (PID=99122) to work on /Users/treylayton/Library/Python/3.9/lib/python/site-packages/airflow/example_dags/plugins/workday.py
[2024-08-08T16:51:22.223-0700] {processor.py:830} INFO - Processing file /Users/treylayton/Library/Python/3.9/lib/python/site-packages/airflow/example_dags/plugins/workday.py for tasks to queue
[2024-08-08T16:51:22.224-0700] {logging_mixin.py:188} INFO - [2024-08-08T16:51:22.224-0700] {dagbag.py:545} INFO - Filling up the DagBag from /Users/treylayton/Library/Python/3.9/lib/python/site-packages/airflow/example_dags/plugins/workday.py
[2024-08-08T16:51:22.470-0700] {processor.py:842} WARNING - No viable dags retrieved from /Users/treylayton/Library/Python/3.9/lib/python/site-packages/airflow/example_dags/plugins/workday.py
[2024-08-08T16:51:22.521-0700] {processor.py:183} INFO - Processing /Users/treylayton/Library/Python/3.9/lib/python/site-packages/airflow/example_dags/plugins/workday.py took 0.301 seconds
[2024-08-08T16:52:35.077-0700] {processor.py:161} INFO - Started process (PID=99271) to work on /Users/treylayton/Library/Python/3.9/lib/python/site-packages/airflow/example_dags/plugins/workday.py
[2024-08-08T16:52:35.079-0700] {processor.py:830} INFO - Processing file /Users/treylayton/Library/Python/3.9/lib/python/site-packages/airflow/example_dags/plugins/workday.py for tasks to queue
[2024-08-08T16:52:35.079-0700] {logging_mixin.py:188} INFO - [2024-08-08T16:52:35.079-0700] {dagbag.py:545} INFO - Filling up the DagBag from /Users/treylayton/Library/Python/3.9/lib/python/site-packages/airflow/example_dags/plugins/workday.py
[2024-08-08T16:52:35.331-0700] {processor.py:842} WARNING - No viable dags retrieved from /Users/treylayton/Library/Python/3.9/lib/python/site-packages/airflow/example_dags/plugins/workday.py
[2024-08-08T16:52:35.389-0700] {processor.py:183} INFO - Processing /Users/treylayton/Library/Python/3.9/lib/python/site-packages/airflow/example_dags/plugins/workday.py took 0.313 seconds
[2024-08-08T16:52:37.666-0700] {processor.py:161} INFO - Started process (PID=99276) to work on /Users/treylayton/Library/Python/3.9/lib/python/site-packages/airflow/example_dags/plugins/workday.py
[2024-08-08T16:52:37.668-0700] {processor.py:830} INFO - Processing file /Users/treylayton/Library/Python/3.9/lib/python/site-packages/airflow/example_dags/plugins/workday.py for tasks to queue
[2024-08-08T16:52:37.668-0700] {logging_mixin.py:188} INFO - [2024-08-08T16:52:37.668-0700] {dagbag.py:545} INFO - Filling up the DagBag from /Users/treylayton/Library/Python/3.9/lib/python/site-packages/airflow/example_dags/plugins/workday.py
[2024-08-08T16:52:37.927-0700] {processor.py:842} WARNING - No viable dags retrieved from /Users/treylayton/Library/Python/3.9/lib/python/site-packages/airflow/example_dags/plugins/workday.py
[2024-08-08T16:52:37.980-0700] {processor.py:183} INFO - Processing /Users/treylayton/Library/Python/3.9/lib/python/site-packages/airflow/example_dags/plugins/workday.py took 0.316 seconds
[2024-08-08T16:53:51.355-0700] {processor.py:161} INFO - Started process (PID=99396) to work on /Users/treylayton/Library/Python/3.9/lib/python/site-packages/airflow/example_dags/plugins/workday.py
[2024-08-08T16:53:51.357-0700] {processor.py:830} INFO - Processing file /Users/treylayton/Library/Python/3.9/lib/python/site-packages/airflow/example_dags/plugins/workday.py for tasks to queue
[2024-08-08T16:53:51.357-0700] {logging_mixin.py:188} INFO - [2024-08-08T16:53:51.357-0700] {dagbag.py:545} INFO - Filling up the DagBag from /Users/treylayton/Library/Python/3.9/lib/python/site-packages/airflow/example_dags/plugins/workday.py
[2024-08-08T16:53:51.697-0700] {processor.py:842} WARNING - No viable dags retrieved from /Users/treylayton/Library/Python/3.9/lib/python/site-packages/airflow/example_dags/plugins/workday.py
[2024-08-08T16:53:51.754-0700] {processor.py:183} INFO - Processing /Users/treylayton/Library/Python/3.9/lib/python/site-packages/airflow/example_dags/plugins/workday.py took 0.401 seconds
[2024-08-08T16:53:52.617-0700] {processor.py:161} INFO - Started process (PID=99397) to work on /Users/treylayton/Library/Python/3.9/lib/python/site-packages/airflow/example_dags/plugins/workday.py
[2024-08-08T16:53:52.619-0700] {processor.py:830} INFO - Processing file /Users/treylayton/Library/Python/3.9/lib/python/site-packages/airflow/example_dags/plugins/workday.py for tasks to queue
[2024-08-08T16:53:52.619-0700] {logging_mixin.py:188} INFO - [2024-08-08T16:53:52.619-0700] {dagbag.py:545} INFO - Filling up the DagBag from /Users/treylayton/Library/Python/3.9/lib/python/site-packages/airflow/example_dags/plugins/workday.py
[2024-08-08T16:53:52.931-0700] {processor.py:842} WARNING - No viable dags retrieved from /Users/treylayton/Library/Python/3.9/lib/python/site-packages/airflow/example_dags/plugins/workday.py
[2024-08-08T16:53:52.983-0700] {processor.py:183} INFO - Processing /Users/treylayton/Library/Python/3.9/lib/python/site-packages/airflow/example_dags/plugins/workday.py took 0.369 seconds
[2024-08-08T16:55:06.850-0700] {processor.py:161} INFO - Started process (PID=99541) to work on /Users/treylayton/Library/Python/3.9/lib/python/site-packages/airflow/example_dags/plugins/workday.py
[2024-08-08T16:55:06.851-0700] {processor.py:830} INFO - Processing file /Users/treylayton/Library/Python/3.9/lib/python/site-packages/airflow/example_dags/plugins/workday.py for tasks to queue
[2024-08-08T16:55:06.852-0700] {logging_mixin.py:188} INFO - [2024-08-08T16:55:06.852-0700] {dagbag.py:545} INFO - Filling up the DagBag from /Users/treylayton/Library/Python/3.9/lib/python/site-packages/airflow/example_dags/plugins/workday.py
[2024-08-08T16:55:07.094-0700] {processor.py:161} INFO - Started process (PID=99542) to work on /Users/treylayton/Library/Python/3.9/lib/python/site-packages/airflow/example_dags/plugins/workday.py
[2024-08-08T16:55:07.095-0700] {processor.py:830} INFO - Processing file /Users/treylayton/Library/Python/3.9/lib/python/site-packages/airflow/example_dags/plugins/workday.py for tasks to queue
[2024-08-08T16:55:07.096-0700] {logging_mixin.py:188} INFO - [2024-08-08T16:55:07.095-0700] {dagbag.py:545} INFO - Filling up the DagBag from /Users/treylayton/Library/Python/3.9/lib/python/site-packages/airflow/example_dags/plugins/workday.py
[2024-08-08T16:55:07.211-0700] {processor.py:842} WARNING - No viable dags retrieved from /Users/treylayton/Library/Python/3.9/lib/python/site-packages/airflow/example_dags/plugins/workday.py
[2024-08-08T16:55:07.271-0700] {processor.py:183} INFO - Processing /Users/treylayton/Library/Python/3.9/lib/python/site-packages/airflow/example_dags/plugins/workday.py took 0.424 seconds
[2024-08-08T16:55:07.393-0700] {processor.py:842} WARNING - No viable dags retrieved from /Users/treylayton/Library/Python/3.9/lib/python/site-packages/airflow/example_dags/plugins/workday.py
[2024-08-08T16:55:07.446-0700] {processor.py:183} INFO - Processing /Users/treylayton/Library/Python/3.9/lib/python/site-packages/airflow/example_dags/plugins/workday.py took 0.354 seconds
[2024-08-08T16:56:19.929-0700] {processor.py:161} INFO - Started process (PID=99703) to work on /Users/treylayton/Library/Python/3.9/lib/python/site-packages/airflow/example_dags/plugins/workday.py
[2024-08-08T16:56:19.931-0700] {processor.py:830} INFO - Processing file /Users/treylayton/Library/Python/3.9/lib/python/site-packages/airflow/example_dags/plugins/workday.py for tasks to queue
[2024-08-08T16:56:19.932-0700] {logging_mixin.py:188} INFO - [2024-08-08T16:56:19.932-0700] {dagbag.py:545} INFO - Filling up the DagBag from /Users/treylayton/Library/Python/3.9/lib/python/site-packages/airflow/example_dags/plugins/workday.py
[2024-08-08T16:56:20.209-0700] {processor.py:842} WARNING - No viable dags retrieved from /Users/treylayton/Library/Python/3.9/lib/python/site-packages/airflow/example_dags/plugins/workday.py
[2024-08-08T16:56:20.259-0700] {processor.py:183} INFO - Processing /Users/treylayton/Library/Python/3.9/lib/python/site-packages/airflow/example_dags/plugins/workday.py took 0.332 seconds
[2024-08-08T16:56:20.631-0700] {processor.py:161} INFO - Started process (PID=99706) to work on /Users/treylayton/Library/Python/3.9/lib/python/site-packages/airflow/example_dags/plugins/workday.py
[2024-08-08T16:56:20.632-0700] {processor.py:830} INFO - Processing file /Users/treylayton/Library/Python/3.9/lib/python/site-packages/airflow/example_dags/plugins/workday.py for tasks to queue
[2024-08-08T16:56:20.633-0700] {logging_mixin.py:188} INFO - [2024-08-08T16:56:20.633-0700] {dagbag.py:545} INFO - Filling up the DagBag from /Users/treylayton/Library/Python/3.9/lib/python/site-packages/airflow/example_dags/plugins/workday.py
[2024-08-08T16:56:20.894-0700] {processor.py:842} WARNING - No viable dags retrieved from /Users/treylayton/Library/Python/3.9/lib/python/site-packages/airflow/example_dags/plugins/workday.py
[2024-08-08T16:56:20.954-0700] {processor.py:183} INFO - Processing /Users/treylayton/Library/Python/3.9/lib/python/site-packages/airflow/example_dags/plugins/workday.py took 0.325 seconds
[2024-08-08T16:57:35.578-0700] {processor.py:161} INFO - Started process (PID=99824) to work on /Users/treylayton/Library/Python/3.9/lib/python/site-packages/airflow/example_dags/plugins/workday.py
[2024-08-08T16:57:35.580-0700] {processor.py:830} INFO - Processing file /Users/treylayton/Library/Python/3.9/lib/python/site-packages/airflow/example_dags/plugins/workday.py for tasks to queue
[2024-08-08T16:57:35.580-0700] {logging_mixin.py:188} INFO - [2024-08-08T16:57:35.580-0700] {dagbag.py:545} INFO - Filling up the DagBag from /Users/treylayton/Library/Python/3.9/lib/python/site-packages/airflow/example_dags/plugins/workday.py
[2024-08-08T16:57:35.847-0700] {processor.py:842} WARNING - No viable dags retrieved from /Users/treylayton/Library/Python/3.9/lib/python/site-packages/airflow/example_dags/plugins/workday.py
[2024-08-08T16:57:35.900-0700] {processor.py:183} INFO - Processing /Users/treylayton/Library/Python/3.9/lib/python/site-packages/airflow/example_dags/plugins/workday.py took 0.324 seconds
[2024-08-08T16:57:36.642-0700] {processor.py:161} INFO - Started process (PID=99827) to work on /Users/treylayton/Library/Python/3.9/lib/python/site-packages/airflow/example_dags/plugins/workday.py
[2024-08-08T16:57:36.643-0700] {processor.py:830} INFO - Processing file /Users/treylayton/Library/Python/3.9/lib/python/site-packages/airflow/example_dags/plugins/workday.py for tasks to queue
[2024-08-08T16:57:36.644-0700] {logging_mixin.py:188} INFO - [2024-08-08T16:57:36.644-0700] {dagbag.py:545} INFO - Filling up the DagBag from /Users/treylayton/Library/Python/3.9/lib/python/site-packages/airflow/example_dags/plugins/workday.py
[2024-08-08T16:57:36.869-0700] {processor.py:842} WARNING - No viable dags retrieved from /Users/treylayton/Library/Python/3.9/lib/python/site-packages/airflow/example_dags/plugins/workday.py
[2024-08-08T16:57:36.926-0700] {processor.py:183} INFO - Processing /Users/treylayton/Library/Python/3.9/lib/python/site-packages/airflow/example_dags/plugins/workday.py took 0.287 seconds
[2024-08-08T16:58:49.367-0700] {processor.py:161} INFO - Started process (PID=99987) to work on /Users/treylayton/Library/Python/3.9/lib/python/site-packages/airflow/example_dags/plugins/workday.py
[2024-08-08T16:58:49.369-0700] {processor.py:830} INFO - Processing file /Users/treylayton/Library/Python/3.9/lib/python/site-packages/airflow/example_dags/plugins/workday.py for tasks to queue
[2024-08-08T16:58:49.369-0700] {logging_mixin.py:188} INFO - [2024-08-08T16:58:49.369-0700] {dagbag.py:545} INFO - Filling up the DagBag from /Users/treylayton/Library/Python/3.9/lib/python/site-packages/airflow/example_dags/plugins/workday.py
[2024-08-08T16:58:49.611-0700] {processor.py:842} WARNING - No viable dags retrieved from /Users/treylayton/Library/Python/3.9/lib/python/site-packages/airflow/example_dags/plugins/workday.py
[2024-08-08T16:58:49.669-0700] {processor.py:183} INFO - Processing /Users/treylayton/Library/Python/3.9/lib/python/site-packages/airflow/example_dags/plugins/workday.py took 0.304 seconds
[2024-08-08T16:58:50.035-0700] {processor.py:161} INFO - Started process (PID=99988) to work on /Users/treylayton/Library/Python/3.9/lib/python/site-packages/airflow/example_dags/plugins/workday.py
[2024-08-08T16:58:50.036-0700] {processor.py:830} INFO - Processing file /Users/treylayton/Library/Python/3.9/lib/python/site-packages/airflow/example_dags/plugins/workday.py for tasks to queue
[2024-08-08T16:58:50.037-0700] {logging_mixin.py:188} INFO - [2024-08-08T16:58:50.037-0700] {dagbag.py:545} INFO - Filling up the DagBag from /Users/treylayton/Library/Python/3.9/lib/python/site-packages/airflow/example_dags/plugins/workday.py
[2024-08-08T16:58:50.290-0700] {processor.py:842} WARNING - No viable dags retrieved from /Users/treylayton/Library/Python/3.9/lib/python/site-packages/airflow/example_dags/plugins/workday.py
[2024-08-08T16:58:50.368-0700] {processor.py:183} INFO - Processing /Users/treylayton/Library/Python/3.9/lib/python/site-packages/airflow/example_dags/plugins/workday.py took 0.335 seconds
