[2024-08-08T16:48:46.540-0700] {processor.py:161} INFO - Started process (PID=98747) to work on /Users/treylayton/Library/Python/3.9/lib/python/site-packages/airflow/example_dags/example_branch_datetime_operator.py
[2024-08-08T16:48:46.542-0700] {processor.py:830} INFO - Processing file /Users/treylayton/Library/Python/3.9/lib/python/site-packages/airflow/example_dags/example_branch_datetime_operator.py for tasks to queue
[2024-08-08T16:48:46.542-0700] {logging_mixin.py:188} INFO - [2024-08-08T16:48:46.542-0700] {dagbag.py:545} INFO - Filling up the DagBag from /Users/treylayton/Library/Python/3.9/lib/python/site-packages/airflow/example_dags/example_branch_datetime_operator.py
[2024-08-08T16:48:46.550-0700] {processor.py:840} INFO - DAG(s) 'example_branch_datetime_operator', 'example_branch_datetime_operator_3', 'example_branch_datetime_operator_2' retrieved from /Users/treylayton/Library/Python/3.9/lib/python/site-packages/airflow/example_dags/example_branch_datetime_operator.py
[2024-08-08T16:48:46.673-0700] {logging_mixin.py:188} INFO - [2024-08-08T16:48:46.672-0700] {dag.py:3089} INFO - Sync 3 DAGs
[2024-08-08T16:48:46.683-0700] {logging_mixin.py:188} INFO - [2024-08-08T16:48:46.683-0700] {dag.py:3947} INFO - Setting next_dagrun for example_branch_datetime_operator to 2024-08-07 00:00:00+00:00, run_after=2024-08-08 00:00:00+00:00
[2024-08-08T16:48:46.685-0700] {logging_mixin.py:188} INFO - [2024-08-08T16:48:46.685-0700] {dag.py:3947} INFO - Setting next_dagrun for example_branch_datetime_operator_2 to 2024-08-07 00:00:00+00:00, run_after=2024-08-08 00:00:00+00:00
[2024-08-08T16:48:46.687-0700] {logging_mixin.py:188} INFO - [2024-08-08T16:48:46.686-0700] {dag.py:3947} INFO - Setting next_dagrun for example_branch_datetime_operator_3 to 2024-08-07 00:00:00+00:00, run_after=2024-08-08 00:00:00+00:00
[2024-08-08T16:48:46.699-0700] {processor.py:183} INFO - Processing /Users/treylayton/Library/Python/3.9/lib/python/site-packages/airflow/example_dags/example_branch_datetime_operator.py took 0.161 seconds
[2024-08-08T16:51:12.991-0700] {processor.py:161} INFO - Started process (PID=99110) to work on /Users/treylayton/Library/Python/3.9/lib/python/site-packages/airflow/example_dags/example_branch_datetime_operator.py
[2024-08-08T16:51:12.993-0700] {processor.py:830} INFO - Processing file /Users/treylayton/Library/Python/3.9/lib/python/site-packages/airflow/example_dags/example_branch_datetime_operator.py for tasks to queue
[2024-08-08T16:51:12.993-0700] {logging_mixin.py:188} INFO - [2024-08-08T16:51:12.993-0700] {dagbag.py:545} INFO - Filling up the DagBag from /Users/treylayton/Library/Python/3.9/lib/python/site-packages/airflow/example_dags/example_branch_datetime_operator.py
[2024-08-08T16:51:13.001-0700] {processor.py:840} INFO - DAG(s) 'example_branch_datetime_operator_3', 'example_branch_datetime_operator', 'example_branch_datetime_operator_2' retrieved from /Users/treylayton/Library/Python/3.9/lib/python/site-packages/airflow/example_dags/example_branch_datetime_operator.py
[2024-08-08T16:51:13.115-0700] {logging_mixin.py:188} INFO - [2024-08-08T16:51:13.114-0700] {dag.py:3089} INFO - Sync 3 DAGs
[2024-08-08T16:51:13.124-0700] {logging_mixin.py:188} INFO - [2024-08-08T16:51:13.124-0700] {dag.py:3947} INFO - Setting next_dagrun for example_branch_datetime_operator to 2024-08-07 00:00:00+00:00, run_after=2024-08-08 00:00:00+00:00
[2024-08-08T16:51:13.126-0700] {logging_mixin.py:188} INFO - [2024-08-08T16:51:13.126-0700] {dag.py:3947} INFO - Setting next_dagrun for example_branch_datetime_operator_2 to 2024-08-07 00:00:00+00:00, run_after=2024-08-08 00:00:00+00:00
[2024-08-08T16:51:13.127-0700] {logging_mixin.py:188} INFO - [2024-08-08T16:51:13.127-0700] {dag.py:3947} INFO - Setting next_dagrun for example_branch_datetime_operator_3 to 2024-08-07 00:00:00+00:00, run_after=2024-08-08 00:00:00+00:00
[2024-08-08T16:51:13.138-0700] {processor.py:183} INFO - Processing /Users/treylayton/Library/Python/3.9/lib/python/site-packages/airflow/example_dags/example_branch_datetime_operator.py took 0.149 seconds
[2024-08-08T16:52:28.280-0700] {processor.py:161} INFO - Started process (PID=99255) to work on /Users/treylayton/Library/Python/3.9/lib/python/site-packages/airflow/example_dags/example_branch_datetime_operator.py
[2024-08-08T16:52:28.282-0700] {processor.py:830} INFO - Processing file /Users/treylayton/Library/Python/3.9/lib/python/site-packages/airflow/example_dags/example_branch_datetime_operator.py for tasks to queue
[2024-08-08T16:52:28.282-0700] {logging_mixin.py:188} INFO - [2024-08-08T16:52:28.282-0700] {dagbag.py:545} INFO - Filling up the DagBag from /Users/treylayton/Library/Python/3.9/lib/python/site-packages/airflow/example_dags/example_branch_datetime_operator.py
[2024-08-08T16:52:28.289-0700] {processor.py:840} INFO - DAG(s) 'example_branch_datetime_operator_2', 'example_branch_datetime_operator', 'example_branch_datetime_operator_3' retrieved from /Users/treylayton/Library/Python/3.9/lib/python/site-packages/airflow/example_dags/example_branch_datetime_operator.py
[2024-08-08T16:52:28.351-0700] {logging_mixin.py:188} INFO - [2024-08-08T16:52:28.351-0700] {dag.py:3089} INFO - Sync 3 DAGs
[2024-08-08T16:52:28.361-0700] {logging_mixin.py:188} INFO - [2024-08-08T16:52:28.361-0700] {dag.py:3947} INFO - Setting next_dagrun for example_branch_datetime_operator to 2024-08-07 00:00:00+00:00, run_after=2024-08-08 00:00:00+00:00
[2024-08-08T16:52:28.363-0700] {logging_mixin.py:188} INFO - [2024-08-08T16:52:28.363-0700] {dag.py:3947} INFO - Setting next_dagrun for example_branch_datetime_operator_2 to 2024-08-07 00:00:00+00:00, run_after=2024-08-08 00:00:00+00:00
[2024-08-08T16:52:28.365-0700] {logging_mixin.py:188} INFO - [2024-08-08T16:52:28.365-0700] {dag.py:3947} INFO - Setting next_dagrun for example_branch_datetime_operator_3 to 2024-08-07 00:00:00+00:00, run_after=2024-08-08 00:00:00+00:00
[2024-08-08T16:52:28.376-0700] {processor.py:183} INFO - Processing /Users/treylayton/Library/Python/3.9/lib/python/site-packages/airflow/example_dags/example_branch_datetime_operator.py took 0.098 seconds
[2024-08-08T16:53:40.847-0700] {processor.py:161} INFO - Started process (PID=99364) to work on /Users/treylayton/Library/Python/3.9/lib/python/site-packages/airflow/example_dags/example_branch_datetime_operator.py
[2024-08-08T16:53:40.849-0700] {processor.py:830} INFO - Processing file /Users/treylayton/Library/Python/3.9/lib/python/site-packages/airflow/example_dags/example_branch_datetime_operator.py for tasks to queue
[2024-08-08T16:53:40.849-0700] {logging_mixin.py:188} INFO - [2024-08-08T16:53:40.849-0700] {dagbag.py:545} INFO - Filling up the DagBag from /Users/treylayton/Library/Python/3.9/lib/python/site-packages/airflow/example_dags/example_branch_datetime_operator.py
[2024-08-08T16:53:40.857-0700] {processor.py:840} INFO - DAG(s) 'example_branch_datetime_operator_2', 'example_branch_datetime_operator', 'example_branch_datetime_operator_3' retrieved from /Users/treylayton/Library/Python/3.9/lib/python/site-packages/airflow/example_dags/example_branch_datetime_operator.py
[2024-08-08T16:53:40.920-0700] {logging_mixin.py:188} INFO - [2024-08-08T16:53:40.920-0700] {dag.py:3089} INFO - Sync 3 DAGs
[2024-08-08T16:53:40.930-0700] {logging_mixin.py:188} INFO - [2024-08-08T16:53:40.930-0700] {dag.py:3947} INFO - Setting next_dagrun for example_branch_datetime_operator to 2024-08-07 00:00:00+00:00, run_after=2024-08-08 00:00:00+00:00
[2024-08-08T16:53:40.932-0700] {logging_mixin.py:188} INFO - [2024-08-08T16:53:40.932-0700] {dag.py:3947} INFO - Setting next_dagrun for example_branch_datetime_operator_2 to 2024-08-07 00:00:00+00:00, run_after=2024-08-08 00:00:00+00:00
[2024-08-08T16:53:40.934-0700] {logging_mixin.py:188} INFO - [2024-08-08T16:53:40.934-0700] {dag.py:3947} INFO - Setting next_dagrun for example_branch_datetime_operator_3 to 2024-08-07 00:00:00+00:00, run_after=2024-08-08 00:00:00+00:00
[2024-08-08T16:53:40.946-0700] {processor.py:183} INFO - Processing /Users/treylayton/Library/Python/3.9/lib/python/site-packages/airflow/example_dags/example_branch_datetime_operator.py took 0.102 seconds
[2024-08-08T16:54:56.942-0700] {processor.py:161} INFO - Started process (PID=99519) to work on /Users/treylayton/Library/Python/3.9/lib/python/site-packages/airflow/example_dags/example_branch_datetime_operator.py
[2024-08-08T16:54:56.944-0700] {processor.py:830} INFO - Processing file /Users/treylayton/Library/Python/3.9/lib/python/site-packages/airflow/example_dags/example_branch_datetime_operator.py for tasks to queue
[2024-08-08T16:54:56.944-0700] {logging_mixin.py:188} INFO - [2024-08-08T16:54:56.944-0700] {dagbag.py:545} INFO - Filling up the DagBag from /Users/treylayton/Library/Python/3.9/lib/python/site-packages/airflow/example_dags/example_branch_datetime_operator.py
[2024-08-08T16:54:56.952-0700] {processor.py:840} INFO - DAG(s) 'example_branch_datetime_operator', 'example_branch_datetime_operator_3', 'example_branch_datetime_operator_2' retrieved from /Users/treylayton/Library/Python/3.9/lib/python/site-packages/airflow/example_dags/example_branch_datetime_operator.py
[2024-08-08T16:54:57.009-0700] {logging_mixin.py:188} INFO - [2024-08-08T16:54:57.009-0700] {dag.py:3089} INFO - Sync 3 DAGs
[2024-08-08T16:54:57.018-0700] {logging_mixin.py:188} INFO - [2024-08-08T16:54:57.018-0700] {dag.py:3947} INFO - Setting next_dagrun for example_branch_datetime_operator to 2024-08-07 00:00:00+00:00, run_after=2024-08-08 00:00:00+00:00
[2024-08-08T16:54:57.021-0700] {logging_mixin.py:188} INFO - [2024-08-08T16:54:57.021-0700] {dag.py:3947} INFO - Setting next_dagrun for example_branch_datetime_operator_2 to 2024-08-07 00:00:00+00:00, run_after=2024-08-08 00:00:00+00:00
[2024-08-08T16:54:57.022-0700] {logging_mixin.py:188} INFO - [2024-08-08T16:54:57.022-0700] {dag.py:3947} INFO - Setting next_dagrun for example_branch_datetime_operator_3 to 2024-08-07 00:00:00+00:00, run_after=2024-08-08 00:00:00+00:00
[2024-08-08T16:54:57.033-0700] {processor.py:183} INFO - Processing /Users/treylayton/Library/Python/3.9/lib/python/site-packages/airflow/example_dags/example_branch_datetime_operator.py took 0.092 seconds
[2024-08-08T16:56:09.671-0700] {processor.py:161} INFO - Started process (PID=99675) to work on /Users/treylayton/Library/Python/3.9/lib/python/site-packages/airflow/example_dags/example_branch_datetime_operator.py
[2024-08-08T16:56:09.672-0700] {processor.py:830} INFO - Processing file /Users/treylayton/Library/Python/3.9/lib/python/site-packages/airflow/example_dags/example_branch_datetime_operator.py for tasks to queue
[2024-08-08T16:56:09.673-0700] {logging_mixin.py:188} INFO - [2024-08-08T16:56:09.673-0700] {dagbag.py:545} INFO - Filling up the DagBag from /Users/treylayton/Library/Python/3.9/lib/python/site-packages/airflow/example_dags/example_branch_datetime_operator.py
[2024-08-08T16:56:09.680-0700] {processor.py:840} INFO - DAG(s) 'example_branch_datetime_operator', 'example_branch_datetime_operator_2', 'example_branch_datetime_operator_3' retrieved from /Users/treylayton/Library/Python/3.9/lib/python/site-packages/airflow/example_dags/example_branch_datetime_operator.py
[2024-08-08T16:56:09.740-0700] {logging_mixin.py:188} INFO - [2024-08-08T16:56:09.739-0700] {dag.py:3089} INFO - Sync 3 DAGs
[2024-08-08T16:56:09.749-0700] {logging_mixin.py:188} INFO - [2024-08-08T16:56:09.749-0700] {dag.py:3947} INFO - Setting next_dagrun for example_branch_datetime_operator to 2024-08-07 00:00:00+00:00, run_after=2024-08-08 00:00:00+00:00
[2024-08-08T16:56:09.751-0700] {logging_mixin.py:188} INFO - [2024-08-08T16:56:09.751-0700] {dag.py:3947} INFO - Setting next_dagrun for example_branch_datetime_operator_2 to 2024-08-07 00:00:00+00:00, run_after=2024-08-08 00:00:00+00:00
[2024-08-08T16:56:09.752-0700] {logging_mixin.py:188} INFO - [2024-08-08T16:56:09.752-0700] {dag.py:3947} INFO - Setting next_dagrun for example_branch_datetime_operator_3 to 2024-08-07 00:00:00+00:00, run_after=2024-08-08 00:00:00+00:00
[2024-08-08T16:56:09.763-0700] {processor.py:183} INFO - Processing /Users/treylayton/Library/Python/3.9/lib/python/site-packages/airflow/example_dags/example_branch_datetime_operator.py took 0.094 seconds
[2024-08-08T16:57:26.321-0700] {processor.py:161} INFO - Started process (PID=99801) to work on /Users/treylayton/Library/Python/3.9/lib/python/site-packages/airflow/example_dags/example_branch_datetime_operator.py
[2024-08-08T16:57:26.323-0700] {processor.py:830} INFO - Processing file /Users/treylayton/Library/Python/3.9/lib/python/site-packages/airflow/example_dags/example_branch_datetime_operator.py for tasks to queue
[2024-08-08T16:57:26.323-0700] {logging_mixin.py:188} INFO - [2024-08-08T16:57:26.323-0700] {dagbag.py:545} INFO - Filling up the DagBag from /Users/treylayton/Library/Python/3.9/lib/python/site-packages/airflow/example_dags/example_branch_datetime_operator.py
[2024-08-08T16:57:26.331-0700] {processor.py:840} INFO - DAG(s) 'example_branch_datetime_operator_3', 'example_branch_datetime_operator_2', 'example_branch_datetime_operator' retrieved from /Users/treylayton/Library/Python/3.9/lib/python/site-packages/airflow/example_dags/example_branch_datetime_operator.py
[2024-08-08T16:57:26.393-0700] {logging_mixin.py:188} INFO - [2024-08-08T16:57:26.393-0700] {dag.py:3089} INFO - Sync 3 DAGs
[2024-08-08T16:57:26.403-0700] {logging_mixin.py:188} INFO - [2024-08-08T16:57:26.403-0700] {dag.py:3947} INFO - Setting next_dagrun for example_branch_datetime_operator to 2024-08-07 00:00:00+00:00, run_after=2024-08-08 00:00:00+00:00
[2024-08-08T16:57:26.405-0700] {logging_mixin.py:188} INFO - [2024-08-08T16:57:26.405-0700] {dag.py:3947} INFO - Setting next_dagrun for example_branch_datetime_operator_2 to 2024-08-07 00:00:00+00:00, run_after=2024-08-08 00:00:00+00:00
[2024-08-08T16:57:26.407-0700] {logging_mixin.py:188} INFO - [2024-08-08T16:57:26.407-0700] {dag.py:3947} INFO - Setting next_dagrun for example_branch_datetime_operator_3 to 2024-08-07 00:00:00+00:00, run_after=2024-08-08 00:00:00+00:00
[2024-08-08T16:57:26.419-0700] {processor.py:183} INFO - Processing /Users/treylayton/Library/Python/3.9/lib/python/site-packages/airflow/example_dags/example_branch_datetime_operator.py took 0.100 seconds
[2024-08-08T16:58:39.337-0700] {processor.py:161} INFO - Started process (PID=99964) to work on /Users/treylayton/Library/Python/3.9/lib/python/site-packages/airflow/example_dags/example_branch_datetime_operator.py
[2024-08-08T16:58:39.339-0700] {processor.py:830} INFO - Processing file /Users/treylayton/Library/Python/3.9/lib/python/site-packages/airflow/example_dags/example_branch_datetime_operator.py for tasks to queue
[2024-08-08T16:58:39.339-0700] {logging_mixin.py:188} INFO - [2024-08-08T16:58:39.339-0700] {dagbag.py:545} INFO - Filling up the DagBag from /Users/treylayton/Library/Python/3.9/lib/python/site-packages/airflow/example_dags/example_branch_datetime_operator.py
[2024-08-08T16:58:39.347-0700] {processor.py:840} INFO - DAG(s) 'example_branch_datetime_operator', 'example_branch_datetime_operator_3', 'example_branch_datetime_operator_2' retrieved from /Users/treylayton/Library/Python/3.9/lib/python/site-packages/airflow/example_dags/example_branch_datetime_operator.py
[2024-08-08T16:58:39.406-0700] {logging_mixin.py:188} INFO - [2024-08-08T16:58:39.405-0700] {dag.py:3089} INFO - Sync 3 DAGs
[2024-08-08T16:58:39.415-0700] {logging_mixin.py:188} INFO - [2024-08-08T16:58:39.415-0700] {dag.py:3947} INFO - Setting next_dagrun for example_branch_datetime_operator to 2024-08-07 00:00:00+00:00, run_after=2024-08-08 00:00:00+00:00
[2024-08-08T16:58:39.417-0700] {logging_mixin.py:188} INFO - [2024-08-08T16:58:39.417-0700] {dag.py:3947} INFO - Setting next_dagrun for example_branch_datetime_operator_2 to 2024-08-07 00:00:00+00:00, run_after=2024-08-08 00:00:00+00:00
[2024-08-08T16:58:39.418-0700] {logging_mixin.py:188} INFO - [2024-08-08T16:58:39.418-0700] {dag.py:3947} INFO - Setting next_dagrun for example_branch_datetime_operator_3 to 2024-08-07 00:00:00+00:00, run_after=2024-08-08 00:00:00+00:00
[2024-08-08T16:58:39.429-0700] {processor.py:183} INFO - Processing /Users/treylayton/Library/Python/3.9/lib/python/site-packages/airflow/example_dags/example_branch_datetime_operator.py took 0.094 seconds
[2024-08-08T16:59:54.117-0700] {processor.py:161} INFO - Started process (PID=192) to work on /Users/treylayton/Library/Python/3.9/lib/python/site-packages/airflow/example_dags/example_branch_datetime_operator.py
[2024-08-08T16:59:54.118-0700] {processor.py:830} INFO - Processing file /Users/treylayton/Library/Python/3.9/lib/python/site-packages/airflow/example_dags/example_branch_datetime_operator.py for tasks to queue
[2024-08-08T16:59:54.119-0700] {logging_mixin.py:188} INFO - [2024-08-08T16:59:54.119-0700] {dagbag.py:545} INFO - Filling up the DagBag from /Users/treylayton/Library/Python/3.9/lib/python/site-packages/airflow/example_dags/example_branch_datetime_operator.py
[2024-08-08T16:59:54.126-0700] {processor.py:840} INFO - DAG(s) 'example_branch_datetime_operator_3', 'example_branch_datetime_operator_2', 'example_branch_datetime_operator' retrieved from /Users/treylayton/Library/Python/3.9/lib/python/site-packages/airflow/example_dags/example_branch_datetime_operator.py
[2024-08-08T16:59:54.186-0700] {logging_mixin.py:188} INFO - [2024-08-08T16:59:54.186-0700] {dag.py:3089} INFO - Sync 3 DAGs
[2024-08-08T16:59:54.195-0700] {logging_mixin.py:188} INFO - [2024-08-08T16:59:54.195-0700] {dag.py:3947} INFO - Setting next_dagrun for example_branch_datetime_operator to 2024-08-07 00:00:00+00:00, run_after=2024-08-08 00:00:00+00:00
[2024-08-08T16:59:54.197-0700] {logging_mixin.py:188} INFO - [2024-08-08T16:59:54.197-0700] {dag.py:3947} INFO - Setting next_dagrun for example_branch_datetime_operator_2 to 2024-08-07 00:00:00+00:00, run_after=2024-08-08 00:00:00+00:00
[2024-08-08T16:59:54.198-0700] {logging_mixin.py:188} INFO - [2024-08-08T16:59:54.198-0700] {dag.py:3947} INFO - Setting next_dagrun for example_branch_datetime_operator_3 to 2024-08-07 00:00:00+00:00, run_after=2024-08-08 00:00:00+00:00
[2024-08-08T16:59:54.209-0700] {processor.py:183} INFO - Processing /Users/treylayton/Library/Python/3.9/lib/python/site-packages/airflow/example_dags/example_branch_datetime_operator.py took 0.094 seconds
