[2024-08-08T16:47:37.964-0700] {processor.py:161} INFO - Started process (PID=98642) to work on /Users/treylayton/Library/Python/3.9/lib/python/site-packages/airflow/example_dags/example_task_group_decorator.py
[2024-08-08T16:47:37.966-0700] {processor.py:830} INFO - Processing file /Users/treylayton/Library/Python/3.9/lib/python/site-packages/airflow/example_dags/example_task_group_decorator.py for tasks to queue
[2024-08-08T16:47:37.966-0700] {logging_mixin.py:188} INFO - [2024-08-08T16:47:37.966-0700] {dagbag.py:545} INFO - Filling up the DagBag from /Users/treylayton/Library/Python/3.9/lib/python/site-packages/airflow/example_dags/example_task_group_decorator.py
[2024-08-08T16:47:37.995-0700] {processor.py:840} INFO - DAG(s) 'example_task_group_decorator' retrieved from /Users/treylayton/Library/Python/3.9/lib/python/site-packages/airflow/example_dags/example_task_group_decorator.py
[2024-08-08T16:47:38.114-0700] {logging_mixin.py:188} INFO - [2024-08-08T16:47:38.114-0700] {dag.py:3089} INFO - Sync 1 DAGs
[2024-08-08T16:47:38.127-0700] {logging_mixin.py:188} INFO - [2024-08-08T16:47:38.127-0700] {dag.py:3947} INFO - Setting next_dagrun for example_task_group_decorator to 2024-08-07 00:00:00+00:00, run_after=2024-08-08 00:00:00+00:00
[2024-08-08T16:47:38.141-0700] {processor.py:183} INFO - Processing /Users/treylayton/Library/Python/3.9/lib/python/site-packages/airflow/example_dags/example_task_group_decorator.py took 0.179 seconds
[2024-08-08T16:49:24.116-0700] {processor.py:161} INFO - Started process (PID=98838) to work on /Users/treylayton/Library/Python/3.9/lib/python/site-packages/airflow/example_dags/example_task_group_decorator.py
[2024-08-08T16:49:24.117-0700] {processor.py:830} INFO - Processing file /Users/treylayton/Library/Python/3.9/lib/python/site-packages/airflow/example_dags/example_task_group_decorator.py for tasks to queue
[2024-08-08T16:49:24.118-0700] {logging_mixin.py:188} INFO - [2024-08-08T16:49:24.117-0700] {dagbag.py:545} INFO - Filling up the DagBag from /Users/treylayton/Library/Python/3.9/lib/python/site-packages/airflow/example_dags/example_task_group_decorator.py
[2024-08-08T16:49:24.142-0700] {processor.py:840} INFO - DAG(s) 'example_task_group_decorator' retrieved from /Users/treylayton/Library/Python/3.9/lib/python/site-packages/airflow/example_dags/example_task_group_decorator.py
[2024-08-08T16:49:24.150-0700] {logging_mixin.py:188} INFO - [2024-08-08T16:49:24.150-0700] {dag.py:3089} INFO - Sync 1 DAGs
[2024-08-08T16:49:24.204-0700] {logging_mixin.py:188} INFO - [2024-08-08T16:49:24.203-0700] {dag.py:3947} INFO - Setting next_dagrun for example_task_group_decorator to 2024-08-07 00:00:00+00:00, run_after=2024-08-08 00:00:00+00:00
[2024-08-08T16:49:24.213-0700] {processor.py:183} INFO - Processing /Users/treylayton/Library/Python/3.9/lib/python/site-packages/airflow/example_dags/example_task_group_decorator.py took 0.099 seconds
[2024-08-08T16:50:38.558-0700] {processor.py:161} INFO - Started process (PID=99033) to work on /Users/treylayton/Library/Python/3.9/lib/python/site-packages/airflow/example_dags/example_task_group_decorator.py
[2024-08-08T16:50:38.560-0700] {processor.py:830} INFO - Processing file /Users/treylayton/Library/Python/3.9/lib/python/site-packages/airflow/example_dags/example_task_group_decorator.py for tasks to queue
[2024-08-08T16:50:38.560-0700] {logging_mixin.py:188} INFO - [2024-08-08T16:50:38.560-0700] {dagbag.py:545} INFO - Filling up the DagBag from /Users/treylayton/Library/Python/3.9/lib/python/site-packages/airflow/example_dags/example_task_group_decorator.py
[2024-08-08T16:50:38.586-0700] {processor.py:840} INFO - DAG(s) 'example_task_group_decorator' retrieved from /Users/treylayton/Library/Python/3.9/lib/python/site-packages/airflow/example_dags/example_task_group_decorator.py
[2024-08-08T16:50:38.687-0700] {logging_mixin.py:188} INFO - [2024-08-08T16:50:38.687-0700] {dag.py:3089} INFO - Sync 1 DAGs
[2024-08-08T16:50:38.699-0700] {logging_mixin.py:188} INFO - [2024-08-08T16:50:38.699-0700] {dag.py:3947} INFO - Setting next_dagrun for example_task_group_decorator to 2024-08-07 00:00:00+00:00, run_after=2024-08-08 00:00:00+00:00
[2024-08-08T16:50:38.712-0700] {processor.py:183} INFO - Processing /Users/treylayton/Library/Python/3.9/lib/python/site-packages/airflow/example_dags/example_task_group_decorator.py took 0.156 seconds
[2024-08-08T16:51:21.623-0700] {processor.py:161} INFO - Started process (PID=99121) to work on /Users/treylayton/Library/Python/3.9/lib/python/site-packages/airflow/example_dags/example_task_group_decorator.py
[2024-08-08T16:51:21.624-0700] {processor.py:830} INFO - Processing file /Users/treylayton/Library/Python/3.9/lib/python/site-packages/airflow/example_dags/example_task_group_decorator.py for tasks to queue
[2024-08-08T16:51:21.625-0700] {logging_mixin.py:188} INFO - [2024-08-08T16:51:21.624-0700] {dagbag.py:545} INFO - Filling up the DagBag from /Users/treylayton/Library/Python/3.9/lib/python/site-packages/airflow/example_dags/example_task_group_decorator.py
[2024-08-08T16:51:21.649-0700] {processor.py:840} INFO - DAG(s) 'example_task_group_decorator' retrieved from /Users/treylayton/Library/Python/3.9/lib/python/site-packages/airflow/example_dags/example_task_group_decorator.py
[2024-08-08T16:51:21.706-0700] {logging_mixin.py:188} INFO - [2024-08-08T16:51:21.705-0700] {dag.py:3089} INFO - Sync 1 DAGs
[2024-08-08T16:51:21.716-0700] {logging_mixin.py:188} INFO - [2024-08-08T16:51:21.716-0700] {dag.py:3947} INFO - Setting next_dagrun for example_task_group_decorator to 2024-08-07 00:00:00+00:00, run_after=2024-08-08 00:00:00+00:00
[2024-08-08T16:51:21.727-0700] {processor.py:183} INFO - Processing /Users/treylayton/Library/Python/3.9/lib/python/site-packages/airflow/example_dags/example_task_group_decorator.py took 0.106 seconds
[2024-08-08T16:51:51.097-0700] {processor.py:161} INFO - Started process (PID=99162) to work on /Users/treylayton/Library/Python/3.9/lib/python/site-packages/airflow/example_dags/example_task_group_decorator.py
[2024-08-08T16:51:51.099-0700] {processor.py:830} INFO - Processing file /Users/treylayton/Library/Python/3.9/lib/python/site-packages/airflow/example_dags/example_task_group_decorator.py for tasks to queue
[2024-08-08T16:51:51.099-0700] {logging_mixin.py:188} INFO - [2024-08-08T16:51:51.099-0700] {dagbag.py:545} INFO - Filling up the DagBag from /Users/treylayton/Library/Python/3.9/lib/python/site-packages/airflow/example_dags/example_task_group_decorator.py
[2024-08-08T16:51:51.124-0700] {processor.py:840} INFO - DAG(s) 'example_task_group_decorator' retrieved from /Users/treylayton/Library/Python/3.9/lib/python/site-packages/airflow/example_dags/example_task_group_decorator.py
[2024-08-08T16:51:51.183-0700] {logging_mixin.py:188} INFO - [2024-08-08T16:51:51.183-0700] {dag.py:3089} INFO - Sync 1 DAGs
[2024-08-08T16:51:51.194-0700] {logging_mixin.py:188} INFO - [2024-08-08T16:51:51.194-0700] {dag.py:3947} INFO - Setting next_dagrun for example_task_group_decorator to 2024-08-07 00:00:00+00:00, run_after=2024-08-08 00:00:00+00:00
[2024-08-08T16:51:51.205-0700] {processor.py:183} INFO - Processing /Users/treylayton/Library/Python/3.9/lib/python/site-packages/airflow/example_dags/example_task_group_decorator.py took 0.109 seconds
[2024-08-08T16:53:04.012-0700] {processor.py:161} INFO - Started process (PID=99320) to work on /Users/treylayton/Library/Python/3.9/lib/python/site-packages/airflow/example_dags/example_task_group_decorator.py
[2024-08-08T16:53:04.014-0700] {processor.py:830} INFO - Processing file /Users/treylayton/Library/Python/3.9/lib/python/site-packages/airflow/example_dags/example_task_group_decorator.py for tasks to queue
[2024-08-08T16:53:04.014-0700] {logging_mixin.py:188} INFO - [2024-08-08T16:53:04.014-0700] {dagbag.py:545} INFO - Filling up the DagBag from /Users/treylayton/Library/Python/3.9/lib/python/site-packages/airflow/example_dags/example_task_group_decorator.py
[2024-08-08T16:53:04.039-0700] {processor.py:840} INFO - DAG(s) 'example_task_group_decorator' retrieved from /Users/treylayton/Library/Python/3.9/lib/python/site-packages/airflow/example_dags/example_task_group_decorator.py
[2024-08-08T16:53:04.096-0700] {logging_mixin.py:188} INFO - [2024-08-08T16:53:04.096-0700] {dag.py:3089} INFO - Sync 1 DAGs
[2024-08-08T16:53:04.107-0700] {logging_mixin.py:188} INFO - [2024-08-08T16:53:04.107-0700] {dag.py:3947} INFO - Setting next_dagrun for example_task_group_decorator to 2024-08-07 00:00:00+00:00, run_after=2024-08-08 00:00:00+00:00
[2024-08-08T16:53:04.116-0700] {processor.py:183} INFO - Processing /Users/treylayton/Library/Python/3.9/lib/python/site-packages/airflow/example_dags/example_task_group_decorator.py took 0.106 seconds
[2024-08-08T16:53:06.119-0700] {processor.py:161} INFO - Started process (PID=99325) to work on /Users/treylayton/Library/Python/3.9/lib/python/site-packages/airflow/example_dags/example_task_group_decorator.py
[2024-08-08T16:53:06.121-0700] {processor.py:830} INFO - Processing file /Users/treylayton/Library/Python/3.9/lib/python/site-packages/airflow/example_dags/example_task_group_decorator.py for tasks to queue
[2024-08-08T16:53:06.121-0700] {logging_mixin.py:188} INFO - [2024-08-08T16:53:06.121-0700] {dagbag.py:545} INFO - Filling up the DagBag from /Users/treylayton/Library/Python/3.9/lib/python/site-packages/airflow/example_dags/example_task_group_decorator.py
[2024-08-08T16:53:06.147-0700] {processor.py:840} INFO - DAG(s) 'example_task_group_decorator' retrieved from /Users/treylayton/Library/Python/3.9/lib/python/site-packages/airflow/example_dags/example_task_group_decorator.py
[2024-08-08T16:53:06.205-0700] {logging_mixin.py:188} INFO - [2024-08-08T16:53:06.205-0700] {dag.py:3089} INFO - Sync 1 DAGs
[2024-08-08T16:53:06.216-0700] {logging_mixin.py:188} INFO - [2024-08-08T16:53:06.216-0700] {dag.py:3947} INFO - Setting next_dagrun for example_task_group_decorator to 2024-08-07 00:00:00+00:00, run_after=2024-08-08 00:00:00+00:00
[2024-08-08T16:53:06.227-0700] {processor.py:183} INFO - Processing /Users/treylayton/Library/Python/3.9/lib/python/site-packages/airflow/example_dags/example_task_group_decorator.py took 0.110 seconds
[2024-08-08T16:54:20.523-0700] {processor.py:161} INFO - Started process (PID=99456) to work on /Users/treylayton/Library/Python/3.9/lib/python/site-packages/airflow/example_dags/example_task_group_decorator.py
[2024-08-08T16:54:20.525-0700] {processor.py:830} INFO - Processing file /Users/treylayton/Library/Python/3.9/lib/python/site-packages/airflow/example_dags/example_task_group_decorator.py for tasks to queue
[2024-08-08T16:54:20.525-0700] {logging_mixin.py:188} INFO - [2024-08-08T16:54:20.525-0700] {dagbag.py:545} INFO - Filling up the DagBag from /Users/treylayton/Library/Python/3.9/lib/python/site-packages/airflow/example_dags/example_task_group_decorator.py
[2024-08-08T16:54:20.551-0700] {processor.py:840} INFO - DAG(s) 'example_task_group_decorator' retrieved from /Users/treylayton/Library/Python/3.9/lib/python/site-packages/airflow/example_dags/example_task_group_decorator.py
[2024-08-08T16:54:20.609-0700] {logging_mixin.py:188} INFO - [2024-08-08T16:54:20.609-0700] {dag.py:3089} INFO - Sync 1 DAGs
[2024-08-08T16:54:20.620-0700] {logging_mixin.py:188} INFO - [2024-08-08T16:54:20.619-0700] {dag.py:3947} INFO - Setting next_dagrun for example_task_group_decorator to 2024-08-07 00:00:00+00:00, run_after=2024-08-08 00:00:00+00:00
[2024-08-08T16:54:20.630-0700] {processor.py:183} INFO - Processing /Users/treylayton/Library/Python/3.9/lib/python/site-packages/airflow/example_dags/example_task_group_decorator.py took 0.108 seconds
[2024-08-08T16:54:20.776-0700] {processor.py:161} INFO - Started process (PID=99457) to work on /Users/treylayton/Library/Python/3.9/lib/python/site-packages/airflow/example_dags/example_task_group_decorator.py
[2024-08-08T16:54:20.778-0700] {processor.py:830} INFO - Processing file /Users/treylayton/Library/Python/3.9/lib/python/site-packages/airflow/example_dags/example_task_group_decorator.py for tasks to queue
[2024-08-08T16:54:20.779-0700] {logging_mixin.py:188} INFO - [2024-08-08T16:54:20.779-0700] {dagbag.py:545} INFO - Filling up the DagBag from /Users/treylayton/Library/Python/3.9/lib/python/site-packages/airflow/example_dags/example_task_group_decorator.py
[2024-08-08T16:54:20.804-0700] {processor.py:840} INFO - DAG(s) 'example_task_group_decorator' retrieved from /Users/treylayton/Library/Python/3.9/lib/python/site-packages/airflow/example_dags/example_task_group_decorator.py
[2024-08-08T16:54:20.867-0700] {logging_mixin.py:188} INFO - [2024-08-08T16:54:20.866-0700] {dag.py:3089} INFO - Sync 1 DAGs
[2024-08-08T16:54:20.879-0700] {logging_mixin.py:188} INFO - [2024-08-08T16:54:20.879-0700] {dag.py:3947} INFO - Setting next_dagrun for example_task_group_decorator to 2024-08-07 00:00:00+00:00, run_after=2024-08-08 00:00:00+00:00
[2024-08-08T16:54:20.893-0700] {processor.py:183} INFO - Processing /Users/treylayton/Library/Python/3.9/lib/python/site-packages/airflow/example_dags/example_task_group_decorator.py took 0.118 seconds
[2024-08-08T16:55:33.872-0700] {processor.py:161} INFO - Started process (PID=99599) to work on /Users/treylayton/Library/Python/3.9/lib/python/site-packages/airflow/example_dags/example_task_group_decorator.py
[2024-08-08T16:55:33.874-0700] {processor.py:830} INFO - Processing file /Users/treylayton/Library/Python/3.9/lib/python/site-packages/airflow/example_dags/example_task_group_decorator.py for tasks to queue
[2024-08-08T16:55:33.874-0700] {logging_mixin.py:188} INFO - [2024-08-08T16:55:33.874-0700] {dagbag.py:545} INFO - Filling up the DagBag from /Users/treylayton/Library/Python/3.9/lib/python/site-packages/airflow/example_dags/example_task_group_decorator.py
[2024-08-08T16:55:33.899-0700] {processor.py:840} INFO - DAG(s) 'example_task_group_decorator' retrieved from /Users/treylayton/Library/Python/3.9/lib/python/site-packages/airflow/example_dags/example_task_group_decorator.py
[2024-08-08T16:55:33.958-0700] {logging_mixin.py:188} INFO - [2024-08-08T16:55:33.958-0700] {dag.py:3089} INFO - Sync 1 DAGs
[2024-08-08T16:55:33.969-0700] {logging_mixin.py:188} INFO - [2024-08-08T16:55:33.969-0700] {dag.py:3947} INFO - Setting next_dagrun for example_task_group_decorator to 2024-08-07 00:00:00+00:00, run_after=2024-08-08 00:00:00+00:00
[2024-08-08T16:55:33.980-0700] {processor.py:183} INFO - Processing /Users/treylayton/Library/Python/3.9/lib/python/site-packages/airflow/example_dags/example_task_group_decorator.py took 0.109 seconds
[2024-08-08T16:55:34.600-0700] {processor.py:161} INFO - Started process (PID=99600) to work on /Users/treylayton/Library/Python/3.9/lib/python/site-packages/airflow/example_dags/example_task_group_decorator.py
[2024-08-08T16:55:34.602-0700] {processor.py:830} INFO - Processing file /Users/treylayton/Library/Python/3.9/lib/python/site-packages/airflow/example_dags/example_task_group_decorator.py for tasks to queue
[2024-08-08T16:55:34.602-0700] {logging_mixin.py:188} INFO - [2024-08-08T16:55:34.602-0700] {dagbag.py:545} INFO - Filling up the DagBag from /Users/treylayton/Library/Python/3.9/lib/python/site-packages/airflow/example_dags/example_task_group_decorator.py
[2024-08-08T16:55:34.628-0700] {processor.py:840} INFO - DAG(s) 'example_task_group_decorator' retrieved from /Users/treylayton/Library/Python/3.9/lib/python/site-packages/airflow/example_dags/example_task_group_decorator.py
[2024-08-08T16:55:34.687-0700] {logging_mixin.py:188} INFO - [2024-08-08T16:55:34.687-0700] {dag.py:3089} INFO - Sync 1 DAGs
[2024-08-08T16:55:34.698-0700] {logging_mixin.py:188} INFO - [2024-08-08T16:55:34.698-0700] {dag.py:3947} INFO - Setting next_dagrun for example_task_group_decorator to 2024-08-07 00:00:00+00:00, run_after=2024-08-08 00:00:00+00:00
[2024-08-08T16:55:34.709-0700] {processor.py:183} INFO - Processing /Users/treylayton/Library/Python/3.9/lib/python/site-packages/airflow/example_dags/example_task_group_decorator.py took 0.111 seconds
[2024-08-08T16:56:49.533-0700] {processor.py:161} INFO - Started process (PID=99735) to work on /Users/treylayton/Library/Python/3.9/lib/python/site-packages/airflow/example_dags/example_task_group_decorator.py
[2024-08-08T16:56:49.535-0700] {processor.py:830} INFO - Processing file /Users/treylayton/Library/Python/3.9/lib/python/site-packages/airflow/example_dags/example_task_group_decorator.py for tasks to queue
[2024-08-08T16:56:49.536-0700] {logging_mixin.py:188} INFO - [2024-08-08T16:56:49.536-0700] {dagbag.py:545} INFO - Filling up the DagBag from /Users/treylayton/Library/Python/3.9/lib/python/site-packages/airflow/example_dags/example_task_group_decorator.py
[2024-08-08T16:56:49.562-0700] {processor.py:840} INFO - DAG(s) 'example_task_group_decorator' retrieved from /Users/treylayton/Library/Python/3.9/lib/python/site-packages/airflow/example_dags/example_task_group_decorator.py
[2024-08-08T16:56:49.622-0700] {logging_mixin.py:188} INFO - [2024-08-08T16:56:49.622-0700] {dag.py:3089} INFO - Sync 1 DAGs
[2024-08-08T16:56:49.635-0700] {logging_mixin.py:188} INFO - [2024-08-08T16:56:49.635-0700] {dag.py:3947} INFO - Setting next_dagrun for example_task_group_decorator to 2024-08-07 00:00:00+00:00, run_after=2024-08-08 00:00:00+00:00
[2024-08-08T16:56:49.649-0700] {processor.py:183} INFO - Processing /Users/treylayton/Library/Python/3.9/lib/python/site-packages/airflow/example_dags/example_task_group_decorator.py took 0.117 seconds
[2024-08-08T16:56:50.105-0700] {processor.py:161} INFO - Started process (PID=99736) to work on /Users/treylayton/Library/Python/3.9/lib/python/site-packages/airflow/example_dags/example_task_group_decorator.py
[2024-08-08T16:56:50.106-0700] {processor.py:830} INFO - Processing file /Users/treylayton/Library/Python/3.9/lib/python/site-packages/airflow/example_dags/example_task_group_decorator.py for tasks to queue
[2024-08-08T16:56:50.107-0700] {logging_mixin.py:188} INFO - [2024-08-08T16:56:50.107-0700] {dagbag.py:545} INFO - Filling up the DagBag from /Users/treylayton/Library/Python/3.9/lib/python/site-packages/airflow/example_dags/example_task_group_decorator.py
[2024-08-08T16:56:50.132-0700] {processor.py:840} INFO - DAG(s) 'example_task_group_decorator' retrieved from /Users/treylayton/Library/Python/3.9/lib/python/site-packages/airflow/example_dags/example_task_group_decorator.py
[2024-08-08T16:56:50.212-0700] {logging_mixin.py:188} INFO - [2024-08-08T16:56:50.212-0700] {dag.py:3089} INFO - Sync 1 DAGs
[2024-08-08T16:56:50.223-0700] {logging_mixin.py:188} INFO - [2024-08-08T16:56:50.223-0700] {dag.py:3947} INFO - Setting next_dagrun for example_task_group_decorator to 2024-08-07 00:00:00+00:00, run_after=2024-08-08 00:00:00+00:00
[2024-08-08T16:56:50.235-0700] {processor.py:183} INFO - Processing /Users/treylayton/Library/Python/3.9/lib/python/site-packages/airflow/example_dags/example_task_group_decorator.py took 0.132 seconds
[2024-08-08T16:58:02.808-0700] {processor.py:161} INFO - Started process (PID=99882) to work on /Users/treylayton/Library/Python/3.9/lib/python/site-packages/airflow/example_dags/example_task_group_decorator.py
[2024-08-08T16:58:02.810-0700] {processor.py:830} INFO - Processing file /Users/treylayton/Library/Python/3.9/lib/python/site-packages/airflow/example_dags/example_task_group_decorator.py for tasks to queue
[2024-08-08T16:58:02.810-0700] {logging_mixin.py:188} INFO - [2024-08-08T16:58:02.810-0700] {dagbag.py:545} INFO - Filling up the DagBag from /Users/treylayton/Library/Python/3.9/lib/python/site-packages/airflow/example_dags/example_task_group_decorator.py
[2024-08-08T16:58:02.835-0700] {processor.py:840} INFO - DAG(s) 'example_task_group_decorator' retrieved from /Users/treylayton/Library/Python/3.9/lib/python/site-packages/airflow/example_dags/example_task_group_decorator.py
[2024-08-08T16:58:02.897-0700] {logging_mixin.py:188} INFO - [2024-08-08T16:58:02.897-0700] {dag.py:3089} INFO - Sync 1 DAGs
[2024-08-08T16:58:02.909-0700] {logging_mixin.py:188} INFO - [2024-08-08T16:58:02.909-0700] {dag.py:3947} INFO - Setting next_dagrun for example_task_group_decorator to 2024-08-07 00:00:00+00:00, run_after=2024-08-08 00:00:00+00:00
[2024-08-08T16:58:02.920-0700] {processor.py:183} INFO - Processing /Users/treylayton/Library/Python/3.9/lib/python/site-packages/airflow/example_dags/example_task_group_decorator.py took 0.115 seconds
[2024-08-08T16:58:03.371-0700] {processor.py:161} INFO - Started process (PID=99883) to work on /Users/treylayton/Library/Python/3.9/lib/python/site-packages/airflow/example_dags/example_task_group_decorator.py
[2024-08-08T16:58:03.373-0700] {processor.py:830} INFO - Processing file /Users/treylayton/Library/Python/3.9/lib/python/site-packages/airflow/example_dags/example_task_group_decorator.py for tasks to queue
[2024-08-08T16:58:03.373-0700] {logging_mixin.py:188} INFO - [2024-08-08T16:58:03.373-0700] {dagbag.py:545} INFO - Filling up the DagBag from /Users/treylayton/Library/Python/3.9/lib/python/site-packages/airflow/example_dags/example_task_group_decorator.py
[2024-08-08T16:58:03.399-0700] {processor.py:840} INFO - DAG(s) 'example_task_group_decorator' retrieved from /Users/treylayton/Library/Python/3.9/lib/python/site-packages/airflow/example_dags/example_task_group_decorator.py
[2024-08-08T16:58:03.461-0700] {logging_mixin.py:188} INFO - [2024-08-08T16:58:03.461-0700] {dag.py:3089} INFO - Sync 1 DAGs
[2024-08-08T16:58:03.473-0700] {logging_mixin.py:188} INFO - [2024-08-08T16:58:03.473-0700] {dag.py:3947} INFO - Setting next_dagrun for example_task_group_decorator to 2024-08-07 00:00:00+00:00, run_after=2024-08-08 00:00:00+00:00
[2024-08-08T16:58:03.484-0700] {processor.py:183} INFO - Processing /Users/treylayton/Library/Python/3.9/lib/python/site-packages/airflow/example_dags/example_task_group_decorator.py took 0.115 seconds
[2024-08-08T16:59:16.297-0700] {processor.py:161} INFO - Started process (PID=149) to work on /Users/treylayton/Library/Python/3.9/lib/python/site-packages/airflow/example_dags/example_task_group_decorator.py
[2024-08-08T16:59:16.299-0700] {processor.py:830} INFO - Processing file /Users/treylayton/Library/Python/3.9/lib/python/site-packages/airflow/example_dags/example_task_group_decorator.py for tasks to queue
[2024-08-08T16:59:16.300-0700] {logging_mixin.py:188} INFO - [2024-08-08T16:59:16.299-0700] {dagbag.py:545} INFO - Filling up the DagBag from /Users/treylayton/Library/Python/3.9/lib/python/site-packages/airflow/example_dags/example_task_group_decorator.py
[2024-08-08T16:59:16.326-0700] {processor.py:840} INFO - DAG(s) 'example_task_group_decorator' retrieved from /Users/treylayton/Library/Python/3.9/lib/python/site-packages/airflow/example_dags/example_task_group_decorator.py
[2024-08-08T16:59:16.389-0700] {logging_mixin.py:188} INFO - [2024-08-08T16:59:16.389-0700] {dag.py:3089} INFO - Sync 1 DAGs
[2024-08-08T16:59:16.401-0700] {logging_mixin.py:188} INFO - [2024-08-08T16:59:16.401-0700] {dag.py:3947} INFO - Setting next_dagrun for example_task_group_decorator to 2024-08-07 00:00:00+00:00, run_after=2024-08-08 00:00:00+00:00
[2024-08-08T16:59:16.412-0700] {processor.py:183} INFO - Processing /Users/treylayton/Library/Python/3.9/lib/python/site-packages/airflow/example_dags/example_task_group_decorator.py took 0.117 seconds
[2024-08-08T16:59:17.923-0700] {processor.py:161} INFO - Started process (PID=151) to work on /Users/treylayton/Library/Python/3.9/lib/python/site-packages/airflow/example_dags/example_task_group_decorator.py
[2024-08-08T16:59:17.925-0700] {processor.py:830} INFO - Processing file /Users/treylayton/Library/Python/3.9/lib/python/site-packages/airflow/example_dags/example_task_group_decorator.py for tasks to queue
[2024-08-08T16:59:17.925-0700] {logging_mixin.py:188} INFO - [2024-08-08T16:59:17.925-0700] {dagbag.py:545} INFO - Filling up the DagBag from /Users/treylayton/Library/Python/3.9/lib/python/site-packages/airflow/example_dags/example_task_group_decorator.py
[2024-08-08T16:59:17.950-0700] {processor.py:840} INFO - DAG(s) 'example_task_group_decorator' retrieved from /Users/treylayton/Library/Python/3.9/lib/python/site-packages/airflow/example_dags/example_task_group_decorator.py
[2024-08-08T16:59:18.006-0700] {logging_mixin.py:188} INFO - [2024-08-08T16:59:18.006-0700] {dag.py:3089} INFO - Sync 1 DAGs
[2024-08-08T16:59:18.017-0700] {logging_mixin.py:188} INFO - [2024-08-08T16:59:18.017-0700] {dag.py:3947} INFO - Setting next_dagrun for example_task_group_decorator to 2024-08-07 00:00:00+00:00, run_after=2024-08-08 00:00:00+00:00
[2024-08-08T16:59:18.027-0700] {processor.py:183} INFO - Processing /Users/treylayton/Library/Python/3.9/lib/python/site-packages/airflow/example_dags/example_task_group_decorator.py took 0.106 seconds
