[2024-08-08T16:47:50.328-0700] {processor.py:161} INFO - Started process (PID=98671) to work on /Users/treylayton/Library/Python/3.9/lib/python/site-packages/airflow/example_dags/example_short_circuit_decorator.py
[2024-08-08T16:47:50.330-0700] {processor.py:830} INFO - Processing file /Users/treylayton/Library/Python/3.9/lib/python/site-packages/airflow/example_dags/example_short_circuit_decorator.py for tasks to queue
[2024-08-08T16:47:50.330-0700] {logging_mixin.py:188} INFO - [2024-08-08T16:47:50.330-0700] {dagbag.py:545} INFO - Filling up the DagBag from /Users/treylayton/Library/Python/3.9/lib/python/site-packages/airflow/example_dags/example_short_circuit_decorator.py
[2024-08-08T16:47:50.353-0700] {processor.py:840} INFO - DAG(s) 'example_short_circuit_decorator' retrieved from /Users/treylayton/Library/Python/3.9/lib/python/site-packages/airflow/example_dags/example_short_circuit_decorator.py
[2024-08-08T16:47:50.455-0700] {logging_mixin.py:188} INFO - [2024-08-08T16:47:50.455-0700] {dag.py:3089} INFO - Sync 1 DAGs
[2024-08-08T16:47:50.467-0700] {logging_mixin.py:188} INFO - [2024-08-08T16:47:50.467-0700] {dag.py:3947} INFO - Setting next_dagrun for example_short_circuit_decorator to 2024-08-07 00:00:00+00:00, run_after=2024-08-08 00:00:00+00:00
[2024-08-08T16:47:50.479-0700] {processor.py:183} INFO - Processing /Users/treylayton/Library/Python/3.9/lib/python/site-packages/airflow/example_dags/example_short_circuit_decorator.py took 0.152 seconds
[2024-08-08T16:49:36.344-0700] {processor.py:161} INFO - Started process (PID=98871) to work on /Users/treylayton/Library/Python/3.9/lib/python/site-packages/airflow/example_dags/example_short_circuit_decorator.py
[2024-08-08T16:49:36.346-0700] {processor.py:830} INFO - Processing file /Users/treylayton/Library/Python/3.9/lib/python/site-packages/airflow/example_dags/example_short_circuit_decorator.py for tasks to queue
[2024-08-08T16:49:36.346-0700] {logging_mixin.py:188} INFO - [2024-08-08T16:49:36.346-0700] {dagbag.py:545} INFO - Filling up the DagBag from /Users/treylayton/Library/Python/3.9/lib/python/site-packages/airflow/example_dags/example_short_circuit_decorator.py
[2024-08-08T16:49:36.368-0700] {processor.py:840} INFO - DAG(s) 'example_short_circuit_decorator' retrieved from /Users/treylayton/Library/Python/3.9/lib/python/site-packages/airflow/example_dags/example_short_circuit_decorator.py
[2024-08-08T16:49:36.376-0700] {logging_mixin.py:188} INFO - [2024-08-08T16:49:36.376-0700] {dag.py:3089} INFO - Sync 1 DAGs
[2024-08-08T16:49:36.430-0700] {logging_mixin.py:188} INFO - [2024-08-08T16:49:36.430-0700] {dag.py:3947} INFO - Setting next_dagrun for example_short_circuit_decorator to 2024-08-07 00:00:00+00:00, run_after=2024-08-08 00:00:00+00:00
[2024-08-08T16:49:36.442-0700] {processor.py:183} INFO - Processing /Users/treylayton/Library/Python/3.9/lib/python/site-packages/airflow/example_dags/example_short_circuit_decorator.py took 0.100 seconds
[2024-08-08T16:50:48.779-0700] {processor.py:161} INFO - Started process (PID=99061) to work on /Users/treylayton/Library/Python/3.9/lib/python/site-packages/airflow/example_dags/example_short_circuit_decorator.py
[2024-08-08T16:50:48.781-0700] {processor.py:830} INFO - Processing file /Users/treylayton/Library/Python/3.9/lib/python/site-packages/airflow/example_dags/example_short_circuit_decorator.py for tasks to queue
[2024-08-08T16:50:48.781-0700] {logging_mixin.py:188} INFO - [2024-08-08T16:50:48.781-0700] {dagbag.py:545} INFO - Filling up the DagBag from /Users/treylayton/Library/Python/3.9/lib/python/site-packages/airflow/example_dags/example_short_circuit_decorator.py
[2024-08-08T16:50:48.803-0700] {processor.py:840} INFO - DAG(s) 'example_short_circuit_decorator' retrieved from /Users/treylayton/Library/Python/3.9/lib/python/site-packages/airflow/example_dags/example_short_circuit_decorator.py
[2024-08-08T16:50:48.904-0700] {logging_mixin.py:188} INFO - [2024-08-08T16:50:48.904-0700] {dag.py:3089} INFO - Sync 1 DAGs
[2024-08-08T16:50:48.915-0700] {logging_mixin.py:188} INFO - [2024-08-08T16:50:48.915-0700] {dag.py:3947} INFO - Setting next_dagrun for example_short_circuit_decorator to 2024-08-07 00:00:00+00:00, run_after=2024-08-08 00:00:00+00:00
[2024-08-08T16:50:48.926-0700] {processor.py:183} INFO - Processing /Users/treylayton/Library/Python/3.9/lib/python/site-packages/airflow/example_dags/example_short_circuit_decorator.py took 0.149 seconds
[2024-08-08T16:51:33.272-0700] {processor.py:161} INFO - Started process (PID=99137) to work on /Users/treylayton/Library/Python/3.9/lib/python/site-packages/airflow/example_dags/example_short_circuit_decorator.py
[2024-08-08T16:51:33.274-0700] {processor.py:830} INFO - Processing file /Users/treylayton/Library/Python/3.9/lib/python/site-packages/airflow/example_dags/example_short_circuit_decorator.py for tasks to queue
[2024-08-08T16:51:33.274-0700] {logging_mixin.py:188} INFO - [2024-08-08T16:51:33.274-0700] {dagbag.py:545} INFO - Filling up the DagBag from /Users/treylayton/Library/Python/3.9/lib/python/site-packages/airflow/example_dags/example_short_circuit_decorator.py
[2024-08-08T16:51:33.297-0700] {processor.py:840} INFO - DAG(s) 'example_short_circuit_decorator' retrieved from /Users/treylayton/Library/Python/3.9/lib/python/site-packages/airflow/example_dags/example_short_circuit_decorator.py
[2024-08-08T16:51:33.355-0700] {logging_mixin.py:188} INFO - [2024-08-08T16:51:33.355-0700] {dag.py:3089} INFO - Sync 1 DAGs
[2024-08-08T16:51:33.367-0700] {logging_mixin.py:188} INFO - [2024-08-08T16:51:33.367-0700] {dag.py:3947} INFO - Setting next_dagrun for example_short_circuit_decorator to 2024-08-07 00:00:00+00:00, run_after=2024-08-08 00:00:00+00:00
[2024-08-08T16:51:33.378-0700] {processor.py:183} INFO - Processing /Users/treylayton/Library/Python/3.9/lib/python/site-packages/airflow/example_dags/example_short_circuit_decorator.py took 0.107 seconds
[2024-08-08T16:53:15.889-0700] {processor.py:161} INFO - Started process (PID=99336) to work on /Users/treylayton/Library/Python/3.9/lib/python/site-packages/airflow/example_dags/example_short_circuit_decorator.py
[2024-08-08T16:53:15.891-0700] {processor.py:830} INFO - Processing file /Users/treylayton/Library/Python/3.9/lib/python/site-packages/airflow/example_dags/example_short_circuit_decorator.py for tasks to queue
[2024-08-08T16:53:15.891-0700] {logging_mixin.py:188} INFO - [2024-08-08T16:53:15.891-0700] {dagbag.py:545} INFO - Filling up the DagBag from /Users/treylayton/Library/Python/3.9/lib/python/site-packages/airflow/example_dags/example_short_circuit_decorator.py
[2024-08-08T16:53:15.914-0700] {processor.py:840} INFO - DAG(s) 'example_short_circuit_decorator' retrieved from /Users/treylayton/Library/Python/3.9/lib/python/site-packages/airflow/example_dags/example_short_circuit_decorator.py
[2024-08-08T16:53:15.977-0700] {logging_mixin.py:188} INFO - [2024-08-08T16:53:15.977-0700] {dag.py:3089} INFO - Sync 1 DAGs
[2024-08-08T16:53:15.990-0700] {logging_mixin.py:188} INFO - [2024-08-08T16:53:15.990-0700] {dag.py:3947} INFO - Setting next_dagrun for example_short_circuit_decorator to 2024-08-07 00:00:00+00:00, run_after=2024-08-08 00:00:00+00:00
[2024-08-08T16:53:16.003-0700] {processor.py:183} INFO - Processing /Users/treylayton/Library/Python/3.9/lib/python/site-packages/airflow/example_dags/example_short_circuit_decorator.py took 0.116 seconds
[2024-08-08T16:53:18.496-0700] {processor.py:161} INFO - Started process (PID=99341) to work on /Users/treylayton/Library/Python/3.9/lib/python/site-packages/airflow/example_dags/example_short_circuit_decorator.py
[2024-08-08T16:53:18.498-0700] {processor.py:830} INFO - Processing file /Users/treylayton/Library/Python/3.9/lib/python/site-packages/airflow/example_dags/example_short_circuit_decorator.py for tasks to queue
[2024-08-08T16:53:18.498-0700] {logging_mixin.py:188} INFO - [2024-08-08T16:53:18.498-0700] {dagbag.py:545} INFO - Filling up the DagBag from /Users/treylayton/Library/Python/3.9/lib/python/site-packages/airflow/example_dags/example_short_circuit_decorator.py
[2024-08-08T16:53:18.524-0700] {processor.py:840} INFO - DAG(s) 'example_short_circuit_decorator' retrieved from /Users/treylayton/Library/Python/3.9/lib/python/site-packages/airflow/example_dags/example_short_circuit_decorator.py
[2024-08-08T16:53:18.588-0700] {logging_mixin.py:188} INFO - [2024-08-08T16:53:18.588-0700] {dag.py:3089} INFO - Sync 1 DAGs
[2024-08-08T16:53:18.601-0700] {logging_mixin.py:188} INFO - [2024-08-08T16:53:18.601-0700] {dag.py:3947} INFO - Setting next_dagrun for example_short_circuit_decorator to 2024-08-07 00:00:00+00:00, run_after=2024-08-08 00:00:00+00:00
[2024-08-08T16:53:18.613-0700] {processor.py:183} INFO - Processing /Users/treylayton/Library/Python/3.9/lib/python/site-packages/airflow/example_dags/example_short_circuit_decorator.py took 0.119 seconds
[2024-08-08T16:54:31.698-0700] {processor.py:161} INFO - Started process (PID=99469) to work on /Users/treylayton/Library/Python/3.9/lib/python/site-packages/airflow/example_dags/example_short_circuit_decorator.py
[2024-08-08T16:54:31.700-0700] {processor.py:830} INFO - Processing file /Users/treylayton/Library/Python/3.9/lib/python/site-packages/airflow/example_dags/example_short_circuit_decorator.py for tasks to queue
[2024-08-08T16:54:31.700-0700] {logging_mixin.py:188} INFO - [2024-08-08T16:54:31.700-0700] {dagbag.py:545} INFO - Filling up the DagBag from /Users/treylayton/Library/Python/3.9/lib/python/site-packages/airflow/example_dags/example_short_circuit_decorator.py
[2024-08-08T16:54:31.722-0700] {processor.py:840} INFO - DAG(s) 'example_short_circuit_decorator' retrieved from /Users/treylayton/Library/Python/3.9/lib/python/site-packages/airflow/example_dags/example_short_circuit_decorator.py
[2024-08-08T16:54:31.779-0700] {logging_mixin.py:188} INFO - [2024-08-08T16:54:31.779-0700] {dag.py:3089} INFO - Sync 1 DAGs
[2024-08-08T16:54:31.793-0700] {logging_mixin.py:188} INFO - [2024-08-08T16:54:31.792-0700] {dag.py:3947} INFO - Setting next_dagrun for example_short_circuit_decorator to 2024-08-07 00:00:00+00:00, run_after=2024-08-08 00:00:00+00:00
[2024-08-08T16:54:31.806-0700] {processor.py:183} INFO - Processing /Users/treylayton/Library/Python/3.9/lib/python/site-packages/airflow/example_dags/example_short_circuit_decorator.py took 0.109 seconds
[2024-08-08T16:55:46.182-0700] {processor.py:161} INFO - Started process (PID=99622) to work on /Users/treylayton/Library/Python/3.9/lib/python/site-packages/airflow/example_dags/example_short_circuit_decorator.py
[2024-08-08T16:55:46.183-0700] {processor.py:830} INFO - Processing file /Users/treylayton/Library/Python/3.9/lib/python/site-packages/airflow/example_dags/example_short_circuit_decorator.py for tasks to queue
[2024-08-08T16:55:46.184-0700] {logging_mixin.py:188} INFO - [2024-08-08T16:55:46.184-0700] {dagbag.py:545} INFO - Filling up the DagBag from /Users/treylayton/Library/Python/3.9/lib/python/site-packages/airflow/example_dags/example_short_circuit_decorator.py
[2024-08-08T16:55:46.205-0700] {processor.py:840} INFO - DAG(s) 'example_short_circuit_decorator' retrieved from /Users/treylayton/Library/Python/3.9/lib/python/site-packages/airflow/example_dags/example_short_circuit_decorator.py
[2024-08-08T16:55:46.261-0700] {logging_mixin.py:188} INFO - [2024-08-08T16:55:46.261-0700] {dag.py:3089} INFO - Sync 1 DAGs
[2024-08-08T16:55:46.273-0700] {logging_mixin.py:188} INFO - [2024-08-08T16:55:46.272-0700] {dag.py:3947} INFO - Setting next_dagrun for example_short_circuit_decorator to 2024-08-07 00:00:00+00:00, run_after=2024-08-08 00:00:00+00:00
[2024-08-08T16:55:46.283-0700] {processor.py:183} INFO - Processing /Users/treylayton/Library/Python/3.9/lib/python/site-packages/airflow/example_dags/example_short_circuit_decorator.py took 0.103 seconds
[2024-08-08T16:55:46.880-0700] {processor.py:161} INFO - Started process (PID=99623) to work on /Users/treylayton/Library/Python/3.9/lib/python/site-packages/airflow/example_dags/example_short_circuit_decorator.py
[2024-08-08T16:55:46.882-0700] {processor.py:830} INFO - Processing file /Users/treylayton/Library/Python/3.9/lib/python/site-packages/airflow/example_dags/example_short_circuit_decorator.py for tasks to queue
[2024-08-08T16:55:46.883-0700] {logging_mixin.py:188} INFO - [2024-08-08T16:55:46.883-0700] {dagbag.py:545} INFO - Filling up the DagBag from /Users/treylayton/Library/Python/3.9/lib/python/site-packages/airflow/example_dags/example_short_circuit_decorator.py
[2024-08-08T16:55:46.904-0700] {processor.py:840} INFO - DAG(s) 'example_short_circuit_decorator' retrieved from /Users/treylayton/Library/Python/3.9/lib/python/site-packages/airflow/example_dags/example_short_circuit_decorator.py
[2024-08-08T16:55:46.960-0700] {logging_mixin.py:188} INFO - [2024-08-08T16:55:46.960-0700] {dag.py:3089} INFO - Sync 1 DAGs
[2024-08-08T16:55:46.971-0700] {logging_mixin.py:188} INFO - [2024-08-08T16:55:46.971-0700] {dag.py:3947} INFO - Setting next_dagrun for example_short_circuit_decorator to 2024-08-07 00:00:00+00:00, run_after=2024-08-08 00:00:00+00:00
[2024-08-08T16:55:46.982-0700] {processor.py:183} INFO - Processing /Users/treylayton/Library/Python/3.9/lib/python/site-packages/airflow/example_dags/example_short_circuit_decorator.py took 0.103 seconds
[2024-08-08T16:58:15.021-0700] {processor.py:161} INFO - Started process (PID=99905) to work on /Users/treylayton/Library/Python/3.9/lib/python/site-packages/airflow/example_dags/example_short_circuit_decorator.py
[2024-08-08T16:58:15.023-0700] {processor.py:830} INFO - Processing file /Users/treylayton/Library/Python/3.9/lib/python/site-packages/airflow/example_dags/example_short_circuit_decorator.py for tasks to queue
[2024-08-08T16:58:15.023-0700] {logging_mixin.py:188} INFO - [2024-08-08T16:58:15.023-0700] {dagbag.py:545} INFO - Filling up the DagBag from /Users/treylayton/Library/Python/3.9/lib/python/site-packages/airflow/example_dags/example_short_circuit_decorator.py
[2024-08-08T16:58:15.045-0700] {processor.py:840} INFO - DAG(s) 'example_short_circuit_decorator' retrieved from /Users/treylayton/Library/Python/3.9/lib/python/site-packages/airflow/example_dags/example_short_circuit_decorator.py
[2024-08-08T16:58:15.101-0700] {logging_mixin.py:188} INFO - [2024-08-08T16:58:15.101-0700] {dag.py:3089} INFO - Sync 1 DAGs
[2024-08-08T16:58:15.113-0700] {logging_mixin.py:188} INFO - [2024-08-08T16:58:15.112-0700] {dag.py:3947} INFO - Setting next_dagrun for example_short_circuit_decorator to 2024-08-07 00:00:00+00:00, run_after=2024-08-08 00:00:00+00:00
[2024-08-08T16:58:15.123-0700] {processor.py:183} INFO - Processing /Users/treylayton/Library/Python/3.9/lib/python/site-packages/airflow/example_dags/example_short_circuit_decorator.py took 0.104 seconds
[2024-08-08T16:58:15.677-0700] {processor.py:161} INFO - Started process (PID=99906) to work on /Users/treylayton/Library/Python/3.9/lib/python/site-packages/airflow/example_dags/example_short_circuit_decorator.py
[2024-08-08T16:58:15.679-0700] {processor.py:830} INFO - Processing file /Users/treylayton/Library/Python/3.9/lib/python/site-packages/airflow/example_dags/example_short_circuit_decorator.py for tasks to queue
[2024-08-08T16:58:15.679-0700] {logging_mixin.py:188} INFO - [2024-08-08T16:58:15.679-0700] {dagbag.py:545} INFO - Filling up the DagBag from /Users/treylayton/Library/Python/3.9/lib/python/site-packages/airflow/example_dags/example_short_circuit_decorator.py
[2024-08-08T16:58:15.702-0700] {processor.py:840} INFO - DAG(s) 'example_short_circuit_decorator' retrieved from /Users/treylayton/Library/Python/3.9/lib/python/site-packages/airflow/example_dags/example_short_circuit_decorator.py
[2024-08-08T16:58:15.760-0700] {logging_mixin.py:188} INFO - [2024-08-08T16:58:15.760-0700] {dag.py:3089} INFO - Sync 1 DAGs
[2024-08-08T16:58:15.771-0700] {logging_mixin.py:188} INFO - [2024-08-08T16:58:15.771-0700] {dag.py:3947} INFO - Setting next_dagrun for example_short_circuit_decorator to 2024-08-07 00:00:00+00:00, run_after=2024-08-08 00:00:00+00:00
[2024-08-08T16:58:15.783-0700] {processor.py:183} INFO - Processing /Users/treylayton/Library/Python/3.9/lib/python/site-packages/airflow/example_dags/example_short_circuit_decorator.py took 0.108 seconds
