[2024-08-08T16:48:29.170-0700] {processor.py:161} INFO - Started process (PID=98734) to work on /Users/treylayton/Library/Python/3.9/lib/python/site-packages/airflow/example_dags/example_datasets.py
[2024-08-08T16:48:29.172-0700] {processor.py:830} INFO - Processing file /Users/treylayton/Library/Python/3.9/lib/python/site-packages/airflow/example_dags/example_datasets.py for tasks to queue
[2024-08-08T16:48:29.173-0700] {logging_mixin.py:188} INFO - [2024-08-08T16:48:29.173-0700] {dagbag.py:545} INFO - Filling up the DagBag from /Users/treylayton/Library/Python/3.9/lib/python/site-packages/airflow/example_dags/example_datasets.py
[2024-08-08T16:48:29.227-0700] {processor.py:840} INFO - DAG(s) 'dataset_consumes_unknown_never_scheduled', 'consume_1_or_2_with_dataset_expressions', 'consume_1_or_both_2_and_3_with_dataset_expressions', 'conditional_dataset_and_time_based_timetable', 'consume_1_and_2_with_dataset_expressions', 'dataset_consumes_1', 'dataset_produces_1', 'dataset_consumes_1_and_2', 'dataset_consumes_1_never_scheduled', 'dataset_produces_2' retrieved from /Users/treylayton/Library/Python/3.9/lib/python/site-packages/airflow/example_dags/example_datasets.py
[2024-08-08T16:48:29.381-0700] {logging_mixin.py:188} INFO - [2024-08-08T16:48:29.381-0700] {dag.py:3089} INFO - Sync 10 DAGs
[2024-08-08T16:48:29.393-0700] {logging_mixin.py:188} INFO - [2024-08-08T16:48:29.393-0700] {dag.py:3947} INFO - Setting next_dagrun for conditional_dataset_and_time_based_timetable to 2024-08-07 01:00:00+00:00, run_after=2024-08-07 01:00:00+00:00
[2024-08-08T16:48:29.394-0700] {logging_mixin.py:188} INFO - [2024-08-08T16:48:29.394-0700] {dag.py:3947} INFO - Setting next_dagrun for consume_1_and_2_with_dataset_expressions to None, run_after=None
[2024-08-08T16:48:29.395-0700] {logging_mixin.py:188} INFO - [2024-08-08T16:48:29.394-0700] {dag.py:3947} INFO - Setting next_dagrun for consume_1_or_2_with_dataset_expressions to None, run_after=None
[2024-08-08T16:48:29.395-0700] {logging_mixin.py:188} INFO - [2024-08-08T16:48:29.395-0700] {dag.py:3947} INFO - Setting next_dagrun for consume_1_or_both_2_and_3_with_dataset_expressions to None, run_after=None
[2024-08-08T16:48:29.396-0700] {logging_mixin.py:188} INFO - [2024-08-08T16:48:29.395-0700] {dag.py:3947} INFO - Setting next_dagrun for dataset_consumes_1 to None, run_after=None
[2024-08-08T16:48:29.396-0700] {logging_mixin.py:188} INFO - [2024-08-08T16:48:29.396-0700] {dag.py:3947} INFO - Setting next_dagrun for dataset_consumes_1_and_2 to None, run_after=None
[2024-08-08T16:48:29.396-0700] {logging_mixin.py:188} INFO - [2024-08-08T16:48:29.396-0700] {dag.py:3947} INFO - Setting next_dagrun for dataset_consumes_1_never_scheduled to None, run_after=None
[2024-08-08T16:48:29.397-0700] {logging_mixin.py:188} INFO - [2024-08-08T16:48:29.397-0700] {dag.py:3947} INFO - Setting next_dagrun for dataset_consumes_unknown_never_scheduled to None, run_after=None
[2024-08-08T16:48:29.398-0700] {logging_mixin.py:188} INFO - [2024-08-08T16:48:29.398-0700] {dag.py:3947} INFO - Setting next_dagrun for dataset_produces_1 to 2024-08-07 00:00:00+00:00, run_after=2024-08-08 00:00:00+00:00
[2024-08-08T16:48:29.399-0700] {logging_mixin.py:188} INFO - [2024-08-08T16:48:29.398-0700] {dag.py:3947} INFO - Setting next_dagrun for dataset_produces_2 to None, run_after=None
[2024-08-08T16:48:29.418-0700] {processor.py:183} INFO - Processing /Users/treylayton/Library/Python/3.9/lib/python/site-packages/airflow/example_dags/example_datasets.py took 0.251 seconds
[2024-08-08T16:50:57.130-0700] {processor.py:161} INFO - Started process (PID=99077) to work on /Users/treylayton/Library/Python/3.9/lib/python/site-packages/airflow/example_dags/example_datasets.py
[2024-08-08T16:50:57.132-0700] {processor.py:830} INFO - Processing file /Users/treylayton/Library/Python/3.9/lib/python/site-packages/airflow/example_dags/example_datasets.py for tasks to queue
[2024-08-08T16:50:57.132-0700] {logging_mixin.py:188} INFO - [2024-08-08T16:50:57.132-0700] {dagbag.py:545} INFO - Filling up the DagBag from /Users/treylayton/Library/Python/3.9/lib/python/site-packages/airflow/example_dags/example_datasets.py
[2024-08-08T16:50:57.182-0700] {processor.py:840} INFO - DAG(s) 'dataset_produces_2', 'dataset_produces_1', 'dataset_consumes_unknown_never_scheduled', 'consume_1_and_2_with_dataset_expressions', 'dataset_consumes_1_and_2', 'consume_1_or_both_2_and_3_with_dataset_expressions', 'conditional_dataset_and_time_based_timetable', 'dataset_consumes_1_never_scheduled', 'consume_1_or_2_with_dataset_expressions', 'dataset_consumes_1' retrieved from /Users/treylayton/Library/Python/3.9/lib/python/site-packages/airflow/example_dags/example_datasets.py
[2024-08-08T16:50:57.324-0700] {logging_mixin.py:188} INFO - [2024-08-08T16:50:57.323-0700] {dag.py:3089} INFO - Sync 10 DAGs
[2024-08-08T16:50:57.335-0700] {logging_mixin.py:188} INFO - [2024-08-08T16:50:57.335-0700] {dag.py:3947} INFO - Setting next_dagrun for conditional_dataset_and_time_based_timetable to 2024-08-07 01:00:00+00:00, run_after=2024-08-07 01:00:00+00:00
[2024-08-08T16:50:57.336-0700] {logging_mixin.py:188} INFO - [2024-08-08T16:50:57.336-0700] {dag.py:3947} INFO - Setting next_dagrun for consume_1_and_2_with_dataset_expressions to None, run_after=None
[2024-08-08T16:50:57.337-0700] {logging_mixin.py:188} INFO - [2024-08-08T16:50:57.337-0700] {dag.py:3947} INFO - Setting next_dagrun for consume_1_or_2_with_dataset_expressions to None, run_after=None
[2024-08-08T16:50:57.337-0700] {logging_mixin.py:188} INFO - [2024-08-08T16:50:57.337-0700] {dag.py:3947} INFO - Setting next_dagrun for consume_1_or_both_2_and_3_with_dataset_expressions to None, run_after=None
[2024-08-08T16:50:57.338-0700] {logging_mixin.py:188} INFO - [2024-08-08T16:50:57.337-0700] {dag.py:3947} INFO - Setting next_dagrun for dataset_consumes_1 to None, run_after=None
[2024-08-08T16:50:57.338-0700] {logging_mixin.py:188} INFO - [2024-08-08T16:50:57.338-0700] {dag.py:3947} INFO - Setting next_dagrun for dataset_consumes_1_and_2 to None, run_after=None
[2024-08-08T16:50:57.338-0700] {logging_mixin.py:188} INFO - [2024-08-08T16:50:57.338-0700] {dag.py:3947} INFO - Setting next_dagrun for dataset_consumes_1_never_scheduled to None, run_after=None
[2024-08-08T16:50:57.339-0700] {logging_mixin.py:188} INFO - [2024-08-08T16:50:57.339-0700] {dag.py:3947} INFO - Setting next_dagrun for dataset_consumes_unknown_never_scheduled to None, run_after=None
[2024-08-08T16:50:57.340-0700] {logging_mixin.py:188} INFO - [2024-08-08T16:50:57.340-0700] {dag.py:3947} INFO - Setting next_dagrun for dataset_produces_1 to 2024-08-07 00:00:00+00:00, run_after=2024-08-08 00:00:00+00:00
[2024-08-08T16:50:57.341-0700] {logging_mixin.py:188} INFO - [2024-08-08T16:50:57.340-0700] {dag.py:3947} INFO - Setting next_dagrun for dataset_produces_2 to None, run_after=None
[2024-08-08T16:50:57.360-0700] {processor.py:183} INFO - Processing /Users/treylayton/Library/Python/3.9/lib/python/site-packages/airflow/example_dags/example_datasets.py took 0.231 seconds
[2024-08-08T16:52:11.755-0700] {processor.py:161} INFO - Started process (PID=99213) to work on /Users/treylayton/Library/Python/3.9/lib/python/site-packages/airflow/example_dags/example_datasets.py
[2024-08-08T16:52:11.756-0700] {processor.py:830} INFO - Processing file /Users/treylayton/Library/Python/3.9/lib/python/site-packages/airflow/example_dags/example_datasets.py for tasks to queue
[2024-08-08T16:52:11.757-0700] {logging_mixin.py:188} INFO - [2024-08-08T16:52:11.757-0700] {dagbag.py:545} INFO - Filling up the DagBag from /Users/treylayton/Library/Python/3.9/lib/python/site-packages/airflow/example_dags/example_datasets.py
[2024-08-08T16:52:11.805-0700] {processor.py:840} INFO - DAG(s) 'consume_1_or_2_with_dataset_expressions', 'dataset_consumes_1', 'dataset_consumes_1_and_2', 'dataset_produces_2', 'consume_1_or_both_2_and_3_with_dataset_expressions', 'dataset_produces_1', 'dataset_consumes_1_never_scheduled', 'dataset_consumes_unknown_never_scheduled', 'conditional_dataset_and_time_based_timetable', 'consume_1_and_2_with_dataset_expressions' retrieved from /Users/treylayton/Library/Python/3.9/lib/python/site-packages/airflow/example_dags/example_datasets.py
[2024-08-08T16:52:11.873-0700] {logging_mixin.py:188} INFO - [2024-08-08T16:52:11.873-0700] {dag.py:3089} INFO - Sync 10 DAGs
[2024-08-08T16:52:11.884-0700] {logging_mixin.py:188} INFO - [2024-08-08T16:52:11.884-0700] {dag.py:3947} INFO - Setting next_dagrun for conditional_dataset_and_time_based_timetable to 2024-08-07 01:00:00+00:00, run_after=2024-08-07 01:00:00+00:00
[2024-08-08T16:52:11.886-0700] {logging_mixin.py:188} INFO - [2024-08-08T16:52:11.886-0700] {dag.py:3947} INFO - Setting next_dagrun for consume_1_and_2_with_dataset_expressions to None, run_after=None
[2024-08-08T16:52:11.886-0700] {logging_mixin.py:188} INFO - [2024-08-08T16:52:11.886-0700] {dag.py:3947} INFO - Setting next_dagrun for consume_1_or_2_with_dataset_expressions to None, run_after=None
[2024-08-08T16:52:11.887-0700] {logging_mixin.py:188} INFO - [2024-08-08T16:52:11.887-0700] {dag.py:3947} INFO - Setting next_dagrun for consume_1_or_both_2_and_3_with_dataset_expressions to None, run_after=None
[2024-08-08T16:52:11.887-0700] {logging_mixin.py:188} INFO - [2024-08-08T16:52:11.887-0700] {dag.py:3947} INFO - Setting next_dagrun for dataset_consumes_1 to None, run_after=None
[2024-08-08T16:52:11.888-0700] {logging_mixin.py:188} INFO - [2024-08-08T16:52:11.888-0700] {dag.py:3947} INFO - Setting next_dagrun for dataset_consumes_1_and_2 to None, run_after=None
[2024-08-08T16:52:11.888-0700] {logging_mixin.py:188} INFO - [2024-08-08T16:52:11.888-0700] {dag.py:3947} INFO - Setting next_dagrun for dataset_consumes_1_never_scheduled to None, run_after=None
[2024-08-08T16:52:11.889-0700] {logging_mixin.py:188} INFO - [2024-08-08T16:52:11.888-0700] {dag.py:3947} INFO - Setting next_dagrun for dataset_consumes_unknown_never_scheduled to None, run_after=None
[2024-08-08T16:52:11.890-0700] {logging_mixin.py:188} INFO - [2024-08-08T16:52:11.890-0700] {dag.py:3947} INFO - Setting next_dagrun for dataset_produces_1 to 2024-08-07 00:00:00+00:00, run_after=2024-08-08 00:00:00+00:00
[2024-08-08T16:52:11.890-0700] {logging_mixin.py:188} INFO - [2024-08-08T16:52:11.890-0700] {dag.py:3947} INFO - Setting next_dagrun for dataset_produces_2 to None, run_after=None
[2024-08-08T16:52:11.908-0700] {processor.py:183} INFO - Processing /Users/treylayton/Library/Python/3.9/lib/python/site-packages/airflow/example_dags/example_datasets.py took 0.155 seconds
[2024-08-08T16:53:24.498-0700] {processor.py:161} INFO - Started process (PID=99346) to work on /Users/treylayton/Library/Python/3.9/lib/python/site-packages/airflow/example_dags/example_datasets.py
[2024-08-08T16:53:24.500-0700] {processor.py:830} INFO - Processing file /Users/treylayton/Library/Python/3.9/lib/python/site-packages/airflow/example_dags/example_datasets.py for tasks to queue
[2024-08-08T16:53:24.501-0700] {logging_mixin.py:188} INFO - [2024-08-08T16:53:24.500-0700] {dagbag.py:545} INFO - Filling up the DagBag from /Users/treylayton/Library/Python/3.9/lib/python/site-packages/airflow/example_dags/example_datasets.py
[2024-08-08T16:53:24.554-0700] {processor.py:840} INFO - DAG(s) 'consume_1_or_both_2_and_3_with_dataset_expressions', 'dataset_consumes_1_never_scheduled', 'dataset_consumes_1_and_2', 'dataset_produces_2', 'consume_1_and_2_with_dataset_expressions', 'dataset_produces_1', 'conditional_dataset_and_time_based_timetable', 'consume_1_or_2_with_dataset_expressions', 'dataset_consumes_unknown_never_scheduled', 'dataset_consumes_1' retrieved from /Users/treylayton/Library/Python/3.9/lib/python/site-packages/airflow/example_dags/example_datasets.py
[2024-08-08T16:53:24.630-0700] {logging_mixin.py:188} INFO - [2024-08-08T16:53:24.630-0700] {dag.py:3089} INFO - Sync 10 DAGs
[2024-08-08T16:53:24.643-0700] {logging_mixin.py:188} INFO - [2024-08-08T16:53:24.643-0700] {dag.py:3947} INFO - Setting next_dagrun for conditional_dataset_and_time_based_timetable to 2024-08-07 01:00:00+00:00, run_after=2024-08-07 01:00:00+00:00
[2024-08-08T16:53:24.645-0700] {logging_mixin.py:188} INFO - [2024-08-08T16:53:24.645-0700] {dag.py:3947} INFO - Setting next_dagrun for consume_1_and_2_with_dataset_expressions to None, run_after=None
[2024-08-08T16:53:24.645-0700] {logging_mixin.py:188} INFO - [2024-08-08T16:53:24.645-0700] {dag.py:3947} INFO - Setting next_dagrun for consume_1_or_2_with_dataset_expressions to None, run_after=None
[2024-08-08T16:53:24.646-0700] {logging_mixin.py:188} INFO - [2024-08-08T16:53:24.646-0700] {dag.py:3947} INFO - Setting next_dagrun for consume_1_or_both_2_and_3_with_dataset_expressions to None, run_after=None
[2024-08-08T16:53:24.646-0700] {logging_mixin.py:188} INFO - [2024-08-08T16:53:24.646-0700] {dag.py:3947} INFO - Setting next_dagrun for dataset_consumes_1 to None, run_after=None
[2024-08-08T16:53:24.647-0700] {logging_mixin.py:188} INFO - [2024-08-08T16:53:24.647-0700] {dag.py:3947} INFO - Setting next_dagrun for dataset_consumes_1_and_2 to None, run_after=None
[2024-08-08T16:53:24.647-0700] {logging_mixin.py:188} INFO - [2024-08-08T16:53:24.647-0700] {dag.py:3947} INFO - Setting next_dagrun for dataset_consumes_1_never_scheduled to None, run_after=None
[2024-08-08T16:53:24.648-0700] {logging_mixin.py:188} INFO - [2024-08-08T16:53:24.648-0700] {dag.py:3947} INFO - Setting next_dagrun for dataset_consumes_unknown_never_scheduled to None, run_after=None
[2024-08-08T16:53:24.649-0700] {logging_mixin.py:188} INFO - [2024-08-08T16:53:24.649-0700] {dag.py:3947} INFO - Setting next_dagrun for dataset_produces_1 to 2024-08-07 00:00:00+00:00, run_after=2024-08-08 00:00:00+00:00
[2024-08-08T16:53:24.649-0700] {logging_mixin.py:188} INFO - [2024-08-08T16:53:24.649-0700] {dag.py:3947} INFO - Setting next_dagrun for dataset_produces_2 to None, run_after=None
[2024-08-08T16:53:24.667-0700] {processor.py:183} INFO - Processing /Users/treylayton/Library/Python/3.9/lib/python/site-packages/airflow/example_dags/example_datasets.py took 0.171 seconds
[2024-08-08T16:54:40.187-0700] {processor.py:161} INFO - Started process (PID=99484) to work on /Users/treylayton/Library/Python/3.9/lib/python/site-packages/airflow/example_dags/example_datasets.py
[2024-08-08T16:54:40.189-0700] {processor.py:830} INFO - Processing file /Users/treylayton/Library/Python/3.9/lib/python/site-packages/airflow/example_dags/example_datasets.py for tasks to queue
[2024-08-08T16:54:40.190-0700] {logging_mixin.py:188} INFO - [2024-08-08T16:54:40.190-0700] {dagbag.py:545} INFO - Filling up the DagBag from /Users/treylayton/Library/Python/3.9/lib/python/site-packages/airflow/example_dags/example_datasets.py
[2024-08-08T16:54:40.241-0700] {processor.py:840} INFO - DAG(s) 'dataset_produces_2', 'consume_1_and_2_with_dataset_expressions', 'consume_1_or_both_2_and_3_with_dataset_expressions', 'dataset_produces_1', 'consume_1_or_2_with_dataset_expressions', 'dataset_consumes_1_never_scheduled', 'dataset_consumes_1_and_2', 'dataset_consumes_unknown_never_scheduled', 'conditional_dataset_and_time_based_timetable', 'dataset_consumes_1' retrieved from /Users/treylayton/Library/Python/3.9/lib/python/site-packages/airflow/example_dags/example_datasets.py
[2024-08-08T16:54:40.310-0700] {logging_mixin.py:188} INFO - [2024-08-08T16:54:40.310-0700] {dag.py:3089} INFO - Sync 10 DAGs
[2024-08-08T16:54:40.322-0700] {logging_mixin.py:188} INFO - [2024-08-08T16:54:40.322-0700] {dag.py:3947} INFO - Setting next_dagrun for conditional_dataset_and_time_based_timetable to 2024-08-07 01:00:00+00:00, run_after=2024-08-07 01:00:00+00:00
[2024-08-08T16:54:40.323-0700] {logging_mixin.py:188} INFO - [2024-08-08T16:54:40.323-0700] {dag.py:3947} INFO - Setting next_dagrun for consume_1_and_2_with_dataset_expressions to None, run_after=None
[2024-08-08T16:54:40.324-0700] {logging_mixin.py:188} INFO - [2024-08-08T16:54:40.324-0700] {dag.py:3947} INFO - Setting next_dagrun for consume_1_or_2_with_dataset_expressions to None, run_after=None
[2024-08-08T16:54:40.324-0700] {logging_mixin.py:188} INFO - [2024-08-08T16:54:40.324-0700] {dag.py:3947} INFO - Setting next_dagrun for consume_1_or_both_2_and_3_with_dataset_expressions to None, run_after=None
[2024-08-08T16:54:40.325-0700] {logging_mixin.py:188} INFO - [2024-08-08T16:54:40.325-0700] {dag.py:3947} INFO - Setting next_dagrun for dataset_consumes_1 to None, run_after=None
[2024-08-08T16:54:40.325-0700] {logging_mixin.py:188} INFO - [2024-08-08T16:54:40.325-0700] {dag.py:3947} INFO - Setting next_dagrun for dataset_consumes_1_and_2 to None, run_after=None
[2024-08-08T16:54:40.326-0700] {logging_mixin.py:188} INFO - [2024-08-08T16:54:40.326-0700] {dag.py:3947} INFO - Setting next_dagrun for dataset_consumes_1_never_scheduled to None, run_after=None
[2024-08-08T16:54:40.326-0700] {logging_mixin.py:188} INFO - [2024-08-08T16:54:40.326-0700] {dag.py:3947} INFO - Setting next_dagrun for dataset_consumes_unknown_never_scheduled to None, run_after=None
[2024-08-08T16:54:40.327-0700] {logging_mixin.py:188} INFO - [2024-08-08T16:54:40.327-0700] {dag.py:3947} INFO - Setting next_dagrun for dataset_produces_1 to 2024-08-07 00:00:00+00:00, run_after=2024-08-08 00:00:00+00:00
[2024-08-08T16:54:40.328-0700] {logging_mixin.py:188} INFO - [2024-08-08T16:54:40.328-0700] {dag.py:3947} INFO - Setting next_dagrun for dataset_produces_2 to None, run_after=None
[2024-08-08T16:54:40.343-0700] {processor.py:183} INFO - Processing /Users/treylayton/Library/Python/3.9/lib/python/site-packages/airflow/example_dags/example_datasets.py took 0.157 seconds
[2024-08-08T16:55:54.406-0700] {processor.py:161} INFO - Started process (PID=99641) to work on /Users/treylayton/Library/Python/3.9/lib/python/site-packages/airflow/example_dags/example_datasets.py
[2024-08-08T16:55:54.408-0700] {processor.py:830} INFO - Processing file /Users/treylayton/Library/Python/3.9/lib/python/site-packages/airflow/example_dags/example_datasets.py for tasks to queue
[2024-08-08T16:55:54.408-0700] {logging_mixin.py:188} INFO - [2024-08-08T16:55:54.408-0700] {dagbag.py:545} INFO - Filling up the DagBag from /Users/treylayton/Library/Python/3.9/lib/python/site-packages/airflow/example_dags/example_datasets.py
[2024-08-08T16:55:54.456-0700] {processor.py:840} INFO - DAG(s) 'dataset_consumes_1_and_2', 'conditional_dataset_and_time_based_timetable', 'consume_1_or_2_with_dataset_expressions', 'consume_1_or_both_2_and_3_with_dataset_expressions', 'dataset_consumes_1', 'dataset_produces_2', 'dataset_consumes_1_never_scheduled', 'dataset_consumes_unknown_never_scheduled', 'dataset_produces_1', 'consume_1_and_2_with_dataset_expressions' retrieved from /Users/treylayton/Library/Python/3.9/lib/python/site-packages/airflow/example_dags/example_datasets.py
[2024-08-08T16:55:54.522-0700] {logging_mixin.py:188} INFO - [2024-08-08T16:55:54.522-0700] {dag.py:3089} INFO - Sync 10 DAGs
[2024-08-08T16:55:54.533-0700] {logging_mixin.py:188} INFO - [2024-08-08T16:55:54.533-0700] {dag.py:3947} INFO - Setting next_dagrun for conditional_dataset_and_time_based_timetable to 2024-08-07 01:00:00+00:00, run_after=2024-08-07 01:00:00+00:00
[2024-08-08T16:55:54.534-0700] {logging_mixin.py:188} INFO - [2024-08-08T16:55:54.534-0700] {dag.py:3947} INFO - Setting next_dagrun for consume_1_and_2_with_dataset_expressions to None, run_after=None
[2024-08-08T16:55:54.535-0700] {logging_mixin.py:188} INFO - [2024-08-08T16:55:54.535-0700] {dag.py:3947} INFO - Setting next_dagrun for consume_1_or_2_with_dataset_expressions to None, run_after=None
[2024-08-08T16:55:54.535-0700] {logging_mixin.py:188} INFO - [2024-08-08T16:55:54.535-0700] {dag.py:3947} INFO - Setting next_dagrun for consume_1_or_both_2_and_3_with_dataset_expressions to None, run_after=None
[2024-08-08T16:55:54.536-0700] {logging_mixin.py:188} INFO - [2024-08-08T16:55:54.536-0700] {dag.py:3947} INFO - Setting next_dagrun for dataset_consumes_1 to None, run_after=None
[2024-08-08T16:55:54.536-0700] {logging_mixin.py:188} INFO - [2024-08-08T16:55:54.536-0700] {dag.py:3947} INFO - Setting next_dagrun for dataset_consumes_1_and_2 to None, run_after=None
[2024-08-08T16:55:54.537-0700] {logging_mixin.py:188} INFO - [2024-08-08T16:55:54.536-0700] {dag.py:3947} INFO - Setting next_dagrun for dataset_consumes_1_never_scheduled to None, run_after=None
[2024-08-08T16:55:54.537-0700] {logging_mixin.py:188} INFO - [2024-08-08T16:55:54.537-0700] {dag.py:3947} INFO - Setting next_dagrun for dataset_consumes_unknown_never_scheduled to None, run_after=None
[2024-08-08T16:55:54.538-0700] {logging_mixin.py:188} INFO - [2024-08-08T16:55:54.538-0700] {dag.py:3947} INFO - Setting next_dagrun for dataset_produces_1 to 2024-08-07 00:00:00+00:00, run_after=2024-08-08 00:00:00+00:00
[2024-08-08T16:55:54.539-0700] {logging_mixin.py:188} INFO - [2024-08-08T16:55:54.538-0700] {dag.py:3947} INFO - Setting next_dagrun for dataset_produces_2 to None, run_after=None
[2024-08-08T16:55:54.554-0700] {processor.py:183} INFO - Processing /Users/treylayton/Library/Python/3.9/lib/python/site-packages/airflow/example_dags/example_datasets.py took 0.150 seconds
[2024-08-08T16:57:10.257-0700] {processor.py:161} INFO - Started process (PID=99769) to work on /Users/treylayton/Library/Python/3.9/lib/python/site-packages/airflow/example_dags/example_datasets.py
[2024-08-08T16:57:10.259-0700] {processor.py:830} INFO - Processing file /Users/treylayton/Library/Python/3.9/lib/python/site-packages/airflow/example_dags/example_datasets.py for tasks to queue
[2024-08-08T16:57:10.259-0700] {logging_mixin.py:188} INFO - [2024-08-08T16:57:10.259-0700] {dagbag.py:545} INFO - Filling up the DagBag from /Users/treylayton/Library/Python/3.9/lib/python/site-packages/airflow/example_dags/example_datasets.py
[2024-08-08T16:57:10.312-0700] {processor.py:840} INFO - DAG(s) 'consume_1_and_2_with_dataset_expressions', 'dataset_consumes_unknown_never_scheduled', 'dataset_produces_2', 'dataset_consumes_1', 'conditional_dataset_and_time_based_timetable', 'consume_1_or_both_2_and_3_with_dataset_expressions', 'dataset_consumes_1_and_2', 'dataset_consumes_1_never_scheduled', 'consume_1_or_2_with_dataset_expressions', 'dataset_produces_1' retrieved from /Users/treylayton/Library/Python/3.9/lib/python/site-packages/airflow/example_dags/example_datasets.py
[2024-08-08T16:57:10.384-0700] {logging_mixin.py:188} INFO - [2024-08-08T16:57:10.384-0700] {dag.py:3089} INFO - Sync 10 DAGs
[2024-08-08T16:57:10.396-0700] {logging_mixin.py:188} INFO - [2024-08-08T16:57:10.396-0700] {dag.py:3947} INFO - Setting next_dagrun for conditional_dataset_and_time_based_timetable to 2024-08-07 01:00:00+00:00, run_after=2024-08-07 01:00:00+00:00
[2024-08-08T16:57:10.398-0700] {logging_mixin.py:188} INFO - [2024-08-08T16:57:10.398-0700] {dag.py:3947} INFO - Setting next_dagrun for consume_1_and_2_with_dataset_expressions to None, run_after=None
[2024-08-08T16:57:10.399-0700] {logging_mixin.py:188} INFO - [2024-08-08T16:57:10.399-0700] {dag.py:3947} INFO - Setting next_dagrun for consume_1_or_2_with_dataset_expressions to None, run_after=None
[2024-08-08T16:57:10.400-0700] {logging_mixin.py:188} INFO - [2024-08-08T16:57:10.399-0700] {dag.py:3947} INFO - Setting next_dagrun for consume_1_or_both_2_and_3_with_dataset_expressions to None, run_after=None
[2024-08-08T16:57:10.400-0700] {logging_mixin.py:188} INFO - [2024-08-08T16:57:10.400-0700] {dag.py:3947} INFO - Setting next_dagrun for dataset_consumes_1 to None, run_after=None
[2024-08-08T16:57:10.401-0700] {logging_mixin.py:188} INFO - [2024-08-08T16:57:10.400-0700] {dag.py:3947} INFO - Setting next_dagrun for dataset_consumes_1_and_2 to None, run_after=None
[2024-08-08T16:57:10.401-0700] {logging_mixin.py:188} INFO - [2024-08-08T16:57:10.401-0700] {dag.py:3947} INFO - Setting next_dagrun for dataset_consumes_1_never_scheduled to None, run_after=None
[2024-08-08T16:57:10.401-0700] {logging_mixin.py:188} INFO - [2024-08-08T16:57:10.401-0700] {dag.py:3947} INFO - Setting next_dagrun for dataset_consumes_unknown_never_scheduled to None, run_after=None
[2024-08-08T16:57:10.403-0700] {logging_mixin.py:188} INFO - [2024-08-08T16:57:10.402-0700] {dag.py:3947} INFO - Setting next_dagrun for dataset_produces_1 to 2024-08-07 00:00:00+00:00, run_after=2024-08-08 00:00:00+00:00
[2024-08-08T16:57:10.403-0700] {logging_mixin.py:188} INFO - [2024-08-08T16:57:10.403-0700] {dag.py:3947} INFO - Setting next_dagrun for dataset_produces_2 to None, run_after=None
[2024-08-08T16:57:10.420-0700] {processor.py:183} INFO - Processing /Users/treylayton/Library/Python/3.9/lib/python/site-packages/airflow/example_dags/example_datasets.py took 0.165 seconds
[2024-08-08T16:58:23.179-0700] {processor.py:161} INFO - Started process (PID=99927) to work on /Users/treylayton/Library/Python/3.9/lib/python/site-packages/airflow/example_dags/example_datasets.py
[2024-08-08T16:58:23.181-0700] {processor.py:830} INFO - Processing file /Users/treylayton/Library/Python/3.9/lib/python/site-packages/airflow/example_dags/example_datasets.py for tasks to queue
[2024-08-08T16:58:23.181-0700] {logging_mixin.py:188} INFO - [2024-08-08T16:58:23.181-0700] {dagbag.py:545} INFO - Filling up the DagBag from /Users/treylayton/Library/Python/3.9/lib/python/site-packages/airflow/example_dags/example_datasets.py
[2024-08-08T16:58:23.230-0700] {processor.py:840} INFO - DAG(s) 'dataset_consumes_1_never_scheduled', 'dataset_produces_1', 'dataset_consumes_1', 'dataset_produces_2', 'dataset_consumes_1_and_2', 'dataset_consumes_unknown_never_scheduled', 'conditional_dataset_and_time_based_timetable', 'consume_1_or_2_with_dataset_expressions', 'consume_1_and_2_with_dataset_expressions', 'consume_1_or_both_2_and_3_with_dataset_expressions' retrieved from /Users/treylayton/Library/Python/3.9/lib/python/site-packages/airflow/example_dags/example_datasets.py
[2024-08-08T16:58:23.298-0700] {logging_mixin.py:188} INFO - [2024-08-08T16:58:23.297-0700] {dag.py:3089} INFO - Sync 10 DAGs
[2024-08-08T16:58:23.308-0700] {logging_mixin.py:188} INFO - [2024-08-08T16:58:23.308-0700] {dag.py:3947} INFO - Setting next_dagrun for conditional_dataset_and_time_based_timetable to 2024-08-07 01:00:00+00:00, run_after=2024-08-07 01:00:00+00:00
[2024-08-08T16:58:23.310-0700] {logging_mixin.py:188} INFO - [2024-08-08T16:58:23.310-0700] {dag.py:3947} INFO - Setting next_dagrun for consume_1_and_2_with_dataset_expressions to None, run_after=None
[2024-08-08T16:58:23.310-0700] {logging_mixin.py:188} INFO - [2024-08-08T16:58:23.310-0700] {dag.py:3947} INFO - Setting next_dagrun for consume_1_or_2_with_dataset_expressions to None, run_after=None
[2024-08-08T16:58:23.311-0700] {logging_mixin.py:188} INFO - [2024-08-08T16:58:23.311-0700] {dag.py:3947} INFO - Setting next_dagrun for consume_1_or_both_2_and_3_with_dataset_expressions to None, run_after=None
[2024-08-08T16:58:23.311-0700] {logging_mixin.py:188} INFO - [2024-08-08T16:58:23.311-0700] {dag.py:3947} INFO - Setting next_dagrun for dataset_consumes_1 to None, run_after=None
[2024-08-08T16:58:23.312-0700] {logging_mixin.py:188} INFO - [2024-08-08T16:58:23.312-0700] {dag.py:3947} INFO - Setting next_dagrun for dataset_consumes_1_and_2 to None, run_after=None
[2024-08-08T16:58:23.312-0700] {logging_mixin.py:188} INFO - [2024-08-08T16:58:23.312-0700] {dag.py:3947} INFO - Setting next_dagrun for dataset_consumes_1_never_scheduled to None, run_after=None
[2024-08-08T16:58:23.313-0700] {logging_mixin.py:188} INFO - [2024-08-08T16:58:23.313-0700] {dag.py:3947} INFO - Setting next_dagrun for dataset_consumes_unknown_never_scheduled to None, run_after=None
[2024-08-08T16:58:23.314-0700] {logging_mixin.py:188} INFO - [2024-08-08T16:58:23.314-0700] {dag.py:3947} INFO - Setting next_dagrun for dataset_produces_1 to 2024-08-07 00:00:00+00:00, run_after=2024-08-08 00:00:00+00:00
[2024-08-08T16:58:23.314-0700] {logging_mixin.py:188} INFO - [2024-08-08T16:58:23.314-0700] {dag.py:3947} INFO - Setting next_dagrun for dataset_produces_2 to None, run_after=None
[2024-08-08T16:58:23.330-0700] {processor.py:183} INFO - Processing /Users/treylayton/Library/Python/3.9/lib/python/site-packages/airflow/example_dags/example_datasets.py took 0.153 seconds
[2024-08-08T16:59:37.544-0700] {processor.py:161} INFO - Started process (PID=172) to work on /Users/treylayton/Library/Python/3.9/lib/python/site-packages/airflow/example_dags/example_datasets.py
[2024-08-08T16:59:37.546-0700] {processor.py:830} INFO - Processing file /Users/treylayton/Library/Python/3.9/lib/python/site-packages/airflow/example_dags/example_datasets.py for tasks to queue
[2024-08-08T16:59:37.547-0700] {logging_mixin.py:188} INFO - [2024-08-08T16:59:37.547-0700] {dagbag.py:545} INFO - Filling up the DagBag from /Users/treylayton/Library/Python/3.9/lib/python/site-packages/airflow/example_dags/example_datasets.py
[2024-08-08T16:59:37.596-0700] {processor.py:840} INFO - DAG(s) 'dataset_consumes_1_never_scheduled', 'dataset_produces_1', 'dataset_consumes_1', 'dataset_produces_2', 'consume_1_or_2_with_dataset_expressions', 'consume_1_or_both_2_and_3_with_dataset_expressions', 'dataset_consumes_1_and_2', 'conditional_dataset_and_time_based_timetable', 'consume_1_and_2_with_dataset_expressions', 'dataset_consumes_unknown_never_scheduled' retrieved from /Users/treylayton/Library/Python/3.9/lib/python/site-packages/airflow/example_dags/example_datasets.py
[2024-08-08T16:59:37.667-0700] {logging_mixin.py:188} INFO - [2024-08-08T16:59:37.667-0700] {dag.py:3089} INFO - Sync 10 DAGs
[2024-08-08T16:59:37.679-0700] {logging_mixin.py:188} INFO - [2024-08-08T16:59:37.679-0700] {dag.py:3947} INFO - Setting next_dagrun for conditional_dataset_and_time_based_timetable to 2024-08-07 01:00:00+00:00, run_after=2024-08-07 01:00:00+00:00
[2024-08-08T16:59:37.681-0700] {logging_mixin.py:188} INFO - [2024-08-08T16:59:37.681-0700] {dag.py:3947} INFO - Setting next_dagrun for consume_1_and_2_with_dataset_expressions to None, run_after=None
[2024-08-08T16:59:37.681-0700] {logging_mixin.py:188} INFO - [2024-08-08T16:59:37.681-0700] {dag.py:3947} INFO - Setting next_dagrun for consume_1_or_2_with_dataset_expressions to None, run_after=None
[2024-08-08T16:59:37.682-0700] {logging_mixin.py:188} INFO - [2024-08-08T16:59:37.682-0700] {dag.py:3947} INFO - Setting next_dagrun for consume_1_or_both_2_and_3_with_dataset_expressions to None, run_after=None
[2024-08-08T16:59:37.682-0700] {logging_mixin.py:188} INFO - [2024-08-08T16:59:37.682-0700] {dag.py:3947} INFO - Setting next_dagrun for dataset_consumes_1 to None, run_after=None
[2024-08-08T16:59:37.683-0700] {logging_mixin.py:188} INFO - [2024-08-08T16:59:37.683-0700] {dag.py:3947} INFO - Setting next_dagrun for dataset_consumes_1_and_2 to None, run_after=None
[2024-08-08T16:59:37.683-0700] {logging_mixin.py:188} INFO - [2024-08-08T16:59:37.683-0700] {dag.py:3947} INFO - Setting next_dagrun for dataset_consumes_1_never_scheduled to None, run_after=None
[2024-08-08T16:59:37.684-0700] {logging_mixin.py:188} INFO - [2024-08-08T16:59:37.684-0700] {dag.py:3947} INFO - Setting next_dagrun for dataset_consumes_unknown_never_scheduled to None, run_after=None
[2024-08-08T16:59:37.685-0700] {logging_mixin.py:188} INFO - [2024-08-08T16:59:37.685-0700] {dag.py:3947} INFO - Setting next_dagrun for dataset_produces_1 to 2024-08-07 00:00:00+00:00, run_after=2024-08-08 00:00:00+00:00
[2024-08-08T16:59:37.685-0700] {logging_mixin.py:188} INFO - [2024-08-08T16:59:37.685-0700] {dag.py:3947} INFO - Setting next_dagrun for dataset_produces_2 to None, run_after=None
[2024-08-08T16:59:37.701-0700] {processor.py:183} INFO - Processing /Users/treylayton/Library/Python/3.9/lib/python/site-packages/airflow/example_dags/example_datasets.py took 0.159 seconds
