[2024-08-08T16:48:25.213-0700] {processor.py:161} INFO - Started process (PID=98732) to work on /Users/treylayton/Library/Python/3.9/lib/python/site-packages/airflow/example_dags/example_dynamic_task_mapping.py
[2024-08-08T16:48:25.216-0700] {processor.py:830} INFO - Processing file /Users/treylayton/Library/Python/3.9/lib/python/site-packages/airflow/example_dags/example_dynamic_task_mapping.py for tasks to queue
[2024-08-08T16:48:25.216-0700] {logging_mixin.py:188} INFO - [2024-08-08T16:48:25.216-0700] {dagbag.py:545} INFO - Filling up the DagBag from /Users/treylayton/Library/Python/3.9/lib/python/site-packages/airflow/example_dags/example_dynamic_task_mapping.py
[2024-08-08T16:48:25.240-0700] {processor.py:840} INFO - DAG(s) 'example_dynamic_task_mapping' retrieved from /Users/treylayton/Library/Python/3.9/lib/python/site-packages/airflow/example_dags/example_dynamic_task_mapping.py
[2024-08-08T16:48:25.355-0700] {logging_mixin.py:188} INFO - [2024-08-08T16:48:25.355-0700] {dag.py:3089} INFO - Sync 1 DAGs
[2024-08-08T16:48:25.369-0700] {logging_mixin.py:188} INFO - [2024-08-08T16:48:25.369-0700] {dag.py:3947} INFO - Setting next_dagrun for example_dynamic_task_mapping to 2022-03-04 00:00:00+00:00, run_after=2022-03-05 00:00:00+00:00
[2024-08-08T16:48:25.384-0700] {processor.py:183} INFO - Processing /Users/treylayton/Library/Python/3.9/lib/python/site-packages/airflow/example_dags/example_dynamic_task_mapping.py took 0.172 seconds
[2024-08-08T16:50:53.086-0700] {processor.py:161} INFO - Started process (PID=99067) to work on /Users/treylayton/Library/Python/3.9/lib/python/site-packages/airflow/example_dags/example_dynamic_task_mapping.py
[2024-08-08T16:50:53.088-0700] {processor.py:830} INFO - Processing file /Users/treylayton/Library/Python/3.9/lib/python/site-packages/airflow/example_dags/example_dynamic_task_mapping.py for tasks to queue
[2024-08-08T16:50:53.089-0700] {logging_mixin.py:188} INFO - [2024-08-08T16:50:53.088-0700] {dagbag.py:545} INFO - Filling up the DagBag from /Users/treylayton/Library/Python/3.9/lib/python/site-packages/airflow/example_dags/example_dynamic_task_mapping.py
[2024-08-08T16:50:53.109-0700] {processor.py:840} INFO - DAG(s) 'example_dynamic_task_mapping' retrieved from /Users/treylayton/Library/Python/3.9/lib/python/site-packages/airflow/example_dags/example_dynamic_task_mapping.py
[2024-08-08T16:50:53.218-0700] {logging_mixin.py:188} INFO - [2024-08-08T16:50:53.217-0700] {dag.py:3089} INFO - Sync 1 DAGs
[2024-08-08T16:50:53.230-0700] {logging_mixin.py:188} INFO - [2024-08-08T16:50:53.230-0700] {dag.py:3947} INFO - Setting next_dagrun for example_dynamic_task_mapping to 2022-03-04 00:00:00+00:00, run_after=2022-03-05 00:00:00+00:00
[2024-08-08T16:50:53.242-0700] {processor.py:183} INFO - Processing /Users/treylayton/Library/Python/3.9/lib/python/site-packages/airflow/example_dags/example_dynamic_task_mapping.py took 0.157 seconds
[2024-08-08T16:52:07.678-0700] {processor.py:161} INFO - Started process (PID=99200) to work on /Users/treylayton/Library/Python/3.9/lib/python/site-packages/airflow/example_dags/example_dynamic_task_mapping.py
[2024-08-08T16:52:07.679-0700] {processor.py:830} INFO - Processing file /Users/treylayton/Library/Python/3.9/lib/python/site-packages/airflow/example_dags/example_dynamic_task_mapping.py for tasks to queue
[2024-08-08T16:52:07.680-0700] {logging_mixin.py:188} INFO - [2024-08-08T16:52:07.679-0700] {dagbag.py:545} INFO - Filling up the DagBag from /Users/treylayton/Library/Python/3.9/lib/python/site-packages/airflow/example_dags/example_dynamic_task_mapping.py
[2024-08-08T16:52:07.700-0700] {processor.py:840} INFO - DAG(s) 'example_dynamic_task_mapping' retrieved from /Users/treylayton/Library/Python/3.9/lib/python/site-packages/airflow/example_dags/example_dynamic_task_mapping.py
[2024-08-08T16:52:07.755-0700] {logging_mixin.py:188} INFO - [2024-08-08T16:52:07.755-0700] {dag.py:3089} INFO - Sync 1 DAGs
[2024-08-08T16:52:07.766-0700] {logging_mixin.py:188} INFO - [2024-08-08T16:52:07.766-0700] {dag.py:3947} INFO - Setting next_dagrun for example_dynamic_task_mapping to 2022-03-04 00:00:00+00:00, run_after=2022-03-05 00:00:00+00:00
[2024-08-08T16:52:07.777-0700] {processor.py:183} INFO - Processing /Users/treylayton/Library/Python/3.9/lib/python/site-packages/airflow/example_dags/example_dynamic_task_mapping.py took 0.101 seconds
[2024-08-08T16:53:19.879-0700] {processor.py:161} INFO - Started process (PID=99342) to work on /Users/treylayton/Library/Python/3.9/lib/python/site-packages/airflow/example_dags/example_dynamic_task_mapping.py
[2024-08-08T16:53:19.881-0700] {processor.py:830} INFO - Processing file /Users/treylayton/Library/Python/3.9/lib/python/site-packages/airflow/example_dags/example_dynamic_task_mapping.py for tasks to queue
[2024-08-08T16:53:19.882-0700] {logging_mixin.py:188} INFO - [2024-08-08T16:53:19.881-0700] {dagbag.py:545} INFO - Filling up the DagBag from /Users/treylayton/Library/Python/3.9/lib/python/site-packages/airflow/example_dags/example_dynamic_task_mapping.py
[2024-08-08T16:53:19.904-0700] {processor.py:840} INFO - DAG(s) 'example_dynamic_task_mapping' retrieved from /Users/treylayton/Library/Python/3.9/lib/python/site-packages/airflow/example_dags/example_dynamic_task_mapping.py
[2024-08-08T16:53:19.968-0700] {logging_mixin.py:188} INFO - [2024-08-08T16:53:19.967-0700] {dag.py:3089} INFO - Sync 1 DAGs
[2024-08-08T16:53:19.981-0700] {logging_mixin.py:188} INFO - [2024-08-08T16:53:19.981-0700] {dag.py:3947} INFO - Setting next_dagrun for example_dynamic_task_mapping to 2022-03-04 00:00:00+00:00, run_after=2022-03-05 00:00:00+00:00
[2024-08-08T16:53:19.993-0700] {processor.py:183} INFO - Processing /Users/treylayton/Library/Python/3.9/lib/python/site-packages/airflow/example_dags/example_dynamic_task_mapping.py took 0.117 seconds
[2024-08-08T16:54:37.110-0700] {processor.py:161} INFO - Started process (PID=99480) to work on /Users/treylayton/Library/Python/3.9/lib/python/site-packages/airflow/example_dags/example_dynamic_task_mapping.py
[2024-08-08T16:54:37.112-0700] {processor.py:830} INFO - Processing file /Users/treylayton/Library/Python/3.9/lib/python/site-packages/airflow/example_dags/example_dynamic_task_mapping.py for tasks to queue
[2024-08-08T16:54:37.112-0700] {logging_mixin.py:188} INFO - [2024-08-08T16:54:37.112-0700] {dagbag.py:545} INFO - Filling up the DagBag from /Users/treylayton/Library/Python/3.9/lib/python/site-packages/airflow/example_dags/example_dynamic_task_mapping.py
[2024-08-08T16:54:37.133-0700] {processor.py:840} INFO - DAG(s) 'example_dynamic_task_mapping' retrieved from /Users/treylayton/Library/Python/3.9/lib/python/site-packages/airflow/example_dags/example_dynamic_task_mapping.py
[2024-08-08T16:54:37.188-0700] {logging_mixin.py:188} INFO - [2024-08-08T16:54:37.188-0700] {dag.py:3089} INFO - Sync 1 DAGs
[2024-08-08T16:54:37.200-0700] {logging_mixin.py:188} INFO - [2024-08-08T16:54:37.200-0700] {dag.py:3947} INFO - Setting next_dagrun for example_dynamic_task_mapping to 2022-03-04 00:00:00+00:00, run_after=2022-03-05 00:00:00+00:00
[2024-08-08T16:54:37.211-0700] {processor.py:183} INFO - Processing /Users/treylayton/Library/Python/3.9/lib/python/site-packages/airflow/example_dags/example_dynamic_task_mapping.py took 0.102 seconds
[2024-08-08T16:55:50.197-0700] {processor.py:161} INFO - Started process (PID=99630) to work on /Users/treylayton/Library/Python/3.9/lib/python/site-packages/airflow/example_dags/example_dynamic_task_mapping.py
[2024-08-08T16:55:50.199-0700] {processor.py:830} INFO - Processing file /Users/treylayton/Library/Python/3.9/lib/python/site-packages/airflow/example_dags/example_dynamic_task_mapping.py for tasks to queue
[2024-08-08T16:55:50.199-0700] {logging_mixin.py:188} INFO - [2024-08-08T16:55:50.199-0700] {dagbag.py:545} INFO - Filling up the DagBag from /Users/treylayton/Library/Python/3.9/lib/python/site-packages/airflow/example_dags/example_dynamic_task_mapping.py
[2024-08-08T16:55:50.219-0700] {processor.py:840} INFO - DAG(s) 'example_dynamic_task_mapping' retrieved from /Users/treylayton/Library/Python/3.9/lib/python/site-packages/airflow/example_dags/example_dynamic_task_mapping.py
[2024-08-08T16:55:50.275-0700] {logging_mixin.py:188} INFO - [2024-08-08T16:55:50.274-0700] {dag.py:3089} INFO - Sync 1 DAGs
[2024-08-08T16:55:50.286-0700] {logging_mixin.py:188} INFO - [2024-08-08T16:55:50.286-0700] {dag.py:3947} INFO - Setting next_dagrun for example_dynamic_task_mapping to 2022-03-04 00:00:00+00:00, run_after=2022-03-05 00:00:00+00:00
[2024-08-08T16:55:50.297-0700] {processor.py:183} INFO - Processing /Users/treylayton/Library/Python/3.9/lib/python/site-packages/airflow/example_dags/example_dynamic_task_mapping.py took 0.102 seconds
[2024-08-08T16:57:06.702-0700] {processor.py:161} INFO - Started process (PID=99763) to work on /Users/treylayton/Library/Python/3.9/lib/python/site-packages/airflow/example_dags/example_dynamic_task_mapping.py
[2024-08-08T16:57:06.704-0700] {processor.py:830} INFO - Processing file /Users/treylayton/Library/Python/3.9/lib/python/site-packages/airflow/example_dags/example_dynamic_task_mapping.py for tasks to queue
[2024-08-08T16:57:06.704-0700] {logging_mixin.py:188} INFO - [2024-08-08T16:57:06.704-0700] {dagbag.py:545} INFO - Filling up the DagBag from /Users/treylayton/Library/Python/3.9/lib/python/site-packages/airflow/example_dags/example_dynamic_task_mapping.py
[2024-08-08T16:57:06.725-0700] {processor.py:840} INFO - DAG(s) 'example_dynamic_task_mapping' retrieved from /Users/treylayton/Library/Python/3.9/lib/python/site-packages/airflow/example_dags/example_dynamic_task_mapping.py
[2024-08-08T16:57:06.784-0700] {logging_mixin.py:188} INFO - [2024-08-08T16:57:06.783-0700] {dag.py:3089} INFO - Sync 1 DAGs
[2024-08-08T16:57:06.796-0700] {logging_mixin.py:188} INFO - [2024-08-08T16:57:06.795-0700] {dag.py:3947} INFO - Setting next_dagrun for example_dynamic_task_mapping to 2022-03-04 00:00:00+00:00, run_after=2022-03-05 00:00:00+00:00
[2024-08-08T16:57:06.808-0700] {processor.py:183} INFO - Processing /Users/treylayton/Library/Python/3.9/lib/python/site-packages/airflow/example_dags/example_dynamic_task_mapping.py took 0.108 seconds
[2024-08-08T16:58:19.149-0700] {processor.py:161} INFO - Started process (PID=99917) to work on /Users/treylayton/Library/Python/3.9/lib/python/site-packages/airflow/example_dags/example_dynamic_task_mapping.py
[2024-08-08T16:58:19.150-0700] {processor.py:830} INFO - Processing file /Users/treylayton/Library/Python/3.9/lib/python/site-packages/airflow/example_dags/example_dynamic_task_mapping.py for tasks to queue
[2024-08-08T16:58:19.151-0700] {logging_mixin.py:188} INFO - [2024-08-08T16:58:19.151-0700] {dagbag.py:545} INFO - Filling up the DagBag from /Users/treylayton/Library/Python/3.9/lib/python/site-packages/airflow/example_dags/example_dynamic_task_mapping.py
[2024-08-08T16:58:19.171-0700] {processor.py:840} INFO - DAG(s) 'example_dynamic_task_mapping' retrieved from /Users/treylayton/Library/Python/3.9/lib/python/site-packages/airflow/example_dags/example_dynamic_task_mapping.py
[2024-08-08T16:58:19.229-0700] {logging_mixin.py:188} INFO - [2024-08-08T16:58:19.229-0700] {dag.py:3089} INFO - Sync 1 DAGs
[2024-08-08T16:58:19.241-0700] {logging_mixin.py:188} INFO - [2024-08-08T16:58:19.240-0700] {dag.py:3947} INFO - Setting next_dagrun for example_dynamic_task_mapping to 2022-03-04 00:00:00+00:00, run_after=2022-03-05 00:00:00+00:00
[2024-08-08T16:58:19.252-0700] {processor.py:183} INFO - Processing /Users/treylayton/Library/Python/3.9/lib/python/site-packages/airflow/example_dags/example_dynamic_task_mapping.py took 0.105 seconds
[2024-08-08T16:59:34.074-0700] {processor.py:161} INFO - Started process (PID=167) to work on /Users/treylayton/Library/Python/3.9/lib/python/site-packages/airflow/example_dags/example_dynamic_task_mapping.py
[2024-08-08T16:59:34.076-0700] {processor.py:830} INFO - Processing file /Users/treylayton/Library/Python/3.9/lib/python/site-packages/airflow/example_dags/example_dynamic_task_mapping.py for tasks to queue
[2024-08-08T16:59:34.077-0700] {logging_mixin.py:188} INFO - [2024-08-08T16:59:34.076-0700] {dagbag.py:545} INFO - Filling up the DagBag from /Users/treylayton/Library/Python/3.9/lib/python/site-packages/airflow/example_dags/example_dynamic_task_mapping.py
[2024-08-08T16:59:34.098-0700] {processor.py:840} INFO - DAG(s) 'example_dynamic_task_mapping' retrieved from /Users/treylayton/Library/Python/3.9/lib/python/site-packages/airflow/example_dags/example_dynamic_task_mapping.py
[2024-08-08T16:59:34.158-0700] {logging_mixin.py:188} INFO - [2024-08-08T16:59:34.158-0700] {dag.py:3089} INFO - Sync 1 DAGs
[2024-08-08T16:59:34.171-0700] {logging_mixin.py:188} INFO - [2024-08-08T16:59:34.170-0700] {dag.py:3947} INFO - Setting next_dagrun for example_dynamic_task_mapping to 2022-03-04 00:00:00+00:00, run_after=2022-03-05 00:00:00+00:00
[2024-08-08T16:59:34.182-0700] {processor.py:183} INFO - Processing /Users/treylayton/Library/Python/3.9/lib/python/site-packages/airflow/example_dags/example_dynamic_task_mapping.py took 0.110 seconds
