[2024-08-08T16:47:51.881-0700] {processor.py:161} INFO - Started process (PID=98672) to work on /Users/treylayton/Library/Python/3.9/lib/python/site-packages/airflow/example_dags/example_setup_teardown_taskflow.py
[2024-08-08T16:47:51.883-0700] {processor.py:830} INFO - Processing file /Users/treylayton/Library/Python/3.9/lib/python/site-packages/airflow/example_dags/example_setup_teardown_taskflow.py for tasks to queue
[2024-08-08T16:47:51.884-0700] {logging_mixin.py:188} INFO - [2024-08-08T16:47:51.884-0700] {dagbag.py:545} INFO - Filling up the DagBag from /Users/treylayton/Library/Python/3.9/lib/python/site-packages/airflow/example_dags/example_setup_teardown_taskflow.py
[2024-08-08T16:47:51.908-0700] {processor.py:840} INFO - DAG(s) 'example_setup_teardown_taskflow' retrieved from /Users/treylayton/Library/Python/3.9/lib/python/site-packages/airflow/example_dags/example_setup_teardown_taskflow.py
[2024-08-08T16:47:52.013-0700] {logging_mixin.py:188} INFO - [2024-08-08T16:47:52.013-0700] {dag.py:3089} INFO - Sync 1 DAGs
[2024-08-08T16:47:52.026-0700] {logging_mixin.py:188} INFO - [2024-08-08T16:47:52.026-0700] {dag.py:3947} INFO - Setting next_dagrun for example_setup_teardown_taskflow to 2024-08-07 00:00:00+00:00, run_after=2024-08-08 00:00:00+00:00
[2024-08-08T16:47:52.038-0700] {processor.py:183} INFO - Processing /Users/treylayton/Library/Python/3.9/lib/python/site-packages/airflow/example_dags/example_setup_teardown_taskflow.py took 0.158 seconds
[2024-08-08T16:49:38.493-0700] {processor.py:161} INFO - Started process (PID=98873) to work on /Users/treylayton/Library/Python/3.9/lib/python/site-packages/airflow/example_dags/example_setup_teardown_taskflow.py
[2024-08-08T16:49:38.495-0700] {processor.py:830} INFO - Processing file /Users/treylayton/Library/Python/3.9/lib/python/site-packages/airflow/example_dags/example_setup_teardown_taskflow.py for tasks to queue
[2024-08-08T16:49:38.496-0700] {logging_mixin.py:188} INFO - [2024-08-08T16:49:38.496-0700] {dagbag.py:545} INFO - Filling up the DagBag from /Users/treylayton/Library/Python/3.9/lib/python/site-packages/airflow/example_dags/example_setup_teardown_taskflow.py
[2024-08-08T16:49:38.518-0700] {processor.py:840} INFO - DAG(s) 'example_setup_teardown_taskflow' retrieved from /Users/treylayton/Library/Python/3.9/lib/python/site-packages/airflow/example_dags/example_setup_teardown_taskflow.py
[2024-08-08T16:49:38.528-0700] {logging_mixin.py:188} INFO - [2024-08-08T16:49:38.527-0700] {dag.py:3089} INFO - Sync 1 DAGs
[2024-08-08T16:49:38.587-0700] {logging_mixin.py:188} INFO - [2024-08-08T16:49:38.587-0700] {dag.py:3947} INFO - Setting next_dagrun for example_setup_teardown_taskflow to 2024-08-07 00:00:00+00:00, run_after=2024-08-08 00:00:00+00:00
[2024-08-08T16:49:38.601-0700] {processor.py:183} INFO - Processing /Users/treylayton/Library/Python/3.9/lib/python/site-packages/airflow/example_dags/example_setup_teardown_taskflow.py took 0.111 seconds
[2024-08-08T16:51:35.245-0700] {processor.py:161} INFO - Started process (PID=99139) to work on /Users/treylayton/Library/Python/3.9/lib/python/site-packages/airflow/example_dags/example_setup_teardown_taskflow.py
[2024-08-08T16:51:35.247-0700] {processor.py:830} INFO - Processing file /Users/treylayton/Library/Python/3.9/lib/python/site-packages/airflow/example_dags/example_setup_teardown_taskflow.py for tasks to queue
[2024-08-08T16:51:35.248-0700] {logging_mixin.py:188} INFO - [2024-08-08T16:51:35.247-0700] {dagbag.py:545} INFO - Filling up the DagBag from /Users/treylayton/Library/Python/3.9/lib/python/site-packages/airflow/example_dags/example_setup_teardown_taskflow.py
[2024-08-08T16:51:35.272-0700] {processor.py:840} INFO - DAG(s) 'example_setup_teardown_taskflow' retrieved from /Users/treylayton/Library/Python/3.9/lib/python/site-packages/airflow/example_dags/example_setup_teardown_taskflow.py
[2024-08-08T16:51:35.388-0700] {logging_mixin.py:188} INFO - [2024-08-08T16:51:35.388-0700] {dag.py:3089} INFO - Sync 1 DAGs
[2024-08-08T16:51:35.402-0700] {logging_mixin.py:188} INFO - [2024-08-08T16:51:35.402-0700] {dag.py:3947} INFO - Setting next_dagrun for example_setup_teardown_taskflow to 2024-08-07 00:00:00+00:00, run_after=2024-08-08 00:00:00+00:00
[2024-08-08T16:51:35.416-0700] {processor.py:183} INFO - Processing /Users/treylayton/Library/Python/3.9/lib/python/site-packages/airflow/example_dags/example_setup_teardown_taskflow.py took 0.173 seconds
[2024-08-08T16:52:00.799-0700] {processor.py:161} INFO - Started process (PID=99187) to work on /Users/treylayton/Library/Python/3.9/lib/python/site-packages/airflow/example_dags/example_setup_teardown_taskflow.py
[2024-08-08T16:52:00.801-0700] {processor.py:830} INFO - Processing file /Users/treylayton/Library/Python/3.9/lib/python/site-packages/airflow/example_dags/example_setup_teardown_taskflow.py for tasks to queue
[2024-08-08T16:52:00.802-0700] {logging_mixin.py:188} INFO - [2024-08-08T16:52:00.801-0700] {dagbag.py:545} INFO - Filling up the DagBag from /Users/treylayton/Library/Python/3.9/lib/python/site-packages/airflow/example_dags/example_setup_teardown_taskflow.py
[2024-08-08T16:52:00.824-0700] {processor.py:840} INFO - DAG(s) 'example_setup_teardown_taskflow' retrieved from /Users/treylayton/Library/Python/3.9/lib/python/site-packages/airflow/example_dags/example_setup_teardown_taskflow.py
[2024-08-08T16:52:00.833-0700] {logging_mixin.py:188} INFO - [2024-08-08T16:52:00.833-0700] {dag.py:3089} INFO - Sync 1 DAGs
[2024-08-08T16:52:00.890-0700] {logging_mixin.py:188} INFO - [2024-08-08T16:52:00.890-0700] {dag.py:3947} INFO - Setting next_dagrun for example_setup_teardown_taskflow to 2024-08-07 00:00:00+00:00, run_after=2024-08-08 00:00:00+00:00
[2024-08-08T16:52:00.902-0700] {processor.py:183} INFO - Processing /Users/treylayton/Library/Python/3.9/lib/python/site-packages/airflow/example_dags/example_setup_teardown_taskflow.py took 0.105 seconds
[2024-08-08T16:53:20.204-0700] {processor.py:161} INFO - Started process (PID=99343) to work on /Users/treylayton/Library/Python/3.9/lib/python/site-packages/airflow/example_dags/example_setup_teardown_taskflow.py
[2024-08-08T16:53:20.206-0700] {processor.py:830} INFO - Processing file /Users/treylayton/Library/Python/3.9/lib/python/site-packages/airflow/example_dags/example_setup_teardown_taskflow.py for tasks to queue
[2024-08-08T16:53:20.207-0700] {logging_mixin.py:188} INFO - [2024-08-08T16:53:20.207-0700] {dagbag.py:545} INFO - Filling up the DagBag from /Users/treylayton/Library/Python/3.9/lib/python/site-packages/airflow/example_dags/example_setup_teardown_taskflow.py
[2024-08-08T16:53:20.231-0700] {processor.py:840} INFO - DAG(s) 'example_setup_teardown_taskflow' retrieved from /Users/treylayton/Library/Python/3.9/lib/python/site-packages/airflow/example_dags/example_setup_teardown_taskflow.py
[2024-08-08T16:53:20.295-0700] {logging_mixin.py:188} INFO - [2024-08-08T16:53:20.295-0700] {dag.py:3089} INFO - Sync 1 DAGs
[2024-08-08T16:53:20.309-0700] {logging_mixin.py:188} INFO - [2024-08-08T16:53:20.309-0700] {dag.py:3947} INFO - Setting next_dagrun for example_setup_teardown_taskflow to 2024-08-07 00:00:00+00:00, run_after=2024-08-08 00:00:00+00:00
[2024-08-08T16:53:20.321-0700] {processor.py:183} INFO - Processing /Users/treylayton/Library/Python/3.9/lib/python/site-packages/airflow/example_dags/example_setup_teardown_taskflow.py took 0.118 seconds
[2024-08-08T16:54:33.832-0700] {processor.py:161} INFO - Started process (PID=99473) to work on /Users/treylayton/Library/Python/3.9/lib/python/site-packages/airflow/example_dags/example_setup_teardown_taskflow.py
[2024-08-08T16:54:33.834-0700] {processor.py:830} INFO - Processing file /Users/treylayton/Library/Python/3.9/lib/python/site-packages/airflow/example_dags/example_setup_teardown_taskflow.py for tasks to queue
[2024-08-08T16:54:33.834-0700] {logging_mixin.py:188} INFO - [2024-08-08T16:54:33.834-0700] {dagbag.py:545} INFO - Filling up the DagBag from /Users/treylayton/Library/Python/3.9/lib/python/site-packages/airflow/example_dags/example_setup_teardown_taskflow.py
[2024-08-08T16:54:33.857-0700] {processor.py:840} INFO - DAG(s) 'example_setup_teardown_taskflow' retrieved from /Users/treylayton/Library/Python/3.9/lib/python/site-packages/airflow/example_dags/example_setup_teardown_taskflow.py
[2024-08-08T16:54:33.915-0700] {logging_mixin.py:188} INFO - [2024-08-08T16:54:33.915-0700] {dag.py:3089} INFO - Sync 1 DAGs
[2024-08-08T16:54:33.927-0700] {logging_mixin.py:188} INFO - [2024-08-08T16:54:33.927-0700] {dag.py:3947} INFO - Setting next_dagrun for example_setup_teardown_taskflow to 2024-08-07 00:00:00+00:00, run_after=2024-08-08 00:00:00+00:00
[2024-08-08T16:54:33.940-0700] {processor.py:183} INFO - Processing /Users/treylayton/Library/Python/3.9/lib/python/site-packages/airflow/example_dags/example_setup_teardown_taskflow.py took 0.109 seconds
[2024-08-08T16:55:48.421-0700] {processor.py:161} INFO - Started process (PID=99629) to work on /Users/treylayton/Library/Python/3.9/lib/python/site-packages/airflow/example_dags/example_setup_teardown_taskflow.py
[2024-08-08T16:55:48.423-0700] {processor.py:830} INFO - Processing file /Users/treylayton/Library/Python/3.9/lib/python/site-packages/airflow/example_dags/example_setup_teardown_taskflow.py for tasks to queue
[2024-08-08T16:55:48.424-0700] {logging_mixin.py:188} INFO - [2024-08-08T16:55:48.423-0700] {dagbag.py:545} INFO - Filling up the DagBag from /Users/treylayton/Library/Python/3.9/lib/python/site-packages/airflow/example_dags/example_setup_teardown_taskflow.py
[2024-08-08T16:55:48.447-0700] {processor.py:840} INFO - DAG(s) 'example_setup_teardown_taskflow' retrieved from /Users/treylayton/Library/Python/3.9/lib/python/site-packages/airflow/example_dags/example_setup_teardown_taskflow.py
[2024-08-08T16:55:48.505-0700] {logging_mixin.py:188} INFO - [2024-08-08T16:55:48.505-0700] {dag.py:3089} INFO - Sync 1 DAGs
[2024-08-08T16:55:48.517-0700] {logging_mixin.py:188} INFO - [2024-08-08T16:55:48.516-0700] {dag.py:3947} INFO - Setting next_dagrun for example_setup_teardown_taskflow to 2024-08-07 00:00:00+00:00, run_after=2024-08-08 00:00:00+00:00
[2024-08-08T16:55:48.528-0700] {processor.py:183} INFO - Processing /Users/treylayton/Library/Python/3.9/lib/python/site-packages/airflow/example_dags/example_setup_teardown_taskflow.py took 0.108 seconds
[2024-08-08T16:57:00.575-0700] {processor.py:161} INFO - Started process (PID=99756) to work on /Users/treylayton/Library/Python/3.9/lib/python/site-packages/airflow/example_dags/example_setup_teardown_taskflow.py
[2024-08-08T16:57:00.577-0700] {processor.py:830} INFO - Processing file /Users/treylayton/Library/Python/3.9/lib/python/site-packages/airflow/example_dags/example_setup_teardown_taskflow.py for tasks to queue
[2024-08-08T16:57:00.577-0700] {logging_mixin.py:188} INFO - [2024-08-08T16:57:00.577-0700] {dagbag.py:545} INFO - Filling up the DagBag from /Users/treylayton/Library/Python/3.9/lib/python/site-packages/airflow/example_dags/example_setup_teardown_taskflow.py
[2024-08-08T16:57:00.599-0700] {processor.py:840} INFO - DAG(s) 'example_setup_teardown_taskflow' retrieved from /Users/treylayton/Library/Python/3.9/lib/python/site-packages/airflow/example_dags/example_setup_teardown_taskflow.py
[2024-08-08T16:57:00.675-0700] {logging_mixin.py:188} INFO - [2024-08-08T16:57:00.675-0700] {dag.py:3089} INFO - Sync 1 DAGs
[2024-08-08T16:57:00.698-0700] {logging_mixin.py:188} INFO - [2024-08-08T16:57:00.698-0700] {dag.py:3947} INFO - Setting next_dagrun for example_setup_teardown_taskflow to 2024-08-07 00:00:00+00:00, run_after=2024-08-08 00:00:00+00:00
[2024-08-08T16:57:00.720-0700] {processor.py:183} INFO - Processing /Users/treylayton/Library/Python/3.9/lib/python/site-packages/airflow/example_dags/example_setup_teardown_taskflow.py took 0.146 seconds
[2024-08-08T16:58:17.818-0700] {processor.py:161} INFO - Started process (PID=99912) to work on /Users/treylayton/Library/Python/3.9/lib/python/site-packages/airflow/example_dags/example_setup_teardown_taskflow.py
[2024-08-08T16:58:17.820-0700] {processor.py:830} INFO - Processing file /Users/treylayton/Library/Python/3.9/lib/python/site-packages/airflow/example_dags/example_setup_teardown_taskflow.py for tasks to queue
[2024-08-08T16:58:17.820-0700] {logging_mixin.py:188} INFO - [2024-08-08T16:58:17.820-0700] {dagbag.py:545} INFO - Filling up the DagBag from /Users/treylayton/Library/Python/3.9/lib/python/site-packages/airflow/example_dags/example_setup_teardown_taskflow.py
[2024-08-08T16:58:17.843-0700] {processor.py:840} INFO - DAG(s) 'example_setup_teardown_taskflow' retrieved from /Users/treylayton/Library/Python/3.9/lib/python/site-packages/airflow/example_dags/example_setup_teardown_taskflow.py
[2024-08-08T16:58:17.900-0700] {logging_mixin.py:188} INFO - [2024-08-08T16:58:17.899-0700] {dag.py:3089} INFO - Sync 1 DAGs
[2024-08-08T16:58:17.911-0700] {logging_mixin.py:188} INFO - [2024-08-08T16:58:17.911-0700] {dag.py:3947} INFO - Setting next_dagrun for example_setup_teardown_taskflow to 2024-08-07 00:00:00+00:00, run_after=2024-08-08 00:00:00+00:00
[2024-08-08T16:58:17.922-0700] {processor.py:183} INFO - Processing /Users/treylayton/Library/Python/3.9/lib/python/site-packages/airflow/example_dags/example_setup_teardown_taskflow.py took 0.106 seconds
[2024-08-08T16:59:28.151-0700] {processor.py:161} INFO - Started process (PID=162) to work on /Users/treylayton/Library/Python/3.9/lib/python/site-packages/airflow/example_dags/example_setup_teardown_taskflow.py
[2024-08-08T16:59:28.153-0700] {processor.py:830} INFO - Processing file /Users/treylayton/Library/Python/3.9/lib/python/site-packages/airflow/example_dags/example_setup_teardown_taskflow.py for tasks to queue
[2024-08-08T16:59:28.153-0700] {logging_mixin.py:188} INFO - [2024-08-08T16:59:28.153-0700] {dagbag.py:545} INFO - Filling up the DagBag from /Users/treylayton/Library/Python/3.9/lib/python/site-packages/airflow/example_dags/example_setup_teardown_taskflow.py
[2024-08-08T16:59:28.175-0700] {processor.py:840} INFO - DAG(s) 'example_setup_teardown_taskflow' retrieved from /Users/treylayton/Library/Python/3.9/lib/python/site-packages/airflow/example_dags/example_setup_teardown_taskflow.py
[2024-08-08T16:59:28.230-0700] {logging_mixin.py:188} INFO - [2024-08-08T16:59:28.230-0700] {dag.py:3089} INFO - Sync 1 DAGs
[2024-08-08T16:59:28.242-0700] {logging_mixin.py:188} INFO - [2024-08-08T16:59:28.241-0700] {dag.py:3947} INFO - Setting next_dagrun for example_setup_teardown_taskflow to 2024-08-07 00:00:00+00:00, run_after=2024-08-08 00:00:00+00:00
[2024-08-08T16:59:28.250-0700] {processor.py:183} INFO - Processing /Users/treylayton/Library/Python/3.9/lib/python/site-packages/airflow/example_dags/example_setup_teardown_taskflow.py took 0.101 seconds
