[2024-08-08T16:48:10.692-0700] {processor.py:161} INFO - Started process (PID=98708) to work on /Users/treylayton/Library/Python/3.9/lib/python/site-packages/airflow/example_dags/example_nested_branch_dag.py
[2024-08-08T16:48:10.694-0700] {processor.py:830} INFO - Processing file /Users/treylayton/Library/Python/3.9/lib/python/site-packages/airflow/example_dags/example_nested_branch_dag.py for tasks to queue
[2024-08-08T16:48:10.694-0700] {logging_mixin.py:188} INFO - [2024-08-08T16:48:10.694-0700] {dagbag.py:545} INFO - Filling up the DagBag from /Users/treylayton/Library/Python/3.9/lib/python/site-packages/airflow/example_dags/example_nested_branch_dag.py
[2024-08-08T16:48:10.717-0700] {processor.py:840} INFO - DAG(s) 'example_nested_branch_dag' retrieved from /Users/treylayton/Library/Python/3.9/lib/python/site-packages/airflow/example_dags/example_nested_branch_dag.py
[2024-08-08T16:48:10.820-0700] {logging_mixin.py:188} INFO - [2024-08-08T16:48:10.819-0700] {dag.py:3089} INFO - Sync 1 DAGs
[2024-08-08T16:48:10.829-0700] {logging_mixin.py:188} INFO - [2024-08-08T16:48:10.829-0700] {dag.py:3947} INFO - Setting next_dagrun for example_nested_branch_dag to 2024-08-07 00:00:00+00:00, run_after=2024-08-08 00:00:00+00:00
[2024-08-08T16:48:10.841-0700] {processor.py:183} INFO - Processing /Users/treylayton/Library/Python/3.9/lib/python/site-packages/airflow/example_dags/example_nested_branch_dag.py took 0.151 seconds
[2024-08-08T16:49:55.881-0700] {processor.py:161} INFO - Started process (PID=98909) to work on /Users/treylayton/Library/Python/3.9/lib/python/site-packages/airflow/example_dags/example_nested_branch_dag.py
[2024-08-08T16:49:55.883-0700] {processor.py:830} INFO - Processing file /Users/treylayton/Library/Python/3.9/lib/python/site-packages/airflow/example_dags/example_nested_branch_dag.py for tasks to queue
[2024-08-08T16:49:55.883-0700] {logging_mixin.py:188} INFO - [2024-08-08T16:49:55.883-0700] {dagbag.py:545} INFO - Filling up the DagBag from /Users/treylayton/Library/Python/3.9/lib/python/site-packages/airflow/example_dags/example_nested_branch_dag.py
[2024-08-08T16:49:55.907-0700] {processor.py:840} INFO - DAG(s) 'example_nested_branch_dag' retrieved from /Users/treylayton/Library/Python/3.9/lib/python/site-packages/airflow/example_dags/example_nested_branch_dag.py
[2024-08-08T16:49:56.012-0700] {logging_mixin.py:188} INFO - [2024-08-08T16:49:56.012-0700] {dag.py:3089} INFO - Sync 1 DAGs
[2024-08-08T16:49:56.022-0700] {logging_mixin.py:188} INFO - [2024-08-08T16:49:56.022-0700] {dag.py:3947} INFO - Setting next_dagrun for example_nested_branch_dag to 2024-08-07 00:00:00+00:00, run_after=2024-08-08 00:00:00+00:00
[2024-08-08T16:49:56.034-0700] {processor.py:183} INFO - Processing /Users/treylayton/Library/Python/3.9/lib/python/site-packages/airflow/example_dags/example_nested_branch_dag.py took 0.155 seconds
[2024-08-08T16:51:53.634-0700] {processor.py:161} INFO - Started process (PID=99172) to work on /Users/treylayton/Library/Python/3.9/lib/python/site-packages/airflow/example_dags/example_nested_branch_dag.py
[2024-08-08T16:51:53.636-0700] {processor.py:830} INFO - Processing file /Users/treylayton/Library/Python/3.9/lib/python/site-packages/airflow/example_dags/example_nested_branch_dag.py for tasks to queue
[2024-08-08T16:51:53.636-0700] {logging_mixin.py:188} INFO - [2024-08-08T16:51:53.636-0700] {dagbag.py:545} INFO - Filling up the DagBag from /Users/treylayton/Library/Python/3.9/lib/python/site-packages/airflow/example_dags/example_nested_branch_dag.py
[2024-08-08T16:51:53.659-0700] {processor.py:840} INFO - DAG(s) 'example_nested_branch_dag' retrieved from /Users/treylayton/Library/Python/3.9/lib/python/site-packages/airflow/example_dags/example_nested_branch_dag.py
[2024-08-08T16:51:53.717-0700] {logging_mixin.py:188} INFO - [2024-08-08T16:51:53.717-0700] {dag.py:3089} INFO - Sync 1 DAGs
[2024-08-08T16:51:53.727-0700] {logging_mixin.py:188} INFO - [2024-08-08T16:51:53.727-0700] {dag.py:3947} INFO - Setting next_dagrun for example_nested_branch_dag to 2024-08-07 00:00:00+00:00, run_after=2024-08-08 00:00:00+00:00
[2024-08-08T16:51:53.739-0700] {processor.py:183} INFO - Processing /Users/treylayton/Library/Python/3.9/lib/python/site-packages/airflow/example_dags/example_nested_branch_dag.py took 0.107 seconds
[2024-08-08T16:52:18.441-0700] {processor.py:161} INFO - Started process (PID=99230) to work on /Users/treylayton/Library/Python/3.9/lib/python/site-packages/airflow/example_dags/example_nested_branch_dag.py
[2024-08-08T16:52:18.443-0700] {processor.py:830} INFO - Processing file /Users/treylayton/Library/Python/3.9/lib/python/site-packages/airflow/example_dags/example_nested_branch_dag.py for tasks to queue
[2024-08-08T16:52:18.443-0700] {logging_mixin.py:188} INFO - [2024-08-08T16:52:18.443-0700] {dagbag.py:545} INFO - Filling up the DagBag from /Users/treylayton/Library/Python/3.9/lib/python/site-packages/airflow/example_dags/example_nested_branch_dag.py
[2024-08-08T16:52:18.467-0700] {processor.py:840} INFO - DAG(s) 'example_nested_branch_dag' retrieved from /Users/treylayton/Library/Python/3.9/lib/python/site-packages/airflow/example_dags/example_nested_branch_dag.py
[2024-08-08T16:52:18.524-0700] {logging_mixin.py:188} INFO - [2024-08-08T16:52:18.524-0700] {dag.py:3089} INFO - Sync 1 DAGs
[2024-08-08T16:52:18.534-0700] {logging_mixin.py:188} INFO - [2024-08-08T16:52:18.533-0700] {dag.py:3947} INFO - Setting next_dagrun for example_nested_branch_dag to 2024-08-07 00:00:00+00:00, run_after=2024-08-08 00:00:00+00:00
[2024-08-08T16:52:18.543-0700] {processor.py:183} INFO - Processing /Users/treylayton/Library/Python/3.9/lib/python/site-packages/airflow/example_dags/example_nested_branch_dag.py took 0.104 seconds
[2024-08-08T16:53:38.846-0700] {processor.py:161} INFO - Started process (PID=99363) to work on /Users/treylayton/Library/Python/3.9/lib/python/site-packages/airflow/example_dags/example_nested_branch_dag.py
[2024-08-08T16:53:38.849-0700] {processor.py:830} INFO - Processing file /Users/treylayton/Library/Python/3.9/lib/python/site-packages/airflow/example_dags/example_nested_branch_dag.py for tasks to queue
[2024-08-08T16:53:38.849-0700] {logging_mixin.py:188} INFO - [2024-08-08T16:53:38.849-0700] {dagbag.py:545} INFO - Filling up the DagBag from /Users/treylayton/Library/Python/3.9/lib/python/site-packages/airflow/example_dags/example_nested_branch_dag.py
[2024-08-08T16:53:38.871-0700] {processor.py:840} INFO - DAG(s) 'example_nested_branch_dag' retrieved from /Users/treylayton/Library/Python/3.9/lib/python/site-packages/airflow/example_dags/example_nested_branch_dag.py
[2024-08-08T16:53:38.932-0700] {logging_mixin.py:188} INFO - [2024-08-08T16:53:38.932-0700] {dag.py:3089} INFO - Sync 1 DAGs
[2024-08-08T16:53:38.943-0700] {logging_mixin.py:188} INFO - [2024-08-08T16:53:38.943-0700] {dag.py:3947} INFO - Setting next_dagrun for example_nested_branch_dag to 2024-08-07 00:00:00+00:00, run_after=2024-08-08 00:00:00+00:00
[2024-08-08T16:53:38.954-0700] {processor.py:183} INFO - Processing /Users/treylayton/Library/Python/3.9/lib/python/site-packages/airflow/example_dags/example_nested_branch_dag.py took 0.110 seconds
[2024-08-08T16:54:52.199-0700] {processor.py:161} INFO - Started process (PID=99514) to work on /Users/treylayton/Library/Python/3.9/lib/python/site-packages/airflow/example_dags/example_nested_branch_dag.py
[2024-08-08T16:54:52.200-0700] {processor.py:830} INFO - Processing file /Users/treylayton/Library/Python/3.9/lib/python/site-packages/airflow/example_dags/example_nested_branch_dag.py for tasks to queue
[2024-08-08T16:54:52.201-0700] {logging_mixin.py:188} INFO - [2024-08-08T16:54:52.200-0700] {dagbag.py:545} INFO - Filling up the DagBag from /Users/treylayton/Library/Python/3.9/lib/python/site-packages/airflow/example_dags/example_nested_branch_dag.py
[2024-08-08T16:54:52.224-0700] {processor.py:840} INFO - DAG(s) 'example_nested_branch_dag' retrieved from /Users/treylayton/Library/Python/3.9/lib/python/site-packages/airflow/example_dags/example_nested_branch_dag.py
[2024-08-08T16:54:52.282-0700] {logging_mixin.py:188} INFO - [2024-08-08T16:54:52.281-0700] {dag.py:3089} INFO - Sync 1 DAGs
[2024-08-08T16:54:52.291-0700] {logging_mixin.py:188} INFO - [2024-08-08T16:54:52.291-0700] {dag.py:3947} INFO - Setting next_dagrun for example_nested_branch_dag to 2024-08-07 00:00:00+00:00, run_after=2024-08-08 00:00:00+00:00
[2024-08-08T16:54:52.303-0700] {processor.py:183} INFO - Processing /Users/treylayton/Library/Python/3.9/lib/python/site-packages/airflow/example_dags/example_nested_branch_dag.py took 0.106 seconds
[2024-08-08T16:56:06.327-0700] {processor.py:161} INFO - Started process (PID=99665) to work on /Users/treylayton/Library/Python/3.9/lib/python/site-packages/airflow/example_dags/example_nested_branch_dag.py
[2024-08-08T16:56:06.329-0700] {processor.py:830} INFO - Processing file /Users/treylayton/Library/Python/3.9/lib/python/site-packages/airflow/example_dags/example_nested_branch_dag.py for tasks to queue
[2024-08-08T16:56:06.329-0700] {logging_mixin.py:188} INFO - [2024-08-08T16:56:06.329-0700] {dagbag.py:545} INFO - Filling up the DagBag from /Users/treylayton/Library/Python/3.9/lib/python/site-packages/airflow/example_dags/example_nested_branch_dag.py
[2024-08-08T16:56:06.352-0700] {processor.py:840} INFO - DAG(s) 'example_nested_branch_dag' retrieved from /Users/treylayton/Library/Python/3.9/lib/python/site-packages/airflow/example_dags/example_nested_branch_dag.py
[2024-08-08T16:56:06.410-0700] {logging_mixin.py:188} INFO - [2024-08-08T16:56:06.410-0700] {dag.py:3089} INFO - Sync 1 DAGs
[2024-08-08T16:56:06.420-0700] {logging_mixin.py:188} INFO - [2024-08-08T16:56:06.420-0700] {dag.py:3947} INFO - Setting next_dagrun for example_nested_branch_dag to 2024-08-07 00:00:00+00:00, run_after=2024-08-08 00:00:00+00:00
[2024-08-08T16:56:06.431-0700] {processor.py:183} INFO - Processing /Users/treylayton/Library/Python/3.9/lib/python/site-packages/airflow/example_dags/example_nested_branch_dag.py took 0.106 seconds
[2024-08-08T16:57:19.212-0700] {processor.py:161} INFO - Started process (PID=99790) to work on /Users/treylayton/Library/Python/3.9/lib/python/site-packages/airflow/example_dags/example_nested_branch_dag.py
[2024-08-08T16:57:19.213-0700] {processor.py:830} INFO - Processing file /Users/treylayton/Library/Python/3.9/lib/python/site-packages/airflow/example_dags/example_nested_branch_dag.py for tasks to queue
[2024-08-08T16:57:19.214-0700] {logging_mixin.py:188} INFO - [2024-08-08T16:57:19.214-0700] {dagbag.py:545} INFO - Filling up the DagBag from /Users/treylayton/Library/Python/3.9/lib/python/site-packages/airflow/example_dags/example_nested_branch_dag.py
[2024-08-08T16:57:19.235-0700] {processor.py:840} INFO - DAG(s) 'example_nested_branch_dag' retrieved from /Users/treylayton/Library/Python/3.9/lib/python/site-packages/airflow/example_dags/example_nested_branch_dag.py
[2024-08-08T16:57:19.293-0700] {logging_mixin.py:188} INFO - [2024-08-08T16:57:19.293-0700] {dag.py:3089} INFO - Sync 1 DAGs
[2024-08-08T16:57:19.303-0700] {logging_mixin.py:188} INFO - [2024-08-08T16:57:19.303-0700] {dag.py:3947} INFO - Setting next_dagrun for example_nested_branch_dag to 2024-08-07 00:00:00+00:00, run_after=2024-08-08 00:00:00+00:00
[2024-08-08T16:57:19.313-0700] {processor.py:183} INFO - Processing /Users/treylayton/Library/Python/3.9/lib/python/site-packages/airflow/example_dags/example_nested_branch_dag.py took 0.104 seconds
[2024-08-08T16:58:36.150-0700] {processor.py:161} INFO - Started process (PID=99961) to work on /Users/treylayton/Library/Python/3.9/lib/python/site-packages/airflow/example_dags/example_nested_branch_dag.py
[2024-08-08T16:58:36.152-0700] {processor.py:830} INFO - Processing file /Users/treylayton/Library/Python/3.9/lib/python/site-packages/airflow/example_dags/example_nested_branch_dag.py for tasks to queue
[2024-08-08T16:58:36.152-0700] {logging_mixin.py:188} INFO - [2024-08-08T16:58:36.152-0700] {dagbag.py:545} INFO - Filling up the DagBag from /Users/treylayton/Library/Python/3.9/lib/python/site-packages/airflow/example_dags/example_nested_branch_dag.py
[2024-08-08T16:58:36.177-0700] {processor.py:840} INFO - DAG(s) 'example_nested_branch_dag' retrieved from /Users/treylayton/Library/Python/3.9/lib/python/site-packages/airflow/example_dags/example_nested_branch_dag.py
[2024-08-08T16:58:36.235-0700] {logging_mixin.py:188} INFO - [2024-08-08T16:58:36.235-0700] {dag.py:3089} INFO - Sync 1 DAGs
[2024-08-08T16:58:36.245-0700] {logging_mixin.py:188} INFO - [2024-08-08T16:58:36.245-0700] {dag.py:3947} INFO - Setting next_dagrun for example_nested_branch_dag to 2024-08-07 00:00:00+00:00, run_after=2024-08-08 00:00:00+00:00
[2024-08-08T16:58:36.257-0700] {processor.py:183} INFO - Processing /Users/treylayton/Library/Python/3.9/lib/python/site-packages/airflow/example_dags/example_nested_branch_dag.py took 0.108 seconds
[2024-08-08T16:59:46.655-0700] {processor.py:161} INFO - Started process (PID=181) to work on /Users/treylayton/Library/Python/3.9/lib/python/site-packages/airflow/example_dags/example_nested_branch_dag.py
[2024-08-08T16:59:46.657-0700] {processor.py:830} INFO - Processing file /Users/treylayton/Library/Python/3.9/lib/python/site-packages/airflow/example_dags/example_nested_branch_dag.py for tasks to queue
[2024-08-08T16:59:46.657-0700] {logging_mixin.py:188} INFO - [2024-08-08T16:59:46.657-0700] {dagbag.py:545} INFO - Filling up the DagBag from /Users/treylayton/Library/Python/3.9/lib/python/site-packages/airflow/example_dags/example_nested_branch_dag.py
[2024-08-08T16:59:46.681-0700] {processor.py:840} INFO - DAG(s) 'example_nested_branch_dag' retrieved from /Users/treylayton/Library/Python/3.9/lib/python/site-packages/airflow/example_dags/example_nested_branch_dag.py
[2024-08-08T16:59:46.741-0700] {logging_mixin.py:188} INFO - [2024-08-08T16:59:46.740-0700] {dag.py:3089} INFO - Sync 1 DAGs
[2024-08-08T16:59:46.751-0700] {logging_mixin.py:188} INFO - [2024-08-08T16:59:46.751-0700] {dag.py:3947} INFO - Setting next_dagrun for example_nested_branch_dag to 2024-08-07 00:00:00+00:00, run_after=2024-08-08 00:00:00+00:00
[2024-08-08T16:59:46.763-0700] {processor.py:183} INFO - Processing /Users/treylayton/Library/Python/3.9/lib/python/site-packages/airflow/example_dags/example_nested_branch_dag.py took 0.111 seconds
