[2024-08-08T16:48:18.139-0700] {processor.py:161} INFO - Started process (PID=98725) to work on /Users/treylayton/Library/Python/3.9/lib/python/site-packages/airflow/example_dags/example_kubernetes_executor.py
[2024-08-08T16:48:18.141-0700] {processor.py:830} INFO - Processing file /Users/treylayton/Library/Python/3.9/lib/python/site-packages/airflow/example_dags/example_kubernetes_executor.py for tasks to queue
[2024-08-08T16:48:18.142-0700] {logging_mixin.py:188} INFO - [2024-08-08T16:48:18.142-0700] {dagbag.py:545} INFO - Filling up the DagBag from /Users/treylayton/Library/Python/3.9/lib/python/site-packages/airflow/example_dags/example_kubernetes_executor.py
[2024-08-08T16:48:18.163-0700] {logging_mixin.py:188} INFO - [2024-08-08T16:48:18.163-0700] {example_kubernetes_executor.py:39} WARNING - The example_kubernetes_executor example DAG requires the kubernetes provider. Please install it with: pip install apache-airflow[cncf.kubernetes]
[2024-08-08T16:48:18.163-0700] {processor.py:842} WARNING - No viable dags retrieved from /Users/treylayton/Library/Python/3.9/lib/python/site-packages/airflow/example_dags/example_kubernetes_executor.py
[2024-08-08T16:48:18.210-0700] {processor.py:183} INFO - Processing /Users/treylayton/Library/Python/3.9/lib/python/site-packages/airflow/example_dags/example_kubernetes_executor.py took 0.073 seconds
[2024-08-08T16:50:04.261-0700] {processor.py:161} INFO - Started process (PID=98932) to work on /Users/treylayton/Library/Python/3.9/lib/python/site-packages/airflow/example_dags/example_kubernetes_executor.py
[2024-08-08T16:50:04.262-0700] {processor.py:830} INFO - Processing file /Users/treylayton/Library/Python/3.9/lib/python/site-packages/airflow/example_dags/example_kubernetes_executor.py for tasks to queue
[2024-08-08T16:50:04.263-0700] {logging_mixin.py:188} INFO - [2024-08-08T16:50:04.263-0700] {dagbag.py:545} INFO - Filling up the DagBag from /Users/treylayton/Library/Python/3.9/lib/python/site-packages/airflow/example_dags/example_kubernetes_executor.py
[2024-08-08T16:50:04.282-0700] {logging_mixin.py:188} INFO - [2024-08-08T16:50:04.282-0700] {example_kubernetes_executor.py:39} WARNING - The example_kubernetes_executor example DAG requires the kubernetes provider. Please install it with: pip install apache-airflow[cncf.kubernetes]
[2024-08-08T16:50:04.282-0700] {processor.py:842} WARNING - No viable dags retrieved from /Users/treylayton/Library/Python/3.9/lib/python/site-packages/airflow/example_dags/example_kubernetes_executor.py
[2024-08-08T16:50:04.328-0700] {processor.py:183} INFO - Processing /Users/treylayton/Library/Python/3.9/lib/python/site-packages/airflow/example_dags/example_kubernetes_executor.py took 0.069 seconds
[2024-08-08T16:52:01.299-0700] {processor.py:161} INFO - Started process (PID=99188) to work on /Users/treylayton/Library/Python/3.9/lib/python/site-packages/airflow/example_dags/example_kubernetes_executor.py
[2024-08-08T16:52:01.301-0700] {processor.py:830} INFO - Processing file /Users/treylayton/Library/Python/3.9/lib/python/site-packages/airflow/example_dags/example_kubernetes_executor.py for tasks to queue
[2024-08-08T16:52:01.301-0700] {logging_mixin.py:188} INFO - [2024-08-08T16:52:01.301-0700] {dagbag.py:545} INFO - Filling up the DagBag from /Users/treylayton/Library/Python/3.9/lib/python/site-packages/airflow/example_dags/example_kubernetes_executor.py
[2024-08-08T16:52:01.321-0700] {logging_mixin.py:188} INFO - [2024-08-08T16:52:01.321-0700] {example_kubernetes_executor.py:39} WARNING - The example_kubernetes_executor example DAG requires the kubernetes provider. Please install it with: pip install apache-airflow[cncf.kubernetes]
[2024-08-08T16:52:01.321-0700] {processor.py:842} WARNING - No viable dags retrieved from /Users/treylayton/Library/Python/3.9/lib/python/site-packages/airflow/example_dags/example_kubernetes_executor.py
[2024-08-08T16:52:01.367-0700] {processor.py:183} INFO - Processing /Users/treylayton/Library/Python/3.9/lib/python/site-packages/airflow/example_dags/example_kubernetes_executor.py took 0.070 seconds
[2024-08-08T16:52:26.969-0700] {processor.py:161} INFO - Started process (PID=99247) to work on /Users/treylayton/Library/Python/3.9/lib/python/site-packages/airflow/example_dags/example_kubernetes_executor.py
[2024-08-08T16:52:26.971-0700] {processor.py:830} INFO - Processing file /Users/treylayton/Library/Python/3.9/lib/python/site-packages/airflow/example_dags/example_kubernetes_executor.py for tasks to queue
[2024-08-08T16:52:26.972-0700] {logging_mixin.py:188} INFO - [2024-08-08T16:52:26.972-0700] {dagbag.py:545} INFO - Filling up the DagBag from /Users/treylayton/Library/Python/3.9/lib/python/site-packages/airflow/example_dags/example_kubernetes_executor.py
[2024-08-08T16:52:26.992-0700] {logging_mixin.py:188} INFO - [2024-08-08T16:52:26.992-0700] {example_kubernetes_executor.py:39} WARNING - The example_kubernetes_executor example DAG requires the kubernetes provider. Please install it with: pip install apache-airflow[cncf.kubernetes]
[2024-08-08T16:52:26.992-0700] {processor.py:842} WARNING - No viable dags retrieved from /Users/treylayton/Library/Python/3.9/lib/python/site-packages/airflow/example_dags/example_kubernetes_executor.py
[2024-08-08T16:52:27.044-0700] {processor.py:183} INFO - Processing /Users/treylayton/Library/Python/3.9/lib/python/site-packages/airflow/example_dags/example_kubernetes_executor.py took 0.077 seconds
[2024-08-08T16:53:46.758-0700] {processor.py:161} INFO - Started process (PID=99388) to work on /Users/treylayton/Library/Python/3.9/lib/python/site-packages/airflow/example_dags/example_kubernetes_executor.py
[2024-08-08T16:53:46.760-0700] {processor.py:830} INFO - Processing file /Users/treylayton/Library/Python/3.9/lib/python/site-packages/airflow/example_dags/example_kubernetes_executor.py for tasks to queue
[2024-08-08T16:53:46.760-0700] {logging_mixin.py:188} INFO - [2024-08-08T16:53:46.760-0700] {dagbag.py:545} INFO - Filling up the DagBag from /Users/treylayton/Library/Python/3.9/lib/python/site-packages/airflow/example_dags/example_kubernetes_executor.py
[2024-08-08T16:53:46.780-0700] {logging_mixin.py:188} INFO - [2024-08-08T16:53:46.780-0700] {example_kubernetes_executor.py:39} WARNING - The example_kubernetes_executor example DAG requires the kubernetes provider. Please install it with: pip install apache-airflow[cncf.kubernetes]
[2024-08-08T16:53:46.780-0700] {processor.py:842} WARNING - No viable dags retrieved from /Users/treylayton/Library/Python/3.9/lib/python/site-packages/airflow/example_dags/example_kubernetes_executor.py
[2024-08-08T16:53:46.830-0700] {processor.py:183} INFO - Processing /Users/treylayton/Library/Python/3.9/lib/python/site-packages/airflow/example_dags/example_kubernetes_executor.py took 0.073 seconds
[2024-08-08T16:55:00.264-0700] {processor.py:161} INFO - Started process (PID=99526) to work on /Users/treylayton/Library/Python/3.9/lib/python/site-packages/airflow/example_dags/example_kubernetes_executor.py
[2024-08-08T16:55:00.266-0700] {processor.py:830} INFO - Processing file /Users/treylayton/Library/Python/3.9/lib/python/site-packages/airflow/example_dags/example_kubernetes_executor.py for tasks to queue
[2024-08-08T16:55:00.267-0700] {logging_mixin.py:188} INFO - [2024-08-08T16:55:00.266-0700] {dagbag.py:545} INFO - Filling up the DagBag from /Users/treylayton/Library/Python/3.9/lib/python/site-packages/airflow/example_dags/example_kubernetes_executor.py
[2024-08-08T16:55:00.287-0700] {logging_mixin.py:188} INFO - [2024-08-08T16:55:00.287-0700] {example_kubernetes_executor.py:39} WARNING - The example_kubernetes_executor example DAG requires the kubernetes provider. Please install it with: pip install apache-airflow[cncf.kubernetes]
[2024-08-08T16:55:00.287-0700] {processor.py:842} WARNING - No viable dags retrieved from /Users/treylayton/Library/Python/3.9/lib/python/site-packages/airflow/example_dags/example_kubernetes_executor.py
[2024-08-08T16:55:00.335-0700] {processor.py:183} INFO - Processing /Users/treylayton/Library/Python/3.9/lib/python/site-packages/airflow/example_dags/example_kubernetes_executor.py took 0.072 seconds
[2024-08-08T16:56:14.335-0700] {processor.py:161} INFO - Started process (PID=99695) to work on /Users/treylayton/Library/Python/3.9/lib/python/site-packages/airflow/example_dags/example_kubernetes_executor.py
[2024-08-08T16:56:14.337-0700] {processor.py:830} INFO - Processing file /Users/treylayton/Library/Python/3.9/lib/python/site-packages/airflow/example_dags/example_kubernetes_executor.py for tasks to queue
[2024-08-08T16:56:14.337-0700] {logging_mixin.py:188} INFO - [2024-08-08T16:56:14.337-0700] {dagbag.py:545} INFO - Filling up the DagBag from /Users/treylayton/Library/Python/3.9/lib/python/site-packages/airflow/example_dags/example_kubernetes_executor.py
[2024-08-08T16:56:14.358-0700] {logging_mixin.py:188} INFO - [2024-08-08T16:56:14.358-0700] {example_kubernetes_executor.py:39} WARNING - The example_kubernetes_executor example DAG requires the kubernetes provider. Please install it with: pip install apache-airflow[cncf.kubernetes]
[2024-08-08T16:56:14.359-0700] {processor.py:842} WARNING - No viable dags retrieved from /Users/treylayton/Library/Python/3.9/lib/python/site-packages/airflow/example_dags/example_kubernetes_executor.py
[2024-08-08T16:56:14.411-0700] {processor.py:183} INFO - Processing /Users/treylayton/Library/Python/3.9/lib/python/site-packages/airflow/example_dags/example_kubernetes_executor.py took 0.078 seconds
[2024-08-08T16:57:27.232-0700] {processor.py:161} INFO - Started process (PID=99802) to work on /Users/treylayton/Library/Python/3.9/lib/python/site-packages/airflow/example_dags/example_kubernetes_executor.py
[2024-08-08T16:57:27.233-0700] {processor.py:830} INFO - Processing file /Users/treylayton/Library/Python/3.9/lib/python/site-packages/airflow/example_dags/example_kubernetes_executor.py for tasks to queue
[2024-08-08T16:57:27.234-0700] {logging_mixin.py:188} INFO - [2024-08-08T16:57:27.234-0700] {dagbag.py:545} INFO - Filling up the DagBag from /Users/treylayton/Library/Python/3.9/lib/python/site-packages/airflow/example_dags/example_kubernetes_executor.py
[2024-08-08T16:57:27.254-0700] {logging_mixin.py:188} INFO - [2024-08-08T16:57:27.254-0700] {example_kubernetes_executor.py:39} WARNING - The example_kubernetes_executor example DAG requires the kubernetes provider. Please install it with: pip install apache-airflow[cncf.kubernetes]
[2024-08-08T16:57:27.254-0700] {processor.py:842} WARNING - No viable dags retrieved from /Users/treylayton/Library/Python/3.9/lib/python/site-packages/airflow/example_dags/example_kubernetes_executor.py
[2024-08-08T16:57:27.301-0700] {processor.py:183} INFO - Processing /Users/treylayton/Library/Python/3.9/lib/python/site-packages/airflow/example_dags/example_kubernetes_executor.py took 0.071 seconds
[2024-08-08T16:58:44.339-0700] {processor.py:161} INFO - Started process (PID=99978) to work on /Users/treylayton/Library/Python/3.9/lib/python/site-packages/airflow/example_dags/example_kubernetes_executor.py
[2024-08-08T16:58:44.341-0700] {processor.py:830} INFO - Processing file /Users/treylayton/Library/Python/3.9/lib/python/site-packages/airflow/example_dags/example_kubernetes_executor.py for tasks to queue
[2024-08-08T16:58:44.341-0700] {logging_mixin.py:188} INFO - [2024-08-08T16:58:44.341-0700] {dagbag.py:545} INFO - Filling up the DagBag from /Users/treylayton/Library/Python/3.9/lib/python/site-packages/airflow/example_dags/example_kubernetes_executor.py
[2024-08-08T16:58:44.361-0700] {logging_mixin.py:188} INFO - [2024-08-08T16:58:44.361-0700] {example_kubernetes_executor.py:39} WARNING - The example_kubernetes_executor example DAG requires the kubernetes provider. Please install it with: pip install apache-airflow[cncf.kubernetes]
[2024-08-08T16:58:44.362-0700] {processor.py:842} WARNING - No viable dags retrieved from /Users/treylayton/Library/Python/3.9/lib/python/site-packages/airflow/example_dags/example_kubernetes_executor.py
[2024-08-08T16:58:44.409-0700] {processor.py:183} INFO - Processing /Users/treylayton/Library/Python/3.9/lib/python/site-packages/airflow/example_dags/example_kubernetes_executor.py took 0.071 seconds
[2024-08-08T16:59:54.787-0700] {processor.py:161} INFO - Started process (PID=193) to work on /Users/treylayton/Library/Python/3.9/lib/python/site-packages/airflow/example_dags/example_kubernetes_executor.py
[2024-08-08T16:59:54.789-0700] {processor.py:830} INFO - Processing file /Users/treylayton/Library/Python/3.9/lib/python/site-packages/airflow/example_dags/example_kubernetes_executor.py for tasks to queue
[2024-08-08T16:59:54.789-0700] {logging_mixin.py:188} INFO - [2024-08-08T16:59:54.789-0700] {dagbag.py:545} INFO - Filling up the DagBag from /Users/treylayton/Library/Python/3.9/lib/python/site-packages/airflow/example_dags/example_kubernetes_executor.py
[2024-08-08T16:59:54.811-0700] {logging_mixin.py:188} INFO - [2024-08-08T16:59:54.810-0700] {example_kubernetes_executor.py:39} WARNING - The example_kubernetes_executor example DAG requires the kubernetes provider. Please install it with: pip install apache-airflow[cncf.kubernetes]
[2024-08-08T16:59:54.811-0700] {processor.py:842} WARNING - No viable dags retrieved from /Users/treylayton/Library/Python/3.9/lib/python/site-packages/airflow/example_dags/example_kubernetes_executor.py
[2024-08-08T16:59:54.861-0700] {processor.py:183} INFO - Processing /Users/treylayton/Library/Python/3.9/lib/python/site-packages/airflow/example_dags/example_kubernetes_executor.py took 0.076 seconds
