[2024-08-08T16:47:39.723-0700] {processor.py:161} INFO - Started process (PID=98643) to work on /Users/treylayton/Library/Python/3.9/lib/python/site-packages/airflow/example_dags/example_task_group.py
[2024-08-08T16:47:39.724-0700] {processor.py:830} INFO - Processing file /Users/treylayton/Library/Python/3.9/lib/python/site-packages/airflow/example_dags/example_task_group.py for tasks to queue
[2024-08-08T16:47:39.725-0700] {logging_mixin.py:188} INFO - [2024-08-08T16:47:39.725-0700] {dagbag.py:545} INFO - Filling up the DagBag from /Users/treylayton/Library/Python/3.9/lib/python/site-packages/airflow/example_dags/example_task_group.py
[2024-08-08T16:47:39.730-0700] {processor.py:840} INFO - DAG(s) 'example_task_group' retrieved from /Users/treylayton/Library/Python/3.9/lib/python/site-packages/airflow/example_dags/example_task_group.py
[2024-08-08T16:47:39.835-0700] {logging_mixin.py:188} INFO - [2024-08-08T16:47:39.835-0700] {dag.py:3089} INFO - Sync 1 DAGs
[2024-08-08T16:47:39.846-0700] {logging_mixin.py:188} INFO - [2024-08-08T16:47:39.846-0700] {dag.py:3947} INFO - Setting next_dagrun for example_task_group to 2024-08-07 00:00:00+00:00, run_after=2024-08-08 00:00:00+00:00
[2024-08-08T16:47:39.858-0700] {processor.py:183} INFO - Processing /Users/treylayton/Library/Python/3.9/lib/python/site-packages/airflow/example_dags/example_task_group.py took 0.137 seconds
[2024-08-08T16:49:26.135-0700] {processor.py:161} INFO - Started process (PID=98845) to work on /Users/treylayton/Library/Python/3.9/lib/python/site-packages/airflow/example_dags/example_task_group.py
[2024-08-08T16:49:26.137-0700] {processor.py:830} INFO - Processing file /Users/treylayton/Library/Python/3.9/lib/python/site-packages/airflow/example_dags/example_task_group.py for tasks to queue
[2024-08-08T16:49:26.137-0700] {logging_mixin.py:188} INFO - [2024-08-08T16:49:26.137-0700] {dagbag.py:545} INFO - Filling up the DagBag from /Users/treylayton/Library/Python/3.9/lib/python/site-packages/airflow/example_dags/example_task_group.py
[2024-08-08T16:49:26.142-0700] {processor.py:840} INFO - DAG(s) 'example_task_group' retrieved from /Users/treylayton/Library/Python/3.9/lib/python/site-packages/airflow/example_dags/example_task_group.py
[2024-08-08T16:49:26.152-0700] {logging_mixin.py:188} INFO - [2024-08-08T16:49:26.152-0700] {dag.py:3089} INFO - Sync 1 DAGs
[2024-08-08T16:49:26.212-0700] {logging_mixin.py:188} INFO - [2024-08-08T16:49:26.212-0700] {dag.py:3947} INFO - Setting next_dagrun for example_task_group to 2024-08-07 00:00:00+00:00, run_after=2024-08-08 00:00:00+00:00
[2024-08-08T16:49:26.236-0700] {processor.py:183} INFO - Processing /Users/treylayton/Library/Python/3.9/lib/python/site-packages/airflow/example_dags/example_task_group.py took 0.103 seconds
[2024-08-08T16:50:40.687-0700] {processor.py:161} INFO - Started process (PID=99039) to work on /Users/treylayton/Library/Python/3.9/lib/python/site-packages/airflow/example_dags/example_task_group.py
[2024-08-08T16:50:40.689-0700] {processor.py:830} INFO - Processing file /Users/treylayton/Library/Python/3.9/lib/python/site-packages/airflow/example_dags/example_task_group.py for tasks to queue
[2024-08-08T16:50:40.689-0700] {logging_mixin.py:188} INFO - [2024-08-08T16:50:40.689-0700] {dagbag.py:545} INFO - Filling up the DagBag from /Users/treylayton/Library/Python/3.9/lib/python/site-packages/airflow/example_dags/example_task_group.py
[2024-08-08T16:50:40.695-0700] {processor.py:840} INFO - DAG(s) 'example_task_group' retrieved from /Users/treylayton/Library/Python/3.9/lib/python/site-packages/airflow/example_dags/example_task_group.py
[2024-08-08T16:50:40.797-0700] {logging_mixin.py:188} INFO - [2024-08-08T16:50:40.797-0700] {dag.py:3089} INFO - Sync 1 DAGs
[2024-08-08T16:50:40.808-0700] {logging_mixin.py:188} INFO - [2024-08-08T16:50:40.808-0700] {dag.py:3947} INFO - Setting next_dagrun for example_task_group to 2024-08-07 00:00:00+00:00, run_after=2024-08-08 00:00:00+00:00
[2024-08-08T16:50:40.820-0700] {processor.py:183} INFO - Processing /Users/treylayton/Library/Python/3.9/lib/python/site-packages/airflow/example_dags/example_task_group.py took 0.134 seconds
[2024-08-08T16:51:23.742-0700] {processor.py:161} INFO - Started process (PID=99123) to work on /Users/treylayton/Library/Python/3.9/lib/python/site-packages/airflow/example_dags/example_task_group.py
[2024-08-08T16:51:23.744-0700] {processor.py:830} INFO - Processing file /Users/treylayton/Library/Python/3.9/lib/python/site-packages/airflow/example_dags/example_task_group.py for tasks to queue
[2024-08-08T16:51:23.744-0700] {logging_mixin.py:188} INFO - [2024-08-08T16:51:23.744-0700] {dagbag.py:545} INFO - Filling up the DagBag from /Users/treylayton/Library/Python/3.9/lib/python/site-packages/airflow/example_dags/example_task_group.py
[2024-08-08T16:51:23.749-0700] {processor.py:840} INFO - DAG(s) 'example_task_group' retrieved from /Users/treylayton/Library/Python/3.9/lib/python/site-packages/airflow/example_dags/example_task_group.py
[2024-08-08T16:51:23.807-0700] {logging_mixin.py:188} INFO - [2024-08-08T16:51:23.807-0700] {dag.py:3089} INFO - Sync 1 DAGs
[2024-08-08T16:51:23.818-0700] {logging_mixin.py:188} INFO - [2024-08-08T16:51:23.818-0700] {dag.py:3947} INFO - Setting next_dagrun for example_task_group to 2024-08-07 00:00:00+00:00, run_after=2024-08-08 00:00:00+00:00
[2024-08-08T16:51:23.830-0700] {processor.py:183} INFO - Processing /Users/treylayton/Library/Python/3.9/lib/python/site-packages/airflow/example_dags/example_task_group.py took 0.090 seconds
[2024-08-08T16:51:52.384-0700] {processor.py:161} INFO - Started process (PID=99171) to work on /Users/treylayton/Library/Python/3.9/lib/python/site-packages/airflow/example_dags/example_task_group.py
[2024-08-08T16:51:52.386-0700] {processor.py:830} INFO - Processing file /Users/treylayton/Library/Python/3.9/lib/python/site-packages/airflow/example_dags/example_task_group.py for tasks to queue
[2024-08-08T16:51:52.386-0700] {logging_mixin.py:188} INFO - [2024-08-08T16:51:52.386-0700] {dagbag.py:545} INFO - Filling up the DagBag from /Users/treylayton/Library/Python/3.9/lib/python/site-packages/airflow/example_dags/example_task_group.py
[2024-08-08T16:51:52.391-0700] {processor.py:840} INFO - DAG(s) 'example_task_group' retrieved from /Users/treylayton/Library/Python/3.9/lib/python/site-packages/airflow/example_dags/example_task_group.py
[2024-08-08T16:51:52.449-0700] {logging_mixin.py:188} INFO - [2024-08-08T16:51:52.449-0700] {dag.py:3089} INFO - Sync 1 DAGs
[2024-08-08T16:51:52.461-0700] {logging_mixin.py:188} INFO - [2024-08-08T16:51:52.461-0700] {dag.py:3947} INFO - Setting next_dagrun for example_task_group to 2024-08-07 00:00:00+00:00, run_after=2024-08-08 00:00:00+00:00
[2024-08-08T16:51:52.474-0700] {processor.py:183} INFO - Processing /Users/treylayton/Library/Python/3.9/lib/python/site-packages/airflow/example_dags/example_task_group.py took 0.092 seconds
[2024-08-08T16:53:05.782-0700] {processor.py:161} INFO - Started process (PID=99324) to work on /Users/treylayton/Library/Python/3.9/lib/python/site-packages/airflow/example_dags/example_task_group.py
[2024-08-08T16:53:05.783-0700] {processor.py:830} INFO - Processing file /Users/treylayton/Library/Python/3.9/lib/python/site-packages/airflow/example_dags/example_task_group.py for tasks to queue
[2024-08-08T16:53:05.784-0700] {logging_mixin.py:188} INFO - [2024-08-08T16:53:05.784-0700] {dagbag.py:545} INFO - Filling up the DagBag from /Users/treylayton/Library/Python/3.9/lib/python/site-packages/airflow/example_dags/example_task_group.py
[2024-08-08T16:53:05.789-0700] {processor.py:840} INFO - DAG(s) 'example_task_group' retrieved from /Users/treylayton/Library/Python/3.9/lib/python/site-packages/airflow/example_dags/example_task_group.py
[2024-08-08T16:53:05.844-0700] {logging_mixin.py:188} INFO - [2024-08-08T16:53:05.844-0700] {dag.py:3089} INFO - Sync 1 DAGs
[2024-08-08T16:53:05.855-0700] {logging_mixin.py:188} INFO - [2024-08-08T16:53:05.855-0700] {dag.py:3947} INFO - Setting next_dagrun for example_task_group to 2024-08-07 00:00:00+00:00, run_after=2024-08-08 00:00:00+00:00
[2024-08-08T16:53:05.866-0700] {processor.py:183} INFO - Processing /Users/treylayton/Library/Python/3.9/lib/python/site-packages/airflow/example_dags/example_task_group.py took 0.086 seconds
[2024-08-08T16:53:07.646-0700] {processor.py:161} INFO - Started process (PID=99326) to work on /Users/treylayton/Library/Python/3.9/lib/python/site-packages/airflow/example_dags/example_task_group.py
[2024-08-08T16:53:07.648-0700] {processor.py:830} INFO - Processing file /Users/treylayton/Library/Python/3.9/lib/python/site-packages/airflow/example_dags/example_task_group.py for tasks to queue
[2024-08-08T16:53:07.648-0700] {logging_mixin.py:188} INFO - [2024-08-08T16:53:07.648-0700] {dagbag.py:545} INFO - Filling up the DagBag from /Users/treylayton/Library/Python/3.9/lib/python/site-packages/airflow/example_dags/example_task_group.py
[2024-08-08T16:53:07.654-0700] {processor.py:840} INFO - DAG(s) 'example_task_group' retrieved from /Users/treylayton/Library/Python/3.9/lib/python/site-packages/airflow/example_dags/example_task_group.py
[2024-08-08T16:53:07.717-0700] {logging_mixin.py:188} INFO - [2024-08-08T16:53:07.717-0700] {dag.py:3089} INFO - Sync 1 DAGs
[2024-08-08T16:53:07.729-0700] {logging_mixin.py:188} INFO - [2024-08-08T16:53:07.729-0700] {dag.py:3947} INFO - Setting next_dagrun for example_task_group to 2024-08-07 00:00:00+00:00, run_after=2024-08-08 00:00:00+00:00
[2024-08-08T16:53:07.743-0700] {processor.py:183} INFO - Processing /Users/treylayton/Library/Python/3.9/lib/python/site-packages/airflow/example_dags/example_task_group.py took 0.099 seconds
[2024-08-08T16:54:22.368-0700] {processor.py:161} INFO - Started process (PID=99458) to work on /Users/treylayton/Library/Python/3.9/lib/python/site-packages/airflow/example_dags/example_task_group.py
[2024-08-08T16:54:22.369-0700] {processor.py:830} INFO - Processing file /Users/treylayton/Library/Python/3.9/lib/python/site-packages/airflow/example_dags/example_task_group.py for tasks to queue
[2024-08-08T16:54:22.370-0700] {logging_mixin.py:188} INFO - [2024-08-08T16:54:22.370-0700] {dagbag.py:545} INFO - Filling up the DagBag from /Users/treylayton/Library/Python/3.9/lib/python/site-packages/airflow/example_dags/example_task_group.py
[2024-08-08T16:54:22.374-0700] {processor.py:840} INFO - DAG(s) 'example_task_group' retrieved from /Users/treylayton/Library/Python/3.9/lib/python/site-packages/airflow/example_dags/example_task_group.py
[2024-08-08T16:54:22.433-0700] {logging_mixin.py:188} INFO - [2024-08-08T16:54:22.433-0700] {dag.py:3089} INFO - Sync 1 DAGs
[2024-08-08T16:54:22.444-0700] {logging_mixin.py:188} INFO - [2024-08-08T16:54:22.444-0700] {dag.py:3947} INFO - Setting next_dagrun for example_task_group to 2024-08-07 00:00:00+00:00, run_after=2024-08-08 00:00:00+00:00
[2024-08-08T16:54:22.455-0700] {processor.py:183} INFO - Processing /Users/treylayton/Library/Python/3.9/lib/python/site-packages/airflow/example_dags/example_task_group.py took 0.089 seconds
[2024-08-08T16:54:22.900-0700] {processor.py:161} INFO - Started process (PID=99459) to work on /Users/treylayton/Library/Python/3.9/lib/python/site-packages/airflow/example_dags/example_task_group.py
[2024-08-08T16:54:22.902-0700] {processor.py:830} INFO - Processing file /Users/treylayton/Library/Python/3.9/lib/python/site-packages/airflow/example_dags/example_task_group.py for tasks to queue
[2024-08-08T16:54:22.902-0700] {logging_mixin.py:188} INFO - [2024-08-08T16:54:22.902-0700] {dagbag.py:545} INFO - Filling up the DagBag from /Users/treylayton/Library/Python/3.9/lib/python/site-packages/airflow/example_dags/example_task_group.py
[2024-08-08T16:54:22.907-0700] {processor.py:840} INFO - DAG(s) 'example_task_group' retrieved from /Users/treylayton/Library/Python/3.9/lib/python/site-packages/airflow/example_dags/example_task_group.py
[2024-08-08T16:54:22.967-0700] {logging_mixin.py:188} INFO - [2024-08-08T16:54:22.966-0700] {dag.py:3089} INFO - Sync 1 DAGs
[2024-08-08T16:54:22.978-0700] {logging_mixin.py:188} INFO - [2024-08-08T16:54:22.978-0700] {dag.py:3947} INFO - Setting next_dagrun for example_task_group to 2024-08-07 00:00:00+00:00, run_after=2024-08-08 00:00:00+00:00
[2024-08-08T16:54:22.990-0700] {processor.py:183} INFO - Processing /Users/treylayton/Library/Python/3.9/lib/python/site-packages/airflow/example_dags/example_task_group.py took 0.092 seconds
[2024-08-08T16:55:35.955-0700] {processor.py:161} INFO - Started process (PID=99601) to work on /Users/treylayton/Library/Python/3.9/lib/python/site-packages/airflow/example_dags/example_task_group.py
[2024-08-08T16:55:35.957-0700] {processor.py:830} INFO - Processing file /Users/treylayton/Library/Python/3.9/lib/python/site-packages/airflow/example_dags/example_task_group.py for tasks to queue
[2024-08-08T16:55:35.957-0700] {logging_mixin.py:188} INFO - [2024-08-08T16:55:35.957-0700] {dagbag.py:545} INFO - Filling up the DagBag from /Users/treylayton/Library/Python/3.9/lib/python/site-packages/airflow/example_dags/example_task_group.py
[2024-08-08T16:55:35.962-0700] {processor.py:840} INFO - DAG(s) 'example_task_group' retrieved from /Users/treylayton/Library/Python/3.9/lib/python/site-packages/airflow/example_dags/example_task_group.py
[2024-08-08T16:55:36.021-0700] {logging_mixin.py:188} INFO - [2024-08-08T16:55:36.021-0700] {dag.py:3089} INFO - Sync 1 DAGs
[2024-08-08T16:55:36.031-0700] {logging_mixin.py:188} INFO - [2024-08-08T16:55:36.031-0700] {dag.py:3947} INFO - Setting next_dagrun for example_task_group to 2024-08-07 00:00:00+00:00, run_after=2024-08-08 00:00:00+00:00
[2024-08-08T16:55:36.044-0700] {processor.py:183} INFO - Processing /Users/treylayton/Library/Python/3.9/lib/python/site-packages/airflow/example_dags/example_task_group.py took 0.091 seconds
[2024-08-08T16:55:36.716-0700] {processor.py:161} INFO - Started process (PID=99602) to work on /Users/treylayton/Library/Python/3.9/lib/python/site-packages/airflow/example_dags/example_task_group.py
[2024-08-08T16:55:36.717-0700] {processor.py:830} INFO - Processing file /Users/treylayton/Library/Python/3.9/lib/python/site-packages/airflow/example_dags/example_task_group.py for tasks to queue
[2024-08-08T16:55:36.718-0700] {logging_mixin.py:188} INFO - [2024-08-08T16:55:36.718-0700] {dagbag.py:545} INFO - Filling up the DagBag from /Users/treylayton/Library/Python/3.9/lib/python/site-packages/airflow/example_dags/example_task_group.py
[2024-08-08T16:55:36.723-0700] {processor.py:840} INFO - DAG(s) 'example_task_group' retrieved from /Users/treylayton/Library/Python/3.9/lib/python/site-packages/airflow/example_dags/example_task_group.py
[2024-08-08T16:55:36.780-0700] {logging_mixin.py:188} INFO - [2024-08-08T16:55:36.780-0700] {dag.py:3089} INFO - Sync 1 DAGs
[2024-08-08T16:55:36.791-0700] {logging_mixin.py:188} INFO - [2024-08-08T16:55:36.791-0700] {dag.py:3947} INFO - Setting next_dagrun for example_task_group to 2024-08-07 00:00:00+00:00, run_after=2024-08-08 00:00:00+00:00
[2024-08-08T16:55:36.803-0700] {processor.py:183} INFO - Processing /Users/treylayton/Library/Python/3.9/lib/python/site-packages/airflow/example_dags/example_task_group.py took 0.089 seconds
[2024-08-08T16:56:51.192-0700] {processor.py:161} INFO - Started process (PID=99737) to work on /Users/treylayton/Library/Python/3.9/lib/python/site-packages/airflow/example_dags/example_task_group.py
[2024-08-08T16:56:51.194-0700] {processor.py:830} INFO - Processing file /Users/treylayton/Library/Python/3.9/lib/python/site-packages/airflow/example_dags/example_task_group.py for tasks to queue
[2024-08-08T16:56:51.195-0700] {logging_mixin.py:188} INFO - [2024-08-08T16:56:51.195-0700] {dagbag.py:545} INFO - Filling up the DagBag from /Users/treylayton/Library/Python/3.9/lib/python/site-packages/airflow/example_dags/example_task_group.py
[2024-08-08T16:56:51.199-0700] {processor.py:840} INFO - DAG(s) 'example_task_group' retrieved from /Users/treylayton/Library/Python/3.9/lib/python/site-packages/airflow/example_dags/example_task_group.py
[2024-08-08T16:56:51.260-0700] {logging_mixin.py:188} INFO - [2024-08-08T16:56:51.259-0700] {dag.py:3089} INFO - Sync 1 DAGs
[2024-08-08T16:56:51.272-0700] {logging_mixin.py:188} INFO - [2024-08-08T16:56:51.272-0700] {dag.py:3947} INFO - Setting next_dagrun for example_task_group to 2024-08-07 00:00:00+00:00, run_after=2024-08-08 00:00:00+00:00
[2024-08-08T16:56:51.285-0700] {processor.py:183} INFO - Processing /Users/treylayton/Library/Python/3.9/lib/python/site-packages/airflow/example_dags/example_task_group.py took 0.095 seconds
[2024-08-08T16:56:52.183-0700] {processor.py:161} INFO - Started process (PID=99738) to work on /Users/treylayton/Library/Python/3.9/lib/python/site-packages/airflow/example_dags/example_task_group.py
[2024-08-08T16:56:52.184-0700] {processor.py:830} INFO - Processing file /Users/treylayton/Library/Python/3.9/lib/python/site-packages/airflow/example_dags/example_task_group.py for tasks to queue
[2024-08-08T16:56:52.185-0700] {logging_mixin.py:188} INFO - [2024-08-08T16:56:52.185-0700] {dagbag.py:545} INFO - Filling up the DagBag from /Users/treylayton/Library/Python/3.9/lib/python/site-packages/airflow/example_dags/example_task_group.py
[2024-08-08T16:56:52.190-0700] {processor.py:840} INFO - DAG(s) 'example_task_group' retrieved from /Users/treylayton/Library/Python/3.9/lib/python/site-packages/airflow/example_dags/example_task_group.py
[2024-08-08T16:56:52.252-0700] {logging_mixin.py:188} INFO - [2024-08-08T16:56:52.251-0700] {dag.py:3089} INFO - Sync 1 DAGs
[2024-08-08T16:56:52.263-0700] {logging_mixin.py:188} INFO - [2024-08-08T16:56:52.262-0700] {dag.py:3947} INFO - Setting next_dagrun for example_task_group to 2024-08-07 00:00:00+00:00, run_after=2024-08-08 00:00:00+00:00
[2024-08-08T16:56:52.274-0700] {processor.py:183} INFO - Processing /Users/treylayton/Library/Python/3.9/lib/python/site-packages/airflow/example_dags/example_task_group.py took 0.094 seconds
[2024-08-08T16:58:04.997-0700] {processor.py:161} INFO - Started process (PID=99884) to work on /Users/treylayton/Library/Python/3.9/lib/python/site-packages/airflow/example_dags/example_task_group.py
[2024-08-08T16:58:05.000-0700] {processor.py:830} INFO - Processing file /Users/treylayton/Library/Python/3.9/lib/python/site-packages/airflow/example_dags/example_task_group.py for tasks to queue
[2024-08-08T16:58:05.000-0700] {logging_mixin.py:188} INFO - [2024-08-08T16:58:05.000-0700] {dagbag.py:545} INFO - Filling up the DagBag from /Users/treylayton/Library/Python/3.9/lib/python/site-packages/airflow/example_dags/example_task_group.py
[2024-08-08T16:58:05.006-0700] {processor.py:840} INFO - DAG(s) 'example_task_group' retrieved from /Users/treylayton/Library/Python/3.9/lib/python/site-packages/airflow/example_dags/example_task_group.py
[2024-08-08T16:58:05.066-0700] {logging_mixin.py:188} INFO - [2024-08-08T16:58:05.066-0700] {dag.py:3089} INFO - Sync 1 DAGs
[2024-08-08T16:58:05.077-0700] {logging_mixin.py:188} INFO - [2024-08-08T16:58:05.077-0700] {dag.py:3947} INFO - Setting next_dagrun for example_task_group to 2024-08-07 00:00:00+00:00, run_after=2024-08-08 00:00:00+00:00
[2024-08-08T16:58:05.090-0700] {processor.py:183} INFO - Processing /Users/treylayton/Library/Python/3.9/lib/python/site-packages/airflow/example_dags/example_task_group.py took 0.095 seconds
[2024-08-08T16:58:05.556-0700] {processor.py:161} INFO - Started process (PID=99885) to work on /Users/treylayton/Library/Python/3.9/lib/python/site-packages/airflow/example_dags/example_task_group.py
[2024-08-08T16:58:05.558-0700] {processor.py:830} INFO - Processing file /Users/treylayton/Library/Python/3.9/lib/python/site-packages/airflow/example_dags/example_task_group.py for tasks to queue
[2024-08-08T16:58:05.558-0700] {logging_mixin.py:188} INFO - [2024-08-08T16:58:05.558-0700] {dagbag.py:545} INFO - Filling up the DagBag from /Users/treylayton/Library/Python/3.9/lib/python/site-packages/airflow/example_dags/example_task_group.py
[2024-08-08T16:58:05.563-0700] {processor.py:840} INFO - DAG(s) 'example_task_group' retrieved from /Users/treylayton/Library/Python/3.9/lib/python/site-packages/airflow/example_dags/example_task_group.py
[2024-08-08T16:58:05.627-0700] {logging_mixin.py:188} INFO - [2024-08-08T16:58:05.627-0700] {dag.py:3089} INFO - Sync 1 DAGs
[2024-08-08T16:58:05.639-0700] {logging_mixin.py:188} INFO - [2024-08-08T16:58:05.639-0700] {dag.py:3947} INFO - Setting next_dagrun for example_task_group to 2024-08-07 00:00:00+00:00, run_after=2024-08-08 00:00:00+00:00
[2024-08-08T16:58:05.652-0700] {processor.py:183} INFO - Processing /Users/treylayton/Library/Python/3.9/lib/python/site-packages/airflow/example_dags/example_task_group.py took 0.098 seconds
[2024-08-08T16:59:18.470-0700] {processor.py:161} INFO - Started process (PID=152) to work on /Users/treylayton/Library/Python/3.9/lib/python/site-packages/airflow/example_dags/example_task_group.py
[2024-08-08T16:59:18.472-0700] {processor.py:830} INFO - Processing file /Users/treylayton/Library/Python/3.9/lib/python/site-packages/airflow/example_dags/example_task_group.py for tasks to queue
[2024-08-08T16:59:18.472-0700] {logging_mixin.py:188} INFO - [2024-08-08T16:59:18.472-0700] {dagbag.py:545} INFO - Filling up the DagBag from /Users/treylayton/Library/Python/3.9/lib/python/site-packages/airflow/example_dags/example_task_group.py
[2024-08-08T16:59:18.477-0700] {processor.py:840} INFO - DAG(s) 'example_task_group' retrieved from /Users/treylayton/Library/Python/3.9/lib/python/site-packages/airflow/example_dags/example_task_group.py
[2024-08-08T16:59:18.537-0700] {logging_mixin.py:188} INFO - [2024-08-08T16:59:18.537-0700] {dag.py:3089} INFO - Sync 1 DAGs
[2024-08-08T16:59:18.549-0700] {logging_mixin.py:188} INFO - [2024-08-08T16:59:18.549-0700] {dag.py:3947} INFO - Setting next_dagrun for example_task_group to 2024-08-07 00:00:00+00:00, run_after=2024-08-08 00:00:00+00:00
[2024-08-08T16:59:18.563-0700] {processor.py:183} INFO - Processing /Users/treylayton/Library/Python/3.9/lib/python/site-packages/airflow/example_dags/example_task_group.py took 0.094 seconds
[2024-08-08T16:59:20.020-0700] {processor.py:161} INFO - Started process (PID=153) to work on /Users/treylayton/Library/Python/3.9/lib/python/site-packages/airflow/example_dags/example_task_group.py
[2024-08-08T16:59:20.022-0700] {processor.py:830} INFO - Processing file /Users/treylayton/Library/Python/3.9/lib/python/site-packages/airflow/example_dags/example_task_group.py for tasks to queue
[2024-08-08T16:59:20.022-0700] {logging_mixin.py:188} INFO - [2024-08-08T16:59:20.022-0700] {dagbag.py:545} INFO - Filling up the DagBag from /Users/treylayton/Library/Python/3.9/lib/python/site-packages/airflow/example_dags/example_task_group.py
[2024-08-08T16:59:20.028-0700] {processor.py:840} INFO - DAG(s) 'example_task_group' retrieved from /Users/treylayton/Library/Python/3.9/lib/python/site-packages/airflow/example_dags/example_task_group.py
[2024-08-08T16:59:20.086-0700] {logging_mixin.py:188} INFO - [2024-08-08T16:59:20.086-0700] {dag.py:3089} INFO - Sync 1 DAGs
[2024-08-08T16:59:20.096-0700] {logging_mixin.py:188} INFO - [2024-08-08T16:59:20.096-0700] {dag.py:3947} INFO - Setting next_dagrun for example_task_group to 2024-08-07 00:00:00+00:00, run_after=2024-08-08 00:00:00+00:00
[2024-08-08T16:59:20.109-0700] {processor.py:183} INFO - Processing /Users/treylayton/Library/Python/3.9/lib/python/site-packages/airflow/example_dags/example_task_group.py took 0.090 seconds
