[2024-08-08T16:48:15.018-0700] {processor.py:161} INFO - Started process (PID=98721) to work on /Users/treylayton/Library/Python/3.9/lib/python/site-packages/airflow/example_dags/example_latest_only_with_trigger.py
[2024-08-08T16:48:15.019-0700] {processor.py:830} INFO - Processing file /Users/treylayton/Library/Python/3.9/lib/python/site-packages/airflow/example_dags/example_latest_only_with_trigger.py for tasks to queue
[2024-08-08T16:48:15.020-0700] {logging_mixin.py:188} INFO - [2024-08-08T16:48:15.020-0700] {dagbag.py:545} INFO - Filling up the DagBag from /Users/treylayton/Library/Python/3.9/lib/python/site-packages/airflow/example_dags/example_latest_only_with_trigger.py
[2024-08-08T16:48:15.024-0700] {processor.py:840} INFO - DAG(s) 'latest_only_with_trigger' retrieved from /Users/treylayton/Library/Python/3.9/lib/python/site-packages/airflow/example_dags/example_latest_only_with_trigger.py
[2024-08-08T16:48:15.126-0700] {logging_mixin.py:188} INFO - [2024-08-08T16:48:15.126-0700] {dag.py:3089} INFO - Sync 1 DAGs
[2024-08-08T16:48:15.137-0700] {logging_mixin.py:188} INFO - [2024-08-08T16:48:15.137-0700] {dag.py:3947} INFO - Setting next_dagrun for latest_only_with_trigger to 2024-08-08 16:00:00+00:00, run_after=2024-08-08 20:00:00+00:00
[2024-08-08T16:48:15.148-0700] {processor.py:183} INFO - Processing /Users/treylayton/Library/Python/3.9/lib/python/site-packages/airflow/example_dags/example_latest_only_with_trigger.py took 0.132 seconds
[2024-08-08T16:49:59.864-0700] {processor.py:161} INFO - Started process (PID=98921) to work on /Users/treylayton/Library/Python/3.9/lib/python/site-packages/airflow/example_dags/example_latest_only_with_trigger.py
[2024-08-08T16:49:59.865-0700] {processor.py:830} INFO - Processing file /Users/treylayton/Library/Python/3.9/lib/python/site-packages/airflow/example_dags/example_latest_only_with_trigger.py for tasks to queue
[2024-08-08T16:49:59.866-0700] {logging_mixin.py:188} INFO - [2024-08-08T16:49:59.866-0700] {dagbag.py:545} INFO - Filling up the DagBag from /Users/treylayton/Library/Python/3.9/lib/python/site-packages/airflow/example_dags/example_latest_only_with_trigger.py
[2024-08-08T16:49:59.871-0700] {processor.py:840} INFO - DAG(s) 'latest_only_with_trigger' retrieved from /Users/treylayton/Library/Python/3.9/lib/python/site-packages/airflow/example_dags/example_latest_only_with_trigger.py
[2024-08-08T16:49:59.975-0700] {logging_mixin.py:188} INFO - [2024-08-08T16:49:59.974-0700] {dag.py:3089} INFO - Sync 1 DAGs
[2024-08-08T16:49:59.985-0700] {logging_mixin.py:188} INFO - [2024-08-08T16:49:59.985-0700] {dag.py:3947} INFO - Setting next_dagrun for latest_only_with_trigger to 2024-08-08 16:00:00+00:00, run_after=2024-08-08 20:00:00+00:00
[2024-08-08T16:49:59.996-0700] {processor.py:183} INFO - Processing /Users/treylayton/Library/Python/3.9/lib/python/site-packages/airflow/example_dags/example_latest_only_with_trigger.py took 0.135 seconds
[2024-08-08T16:51:57.898-0700] {processor.py:161} INFO - Started process (PID=99184) to work on /Users/treylayton/Library/Python/3.9/lib/python/site-packages/airflow/example_dags/example_latest_only_with_trigger.py
[2024-08-08T16:51:57.900-0700] {processor.py:830} INFO - Processing file /Users/treylayton/Library/Python/3.9/lib/python/site-packages/airflow/example_dags/example_latest_only_with_trigger.py for tasks to queue
[2024-08-08T16:51:57.900-0700] {logging_mixin.py:188} INFO - [2024-08-08T16:51:57.900-0700] {dagbag.py:545} INFO - Filling up the DagBag from /Users/treylayton/Library/Python/3.9/lib/python/site-packages/airflow/example_dags/example_latest_only_with_trigger.py
[2024-08-08T16:51:57.905-0700] {processor.py:840} INFO - DAG(s) 'latest_only_with_trigger' retrieved from /Users/treylayton/Library/Python/3.9/lib/python/site-packages/airflow/example_dags/example_latest_only_with_trigger.py
[2024-08-08T16:51:57.963-0700] {logging_mixin.py:188} INFO - [2024-08-08T16:51:57.963-0700] {dag.py:3089} INFO - Sync 1 DAGs
[2024-08-08T16:51:57.975-0700] {logging_mixin.py:188} INFO - [2024-08-08T16:51:57.974-0700] {dag.py:3947} INFO - Setting next_dagrun for latest_only_with_trigger to 2024-08-08 16:00:00+00:00, run_after=2024-08-08 20:00:00+00:00
[2024-08-08T16:51:57.988-0700] {processor.py:183} INFO - Processing /Users/treylayton/Library/Python/3.9/lib/python/site-packages/airflow/example_dags/example_latest_only_with_trigger.py took 0.092 seconds
[2024-08-08T16:52:22.710-0700] {processor.py:161} INFO - Started process (PID=99242) to work on /Users/treylayton/Library/Python/3.9/lib/python/site-packages/airflow/example_dags/example_latest_only_with_trigger.py
[2024-08-08T16:52:22.712-0700] {processor.py:830} INFO - Processing file /Users/treylayton/Library/Python/3.9/lib/python/site-packages/airflow/example_dags/example_latest_only_with_trigger.py for tasks to queue
[2024-08-08T16:52:22.712-0700] {logging_mixin.py:188} INFO - [2024-08-08T16:52:22.712-0700] {dagbag.py:545} INFO - Filling up the DagBag from /Users/treylayton/Library/Python/3.9/lib/python/site-packages/airflow/example_dags/example_latest_only_with_trigger.py
[2024-08-08T16:52:22.717-0700] {processor.py:840} INFO - DAG(s) 'latest_only_with_trigger' retrieved from /Users/treylayton/Library/Python/3.9/lib/python/site-packages/airflow/example_dags/example_latest_only_with_trigger.py
[2024-08-08T16:52:22.780-0700] {logging_mixin.py:188} INFO - [2024-08-08T16:52:22.780-0700] {dag.py:3089} INFO - Sync 1 DAGs
[2024-08-08T16:52:22.793-0700] {logging_mixin.py:188} INFO - [2024-08-08T16:52:22.793-0700] {dag.py:3947} INFO - Setting next_dagrun for latest_only_with_trigger to 2024-08-08 16:00:00+00:00, run_after=2024-08-08 20:00:00+00:00
[2024-08-08T16:52:22.807-0700] {processor.py:183} INFO - Processing /Users/treylayton/Library/Python/3.9/lib/python/site-packages/airflow/example_dags/example_latest_only_with_trigger.py took 0.098 seconds
[2024-08-08T16:53:42.413-0700] {processor.py:161} INFO - Started process (PID=99370) to work on /Users/treylayton/Library/Python/3.9/lib/python/site-packages/airflow/example_dags/example_latest_only_with_trigger.py
[2024-08-08T16:53:42.415-0700] {processor.py:830} INFO - Processing file /Users/treylayton/Library/Python/3.9/lib/python/site-packages/airflow/example_dags/example_latest_only_with_trigger.py for tasks to queue
[2024-08-08T16:53:42.415-0700] {logging_mixin.py:188} INFO - [2024-08-08T16:53:42.415-0700] {dagbag.py:545} INFO - Filling up the DagBag from /Users/treylayton/Library/Python/3.9/lib/python/site-packages/airflow/example_dags/example_latest_only_with_trigger.py
[2024-08-08T16:53:42.420-0700] {processor.py:840} INFO - DAG(s) 'latest_only_with_trigger' retrieved from /Users/treylayton/Library/Python/3.9/lib/python/site-packages/airflow/example_dags/example_latest_only_with_trigger.py
[2024-08-08T16:53:42.477-0700] {logging_mixin.py:188} INFO - [2024-08-08T16:53:42.477-0700] {dag.py:3089} INFO - Sync 1 DAGs
[2024-08-08T16:53:42.489-0700] {logging_mixin.py:188} INFO - [2024-08-08T16:53:42.489-0700] {dag.py:3947} INFO - Setting next_dagrun for latest_only_with_trigger to 2024-08-08 16:00:00+00:00, run_after=2024-08-08 20:00:00+00:00
[2024-08-08T16:53:42.501-0700] {processor.py:183} INFO - Processing /Users/treylayton/Library/Python/3.9/lib/python/site-packages/airflow/example_dags/example_latest_only_with_trigger.py took 0.089 seconds
[2024-08-08T16:54:56.317-0700] {processor.py:161} INFO - Started process (PID=99518) to work on /Users/treylayton/Library/Python/3.9/lib/python/site-packages/airflow/example_dags/example_latest_only_with_trigger.py
[2024-08-08T16:54:56.319-0700] {processor.py:830} INFO - Processing file /Users/treylayton/Library/Python/3.9/lib/python/site-packages/airflow/example_dags/example_latest_only_with_trigger.py for tasks to queue
[2024-08-08T16:54:56.319-0700] {logging_mixin.py:188} INFO - [2024-08-08T16:54:56.319-0700] {dagbag.py:545} INFO - Filling up the DagBag from /Users/treylayton/Library/Python/3.9/lib/python/site-packages/airflow/example_dags/example_latest_only_with_trigger.py
[2024-08-08T16:54:56.324-0700] {processor.py:840} INFO - DAG(s) 'latest_only_with_trigger' retrieved from /Users/treylayton/Library/Python/3.9/lib/python/site-packages/airflow/example_dags/example_latest_only_with_trigger.py
[2024-08-08T16:54:56.380-0700] {logging_mixin.py:188} INFO - [2024-08-08T16:54:56.380-0700] {dag.py:3089} INFO - Sync 1 DAGs
[2024-08-08T16:54:56.391-0700] {logging_mixin.py:188} INFO - [2024-08-08T16:54:56.391-0700] {dag.py:3947} INFO - Setting next_dagrun for latest_only_with_trigger to 2024-08-08 16:00:00+00:00, run_after=2024-08-08 20:00:00+00:00
[2024-08-08T16:54:56.403-0700] {processor.py:183} INFO - Processing /Users/treylayton/Library/Python/3.9/lib/python/site-packages/airflow/example_dags/example_latest_only_with_trigger.py took 0.087 seconds
[2024-08-08T16:56:10.323-0700] {processor.py:161} INFO - Started process (PID=99678) to work on /Users/treylayton/Library/Python/3.9/lib/python/site-packages/airflow/example_dags/example_latest_only_with_trigger.py
[2024-08-08T16:56:10.324-0700] {processor.py:830} INFO - Processing file /Users/treylayton/Library/Python/3.9/lib/python/site-packages/airflow/example_dags/example_latest_only_with_trigger.py for tasks to queue
[2024-08-08T16:56:10.325-0700] {logging_mixin.py:188} INFO - [2024-08-08T16:56:10.325-0700] {dagbag.py:545} INFO - Filling up the DagBag from /Users/treylayton/Library/Python/3.9/lib/python/site-packages/airflow/example_dags/example_latest_only_with_trigger.py
[2024-08-08T16:56:10.329-0700] {processor.py:840} INFO - DAG(s) 'latest_only_with_trigger' retrieved from /Users/treylayton/Library/Python/3.9/lib/python/site-packages/airflow/example_dags/example_latest_only_with_trigger.py
[2024-08-08T16:56:10.386-0700] {logging_mixin.py:188} INFO - [2024-08-08T16:56:10.386-0700] {dag.py:3089} INFO - Sync 1 DAGs
[2024-08-08T16:56:10.398-0700] {logging_mixin.py:188} INFO - [2024-08-08T16:56:10.398-0700] {dag.py:3947} INFO - Setting next_dagrun for latest_only_with_trigger to 2024-08-08 16:00:00+00:00, run_after=2024-08-08 20:00:00+00:00
[2024-08-08T16:56:10.410-0700] {processor.py:183} INFO - Processing /Users/treylayton/Library/Python/3.9/lib/python/site-packages/airflow/example_dags/example_latest_only_with_trigger.py took 0.089 seconds
[2024-08-08T16:57:23.207-0700] {processor.py:161} INFO - Started process (PID=99794) to work on /Users/treylayton/Library/Python/3.9/lib/python/site-packages/airflow/example_dags/example_latest_only_with_trigger.py
[2024-08-08T16:57:23.209-0700] {processor.py:830} INFO - Processing file /Users/treylayton/Library/Python/3.9/lib/python/site-packages/airflow/example_dags/example_latest_only_with_trigger.py for tasks to queue
[2024-08-08T16:57:23.210-0700] {logging_mixin.py:188} INFO - [2024-08-08T16:57:23.210-0700] {dagbag.py:545} INFO - Filling up the DagBag from /Users/treylayton/Library/Python/3.9/lib/python/site-packages/airflow/example_dags/example_latest_only_with_trigger.py
[2024-08-08T16:57:23.214-0700] {processor.py:840} INFO - DAG(s) 'latest_only_with_trigger' retrieved from /Users/treylayton/Library/Python/3.9/lib/python/site-packages/airflow/example_dags/example_latest_only_with_trigger.py
[2024-08-08T16:57:23.277-0700] {logging_mixin.py:188} INFO - [2024-08-08T16:57:23.277-0700] {dag.py:3089} INFO - Sync 1 DAGs
[2024-08-08T16:57:23.291-0700] {logging_mixin.py:188} INFO - [2024-08-08T16:57:23.290-0700] {dag.py:3947} INFO - Setting next_dagrun for latest_only_with_trigger to 2024-08-08 16:00:00+00:00, run_after=2024-08-08 20:00:00+00:00
[2024-08-08T16:57:23.303-0700] {processor.py:183} INFO - Processing /Users/treylayton/Library/Python/3.9/lib/python/site-packages/airflow/example_dags/example_latest_only_with_trigger.py took 0.098 seconds
[2024-08-08T16:58:40.141-0700] {processor.py:161} INFO - Started process (PID=99965) to work on /Users/treylayton/Library/Python/3.9/lib/python/site-packages/airflow/example_dags/example_latest_only_with_trigger.py
[2024-08-08T16:58:40.143-0700] {processor.py:830} INFO - Processing file /Users/treylayton/Library/Python/3.9/lib/python/site-packages/airflow/example_dags/example_latest_only_with_trigger.py for tasks to queue
[2024-08-08T16:58:40.143-0700] {logging_mixin.py:188} INFO - [2024-08-08T16:58:40.143-0700] {dagbag.py:545} INFO - Filling up the DagBag from /Users/treylayton/Library/Python/3.9/lib/python/site-packages/airflow/example_dags/example_latest_only_with_trigger.py
[2024-08-08T16:58:40.148-0700] {processor.py:840} INFO - DAG(s) 'latest_only_with_trigger' retrieved from /Users/treylayton/Library/Python/3.9/lib/python/site-packages/airflow/example_dags/example_latest_only_with_trigger.py
[2024-08-08T16:58:40.206-0700] {logging_mixin.py:188} INFO - [2024-08-08T16:58:40.206-0700] {dag.py:3089} INFO - Sync 1 DAGs
[2024-08-08T16:58:40.217-0700] {logging_mixin.py:188} INFO - [2024-08-08T16:58:40.217-0700] {dag.py:3947} INFO - Setting next_dagrun for latest_only_with_trigger to 2024-08-08 16:00:00+00:00, run_after=2024-08-08 20:00:00+00:00
[2024-08-08T16:58:40.231-0700] {processor.py:183} INFO - Processing /Users/treylayton/Library/Python/3.9/lib/python/site-packages/airflow/example_dags/example_latest_only_with_trigger.py took 0.092 seconds
[2024-08-08T16:59:50.552-0700] {processor.py:161} INFO - Started process (PID=185) to work on /Users/treylayton/Library/Python/3.9/lib/python/site-packages/airflow/example_dags/example_latest_only_with_trigger.py
[2024-08-08T16:59:50.555-0700] {processor.py:830} INFO - Processing file /Users/treylayton/Library/Python/3.9/lib/python/site-packages/airflow/example_dags/example_latest_only_with_trigger.py for tasks to queue
[2024-08-08T16:59:50.555-0700] {logging_mixin.py:188} INFO - [2024-08-08T16:59:50.555-0700] {dagbag.py:545} INFO - Filling up the DagBag from /Users/treylayton/Library/Python/3.9/lib/python/site-packages/airflow/example_dags/example_latest_only_with_trigger.py
[2024-08-08T16:59:50.561-0700] {processor.py:840} INFO - DAG(s) 'latest_only_with_trigger' retrieved from /Users/treylayton/Library/Python/3.9/lib/python/site-packages/airflow/example_dags/example_latest_only_with_trigger.py
[2024-08-08T16:59:50.621-0700] {logging_mixin.py:188} INFO - [2024-08-08T16:59:50.620-0700] {dag.py:3089} INFO - Sync 1 DAGs
[2024-08-08T16:59:50.632-0700] {logging_mixin.py:188} INFO - [2024-08-08T16:59:50.632-0700] {dag.py:3947} INFO - Setting next_dagrun for latest_only_with_trigger to 2024-08-08 16:00:00+00:00, run_after=2024-08-08 20:00:00+00:00
[2024-08-08T16:59:50.645-0700] {processor.py:183} INFO - Processing /Users/treylayton/Library/Python/3.9/lib/python/site-packages/airflow/example_dags/example_latest_only_with_trigger.py took 0.095 seconds
