[2024-08-08T16:47:35.600-0700] {processor.py:161} INFO - Started process (PID=98641) to work on /Users/treylayton/Library/Python/3.9/lib/python/site-packages/airflow/example_dags/example_time_delta_sensor_async.py
[2024-08-08T16:47:35.602-0700] {processor.py:830} INFO - Processing file /Users/treylayton/Library/Python/3.9/lib/python/site-packages/airflow/example_dags/example_time_delta_sensor_async.py for tasks to queue
[2024-08-08T16:47:35.603-0700] {logging_mixin.py:188} INFO - [2024-08-08T16:47:35.603-0700] {dagbag.py:545} INFO - Filling up the DagBag from /Users/treylayton/Library/Python/3.9/lib/python/site-packages/airflow/example_dags/example_time_delta_sensor_async.py
[2024-08-08T16:47:35.609-0700] {processor.py:840} INFO - DAG(s) 'example_time_delta_sensor_async' retrieved from /Users/treylayton/Library/Python/3.9/lib/python/site-packages/airflow/example_dags/example_time_delta_sensor_async.py
[2024-08-08T16:47:35.735-0700] {logging_mixin.py:188} INFO - [2024-08-08T16:47:35.735-0700] {dag.py:3089} INFO - Sync 1 DAGs
[2024-08-08T16:47:35.740-0700] {logging_mixin.py:188} INFO - [2024-08-08T16:47:35.740-0700] {dag.py:3947} INFO - Setting next_dagrun for example_time_delta_sensor_async to None, run_after=None
[2024-08-08T16:47:35.753-0700] {processor.py:183} INFO - Processing /Users/treylayton/Library/Python/3.9/lib/python/site-packages/airflow/example_dags/example_time_delta_sensor_async.py took 0.156 seconds
[2024-08-08T16:49:22.197-0700] {processor.py:161} INFO - Started process (PID=98832) to work on /Users/treylayton/Library/Python/3.9/lib/python/site-packages/airflow/example_dags/example_time_delta_sensor_async.py
[2024-08-08T16:49:22.198-0700] {processor.py:830} INFO - Processing file /Users/treylayton/Library/Python/3.9/lib/python/site-packages/airflow/example_dags/example_time_delta_sensor_async.py for tasks to queue
[2024-08-08T16:49:22.199-0700] {logging_mixin.py:188} INFO - [2024-08-08T16:49:22.199-0700] {dagbag.py:545} INFO - Filling up the DagBag from /Users/treylayton/Library/Python/3.9/lib/python/site-packages/airflow/example_dags/example_time_delta_sensor_async.py
[2024-08-08T16:49:22.203-0700] {processor.py:840} INFO - DAG(s) 'example_time_delta_sensor_async' retrieved from /Users/treylayton/Library/Python/3.9/lib/python/site-packages/airflow/example_dags/example_time_delta_sensor_async.py
[2024-08-08T16:49:22.212-0700] {logging_mixin.py:188} INFO - [2024-08-08T16:49:22.211-0700] {dag.py:3089} INFO - Sync 1 DAGs
[2024-08-08T16:49:22.259-0700] {logging_mixin.py:188} INFO - [2024-08-08T16:49:22.259-0700] {dag.py:3947} INFO - Setting next_dagrun for example_time_delta_sensor_async to None, run_after=None
[2024-08-08T16:49:22.269-0700] {processor.py:183} INFO - Processing /Users/treylayton/Library/Python/3.9/lib/python/site-packages/airflow/example_dags/example_time_delta_sensor_async.py took 0.074 seconds
[2024-08-08T16:50:36.435-0700] {processor.py:161} INFO - Started process (PID=99025) to work on /Users/treylayton/Library/Python/3.9/lib/python/site-packages/airflow/example_dags/example_time_delta_sensor_async.py
[2024-08-08T16:50:36.437-0700] {processor.py:830} INFO - Processing file /Users/treylayton/Library/Python/3.9/lib/python/site-packages/airflow/example_dags/example_time_delta_sensor_async.py for tasks to queue
[2024-08-08T16:50:36.437-0700] {logging_mixin.py:188} INFO - [2024-08-08T16:50:36.437-0700] {dagbag.py:545} INFO - Filling up the DagBag from /Users/treylayton/Library/Python/3.9/lib/python/site-packages/airflow/example_dags/example_time_delta_sensor_async.py
[2024-08-08T16:50:36.441-0700] {processor.py:840} INFO - DAG(s) 'example_time_delta_sensor_async' retrieved from /Users/treylayton/Library/Python/3.9/lib/python/site-packages/airflow/example_dags/example_time_delta_sensor_async.py
[2024-08-08T16:50:36.556-0700] {logging_mixin.py:188} INFO - [2024-08-08T16:50:36.555-0700] {dag.py:3089} INFO - Sync 1 DAGs
[2024-08-08T16:50:36.561-0700] {logging_mixin.py:188} INFO - [2024-08-08T16:50:36.561-0700] {dag.py:3947} INFO - Setting next_dagrun for example_time_delta_sensor_async to None, run_after=None
[2024-08-08T16:50:36.572-0700] {processor.py:183} INFO - Processing /Users/treylayton/Library/Python/3.9/lib/python/site-packages/airflow/example_dags/example_time_delta_sensor_async.py took 0.138 seconds
[2024-08-08T16:51:19.532-0700] {processor.py:161} INFO - Started process (PID=99119) to work on /Users/treylayton/Library/Python/3.9/lib/python/site-packages/airflow/example_dags/example_time_delta_sensor_async.py
[2024-08-08T16:51:19.534-0700] {processor.py:830} INFO - Processing file /Users/treylayton/Library/Python/3.9/lib/python/site-packages/airflow/example_dags/example_time_delta_sensor_async.py for tasks to queue
[2024-08-08T16:51:19.534-0700] {logging_mixin.py:188} INFO - [2024-08-08T16:51:19.534-0700] {dagbag.py:545} INFO - Filling up the DagBag from /Users/treylayton/Library/Python/3.9/lib/python/site-packages/airflow/example_dags/example_time_delta_sensor_async.py
[2024-08-08T16:51:19.538-0700] {processor.py:840} INFO - DAG(s) 'example_time_delta_sensor_async' retrieved from /Users/treylayton/Library/Python/3.9/lib/python/site-packages/airflow/example_dags/example_time_delta_sensor_async.py
[2024-08-08T16:51:19.603-0700] {logging_mixin.py:188} INFO - [2024-08-08T16:51:19.602-0700] {dag.py:3089} INFO - Sync 1 DAGs
[2024-08-08T16:51:19.608-0700] {logging_mixin.py:188} INFO - [2024-08-08T16:51:19.607-0700] {dag.py:3947} INFO - Setting next_dagrun for example_time_delta_sensor_async to None, run_after=None
[2024-08-08T16:51:19.618-0700] {processor.py:183} INFO - Processing /Users/treylayton/Library/Python/3.9/lib/python/site-packages/airflow/example_dags/example_time_delta_sensor_async.py took 0.088 seconds
[2024-08-08T16:51:49.416-0700] {processor.py:161} INFO - Started process (PID=99154) to work on /Users/treylayton/Library/Python/3.9/lib/python/site-packages/airflow/example_dags/example_time_delta_sensor_async.py
[2024-08-08T16:51:49.418-0700] {processor.py:830} INFO - Processing file /Users/treylayton/Library/Python/3.9/lib/python/site-packages/airflow/example_dags/example_time_delta_sensor_async.py for tasks to queue
[2024-08-08T16:51:49.418-0700] {logging_mixin.py:188} INFO - [2024-08-08T16:51:49.418-0700] {dagbag.py:545} INFO - Filling up the DagBag from /Users/treylayton/Library/Python/3.9/lib/python/site-packages/airflow/example_dags/example_time_delta_sensor_async.py
[2024-08-08T16:51:49.422-0700] {processor.py:840} INFO - DAG(s) 'example_time_delta_sensor_async' retrieved from /Users/treylayton/Library/Python/3.9/lib/python/site-packages/airflow/example_dags/example_time_delta_sensor_async.py
[2024-08-08T16:51:49.488-0700] {logging_mixin.py:188} INFO - [2024-08-08T16:51:49.488-0700] {dag.py:3089} INFO - Sync 1 DAGs
[2024-08-08T16:51:49.493-0700] {logging_mixin.py:188} INFO - [2024-08-08T16:51:49.493-0700] {dag.py:3947} INFO - Setting next_dagrun for example_time_delta_sensor_async to None, run_after=None
[2024-08-08T16:51:49.505-0700] {processor.py:183} INFO - Processing /Users/treylayton/Library/Python/3.9/lib/python/site-packages/airflow/example_dags/example_time_delta_sensor_async.py took 0.091 seconds
[2024-08-08T16:53:01.812-0700] {processor.py:161} INFO - Started process (PID=99317) to work on /Users/treylayton/Library/Python/3.9/lib/python/site-packages/airflow/example_dags/example_time_delta_sensor_async.py
[2024-08-08T16:53:01.814-0700] {processor.py:830} INFO - Processing file /Users/treylayton/Library/Python/3.9/lib/python/site-packages/airflow/example_dags/example_time_delta_sensor_async.py for tasks to queue
[2024-08-08T16:53:01.814-0700] {logging_mixin.py:188} INFO - [2024-08-08T16:53:01.814-0700] {dagbag.py:545} INFO - Filling up the DagBag from /Users/treylayton/Library/Python/3.9/lib/python/site-packages/airflow/example_dags/example_time_delta_sensor_async.py
[2024-08-08T16:53:01.819-0700] {processor.py:840} INFO - DAG(s) 'example_time_delta_sensor_async' retrieved from /Users/treylayton/Library/Python/3.9/lib/python/site-packages/airflow/example_dags/example_time_delta_sensor_async.py
[2024-08-08T16:53:01.893-0700] {logging_mixin.py:188} INFO - [2024-08-08T16:53:01.893-0700] {dag.py:3089} INFO - Sync 1 DAGs
[2024-08-08T16:53:01.899-0700] {logging_mixin.py:188} INFO - [2024-08-08T16:53:01.899-0700] {dag.py:3947} INFO - Setting next_dagrun for example_time_delta_sensor_async to None, run_after=None
[2024-08-08T16:53:01.912-0700] {processor.py:183} INFO - Processing /Users/treylayton/Library/Python/3.9/lib/python/site-packages/airflow/example_dags/example_time_delta_sensor_async.py took 0.103 seconds
[2024-08-08T16:53:04.790-0700] {processor.py:161} INFO - Started process (PID=99323) to work on /Users/treylayton/Library/Python/3.9/lib/python/site-packages/airflow/example_dags/example_time_delta_sensor_async.py
[2024-08-08T16:53:04.791-0700] {processor.py:830} INFO - Processing file /Users/treylayton/Library/Python/3.9/lib/python/site-packages/airflow/example_dags/example_time_delta_sensor_async.py for tasks to queue
[2024-08-08T16:53:04.792-0700] {logging_mixin.py:188} INFO - [2024-08-08T16:53:04.792-0700] {dagbag.py:545} INFO - Filling up the DagBag from /Users/treylayton/Library/Python/3.9/lib/python/site-packages/airflow/example_dags/example_time_delta_sensor_async.py
[2024-08-08T16:53:04.796-0700] {processor.py:840} INFO - DAG(s) 'example_time_delta_sensor_async' retrieved from /Users/treylayton/Library/Python/3.9/lib/python/site-packages/airflow/example_dags/example_time_delta_sensor_async.py
[2024-08-08T16:53:04.864-0700] {logging_mixin.py:188} INFO - [2024-08-08T16:53:04.864-0700] {dag.py:3089} INFO - Sync 1 DAGs
[2024-08-08T16:53:04.869-0700] {logging_mixin.py:188} INFO - [2024-08-08T16:53:04.869-0700] {dag.py:3947} INFO - Setting next_dagrun for example_time_delta_sensor_async to None, run_after=None
[2024-08-08T16:53:04.881-0700] {processor.py:183} INFO - Processing /Users/treylayton/Library/Python/3.9/lib/python/site-packages/airflow/example_dags/example_time_delta_sensor_async.py took 0.093 seconds
[2024-08-08T16:54:18.402-0700] {processor.py:161} INFO - Started process (PID=99448) to work on /Users/treylayton/Library/Python/3.9/lib/python/site-packages/airflow/example_dags/example_time_delta_sensor_async.py
[2024-08-08T16:54:18.404-0700] {processor.py:830} INFO - Processing file /Users/treylayton/Library/Python/3.9/lib/python/site-packages/airflow/example_dags/example_time_delta_sensor_async.py for tasks to queue
[2024-08-08T16:54:18.404-0700] {logging_mixin.py:188} INFO - [2024-08-08T16:54:18.404-0700] {dagbag.py:545} INFO - Filling up the DagBag from /Users/treylayton/Library/Python/3.9/lib/python/site-packages/airflow/example_dags/example_time_delta_sensor_async.py
[2024-08-08T16:54:18.409-0700] {processor.py:840} INFO - DAG(s) 'example_time_delta_sensor_async' retrieved from /Users/treylayton/Library/Python/3.9/lib/python/site-packages/airflow/example_dags/example_time_delta_sensor_async.py
[2024-08-08T16:54:18.475-0700] {logging_mixin.py:188} INFO - [2024-08-08T16:54:18.475-0700] {dag.py:3089} INFO - Sync 1 DAGs
[2024-08-08T16:54:18.481-0700] {logging_mixin.py:188} INFO - [2024-08-08T16:54:18.480-0700] {dag.py:3947} INFO - Setting next_dagrun for example_time_delta_sensor_async to None, run_after=None
[2024-08-08T16:54:18.492-0700] {processor.py:183} INFO - Processing /Users/treylayton/Library/Python/3.9/lib/python/site-packages/airflow/example_dags/example_time_delta_sensor_async.py took 0.092 seconds
[2024-08-08T16:54:18.979-0700] {processor.py:161} INFO - Started process (PID=99451) to work on /Users/treylayton/Library/Python/3.9/lib/python/site-packages/airflow/example_dags/example_time_delta_sensor_async.py
[2024-08-08T16:54:18.982-0700] {processor.py:830} INFO - Processing file /Users/treylayton/Library/Python/3.9/lib/python/site-packages/airflow/example_dags/example_time_delta_sensor_async.py for tasks to queue
[2024-08-08T16:54:18.982-0700] {logging_mixin.py:188} INFO - [2024-08-08T16:54:18.982-0700] {dagbag.py:545} INFO - Filling up the DagBag from /Users/treylayton/Library/Python/3.9/lib/python/site-packages/airflow/example_dags/example_time_delta_sensor_async.py
[2024-08-08T16:54:18.987-0700] {processor.py:840} INFO - DAG(s) 'example_time_delta_sensor_async' retrieved from /Users/treylayton/Library/Python/3.9/lib/python/site-packages/airflow/example_dags/example_time_delta_sensor_async.py
[2024-08-08T16:54:19.059-0700] {logging_mixin.py:188} INFO - [2024-08-08T16:54:19.059-0700] {dag.py:3089} INFO - Sync 1 DAGs
[2024-08-08T16:54:19.064-0700] {logging_mixin.py:188} INFO - [2024-08-08T16:54:19.064-0700] {dag.py:3947} INFO - Setting next_dagrun for example_time_delta_sensor_async to None, run_after=None
[2024-08-08T16:54:19.077-0700] {processor.py:183} INFO - Processing /Users/treylayton/Library/Python/3.9/lib/python/site-packages/airflow/example_dags/example_time_delta_sensor_async.py took 0.099 seconds
[2024-08-08T16:55:32.435-0700] {processor.py:161} INFO - Started process (PID=99593) to work on /Users/treylayton/Library/Python/3.9/lib/python/site-packages/airflow/example_dags/example_time_delta_sensor_async.py
[2024-08-08T16:55:32.435-0700] {processor.py:161} INFO - Started process (PID=99594) to work on /Users/treylayton/Library/Python/3.9/lib/python/site-packages/airflow/example_dags/example_time_delta_sensor_async.py
[2024-08-08T16:55:32.437-0700] {processor.py:830} INFO - Processing file /Users/treylayton/Library/Python/3.9/lib/python/site-packages/airflow/example_dags/example_time_delta_sensor_async.py for tasks to queue
[2024-08-08T16:55:32.437-0700] {processor.py:830} INFO - Processing file /Users/treylayton/Library/Python/3.9/lib/python/site-packages/airflow/example_dags/example_time_delta_sensor_async.py for tasks to queue
[2024-08-08T16:55:32.437-0700] {logging_mixin.py:188} INFO - [2024-08-08T16:55:32.437-0700] {dagbag.py:545} INFO - Filling up the DagBag from /Users/treylayton/Library/Python/3.9/lib/python/site-packages/airflow/example_dags/example_time_delta_sensor_async.py
[2024-08-08T16:55:32.438-0700] {logging_mixin.py:188} INFO - [2024-08-08T16:55:32.437-0700] {dagbag.py:545} INFO - Filling up the DagBag from /Users/treylayton/Library/Python/3.9/lib/python/site-packages/airflow/example_dags/example_time_delta_sensor_async.py
[2024-08-08T16:55:32.442-0700] {processor.py:840} INFO - DAG(s) 'example_time_delta_sensor_async' retrieved from /Users/treylayton/Library/Python/3.9/lib/python/site-packages/airflow/example_dags/example_time_delta_sensor_async.py
[2024-08-08T16:55:32.442-0700] {processor.py:840} INFO - DAG(s) 'example_time_delta_sensor_async' retrieved from /Users/treylayton/Library/Python/3.9/lib/python/site-packages/airflow/example_dags/example_time_delta_sensor_async.py
[2024-08-08T16:55:32.509-0700] {logging_mixin.py:188} INFO - [2024-08-08T16:55:32.508-0700] {dag.py:3089} INFO - Sync 1 DAGs
[2024-08-08T16:55:32.509-0700] {logging_mixin.py:188} INFO - [2024-08-08T16:55:32.509-0700] {dag.py:3089} INFO - Sync 1 DAGs
[2024-08-08T16:55:32.513-0700] {logging_mixin.py:188} INFO - [2024-08-08T16:55:32.513-0700] {dag.py:3947} INFO - Setting next_dagrun for example_time_delta_sensor_async to None, run_after=None
[2024-08-08T16:55:32.514-0700] {logging_mixin.py:188} INFO - [2024-08-08T16:55:32.514-0700] {dag.py:3947} INFO - Setting next_dagrun for example_time_delta_sensor_async to None, run_after=None
[2024-08-08T16:55:32.525-0700] {processor.py:183} INFO - Processing /Users/treylayton/Library/Python/3.9/lib/python/site-packages/airflow/example_dags/example_time_delta_sensor_async.py took 0.091 seconds
[2024-08-08T16:55:32.535-0700] {processor.py:183} INFO - Processing /Users/treylayton/Library/Python/3.9/lib/python/site-packages/airflow/example_dags/example_time_delta_sensor_async.py took 0.102 seconds
[2024-08-08T16:56:47.271-0700] {processor.py:161} INFO - Started process (PID=99733) to work on /Users/treylayton/Library/Python/3.9/lib/python/site-packages/airflow/example_dags/example_time_delta_sensor_async.py
[2024-08-08T16:56:47.273-0700] {processor.py:830} INFO - Processing file /Users/treylayton/Library/Python/3.9/lib/python/site-packages/airflow/example_dags/example_time_delta_sensor_async.py for tasks to queue
[2024-08-08T16:56:47.274-0700] {logging_mixin.py:188} INFO - [2024-08-08T16:56:47.273-0700] {dagbag.py:545} INFO - Filling up the DagBag from /Users/treylayton/Library/Python/3.9/lib/python/site-packages/airflow/example_dags/example_time_delta_sensor_async.py
[2024-08-08T16:56:47.278-0700] {processor.py:840} INFO - DAG(s) 'example_time_delta_sensor_async' retrieved from /Users/treylayton/Library/Python/3.9/lib/python/site-packages/airflow/example_dags/example_time_delta_sensor_async.py
[2024-08-08T16:56:47.353-0700] {logging_mixin.py:188} INFO - [2024-08-08T16:56:47.352-0700] {dag.py:3089} INFO - Sync 1 DAGs
[2024-08-08T16:56:47.358-0700] {logging_mixin.py:188} INFO - [2024-08-08T16:56:47.358-0700] {dag.py:3947} INFO - Setting next_dagrun for example_time_delta_sensor_async to None, run_after=None
[2024-08-08T16:56:47.373-0700] {processor.py:183} INFO - Processing /Users/treylayton/Library/Python/3.9/lib/python/site-packages/airflow/example_dags/example_time_delta_sensor_async.py took 0.104 seconds
[2024-08-08T16:56:48.195-0700] {processor.py:161} INFO - Started process (PID=99734) to work on /Users/treylayton/Library/Python/3.9/lib/python/site-packages/airflow/example_dags/example_time_delta_sensor_async.py
[2024-08-08T16:56:48.197-0700] {processor.py:830} INFO - Processing file /Users/treylayton/Library/Python/3.9/lib/python/site-packages/airflow/example_dags/example_time_delta_sensor_async.py for tasks to queue
[2024-08-08T16:56:48.198-0700] {logging_mixin.py:188} INFO - [2024-08-08T16:56:48.197-0700] {dagbag.py:545} INFO - Filling up the DagBag from /Users/treylayton/Library/Python/3.9/lib/python/site-packages/airflow/example_dags/example_time_delta_sensor_async.py
[2024-08-08T16:56:48.202-0700] {processor.py:840} INFO - DAG(s) 'example_time_delta_sensor_async' retrieved from /Users/treylayton/Library/Python/3.9/lib/python/site-packages/airflow/example_dags/example_time_delta_sensor_async.py
[2024-08-08T16:56:48.272-0700] {logging_mixin.py:188} INFO - [2024-08-08T16:56:48.272-0700] {dag.py:3089} INFO - Sync 1 DAGs
[2024-08-08T16:56:48.278-0700] {logging_mixin.py:188} INFO - [2024-08-08T16:56:48.278-0700] {dag.py:3947} INFO - Setting next_dagrun for example_time_delta_sensor_async to None, run_after=None
[2024-08-08T16:56:48.290-0700] {processor.py:183} INFO - Processing /Users/treylayton/Library/Python/3.9/lib/python/site-packages/airflow/example_dags/example_time_delta_sensor_async.py took 0.097 seconds
[2024-08-08T16:58:00.745-0700] {processor.py:161} INFO - Started process (PID=99874) to work on /Users/treylayton/Library/Python/3.9/lib/python/site-packages/airflow/example_dags/example_time_delta_sensor_async.py
[2024-08-08T16:58:00.747-0700] {processor.py:830} INFO - Processing file /Users/treylayton/Library/Python/3.9/lib/python/site-packages/airflow/example_dags/example_time_delta_sensor_async.py for tasks to queue
[2024-08-08T16:58:00.747-0700] {logging_mixin.py:188} INFO - [2024-08-08T16:58:00.747-0700] {dagbag.py:545} INFO - Filling up the DagBag from /Users/treylayton/Library/Python/3.9/lib/python/site-packages/airflow/example_dags/example_time_delta_sensor_async.py
[2024-08-08T16:58:00.752-0700] {processor.py:840} INFO - DAG(s) 'example_time_delta_sensor_async' retrieved from /Users/treylayton/Library/Python/3.9/lib/python/site-packages/airflow/example_dags/example_time_delta_sensor_async.py
[2024-08-08T16:58:00.817-0700] {logging_mixin.py:188} INFO - [2024-08-08T16:58:00.817-0700] {dag.py:3089} INFO - Sync 1 DAGs
[2024-08-08T16:58:00.822-0700] {logging_mixin.py:188} INFO - [2024-08-08T16:58:00.822-0700] {dag.py:3947} INFO - Setting next_dagrun for example_time_delta_sensor_async to None, run_after=None
[2024-08-08T16:58:00.834-0700] {processor.py:183} INFO - Processing /Users/treylayton/Library/Python/3.9/lib/python/site-packages/airflow/example_dags/example_time_delta_sensor_async.py took 0.090 seconds
[2024-08-08T16:58:01.204-0700] {processor.py:161} INFO - Started process (PID=99875) to work on /Users/treylayton/Library/Python/3.9/lib/python/site-packages/airflow/example_dags/example_time_delta_sensor_async.py
[2024-08-08T16:58:01.206-0700] {processor.py:830} INFO - Processing file /Users/treylayton/Library/Python/3.9/lib/python/site-packages/airflow/example_dags/example_time_delta_sensor_async.py for tasks to queue
[2024-08-08T16:58:01.206-0700] {logging_mixin.py:188} INFO - [2024-08-08T16:58:01.206-0700] {dagbag.py:545} INFO - Filling up the DagBag from /Users/treylayton/Library/Python/3.9/lib/python/site-packages/airflow/example_dags/example_time_delta_sensor_async.py
[2024-08-08T16:58:01.211-0700] {processor.py:840} INFO - DAG(s) 'example_time_delta_sensor_async' retrieved from /Users/treylayton/Library/Python/3.9/lib/python/site-packages/airflow/example_dags/example_time_delta_sensor_async.py
[2024-08-08T16:58:01.277-0700] {logging_mixin.py:188} INFO - [2024-08-08T16:58:01.277-0700] {dag.py:3089} INFO - Sync 1 DAGs
[2024-08-08T16:58:01.283-0700] {logging_mixin.py:188} INFO - [2024-08-08T16:58:01.283-0700] {dag.py:3947} INFO - Setting next_dagrun for example_time_delta_sensor_async to None, run_after=None
[2024-08-08T16:58:01.293-0700] {processor.py:183} INFO - Processing /Users/treylayton/Library/Python/3.9/lib/python/site-packages/airflow/example_dags/example_time_delta_sensor_async.py took 0.091 seconds
[2024-08-08T16:59:14.166-0700] {processor.py:161} INFO - Started process (PID=147) to work on /Users/treylayton/Library/Python/3.9/lib/python/site-packages/airflow/example_dags/example_time_delta_sensor_async.py
[2024-08-08T16:59:14.168-0700] {processor.py:830} INFO - Processing file /Users/treylayton/Library/Python/3.9/lib/python/site-packages/airflow/example_dags/example_time_delta_sensor_async.py for tasks to queue
[2024-08-08T16:59:14.168-0700] {logging_mixin.py:188} INFO - [2024-08-08T16:59:14.168-0700] {dagbag.py:545} INFO - Filling up the DagBag from /Users/treylayton/Library/Python/3.9/lib/python/site-packages/airflow/example_dags/example_time_delta_sensor_async.py
[2024-08-08T16:59:14.172-0700] {processor.py:840} INFO - DAG(s) 'example_time_delta_sensor_async' retrieved from /Users/treylayton/Library/Python/3.9/lib/python/site-packages/airflow/example_dags/example_time_delta_sensor_async.py
[2024-08-08T16:59:14.241-0700] {logging_mixin.py:188} INFO - [2024-08-08T16:59:14.240-0700] {dag.py:3089} INFO - Sync 1 DAGs
[2024-08-08T16:59:14.246-0700] {logging_mixin.py:188} INFO - [2024-08-08T16:59:14.246-0700] {dag.py:3947} INFO - Setting next_dagrun for example_time_delta_sensor_async to None, run_after=None
[2024-08-08T16:59:14.257-0700] {processor.py:183} INFO - Processing /Users/treylayton/Library/Python/3.9/lib/python/site-packages/airflow/example_dags/example_time_delta_sensor_async.py took 0.093 seconds
[2024-08-08T16:59:15.943-0700] {processor.py:161} INFO - Started process (PID=148) to work on /Users/treylayton/Library/Python/3.9/lib/python/site-packages/airflow/example_dags/example_time_delta_sensor_async.py
[2024-08-08T16:59:15.945-0700] {processor.py:830} INFO - Processing file /Users/treylayton/Library/Python/3.9/lib/python/site-packages/airflow/example_dags/example_time_delta_sensor_async.py for tasks to queue
[2024-08-08T16:59:15.945-0700] {logging_mixin.py:188} INFO - [2024-08-08T16:59:15.945-0700] {dagbag.py:545} INFO - Filling up the DagBag from /Users/treylayton/Library/Python/3.9/lib/python/site-packages/airflow/example_dags/example_time_delta_sensor_async.py
[2024-08-08T16:59:15.950-0700] {processor.py:840} INFO - DAG(s) 'example_time_delta_sensor_async' retrieved from /Users/treylayton/Library/Python/3.9/lib/python/site-packages/airflow/example_dags/example_time_delta_sensor_async.py
[2024-08-08T16:59:16.021-0700] {logging_mixin.py:188} INFO - [2024-08-08T16:59:16.021-0700] {dag.py:3089} INFO - Sync 1 DAGs
[2024-08-08T16:59:16.026-0700] {logging_mixin.py:188} INFO - [2024-08-08T16:59:16.026-0700] {dag.py:3947} INFO - Setting next_dagrun for example_time_delta_sensor_async to None, run_after=None
[2024-08-08T16:59:16.039-0700] {processor.py:183} INFO - Processing /Users/treylayton/Library/Python/3.9/lib/python/site-packages/airflow/example_dags/example_time_delta_sensor_async.py took 0.097 seconds
