[2024-08-08T16:48:22.780-0700] {processor.py:161} INFO - Started process (PID=98731) to work on /Users/treylayton/Library/Python/3.9/lib/python/site-packages/airflow/example_dags/example_dynamic_task_mapping_with_no_taskflow_operators.py
[2024-08-08T16:48:22.781-0700] {processor.py:830} INFO - Processing file /Users/treylayton/Library/Python/3.9/lib/python/site-packages/airflow/example_dags/example_dynamic_task_mapping_with_no_taskflow_operators.py for tasks to queue
[2024-08-08T16:48:22.782-0700] {logging_mixin.py:188} INFO - [2024-08-08T16:48:22.782-0700] {dagbag.py:545} INFO - Filling up the DagBag from /Users/treylayton/Library/Python/3.9/lib/python/site-packages/airflow/example_dags/example_dynamic_task_mapping_with_no_taskflow_operators.py
[2024-08-08T16:48:22.786-0700] {processor.py:840} INFO - DAG(s) 'example_dynamic_task_mapping_with_no_taskflow_operators' retrieved from /Users/treylayton/Library/Python/3.9/lib/python/site-packages/airflow/example_dags/example_dynamic_task_mapping_with_no_taskflow_operators.py
[2024-08-08T16:48:22.905-0700] {logging_mixin.py:188} INFO - [2024-08-08T16:48:22.904-0700] {dag.py:3089} INFO - Sync 1 DAGs
[2024-08-08T16:48:22.917-0700] {logging_mixin.py:188} INFO - [2024-08-08T16:48:22.917-0700] {dag.py:3947} INFO - Setting next_dagrun for example_dynamic_task_mapping_with_no_taskflow_operators to 2024-08-07 00:00:00+00:00, run_after=2024-08-08 00:00:00+00:00
[2024-08-08T16:48:22.930-0700] {processor.py:183} INFO - Processing /Users/treylayton/Library/Python/3.9/lib/python/site-packages/airflow/example_dags/example_dynamic_task_mapping_with_no_taskflow_operators.py took 0.152 seconds
[2024-08-08T16:50:50.943-0700] {processor.py:161} INFO - Started process (PID=99063) to work on /Users/treylayton/Library/Python/3.9/lib/python/site-packages/airflow/example_dags/example_dynamic_task_mapping_with_no_taskflow_operators.py
[2024-08-08T16:50:50.944-0700] {processor.py:830} INFO - Processing file /Users/treylayton/Library/Python/3.9/lib/python/site-packages/airflow/example_dags/example_dynamic_task_mapping_with_no_taskflow_operators.py for tasks to queue
[2024-08-08T16:50:50.945-0700] {logging_mixin.py:188} INFO - [2024-08-08T16:50:50.945-0700] {dagbag.py:545} INFO - Filling up the DagBag from /Users/treylayton/Library/Python/3.9/lib/python/site-packages/airflow/example_dags/example_dynamic_task_mapping_with_no_taskflow_operators.py
[2024-08-08T16:50:50.949-0700] {processor.py:840} INFO - DAG(s) 'example_dynamic_task_mapping_with_no_taskflow_operators' retrieved from /Users/treylayton/Library/Python/3.9/lib/python/site-packages/airflow/example_dags/example_dynamic_task_mapping_with_no_taskflow_operators.py
[2024-08-08T16:50:51.055-0700] {logging_mixin.py:188} INFO - [2024-08-08T16:50:51.055-0700] {dag.py:3089} INFO - Sync 1 DAGs
[2024-08-08T16:50:51.067-0700] {logging_mixin.py:188} INFO - [2024-08-08T16:50:51.067-0700] {dag.py:3947} INFO - Setting next_dagrun for example_dynamic_task_mapping_with_no_taskflow_operators to 2024-08-07 00:00:00+00:00, run_after=2024-08-08 00:00:00+00:00
[2024-08-08T16:50:51.078-0700] {processor.py:183} INFO - Processing /Users/treylayton/Library/Python/3.9/lib/python/site-packages/airflow/example_dags/example_dynamic_task_mapping_with_no_taskflow_operators.py took 0.137 seconds
[2024-08-08T16:52:05.635-0700] {processor.py:161} INFO - Started process (PID=99192) to work on /Users/treylayton/Library/Python/3.9/lib/python/site-packages/airflow/example_dags/example_dynamic_task_mapping_with_no_taskflow_operators.py
[2024-08-08T16:52:05.637-0700] {processor.py:830} INFO - Processing file /Users/treylayton/Library/Python/3.9/lib/python/site-packages/airflow/example_dags/example_dynamic_task_mapping_with_no_taskflow_operators.py for tasks to queue
[2024-08-08T16:52:05.637-0700] {logging_mixin.py:188} INFO - [2024-08-08T16:52:05.637-0700] {dagbag.py:545} INFO - Filling up the DagBag from /Users/treylayton/Library/Python/3.9/lib/python/site-packages/airflow/example_dags/example_dynamic_task_mapping_with_no_taskflow_operators.py
[2024-08-08T16:52:05.641-0700] {processor.py:840} INFO - DAG(s) 'example_dynamic_task_mapping_with_no_taskflow_operators' retrieved from /Users/treylayton/Library/Python/3.9/lib/python/site-packages/airflow/example_dags/example_dynamic_task_mapping_with_no_taskflow_operators.py
[2024-08-08T16:52:05.700-0700] {logging_mixin.py:188} INFO - [2024-08-08T16:52:05.700-0700] {dag.py:3089} INFO - Sync 1 DAGs
[2024-08-08T16:52:05.711-0700] {logging_mixin.py:188} INFO - [2024-08-08T16:52:05.711-0700] {dag.py:3947} INFO - Setting next_dagrun for example_dynamic_task_mapping_with_no_taskflow_operators to 2024-08-07 00:00:00+00:00, run_after=2024-08-08 00:00:00+00:00
[2024-08-08T16:52:05.722-0700] {processor.py:183} INFO - Processing /Users/treylayton/Library/Python/3.9/lib/python/site-packages/airflow/example_dags/example_dynamic_task_mapping_with_no_taskflow_operators.py took 0.089 seconds
[2024-08-08T16:53:18.196-0700] {processor.py:161} INFO - Started process (PID=99340) to work on /Users/treylayton/Library/Python/3.9/lib/python/site-packages/airflow/example_dags/example_dynamic_task_mapping_with_no_taskflow_operators.py
[2024-08-08T16:53:18.198-0700] {processor.py:830} INFO - Processing file /Users/treylayton/Library/Python/3.9/lib/python/site-packages/airflow/example_dags/example_dynamic_task_mapping_with_no_taskflow_operators.py for tasks to queue
[2024-08-08T16:53:18.199-0700] {logging_mixin.py:188} INFO - [2024-08-08T16:53:18.199-0700] {dagbag.py:545} INFO - Filling up the DagBag from /Users/treylayton/Library/Python/3.9/lib/python/site-packages/airflow/example_dags/example_dynamic_task_mapping_with_no_taskflow_operators.py
[2024-08-08T16:53:18.203-0700] {processor.py:840} INFO - DAG(s) 'example_dynamic_task_mapping_with_no_taskflow_operators' retrieved from /Users/treylayton/Library/Python/3.9/lib/python/site-packages/airflow/example_dags/example_dynamic_task_mapping_with_no_taskflow_operators.py
[2024-08-08T16:53:18.263-0700] {logging_mixin.py:188} INFO - [2024-08-08T16:53:18.263-0700] {dag.py:3089} INFO - Sync 1 DAGs
[2024-08-08T16:53:18.275-0700] {logging_mixin.py:188} INFO - [2024-08-08T16:53:18.275-0700] {dag.py:3947} INFO - Setting next_dagrun for example_dynamic_task_mapping_with_no_taskflow_operators to 2024-08-07 00:00:00+00:00, run_after=2024-08-08 00:00:00+00:00
[2024-08-08T16:53:18.288-0700] {processor.py:183} INFO - Processing /Users/treylayton/Library/Python/3.9/lib/python/site-packages/airflow/example_dags/example_dynamic_task_mapping_with_no_taskflow_operators.py took 0.093 seconds
[2024-08-08T16:54:35.041-0700] {processor.py:161} INFO - Started process (PID=99474) to work on /Users/treylayton/Library/Python/3.9/lib/python/site-packages/airflow/example_dags/example_dynamic_task_mapping_with_no_taskflow_operators.py
[2024-08-08T16:54:35.043-0700] {processor.py:830} INFO - Processing file /Users/treylayton/Library/Python/3.9/lib/python/site-packages/airflow/example_dags/example_dynamic_task_mapping_with_no_taskflow_operators.py for tasks to queue
[2024-08-08T16:54:35.043-0700] {logging_mixin.py:188} INFO - [2024-08-08T16:54:35.043-0700] {dagbag.py:545} INFO - Filling up the DagBag from /Users/treylayton/Library/Python/3.9/lib/python/site-packages/airflow/example_dags/example_dynamic_task_mapping_with_no_taskflow_operators.py
[2024-08-08T16:54:35.048-0700] {processor.py:840} INFO - DAG(s) 'example_dynamic_task_mapping_with_no_taskflow_operators' retrieved from /Users/treylayton/Library/Python/3.9/lib/python/site-packages/airflow/example_dags/example_dynamic_task_mapping_with_no_taskflow_operators.py
[2024-08-08T16:54:35.104-0700] {logging_mixin.py:188} INFO - [2024-08-08T16:54:35.104-0700] {dag.py:3089} INFO - Sync 1 DAGs
[2024-08-08T16:54:35.115-0700] {logging_mixin.py:188} INFO - [2024-08-08T16:54:35.115-0700] {dag.py:3947} INFO - Setting next_dagrun for example_dynamic_task_mapping_with_no_taskflow_operators to 2024-08-07 00:00:00+00:00, run_after=2024-08-08 00:00:00+00:00
[2024-08-08T16:54:35.126-0700] {processor.py:183} INFO - Processing /Users/treylayton/Library/Python/3.9/lib/python/site-packages/airflow/example_dags/example_dynamic_task_mapping_with_no_taskflow_operators.py took 0.087 seconds
[2024-08-08T16:55:48.253-0700] {processor.py:161} INFO - Started process (PID=99628) to work on /Users/treylayton/Library/Python/3.9/lib/python/site-packages/airflow/example_dags/example_dynamic_task_mapping_with_no_taskflow_operators.py
[2024-08-08T16:55:48.255-0700] {processor.py:830} INFO - Processing file /Users/treylayton/Library/Python/3.9/lib/python/site-packages/airflow/example_dags/example_dynamic_task_mapping_with_no_taskflow_operators.py for tasks to queue
[2024-08-08T16:55:48.255-0700] {logging_mixin.py:188} INFO - [2024-08-08T16:55:48.255-0700] {dagbag.py:545} INFO - Filling up the DagBag from /Users/treylayton/Library/Python/3.9/lib/python/site-packages/airflow/example_dags/example_dynamic_task_mapping_with_no_taskflow_operators.py
[2024-08-08T16:55:48.259-0700] {processor.py:840} INFO - DAG(s) 'example_dynamic_task_mapping_with_no_taskflow_operators' retrieved from /Users/treylayton/Library/Python/3.9/lib/python/site-packages/airflow/example_dags/example_dynamic_task_mapping_with_no_taskflow_operators.py
[2024-08-08T16:55:48.314-0700] {logging_mixin.py:188} INFO - [2024-08-08T16:55:48.314-0700] {dag.py:3089} INFO - Sync 1 DAGs
[2024-08-08T16:55:48.326-0700] {logging_mixin.py:188} INFO - [2024-08-08T16:55:48.326-0700] {dag.py:3947} INFO - Setting next_dagrun for example_dynamic_task_mapping_with_no_taskflow_operators to 2024-08-07 00:00:00+00:00, run_after=2024-08-08 00:00:00+00:00
[2024-08-08T16:55:48.337-0700] {processor.py:183} INFO - Processing /Users/treylayton/Library/Python/3.9/lib/python/site-packages/airflow/example_dags/example_dynamic_task_mapping_with_no_taskflow_operators.py took 0.086 seconds
[2024-08-08T16:57:04.487-0700] {processor.py:161} INFO - Started process (PID=99761) to work on /Users/treylayton/Library/Python/3.9/lib/python/site-packages/airflow/example_dags/example_dynamic_task_mapping_with_no_taskflow_operators.py
[2024-08-08T16:57:04.489-0700] {processor.py:830} INFO - Processing file /Users/treylayton/Library/Python/3.9/lib/python/site-packages/airflow/example_dags/example_dynamic_task_mapping_with_no_taskflow_operators.py for tasks to queue
[2024-08-08T16:57:04.489-0700] {logging_mixin.py:188} INFO - [2024-08-08T16:57:04.489-0700] {dagbag.py:545} INFO - Filling up the DagBag from /Users/treylayton/Library/Python/3.9/lib/python/site-packages/airflow/example_dags/example_dynamic_task_mapping_with_no_taskflow_operators.py
[2024-08-08T16:57:04.493-0700] {processor.py:840} INFO - DAG(s) 'example_dynamic_task_mapping_with_no_taskflow_operators' retrieved from /Users/treylayton/Library/Python/3.9/lib/python/site-packages/airflow/example_dags/example_dynamic_task_mapping_with_no_taskflow_operators.py
[2024-08-08T16:57:04.556-0700] {logging_mixin.py:188} INFO - [2024-08-08T16:57:04.556-0700] {dag.py:3089} INFO - Sync 1 DAGs
[2024-08-08T16:57:04.568-0700] {logging_mixin.py:188} INFO - [2024-08-08T16:57:04.568-0700] {dag.py:3947} INFO - Setting next_dagrun for example_dynamic_task_mapping_with_no_taskflow_operators to 2024-08-07 00:00:00+00:00, run_after=2024-08-08 00:00:00+00:00
[2024-08-08T16:57:04.581-0700] {processor.py:183} INFO - Processing /Users/treylayton/Library/Python/3.9/lib/python/site-packages/airflow/example_dags/example_dynamic_task_mapping_with_no_taskflow_operators.py took 0.096 seconds
[2024-08-08T16:58:17.090-0700] {processor.py:161} INFO - Started process (PID=99909) to work on /Users/treylayton/Library/Python/3.9/lib/python/site-packages/airflow/example_dags/example_dynamic_task_mapping_with_no_taskflow_operators.py
[2024-08-08T16:58:17.092-0700] {processor.py:830} INFO - Processing file /Users/treylayton/Library/Python/3.9/lib/python/site-packages/airflow/example_dags/example_dynamic_task_mapping_with_no_taskflow_operators.py for tasks to queue
[2024-08-08T16:58:17.092-0700] {logging_mixin.py:188} INFO - [2024-08-08T16:58:17.092-0700] {dagbag.py:545} INFO - Filling up the DagBag from /Users/treylayton/Library/Python/3.9/lib/python/site-packages/airflow/example_dags/example_dynamic_task_mapping_with_no_taskflow_operators.py
[2024-08-08T16:58:17.096-0700] {processor.py:840} INFO - DAG(s) 'example_dynamic_task_mapping_with_no_taskflow_operators' retrieved from /Users/treylayton/Library/Python/3.9/lib/python/site-packages/airflow/example_dags/example_dynamic_task_mapping_with_no_taskflow_operators.py
[2024-08-08T16:58:17.151-0700] {logging_mixin.py:188} INFO - [2024-08-08T16:58:17.151-0700] {dag.py:3089} INFO - Sync 1 DAGs
[2024-08-08T16:58:17.162-0700] {logging_mixin.py:188} INFO - [2024-08-08T16:58:17.162-0700] {dag.py:3947} INFO - Setting next_dagrun for example_dynamic_task_mapping_with_no_taskflow_operators to 2024-08-07 00:00:00+00:00, run_after=2024-08-08 00:00:00+00:00
[2024-08-08T16:58:17.173-0700] {processor.py:183} INFO - Processing /Users/treylayton/Library/Python/3.9/lib/python/site-packages/airflow/example_dags/example_dynamic_task_mapping_with_no_taskflow_operators.py took 0.084 seconds
[2024-08-08T16:59:32.556-0700] {processor.py:161} INFO - Started process (PID=166) to work on /Users/treylayton/Library/Python/3.9/lib/python/site-packages/airflow/example_dags/example_dynamic_task_mapping_with_no_taskflow_operators.py
[2024-08-08T16:59:32.557-0700] {processor.py:830} INFO - Processing file /Users/treylayton/Library/Python/3.9/lib/python/site-packages/airflow/example_dags/example_dynamic_task_mapping_with_no_taskflow_operators.py for tasks to queue
[2024-08-08T16:59:32.558-0700] {logging_mixin.py:188} INFO - [2024-08-08T16:59:32.558-0700] {dagbag.py:545} INFO - Filling up the DagBag from /Users/treylayton/Library/Python/3.9/lib/python/site-packages/airflow/example_dags/example_dynamic_task_mapping_with_no_taskflow_operators.py
[2024-08-08T16:59:32.562-0700] {processor.py:840} INFO - DAG(s) 'example_dynamic_task_mapping_with_no_taskflow_operators' retrieved from /Users/treylayton/Library/Python/3.9/lib/python/site-packages/airflow/example_dags/example_dynamic_task_mapping_with_no_taskflow_operators.py
[2024-08-08T16:59:32.624-0700] {logging_mixin.py:188} INFO - [2024-08-08T16:59:32.623-0700] {dag.py:3089} INFO - Sync 1 DAGs
[2024-08-08T16:59:32.636-0700] {logging_mixin.py:188} INFO - [2024-08-08T16:59:32.635-0700] {dag.py:3947} INFO - Setting next_dagrun for example_dynamic_task_mapping_with_no_taskflow_operators to 2024-08-07 00:00:00+00:00, run_after=2024-08-08 00:00:00+00:00
[2024-08-08T16:59:32.650-0700] {processor.py:183} INFO - Processing /Users/treylayton/Library/Python/3.9/lib/python/site-packages/airflow/example_dags/example_dynamic_task_mapping_with_no_taskflow_operators.py took 0.096 seconds
