[2024-08-08T16:48:20.398-0700] {processor.py:161} INFO - Started process (PID=98730) to work on /Users/treylayton/Library/Python/3.9/lib/python/site-packages/airflow/example_dags/example_external_task_marker_dag.py
[2024-08-08T16:48:20.400-0700] {processor.py:830} INFO - Processing file /Users/treylayton/Library/Python/3.9/lib/python/site-packages/airflow/example_dags/example_external_task_marker_dag.py for tasks to queue
[2024-08-08T16:48:20.401-0700] {logging_mixin.py:188} INFO - [2024-08-08T16:48:20.400-0700] {dagbag.py:545} INFO - Filling up the DagBag from /Users/treylayton/Library/Python/3.9/lib/python/site-packages/airflow/example_dags/example_external_task_marker_dag.py
[2024-08-08T16:48:20.409-0700] {processor.py:840} INFO - DAG(s) 'example_external_task_marker_parent', 'example_external_task_marker_child' retrieved from /Users/treylayton/Library/Python/3.9/lib/python/site-packages/airflow/example_dags/example_external_task_marker_dag.py
[2024-08-08T16:48:20.535-0700] {logging_mixin.py:188} INFO - [2024-08-08T16:48:20.534-0700] {dag.py:3089} INFO - Sync 2 DAGs
[2024-08-08T16:48:20.540-0700] {logging_mixin.py:188} INFO - [2024-08-08T16:48:20.540-0700] {dag.py:3947} INFO - Setting next_dagrun for example_external_task_marker_child to None, run_after=None
[2024-08-08T16:48:20.542-0700] {logging_mixin.py:188} INFO - [2024-08-08T16:48:20.542-0700] {dag.py:3947} INFO - Setting next_dagrun for example_external_task_marker_parent to None, run_after=None
[2024-08-08T16:48:20.556-0700] {processor.py:183} INFO - Processing /Users/treylayton/Library/Python/3.9/lib/python/site-packages/airflow/example_dags/example_external_task_marker_dag.py took 0.159 seconds
[2024-08-08T16:50:06.082-0700] {processor.py:161} INFO - Started process (PID=98933) to work on /Users/treylayton/Library/Python/3.9/lib/python/site-packages/airflow/example_dags/example_external_task_marker_dag.py
[2024-08-08T16:50:06.083-0700] {processor.py:830} INFO - Processing file /Users/treylayton/Library/Python/3.9/lib/python/site-packages/airflow/example_dags/example_external_task_marker_dag.py for tasks to queue
[2024-08-08T16:50:06.084-0700] {logging_mixin.py:188} INFO - [2024-08-08T16:50:06.084-0700] {dagbag.py:545} INFO - Filling up the DagBag from /Users/treylayton/Library/Python/3.9/lib/python/site-packages/airflow/example_dags/example_external_task_marker_dag.py
[2024-08-08T16:50:06.092-0700] {processor.py:840} INFO - DAG(s) 'example_external_task_marker_child', 'example_external_task_marker_parent' retrieved from /Users/treylayton/Library/Python/3.9/lib/python/site-packages/airflow/example_dags/example_external_task_marker_dag.py
[2024-08-08T16:50:06.209-0700] {logging_mixin.py:188} INFO - [2024-08-08T16:50:06.209-0700] {dag.py:3089} INFO - Sync 2 DAGs
[2024-08-08T16:50:06.215-0700] {logging_mixin.py:188} INFO - [2024-08-08T16:50:06.214-0700] {dag.py:3947} INFO - Setting next_dagrun for example_external_task_marker_child to None, run_after=None
[2024-08-08T16:50:06.216-0700] {logging_mixin.py:188} INFO - [2024-08-08T16:50:06.216-0700] {dag.py:3947} INFO - Setting next_dagrun for example_external_task_marker_parent to None, run_after=None
[2024-08-08T16:50:06.227-0700] {processor.py:183} INFO - Processing /Users/treylayton/Library/Python/3.9/lib/python/site-packages/airflow/example_dags/example_external_task_marker_dag.py took 0.148 seconds
[2024-08-08T16:52:03.475-0700] {processor.py:161} INFO - Started process (PID=99190) to work on /Users/treylayton/Library/Python/3.9/lib/python/site-packages/airflow/example_dags/example_external_task_marker_dag.py
[2024-08-08T16:52:03.477-0700] {processor.py:830} INFO - Processing file /Users/treylayton/Library/Python/3.9/lib/python/site-packages/airflow/example_dags/example_external_task_marker_dag.py for tasks to queue
[2024-08-08T16:52:03.477-0700] {logging_mixin.py:188} INFO - [2024-08-08T16:52:03.477-0700] {dagbag.py:545} INFO - Filling up the DagBag from /Users/treylayton/Library/Python/3.9/lib/python/site-packages/airflow/example_dags/example_external_task_marker_dag.py
[2024-08-08T16:52:03.486-0700] {processor.py:840} INFO - DAG(s) 'example_external_task_marker_child', 'example_external_task_marker_parent' retrieved from /Users/treylayton/Library/Python/3.9/lib/python/site-packages/airflow/example_dags/example_external_task_marker_dag.py
[2024-08-08T16:52:03.558-0700] {logging_mixin.py:188} INFO - [2024-08-08T16:52:03.558-0700] {dag.py:3089} INFO - Sync 2 DAGs
[2024-08-08T16:52:03.563-0700] {logging_mixin.py:188} INFO - [2024-08-08T16:52:03.563-0700] {dag.py:3947} INFO - Setting next_dagrun for example_external_task_marker_child to None, run_after=None
[2024-08-08T16:52:03.565-0700] {logging_mixin.py:188} INFO - [2024-08-08T16:52:03.565-0700] {dag.py:3947} INFO - Setting next_dagrun for example_external_task_marker_parent to None, run_after=None
[2024-08-08T16:52:03.578-0700] {processor.py:183} INFO - Processing /Users/treylayton/Library/Python/3.9/lib/python/site-packages/airflow/example_dags/example_external_task_marker_dag.py took 0.105 seconds
[2024-08-08T16:52:29.142-0700] {processor.py:161} INFO - Started process (PID=99257) to work on /Users/treylayton/Library/Python/3.9/lib/python/site-packages/airflow/example_dags/example_external_task_marker_dag.py
[2024-08-08T16:52:29.144-0700] {processor.py:830} INFO - Processing file /Users/treylayton/Library/Python/3.9/lib/python/site-packages/airflow/example_dags/example_external_task_marker_dag.py for tasks to queue
[2024-08-08T16:52:29.144-0700] {logging_mixin.py:188} INFO - [2024-08-08T16:52:29.144-0700] {dagbag.py:545} INFO - Filling up the DagBag from /Users/treylayton/Library/Python/3.9/lib/python/site-packages/airflow/example_dags/example_external_task_marker_dag.py
[2024-08-08T16:52:29.152-0700] {processor.py:840} INFO - DAG(s) 'example_external_task_marker_child', 'example_external_task_marker_parent' retrieved from /Users/treylayton/Library/Python/3.9/lib/python/site-packages/airflow/example_dags/example_external_task_marker_dag.py
[2024-08-08T16:52:29.221-0700] {logging_mixin.py:188} INFO - [2024-08-08T16:52:29.221-0700] {dag.py:3089} INFO - Sync 2 DAGs
[2024-08-08T16:52:29.226-0700] {logging_mixin.py:188} INFO - [2024-08-08T16:52:29.226-0700] {dag.py:3947} INFO - Setting next_dagrun for example_external_task_marker_child to None, run_after=None
[2024-08-08T16:52:29.228-0700] {logging_mixin.py:188} INFO - [2024-08-08T16:52:29.228-0700] {dag.py:3947} INFO - Setting next_dagrun for example_external_task_marker_parent to None, run_after=None
[2024-08-08T16:52:29.240-0700] {processor.py:183} INFO - Processing /Users/treylayton/Library/Python/3.9/lib/python/site-packages/airflow/example_dags/example_external_task_marker_dag.py took 0.100 seconds
[2024-08-08T16:54:32.927-0700] {processor.py:161} INFO - Started process (PID=99471) to work on /Users/treylayton/Library/Python/3.9/lib/python/site-packages/airflow/example_dags/example_external_task_marker_dag.py
[2024-08-08T16:54:32.929-0700] {processor.py:830} INFO - Processing file /Users/treylayton/Library/Python/3.9/lib/python/site-packages/airflow/example_dags/example_external_task_marker_dag.py for tasks to queue
[2024-08-08T16:54:32.930-0700] {logging_mixin.py:188} INFO - [2024-08-08T16:54:32.930-0700] {dagbag.py:545} INFO - Filling up the DagBag from /Users/treylayton/Library/Python/3.9/lib/python/site-packages/airflow/example_dags/example_external_task_marker_dag.py
[2024-08-08T16:54:32.938-0700] {processor.py:840} INFO - DAG(s) 'example_external_task_marker_parent', 'example_external_task_marker_child' retrieved from /Users/treylayton/Library/Python/3.9/lib/python/site-packages/airflow/example_dags/example_external_task_marker_dag.py
[2024-08-08T16:54:33.005-0700] {logging_mixin.py:188} INFO - [2024-08-08T16:54:33.005-0700] {dag.py:3089} INFO - Sync 2 DAGs
[2024-08-08T16:54:33.011-0700] {logging_mixin.py:188} INFO - [2024-08-08T16:54:33.011-0700] {dag.py:3947} INFO - Setting next_dagrun for example_external_task_marker_child to None, run_after=None
[2024-08-08T16:54:33.012-0700] {logging_mixin.py:188} INFO - [2024-08-08T16:54:33.012-0700] {dag.py:3947} INFO - Setting next_dagrun for example_external_task_marker_parent to None, run_after=None
[2024-08-08T16:54:33.024-0700] {processor.py:183} INFO - Processing /Users/treylayton/Library/Python/3.9/lib/python/site-packages/airflow/example_dags/example_external_task_marker_dag.py took 0.098 seconds
[2024-08-08T16:55:01.411-0700] {processor.py:161} INFO - Started process (PID=99528) to work on /Users/treylayton/Library/Python/3.9/lib/python/site-packages/airflow/example_dags/example_external_task_marker_dag.py
[2024-08-08T16:55:01.412-0700] {processor.py:830} INFO - Processing file /Users/treylayton/Library/Python/3.9/lib/python/site-packages/airflow/example_dags/example_external_task_marker_dag.py for tasks to queue
[2024-08-08T16:55:01.413-0700] {logging_mixin.py:188} INFO - [2024-08-08T16:55:01.413-0700] {dagbag.py:545} INFO - Filling up the DagBag from /Users/treylayton/Library/Python/3.9/lib/python/site-packages/airflow/example_dags/example_external_task_marker_dag.py
[2024-08-08T16:55:01.421-0700] {processor.py:840} INFO - DAG(s) 'example_external_task_marker_parent', 'example_external_task_marker_child' retrieved from /Users/treylayton/Library/Python/3.9/lib/python/site-packages/airflow/example_dags/example_external_task_marker_dag.py
[2024-08-08T16:55:01.486-0700] {logging_mixin.py:188} INFO - [2024-08-08T16:55:01.486-0700] {dag.py:3089} INFO - Sync 2 DAGs
[2024-08-08T16:55:01.492-0700] {logging_mixin.py:188} INFO - [2024-08-08T16:55:01.491-0700] {dag.py:3947} INFO - Setting next_dagrun for example_external_task_marker_child to None, run_after=None
[2024-08-08T16:55:01.493-0700] {logging_mixin.py:188} INFO - [2024-08-08T16:55:01.493-0700] {dag.py:3947} INFO - Setting next_dagrun for example_external_task_marker_parent to None, run_after=None
[2024-08-08T16:55:01.504-0700] {processor.py:183} INFO - Processing /Users/treylayton/Library/Python/3.9/lib/python/site-packages/airflow/example_dags/example_external_task_marker_dag.py took 0.095 seconds
[2024-08-08T16:57:02.768-0700] {processor.py:161} INFO - Started process (PID=99757) to work on /Users/treylayton/Library/Python/3.9/lib/python/site-packages/airflow/example_dags/example_external_task_marker_dag.py
[2024-08-08T16:57:02.770-0700] {processor.py:830} INFO - Processing file /Users/treylayton/Library/Python/3.9/lib/python/site-packages/airflow/example_dags/example_external_task_marker_dag.py for tasks to queue
[2024-08-08T16:57:02.770-0700] {logging_mixin.py:188} INFO - [2024-08-08T16:57:02.770-0700] {dagbag.py:545} INFO - Filling up the DagBag from /Users/treylayton/Library/Python/3.9/lib/python/site-packages/airflow/example_dags/example_external_task_marker_dag.py
[2024-08-08T16:57:02.778-0700] {processor.py:840} INFO - DAG(s) 'example_external_task_marker_child', 'example_external_task_marker_parent' retrieved from /Users/treylayton/Library/Python/3.9/lib/python/site-packages/airflow/example_dags/example_external_task_marker_dag.py
[2024-08-08T16:57:02.845-0700] {logging_mixin.py:188} INFO - [2024-08-08T16:57:02.845-0700] {dag.py:3089} INFO - Sync 2 DAGs
[2024-08-08T16:57:02.851-0700] {logging_mixin.py:188} INFO - [2024-08-08T16:57:02.851-0700] {dag.py:3947} INFO - Setting next_dagrun for example_external_task_marker_child to None, run_after=None
[2024-08-08T16:57:02.853-0700] {logging_mixin.py:188} INFO - [2024-08-08T16:57:02.853-0700] {dag.py:3947} INFO - Setting next_dagrun for example_external_task_marker_parent to None, run_after=None
[2024-08-08T16:57:02.864-0700] {processor.py:183} INFO - Processing /Users/treylayton/Library/Python/3.9/lib/python/site-packages/airflow/example_dags/example_external_task_marker_dag.py took 0.099 seconds
[2024-08-08T16:57:29.348-0700] {processor.py:161} INFO - Started process (PID=99810) to work on /Users/treylayton/Library/Python/3.9/lib/python/site-packages/airflow/example_dags/example_external_task_marker_dag.py
[2024-08-08T16:57:29.349-0700] {processor.py:830} INFO - Processing file /Users/treylayton/Library/Python/3.9/lib/python/site-packages/airflow/example_dags/example_external_task_marker_dag.py for tasks to queue
[2024-08-08T16:57:29.350-0700] {logging_mixin.py:188} INFO - [2024-08-08T16:57:29.350-0700] {dagbag.py:545} INFO - Filling up the DagBag from /Users/treylayton/Library/Python/3.9/lib/python/site-packages/airflow/example_dags/example_external_task_marker_dag.py
[2024-08-08T16:57:29.358-0700] {processor.py:840} INFO - DAG(s) 'example_external_task_marker_child', 'example_external_task_marker_parent' retrieved from /Users/treylayton/Library/Python/3.9/lib/python/site-packages/airflow/example_dags/example_external_task_marker_dag.py
[2024-08-08T16:57:29.425-0700] {logging_mixin.py:188} INFO - [2024-08-08T16:57:29.425-0700] {dag.py:3089} INFO - Sync 2 DAGs
[2024-08-08T16:57:29.431-0700] {logging_mixin.py:188} INFO - [2024-08-08T16:57:29.430-0700] {dag.py:3947} INFO - Setting next_dagrun for example_external_task_marker_child to None, run_after=None
[2024-08-08T16:57:29.432-0700] {logging_mixin.py:188} INFO - [2024-08-08T16:57:29.432-0700] {dag.py:3947} INFO - Setting next_dagrun for example_external_task_marker_parent to None, run_after=None
[2024-08-08T16:57:29.444-0700] {processor.py:183} INFO - Processing /Users/treylayton/Library/Python/3.9/lib/python/site-packages/airflow/example_dags/example_external_task_marker_dag.py took 0.098 seconds
[2024-08-08T16:59:30.380-0700] {processor.py:161} INFO - Started process (PID=163) to work on /Users/treylayton/Library/Python/3.9/lib/python/site-packages/airflow/example_dags/example_external_task_marker_dag.py
[2024-08-08T16:59:30.382-0700] {processor.py:830} INFO - Processing file /Users/treylayton/Library/Python/3.9/lib/python/site-packages/airflow/example_dags/example_external_task_marker_dag.py for tasks to queue
[2024-08-08T16:59:30.382-0700] {logging_mixin.py:188} INFO - [2024-08-08T16:59:30.382-0700] {dagbag.py:545} INFO - Filling up the DagBag from /Users/treylayton/Library/Python/3.9/lib/python/site-packages/airflow/example_dags/example_external_task_marker_dag.py
[2024-08-08T16:59:30.391-0700] {processor.py:840} INFO - DAG(s) 'example_external_task_marker_child', 'example_external_task_marker_parent' retrieved from /Users/treylayton/Library/Python/3.9/lib/python/site-packages/airflow/example_dags/example_external_task_marker_dag.py
[2024-08-08T16:59:30.455-0700] {logging_mixin.py:188} INFO - [2024-08-08T16:59:30.454-0700] {dag.py:3089} INFO - Sync 2 DAGs
[2024-08-08T16:59:30.459-0700] {logging_mixin.py:188} INFO - [2024-08-08T16:59:30.459-0700] {dag.py:3947} INFO - Setting next_dagrun for example_external_task_marker_child to None, run_after=None
[2024-08-08T16:59:30.465-0700] {logging_mixin.py:188} INFO - [2024-08-08T16:59:30.465-0700] {dag.py:3947} INFO - Setting next_dagrun for example_external_task_marker_parent to None, run_after=None
[2024-08-08T16:59:30.474-0700] {processor.py:183} INFO - Processing /Users/treylayton/Library/Python/3.9/lib/python/site-packages/airflow/example_dags/example_external_task_marker_dag.py took 0.097 seconds
[2024-08-08T16:59:56.715-0700] {processor.py:161} INFO - Started process (PID=195) to work on /Users/treylayton/Library/Python/3.9/lib/python/site-packages/airflow/example_dags/example_external_task_marker_dag.py
[2024-08-08T16:59:56.716-0700] {processor.py:830} INFO - Processing file /Users/treylayton/Library/Python/3.9/lib/python/site-packages/airflow/example_dags/example_external_task_marker_dag.py for tasks to queue
[2024-08-08T16:59:56.717-0700] {logging_mixin.py:188} INFO - [2024-08-08T16:59:56.717-0700] {dagbag.py:545} INFO - Filling up the DagBag from /Users/treylayton/Library/Python/3.9/lib/python/site-packages/airflow/example_dags/example_external_task_marker_dag.py
[2024-08-08T16:59:56.725-0700] {processor.py:840} INFO - DAG(s) 'example_external_task_marker_parent', 'example_external_task_marker_child' retrieved from /Users/treylayton/Library/Python/3.9/lib/python/site-packages/airflow/example_dags/example_external_task_marker_dag.py
[2024-08-08T16:59:56.798-0700] {logging_mixin.py:188} INFO - [2024-08-08T16:59:56.798-0700] {dag.py:3089} INFO - Sync 2 DAGs
[2024-08-08T16:59:56.804-0700] {logging_mixin.py:188} INFO - [2024-08-08T16:59:56.804-0700] {dag.py:3947} INFO - Setting next_dagrun for example_external_task_marker_child to None, run_after=None
[2024-08-08T16:59:56.806-0700] {logging_mixin.py:188} INFO - [2024-08-08T16:59:56.805-0700] {dag.py:3947} INFO - Setting next_dagrun for example_external_task_marker_parent to None, run_after=None
[2024-08-08T16:59:56.817-0700] {processor.py:183} INFO - Processing /Users/treylayton/Library/Python/3.9/lib/python/site-packages/airflow/example_dags/example_external_task_marker_dag.py took 0.104 seconds
