[2024-08-08T16:48:44.266-0700] {processor.py:161} INFO - Started process (PID=98746) to work on /Users/treylayton/Library/Python/3.9/lib/python/site-packages/airflow/example_dags/example_branch_day_of_week_operator.py
[2024-08-08T16:48:44.268-0700] {processor.py:830} INFO - Processing file /Users/treylayton/Library/Python/3.9/lib/python/site-packages/airflow/example_dags/example_branch_day_of_week_operator.py for tasks to queue
[2024-08-08T16:48:44.268-0700] {logging_mixin.py:188} INFO - [2024-08-08T16:48:44.268-0700] {dagbag.py:545} INFO - Filling up the DagBag from /Users/treylayton/Library/Python/3.9/lib/python/site-packages/airflow/example_dags/example_branch_day_of_week_operator.py
[2024-08-08T16:48:44.275-0700] {processor.py:840} INFO - DAG(s) 'example_weekday_branch_operator' retrieved from /Users/treylayton/Library/Python/3.9/lib/python/site-packages/airflow/example_dags/example_branch_day_of_week_operator.py
[2024-08-08T16:48:44.382-0700] {logging_mixin.py:188} INFO - [2024-08-08T16:48:44.381-0700] {dag.py:3089} INFO - Sync 1 DAGs
[2024-08-08T16:48:44.391-0700] {logging_mixin.py:188} INFO - [2024-08-08T16:48:44.391-0700] {dag.py:3947} INFO - Setting next_dagrun for example_weekday_branch_operator to 2024-08-07 00:00:00+00:00, run_after=2024-08-08 00:00:00+00:00
[2024-08-08T16:48:44.404-0700] {processor.py:183} INFO - Processing /Users/treylayton/Library/Python/3.9/lib/python/site-packages/airflow/example_dags/example_branch_day_of_week_operator.py took 0.140 seconds
[2024-08-08T16:51:11.151-0700] {processor.py:161} INFO - Started process (PID=99108) to work on /Users/treylayton/Library/Python/3.9/lib/python/site-packages/airflow/example_dags/example_branch_day_of_week_operator.py
[2024-08-08T16:51:11.153-0700] {processor.py:830} INFO - Processing file /Users/treylayton/Library/Python/3.9/lib/python/site-packages/airflow/example_dags/example_branch_day_of_week_operator.py for tasks to queue
[2024-08-08T16:51:11.153-0700] {logging_mixin.py:188} INFO - [2024-08-08T16:51:11.153-0700] {dagbag.py:545} INFO - Filling up the DagBag from /Users/treylayton/Library/Python/3.9/lib/python/site-packages/airflow/example_dags/example_branch_day_of_week_operator.py
[2024-08-08T16:51:11.159-0700] {processor.py:840} INFO - DAG(s) 'example_weekday_branch_operator' retrieved from /Users/treylayton/Library/Python/3.9/lib/python/site-packages/airflow/example_dags/example_branch_day_of_week_operator.py
[2024-08-08T16:51:11.259-0700] {logging_mixin.py:188} INFO - [2024-08-08T16:51:11.259-0700] {dag.py:3089} INFO - Sync 1 DAGs
[2024-08-08T16:51:11.268-0700] {logging_mixin.py:188} INFO - [2024-08-08T16:51:11.268-0700] {dag.py:3947} INFO - Setting next_dagrun for example_weekday_branch_operator to 2024-08-07 00:00:00+00:00, run_after=2024-08-08 00:00:00+00:00
[2024-08-08T16:51:11.279-0700] {processor.py:183} INFO - Processing /Users/treylayton/Library/Python/3.9/lib/python/site-packages/airflow/example_dags/example_branch_day_of_week_operator.py took 0.129 seconds
[2024-08-08T16:52:26.106-0700] {processor.py:161} INFO - Started process (PID=99246) to work on /Users/treylayton/Library/Python/3.9/lib/python/site-packages/airflow/example_dags/example_branch_day_of_week_operator.py
[2024-08-08T16:52:26.107-0700] {processor.py:830} INFO - Processing file /Users/treylayton/Library/Python/3.9/lib/python/site-packages/airflow/example_dags/example_branch_day_of_week_operator.py for tasks to queue
[2024-08-08T16:52:26.108-0700] {logging_mixin.py:188} INFO - [2024-08-08T16:52:26.108-0700] {dagbag.py:545} INFO - Filling up the DagBag from /Users/treylayton/Library/Python/3.9/lib/python/site-packages/airflow/example_dags/example_branch_day_of_week_operator.py
[2024-08-08T16:52:26.114-0700] {processor.py:840} INFO - DAG(s) 'example_weekday_branch_operator' retrieved from /Users/treylayton/Library/Python/3.9/lib/python/site-packages/airflow/example_dags/example_branch_day_of_week_operator.py
[2024-08-08T16:52:26.176-0700] {logging_mixin.py:188} INFO - [2024-08-08T16:52:26.175-0700] {dag.py:3089} INFO - Sync 1 DAGs
[2024-08-08T16:52:26.185-0700] {logging_mixin.py:188} INFO - [2024-08-08T16:52:26.185-0700] {dag.py:3947} INFO - Setting next_dagrun for example_weekday_branch_operator to 2024-08-07 00:00:00+00:00, run_after=2024-08-08 00:00:00+00:00
[2024-08-08T16:52:26.199-0700] {processor.py:183} INFO - Processing /Users/treylayton/Library/Python/3.9/lib/python/site-packages/airflow/example_dags/example_branch_day_of_week_operator.py took 0.095 seconds
[2024-08-08T16:53:38.850-0700] {processor.py:161} INFO - Started process (PID=99362) to work on /Users/treylayton/Library/Python/3.9/lib/python/site-packages/airflow/example_dags/example_branch_day_of_week_operator.py
[2024-08-08T16:53:38.852-0700] {processor.py:830} INFO - Processing file /Users/treylayton/Library/Python/3.9/lib/python/site-packages/airflow/example_dags/example_branch_day_of_week_operator.py for tasks to queue
[2024-08-08T16:53:38.852-0700] {logging_mixin.py:188} INFO - [2024-08-08T16:53:38.852-0700] {dagbag.py:545} INFO - Filling up the DagBag from /Users/treylayton/Library/Python/3.9/lib/python/site-packages/airflow/example_dags/example_branch_day_of_week_operator.py
[2024-08-08T16:53:38.858-0700] {processor.py:840} INFO - DAG(s) 'example_weekday_branch_operator' retrieved from /Users/treylayton/Library/Python/3.9/lib/python/site-packages/airflow/example_dags/example_branch_day_of_week_operator.py
[2024-08-08T16:53:38.921-0700] {logging_mixin.py:188} INFO - [2024-08-08T16:53:38.920-0700] {dag.py:3089} INFO - Sync 1 DAGs
[2024-08-08T16:53:38.930-0700] {logging_mixin.py:188} INFO - [2024-08-08T16:53:38.930-0700] {dag.py:3947} INFO - Setting next_dagrun for example_weekday_branch_operator to 2024-08-07 00:00:00+00:00, run_after=2024-08-08 00:00:00+00:00
[2024-08-08T16:53:38.944-0700] {processor.py:183} INFO - Processing /Users/treylayton/Library/Python/3.9/lib/python/site-packages/airflow/example_dags/example_branch_day_of_week_operator.py took 0.096 seconds
[2024-08-08T16:54:55.072-0700] {processor.py:161} INFO - Started process (PID=99517) to work on /Users/treylayton/Library/Python/3.9/lib/python/site-packages/airflow/example_dags/example_branch_day_of_week_operator.py
[2024-08-08T16:54:55.073-0700] {processor.py:830} INFO - Processing file /Users/treylayton/Library/Python/3.9/lib/python/site-packages/airflow/example_dags/example_branch_day_of_week_operator.py for tasks to queue
[2024-08-08T16:54:55.074-0700] {logging_mixin.py:188} INFO - [2024-08-08T16:54:55.074-0700] {dagbag.py:545} INFO - Filling up the DagBag from /Users/treylayton/Library/Python/3.9/lib/python/site-packages/airflow/example_dags/example_branch_day_of_week_operator.py
[2024-08-08T16:54:55.080-0700] {processor.py:840} INFO - DAG(s) 'example_weekday_branch_operator' retrieved from /Users/treylayton/Library/Python/3.9/lib/python/site-packages/airflow/example_dags/example_branch_day_of_week_operator.py
[2024-08-08T16:54:55.137-0700] {logging_mixin.py:188} INFO - [2024-08-08T16:54:55.137-0700] {dag.py:3089} INFO - Sync 1 DAGs
[2024-08-08T16:54:55.146-0700] {logging_mixin.py:188} INFO - [2024-08-08T16:54:55.146-0700] {dag.py:3947} INFO - Setting next_dagrun for example_weekday_branch_operator to 2024-08-07 00:00:00+00:00, run_after=2024-08-08 00:00:00+00:00
[2024-08-08T16:54:55.157-0700] {processor.py:183} INFO - Processing /Users/treylayton/Library/Python/3.9/lib/python/site-packages/airflow/example_dags/example_branch_day_of_week_operator.py took 0.087 seconds
[2024-08-08T16:56:07.618-0700] {processor.py:161} INFO - Started process (PID=99669) to work on /Users/treylayton/Library/Python/3.9/lib/python/site-packages/airflow/example_dags/example_branch_day_of_week_operator.py
[2024-08-08T16:56:07.620-0700] {processor.py:830} INFO - Processing file /Users/treylayton/Library/Python/3.9/lib/python/site-packages/airflow/example_dags/example_branch_day_of_week_operator.py for tasks to queue
[2024-08-08T16:56:07.620-0700] {logging_mixin.py:188} INFO - [2024-08-08T16:56:07.620-0700] {dagbag.py:545} INFO - Filling up the DagBag from /Users/treylayton/Library/Python/3.9/lib/python/site-packages/airflow/example_dags/example_branch_day_of_week_operator.py
[2024-08-08T16:56:07.626-0700] {processor.py:840} INFO - DAG(s) 'example_weekday_branch_operator' retrieved from /Users/treylayton/Library/Python/3.9/lib/python/site-packages/airflow/example_dags/example_branch_day_of_week_operator.py
[2024-08-08T16:56:07.683-0700] {logging_mixin.py:188} INFO - [2024-08-08T16:56:07.683-0700] {dag.py:3089} INFO - Sync 1 DAGs
[2024-08-08T16:56:07.693-0700] {logging_mixin.py:188} INFO - [2024-08-08T16:56:07.693-0700] {dag.py:3947} INFO - Setting next_dagrun for example_weekday_branch_operator to 2024-08-07 00:00:00+00:00, run_after=2024-08-08 00:00:00+00:00
[2024-08-08T16:56:07.705-0700] {processor.py:183} INFO - Processing /Users/treylayton/Library/Python/3.9/lib/python/site-packages/airflow/example_dags/example_branch_day_of_week_operator.py took 0.089 seconds
[2024-08-08T16:57:24.233-0700] {processor.py:161} INFO - Started process (PID=99799) to work on /Users/treylayton/Library/Python/3.9/lib/python/site-packages/airflow/example_dags/example_branch_day_of_week_operator.py
[2024-08-08T16:57:24.235-0700] {processor.py:830} INFO - Processing file /Users/treylayton/Library/Python/3.9/lib/python/site-packages/airflow/example_dags/example_branch_day_of_week_operator.py for tasks to queue
[2024-08-08T16:57:24.235-0700] {logging_mixin.py:188} INFO - [2024-08-08T16:57:24.235-0700] {dagbag.py:545} INFO - Filling up the DagBag from /Users/treylayton/Library/Python/3.9/lib/python/site-packages/airflow/example_dags/example_branch_day_of_week_operator.py
[2024-08-08T16:57:24.241-0700] {processor.py:840} INFO - DAG(s) 'example_weekday_branch_operator' retrieved from /Users/treylayton/Library/Python/3.9/lib/python/site-packages/airflow/example_dags/example_branch_day_of_week_operator.py
[2024-08-08T16:57:24.300-0700] {logging_mixin.py:188} INFO - [2024-08-08T16:57:24.300-0700] {dag.py:3089} INFO - Sync 1 DAGs
[2024-08-08T16:57:24.309-0700] {logging_mixin.py:188} INFO - [2024-08-08T16:57:24.309-0700] {dag.py:3947} INFO - Setting next_dagrun for example_weekday_branch_operator to 2024-08-07 00:00:00+00:00, run_after=2024-08-08 00:00:00+00:00
[2024-08-08T16:57:24.321-0700] {processor.py:183} INFO - Processing /Users/treylayton/Library/Python/3.9/lib/python/site-packages/airflow/example_dags/example_branch_day_of_week_operator.py took 0.089 seconds
[2024-08-08T16:58:37.447-0700] {processor.py:161} INFO - Started process (PID=99962) to work on /Users/treylayton/Library/Python/3.9/lib/python/site-packages/airflow/example_dags/example_branch_day_of_week_operator.py
[2024-08-08T16:58:37.449-0700] {processor.py:830} INFO - Processing file /Users/treylayton/Library/Python/3.9/lib/python/site-packages/airflow/example_dags/example_branch_day_of_week_operator.py for tasks to queue
[2024-08-08T16:58:37.449-0700] {logging_mixin.py:188} INFO - [2024-08-08T16:58:37.449-0700] {dagbag.py:545} INFO - Filling up the DagBag from /Users/treylayton/Library/Python/3.9/lib/python/site-packages/airflow/example_dags/example_branch_day_of_week_operator.py
[2024-08-08T16:58:37.456-0700] {processor.py:840} INFO - DAG(s) 'example_weekday_branch_operator' retrieved from /Users/treylayton/Library/Python/3.9/lib/python/site-packages/airflow/example_dags/example_branch_day_of_week_operator.py
[2024-08-08T16:58:37.515-0700] {logging_mixin.py:188} INFO - [2024-08-08T16:58:37.515-0700] {dag.py:3089} INFO - Sync 1 DAGs
[2024-08-08T16:58:37.524-0700] {logging_mixin.py:188} INFO - [2024-08-08T16:58:37.524-0700] {dag.py:3947} INFO - Setting next_dagrun for example_weekday_branch_operator to 2024-08-07 00:00:00+00:00, run_after=2024-08-08 00:00:00+00:00
[2024-08-08T16:58:37.536-0700] {processor.py:183} INFO - Processing /Users/treylayton/Library/Python/3.9/lib/python/site-packages/airflow/example_dags/example_branch_day_of_week_operator.py took 0.091 seconds
[2024-08-08T16:59:52.046-0700] {processor.py:161} INFO - Started process (PID=190) to work on /Users/treylayton/Library/Python/3.9/lib/python/site-packages/airflow/example_dags/example_branch_day_of_week_operator.py
[2024-08-08T16:59:52.047-0700] {processor.py:830} INFO - Processing file /Users/treylayton/Library/Python/3.9/lib/python/site-packages/airflow/example_dags/example_branch_day_of_week_operator.py for tasks to queue
[2024-08-08T16:59:52.048-0700] {logging_mixin.py:188} INFO - [2024-08-08T16:59:52.048-0700] {dagbag.py:545} INFO - Filling up the DagBag from /Users/treylayton/Library/Python/3.9/lib/python/site-packages/airflow/example_dags/example_branch_day_of_week_operator.py
[2024-08-08T16:59:52.054-0700] {processor.py:840} INFO - DAG(s) 'example_weekday_branch_operator' retrieved from /Users/treylayton/Library/Python/3.9/lib/python/site-packages/airflow/example_dags/example_branch_day_of_week_operator.py
[2024-08-08T16:59:52.111-0700] {logging_mixin.py:188} INFO - [2024-08-08T16:59:52.110-0700] {dag.py:3089} INFO - Sync 1 DAGs
[2024-08-08T16:59:52.119-0700] {logging_mixin.py:188} INFO - [2024-08-08T16:59:52.119-0700] {dag.py:3947} INFO - Setting next_dagrun for example_weekday_branch_operator to 2024-08-07 00:00:00+00:00, run_after=2024-08-08 00:00:00+00:00
[2024-08-08T16:59:52.131-0700] {processor.py:183} INFO - Processing /Users/treylayton/Library/Python/3.9/lib/python/site-packages/airflow/example_dags/example_branch_day_of_week_operator.py took 0.087 seconds
