[2024-08-08T16:47:54.217-0700] {processor.py:161} INFO - Started process (PID=98673) to work on /Users/treylayton/Library/Python/3.9/lib/python/site-packages/airflow/example_dags/example_setup_teardown.py
[2024-08-08T16:47:54.219-0700] {processor.py:830} INFO - Processing file /Users/treylayton/Library/Python/3.9/lib/python/site-packages/airflow/example_dags/example_setup_teardown.py for tasks to queue
[2024-08-08T16:47:54.219-0700] {logging_mixin.py:188} INFO - [2024-08-08T16:47:54.219-0700] {dagbag.py:545} INFO - Filling up the DagBag from /Users/treylayton/Library/Python/3.9/lib/python/site-packages/airflow/example_dags/example_setup_teardown.py
[2024-08-08T16:47:54.224-0700] {processor.py:840} INFO - DAG(s) 'example_setup_teardown' retrieved from /Users/treylayton/Library/Python/3.9/lib/python/site-packages/airflow/example_dags/example_setup_teardown.py
[2024-08-08T16:47:54.337-0700] {logging_mixin.py:188} INFO - [2024-08-08T16:47:54.337-0700] {dag.py:3089} INFO - Sync 1 DAGs
[2024-08-08T16:47:54.350-0700] {logging_mixin.py:188} INFO - [2024-08-08T16:47:54.349-0700] {dag.py:3947} INFO - Setting next_dagrun for example_setup_teardown to 2024-08-07 00:00:00+00:00, run_after=2024-08-08 00:00:00+00:00
[2024-08-08T16:47:54.364-0700] {processor.py:183} INFO - Processing /Users/treylayton/Library/Python/3.9/lib/python/site-packages/airflow/example_dags/example_setup_teardown.py took 0.149 seconds
[2024-08-08T16:49:40.660-0700] {processor.py:161} INFO - Started process (PID=98881) to work on /Users/treylayton/Library/Python/3.9/lib/python/site-packages/airflow/example_dags/example_setup_teardown.py
[2024-08-08T16:49:40.662-0700] {processor.py:830} INFO - Processing file /Users/treylayton/Library/Python/3.9/lib/python/site-packages/airflow/example_dags/example_setup_teardown.py for tasks to queue
[2024-08-08T16:49:40.662-0700] {logging_mixin.py:188} INFO - [2024-08-08T16:49:40.662-0700] {dagbag.py:545} INFO - Filling up the DagBag from /Users/treylayton/Library/Python/3.9/lib/python/site-packages/airflow/example_dags/example_setup_teardown.py
[2024-08-08T16:49:40.667-0700] {processor.py:840} INFO - DAG(s) 'example_setup_teardown' retrieved from /Users/treylayton/Library/Python/3.9/lib/python/site-packages/airflow/example_dags/example_setup_teardown.py
[2024-08-08T16:49:40.675-0700] {logging_mixin.py:188} INFO - [2024-08-08T16:49:40.675-0700] {dag.py:3089} INFO - Sync 1 DAGs
[2024-08-08T16:49:40.728-0700] {logging_mixin.py:188} INFO - [2024-08-08T16:49:40.728-0700] {dag.py:3947} INFO - Setting next_dagrun for example_setup_teardown to 2024-08-07 00:00:00+00:00, run_after=2024-08-08 00:00:00+00:00
[2024-08-08T16:49:40.739-0700] {processor.py:183} INFO - Processing /Users/treylayton/Library/Python/3.9/lib/python/site-packages/airflow/example_dags/example_setup_teardown.py took 0.081 seconds
[2024-08-08T16:51:37.638-0700] {processor.py:161} INFO - Started process (PID=99141) to work on /Users/treylayton/Library/Python/3.9/lib/python/site-packages/airflow/example_dags/example_setup_teardown.py
[2024-08-08T16:51:37.640-0700] {processor.py:830} INFO - Processing file /Users/treylayton/Library/Python/3.9/lib/python/site-packages/airflow/example_dags/example_setup_teardown.py for tasks to queue
[2024-08-08T16:51:37.640-0700] {logging_mixin.py:188} INFO - [2024-08-08T16:51:37.640-0700] {dagbag.py:545} INFO - Filling up the DagBag from /Users/treylayton/Library/Python/3.9/lib/python/site-packages/airflow/example_dags/example_setup_teardown.py
[2024-08-08T16:51:37.645-0700] {processor.py:840} INFO - DAG(s) 'example_setup_teardown' retrieved from /Users/treylayton/Library/Python/3.9/lib/python/site-packages/airflow/example_dags/example_setup_teardown.py
[2024-08-08T16:51:37.760-0700] {logging_mixin.py:188} INFO - [2024-08-08T16:51:37.760-0700] {dag.py:3089} INFO - Sync 1 DAGs
[2024-08-08T16:51:37.773-0700] {logging_mixin.py:188} INFO - [2024-08-08T16:51:37.772-0700] {dag.py:3947} INFO - Setting next_dagrun for example_setup_teardown to 2024-08-07 00:00:00+00:00, run_after=2024-08-08 00:00:00+00:00
[2024-08-08T16:51:37.786-0700] {processor.py:183} INFO - Processing /Users/treylayton/Library/Python/3.9/lib/python/site-packages/airflow/example_dags/example_setup_teardown.py took 0.149 seconds
[2024-08-08T16:52:03.018-0700] {processor.py:161} INFO - Started process (PID=99189) to work on /Users/treylayton/Library/Python/3.9/lib/python/site-packages/airflow/example_dags/example_setup_teardown.py
[2024-08-08T16:52:03.019-0700] {processor.py:830} INFO - Processing file /Users/treylayton/Library/Python/3.9/lib/python/site-packages/airflow/example_dags/example_setup_teardown.py for tasks to queue
[2024-08-08T16:52:03.020-0700] {logging_mixin.py:188} INFO - [2024-08-08T16:52:03.019-0700] {dagbag.py:545} INFO - Filling up the DagBag from /Users/treylayton/Library/Python/3.9/lib/python/site-packages/airflow/example_dags/example_setup_teardown.py
[2024-08-08T16:52:03.024-0700] {processor.py:840} INFO - DAG(s) 'example_setup_teardown' retrieved from /Users/treylayton/Library/Python/3.9/lib/python/site-packages/airflow/example_dags/example_setup_teardown.py
[2024-08-08T16:52:03.031-0700] {logging_mixin.py:188} INFO - [2024-08-08T16:52:03.031-0700] {dag.py:3089} INFO - Sync 1 DAGs
[2024-08-08T16:52:03.087-0700] {logging_mixin.py:188} INFO - [2024-08-08T16:52:03.087-0700] {dag.py:3947} INFO - Setting next_dagrun for example_setup_teardown to 2024-08-07 00:00:00+00:00, run_after=2024-08-08 00:00:00+00:00
[2024-08-08T16:52:03.099-0700] {processor.py:183} INFO - Processing /Users/treylayton/Library/Python/3.9/lib/python/site-packages/airflow/example_dags/example_setup_teardown.py took 0.083 seconds
[2024-08-08T16:53:22.530-0700] {processor.py:161} INFO - Started process (PID=99345) to work on /Users/treylayton/Library/Python/3.9/lib/python/site-packages/airflow/example_dags/example_setup_teardown.py
[2024-08-08T16:53:22.532-0700] {processor.py:830} INFO - Processing file /Users/treylayton/Library/Python/3.9/lib/python/site-packages/airflow/example_dags/example_setup_teardown.py for tasks to queue
[2024-08-08T16:53:22.533-0700] {logging_mixin.py:188} INFO - [2024-08-08T16:53:22.533-0700] {dagbag.py:545} INFO - Filling up the DagBag from /Users/treylayton/Library/Python/3.9/lib/python/site-packages/airflow/example_dags/example_setup_teardown.py
[2024-08-08T16:53:22.538-0700] {processor.py:840} INFO - DAG(s) 'example_setup_teardown' retrieved from /Users/treylayton/Library/Python/3.9/lib/python/site-packages/airflow/example_dags/example_setup_teardown.py
[2024-08-08T16:53:22.604-0700] {logging_mixin.py:188} INFO - [2024-08-08T16:53:22.604-0700] {dag.py:3089} INFO - Sync 1 DAGs
[2024-08-08T16:53:22.616-0700] {logging_mixin.py:188} INFO - [2024-08-08T16:53:22.616-0700] {dag.py:3947} INFO - Setting next_dagrun for example_setup_teardown to 2024-08-07 00:00:00+00:00, run_after=2024-08-08 00:00:00+00:00
[2024-08-08T16:53:22.630-0700] {processor.py:183} INFO - Processing /Users/treylayton/Library/Python/3.9/lib/python/site-packages/airflow/example_dags/example_setup_teardown.py took 0.101 seconds
[2024-08-08T16:54:36.011-0700] {processor.py:161} INFO - Started process (PID=99475) to work on /Users/treylayton/Library/Python/3.9/lib/python/site-packages/airflow/example_dags/example_setup_teardown.py
[2024-08-08T16:54:36.013-0700] {processor.py:830} INFO - Processing file /Users/treylayton/Library/Python/3.9/lib/python/site-packages/airflow/example_dags/example_setup_teardown.py for tasks to queue
[2024-08-08T16:54:36.013-0700] {logging_mixin.py:188} INFO - [2024-08-08T16:54:36.013-0700] {dagbag.py:545} INFO - Filling up the DagBag from /Users/treylayton/Library/Python/3.9/lib/python/site-packages/airflow/example_dags/example_setup_teardown.py
[2024-08-08T16:54:36.018-0700] {processor.py:840} INFO - DAG(s) 'example_setup_teardown' retrieved from /Users/treylayton/Library/Python/3.9/lib/python/site-packages/airflow/example_dags/example_setup_teardown.py
[2024-08-08T16:54:36.076-0700] {logging_mixin.py:188} INFO - [2024-08-08T16:54:36.076-0700] {dag.py:3089} INFO - Sync 1 DAGs
[2024-08-08T16:54:36.088-0700] {logging_mixin.py:188} INFO - [2024-08-08T16:54:36.088-0700] {dag.py:3947} INFO - Setting next_dagrun for example_setup_teardown to 2024-08-07 00:00:00+00:00, run_after=2024-08-08 00:00:00+00:00
[2024-08-08T16:54:36.101-0700] {processor.py:183} INFO - Processing /Users/treylayton/Library/Python/3.9/lib/python/site-packages/airflow/example_dags/example_setup_teardown.py took 0.091 seconds
[2024-08-08T16:55:50.567-0700] {processor.py:161} INFO - Started process (PID=99633) to work on /Users/treylayton/Library/Python/3.9/lib/python/site-packages/airflow/example_dags/example_setup_teardown.py
[2024-08-08T16:55:50.568-0700] {processor.py:830} INFO - Processing file /Users/treylayton/Library/Python/3.9/lib/python/site-packages/airflow/example_dags/example_setup_teardown.py for tasks to queue
[2024-08-08T16:55:50.569-0700] {logging_mixin.py:188} INFO - [2024-08-08T16:55:50.569-0700] {dagbag.py:545} INFO - Filling up the DagBag from /Users/treylayton/Library/Python/3.9/lib/python/site-packages/airflow/example_dags/example_setup_teardown.py
[2024-08-08T16:55:50.573-0700] {processor.py:840} INFO - DAG(s) 'example_setup_teardown' retrieved from /Users/treylayton/Library/Python/3.9/lib/python/site-packages/airflow/example_dags/example_setup_teardown.py
[2024-08-08T16:55:50.632-0700] {logging_mixin.py:188} INFO - [2024-08-08T16:55:50.632-0700] {dag.py:3089} INFO - Sync 1 DAGs
[2024-08-08T16:55:50.644-0700] {logging_mixin.py:188} INFO - [2024-08-08T16:55:50.643-0700] {dag.py:3947} INFO - Setting next_dagrun for example_setup_teardown to 2024-08-07 00:00:00+00:00, run_after=2024-08-08 00:00:00+00:00
[2024-08-08T16:55:50.655-0700] {processor.py:183} INFO - Processing /Users/treylayton/Library/Python/3.9/lib/python/site-packages/airflow/example_dags/example_setup_teardown.py took 0.090 seconds
[2024-08-08T16:57:02.882-0700] {processor.py:161} INFO - Started process (PID=99758) to work on /Users/treylayton/Library/Python/3.9/lib/python/site-packages/airflow/example_dags/example_setup_teardown.py
[2024-08-08T16:57:02.884-0700] {processor.py:830} INFO - Processing file /Users/treylayton/Library/Python/3.9/lib/python/site-packages/airflow/example_dags/example_setup_teardown.py for tasks to queue
[2024-08-08T16:57:02.884-0700] {logging_mixin.py:188} INFO - [2024-08-08T16:57:02.884-0700] {dagbag.py:545} INFO - Filling up the DagBag from /Users/treylayton/Library/Python/3.9/lib/python/site-packages/airflow/example_dags/example_setup_teardown.py
[2024-08-08T16:57:02.888-0700] {processor.py:840} INFO - DAG(s) 'example_setup_teardown' retrieved from /Users/treylayton/Library/Python/3.9/lib/python/site-packages/airflow/example_dags/example_setup_teardown.py
[2024-08-08T16:57:02.949-0700] {logging_mixin.py:188} INFO - [2024-08-08T16:57:02.949-0700] {dag.py:3089} INFO - Sync 1 DAGs
[2024-08-08T16:57:02.962-0700] {logging_mixin.py:188} INFO - [2024-08-08T16:57:02.962-0700] {dag.py:3947} INFO - Setting next_dagrun for example_setup_teardown to 2024-08-07 00:00:00+00:00, run_after=2024-08-08 00:00:00+00:00
[2024-08-08T16:57:02.988-0700] {processor.py:183} INFO - Processing /Users/treylayton/Library/Python/3.9/lib/python/site-packages/airflow/example_dags/example_setup_teardown.py took 0.108 seconds
[2024-08-08T16:58:19.953-0700] {processor.py:161} INFO - Started process (PID=99918) to work on /Users/treylayton/Library/Python/3.9/lib/python/site-packages/airflow/example_dags/example_setup_teardown.py
[2024-08-08T16:58:19.955-0700] {processor.py:830} INFO - Processing file /Users/treylayton/Library/Python/3.9/lib/python/site-packages/airflow/example_dags/example_setup_teardown.py for tasks to queue
[2024-08-08T16:58:19.955-0700] {logging_mixin.py:188} INFO - [2024-08-08T16:58:19.955-0700] {dagbag.py:545} INFO - Filling up the DagBag from /Users/treylayton/Library/Python/3.9/lib/python/site-packages/airflow/example_dags/example_setup_teardown.py
[2024-08-08T16:58:19.960-0700] {processor.py:840} INFO - DAG(s) 'example_setup_teardown' retrieved from /Users/treylayton/Library/Python/3.9/lib/python/site-packages/airflow/example_dags/example_setup_teardown.py
[2024-08-08T16:58:20.019-0700] {logging_mixin.py:188} INFO - [2024-08-08T16:58:20.019-0700] {dag.py:3089} INFO - Sync 1 DAGs
[2024-08-08T16:58:20.031-0700] {logging_mixin.py:188} INFO - [2024-08-08T16:58:20.031-0700] {dag.py:3947} INFO - Setting next_dagrun for example_setup_teardown to 2024-08-07 00:00:00+00:00, run_after=2024-08-08 00:00:00+00:00
[2024-08-08T16:58:20.044-0700] {processor.py:183} INFO - Processing /Users/treylayton/Library/Python/3.9/lib/python/site-packages/airflow/example_dags/example_setup_teardown.py took 0.093 seconds
[2024-08-08T16:59:30.382-0700] {processor.py:161} INFO - Started process (PID=164) to work on /Users/treylayton/Library/Python/3.9/lib/python/site-packages/airflow/example_dags/example_setup_teardown.py
[2024-08-08T16:59:30.384-0700] {processor.py:830} INFO - Processing file /Users/treylayton/Library/Python/3.9/lib/python/site-packages/airflow/example_dags/example_setup_teardown.py for tasks to queue
[2024-08-08T16:59:30.384-0700] {logging_mixin.py:188} INFO - [2024-08-08T16:59:30.384-0700] {dagbag.py:545} INFO - Filling up the DagBag from /Users/treylayton/Library/Python/3.9/lib/python/site-packages/airflow/example_dags/example_setup_teardown.py
[2024-08-08T16:59:30.389-0700] {processor.py:840} INFO - DAG(s) 'example_setup_teardown' retrieved from /Users/treylayton/Library/Python/3.9/lib/python/site-packages/airflow/example_dags/example_setup_teardown.py
[2024-08-08T16:59:30.446-0700] {logging_mixin.py:188} INFO - [2024-08-08T16:59:30.446-0700] {dag.py:3089} INFO - Sync 1 DAGs
[2024-08-08T16:59:30.457-0700] {logging_mixin.py:188} INFO - [2024-08-08T16:59:30.457-0700] {dag.py:3947} INFO - Setting next_dagrun for example_setup_teardown to 2024-08-07 00:00:00+00:00, run_after=2024-08-08 00:00:00+00:00
[2024-08-08T16:59:30.468-0700] {processor.py:183} INFO - Processing /Users/treylayton/Library/Python/3.9/lib/python/site-packages/airflow/example_dags/example_setup_teardown.py took 0.088 seconds
