[2024-08-08T16:48:40.213-0700] {processor.py:161} INFO - Started process (PID=98742) to work on /Users/treylayton/Library/Python/3.9/lib/python/site-packages/airflow/example_dags/example_branch_operator.py
[2024-08-08T16:48:40.214-0700] {processor.py:830} INFO - Processing file /Users/treylayton/Library/Python/3.9/lib/python/site-packages/airflow/example_dags/example_branch_operator.py for tasks to queue
[2024-08-08T16:48:40.215-0700] {logging_mixin.py:188} INFO - [2024-08-08T16:48:40.214-0700] {dagbag.py:545} INFO - Filling up the DagBag from /Users/treylayton/Library/Python/3.9/lib/python/site-packages/airflow/example_dags/example_branch_operator.py
[2024-08-08T16:48:40.226-0700] {processor.py:842} WARNING - No viable dags retrieved from /Users/treylayton/Library/Python/3.9/lib/python/site-packages/airflow/example_dags/example_branch_operator.py
[2024-08-08T16:48:40.275-0700] {processor.py:183} INFO - Processing /Users/treylayton/Library/Python/3.9/lib/python/site-packages/airflow/example_dags/example_branch_operator.py took 0.064 seconds
[2024-08-08T16:51:06.822-0700] {processor.py:161} INFO - Started process (PID=99104) to work on /Users/treylayton/Library/Python/3.9/lib/python/site-packages/airflow/example_dags/example_branch_operator.py
[2024-08-08T16:51:06.824-0700] {processor.py:830} INFO - Processing file /Users/treylayton/Library/Python/3.9/lib/python/site-packages/airflow/example_dags/example_branch_operator.py for tasks to queue
[2024-08-08T16:51:06.825-0700] {logging_mixin.py:188} INFO - [2024-08-08T16:51:06.824-0700] {dagbag.py:545} INFO - Filling up the DagBag from /Users/treylayton/Library/Python/3.9/lib/python/site-packages/airflow/example_dags/example_branch_operator.py
[2024-08-08T16:51:06.838-0700] {processor.py:842} WARNING - No viable dags retrieved from /Users/treylayton/Library/Python/3.9/lib/python/site-packages/airflow/example_dags/example_branch_operator.py
[2024-08-08T16:51:06.888-0700] {processor.py:183} INFO - Processing /Users/treylayton/Library/Python/3.9/lib/python/site-packages/airflow/example_dags/example_branch_operator.py took 0.068 seconds
[2024-08-08T16:52:22.267-0700] {processor.py:161} INFO - Started process (PID=99237) to work on /Users/treylayton/Library/Python/3.9/lib/python/site-packages/airflow/example_dags/example_branch_operator.py
[2024-08-08T16:52:22.269-0700] {processor.py:830} INFO - Processing file /Users/treylayton/Library/Python/3.9/lib/python/site-packages/airflow/example_dags/example_branch_operator.py for tasks to queue
[2024-08-08T16:52:22.270-0700] {logging_mixin.py:188} INFO - [2024-08-08T16:52:22.269-0700] {dagbag.py:545} INFO - Filling up the DagBag from /Users/treylayton/Library/Python/3.9/lib/python/site-packages/airflow/example_dags/example_branch_operator.py
[2024-08-08T16:52:22.283-0700] {processor.py:842} WARNING - No viable dags retrieved from /Users/treylayton/Library/Python/3.9/lib/python/site-packages/airflow/example_dags/example_branch_operator.py
[2024-08-08T16:52:22.333-0700] {processor.py:183} INFO - Processing /Users/treylayton/Library/Python/3.9/lib/python/site-packages/airflow/example_dags/example_branch_operator.py took 0.068 seconds
[2024-08-08T16:53:34.856-0700] {processor.py:161} INFO - Started process (PID=99358) to work on /Users/treylayton/Library/Python/3.9/lib/python/site-packages/airflow/example_dags/example_branch_operator.py
[2024-08-08T16:53:34.858-0700] {processor.py:830} INFO - Processing file /Users/treylayton/Library/Python/3.9/lib/python/site-packages/airflow/example_dags/example_branch_operator.py for tasks to queue
[2024-08-08T16:53:34.859-0700] {logging_mixin.py:188} INFO - [2024-08-08T16:53:34.858-0700] {dagbag.py:545} INFO - Filling up the DagBag from /Users/treylayton/Library/Python/3.9/lib/python/site-packages/airflow/example_dags/example_branch_operator.py
[2024-08-08T16:53:34.871-0700] {processor.py:842} WARNING - No viable dags retrieved from /Users/treylayton/Library/Python/3.9/lib/python/site-packages/airflow/example_dags/example_branch_operator.py
[2024-08-08T16:53:34.920-0700] {processor.py:183} INFO - Processing /Users/treylayton/Library/Python/3.9/lib/python/site-packages/airflow/example_dags/example_branch_operator.py took 0.066 seconds
[2024-08-08T16:54:50.851-0700] {processor.py:161} INFO - Started process (PID=99507) to work on /Users/treylayton/Library/Python/3.9/lib/python/site-packages/airflow/example_dags/example_branch_operator.py
[2024-08-08T16:54:50.853-0700] {processor.py:830} INFO - Processing file /Users/treylayton/Library/Python/3.9/lib/python/site-packages/airflow/example_dags/example_branch_operator.py for tasks to queue
[2024-08-08T16:54:50.853-0700] {logging_mixin.py:188} INFO - [2024-08-08T16:54:50.853-0700] {dagbag.py:545} INFO - Filling up the DagBag from /Users/treylayton/Library/Python/3.9/lib/python/site-packages/airflow/example_dags/example_branch_operator.py
[2024-08-08T16:54:50.866-0700] {processor.py:842} WARNING - No viable dags retrieved from /Users/treylayton/Library/Python/3.9/lib/python/site-packages/airflow/example_dags/example_branch_operator.py
[2024-08-08T16:54:50.912-0700] {processor.py:183} INFO - Processing /Users/treylayton/Library/Python/3.9/lib/python/site-packages/airflow/example_dags/example_branch_operator.py took 0.063 seconds
[2024-08-08T16:56:04.325-0700] {processor.py:161} INFO - Started process (PID=99663) to work on /Users/treylayton/Library/Python/3.9/lib/python/site-packages/airflow/example_dags/example_branch_operator.py
[2024-08-08T16:56:04.327-0700] {processor.py:830} INFO - Processing file /Users/treylayton/Library/Python/3.9/lib/python/site-packages/airflow/example_dags/example_branch_operator.py for tasks to queue
[2024-08-08T16:56:04.327-0700] {logging_mixin.py:188} INFO - [2024-08-08T16:56:04.327-0700] {dagbag.py:545} INFO - Filling up the DagBag from /Users/treylayton/Library/Python/3.9/lib/python/site-packages/airflow/example_dags/example_branch_operator.py
[2024-08-08T16:56:04.339-0700] {processor.py:842} WARNING - No viable dags retrieved from /Users/treylayton/Library/Python/3.9/lib/python/site-packages/airflow/example_dags/example_branch_operator.py
[2024-08-08T16:56:04.388-0700] {processor.py:183} INFO - Processing /Users/treylayton/Library/Python/3.9/lib/python/site-packages/airflow/example_dags/example_branch_operator.py took 0.065 seconds
[2024-08-08T16:57:19.924-0700] {processor.py:161} INFO - Started process (PID=99791) to work on /Users/treylayton/Library/Python/3.9/lib/python/site-packages/airflow/example_dags/example_branch_operator.py
[2024-08-08T16:57:19.926-0700] {processor.py:830} INFO - Processing file /Users/treylayton/Library/Python/3.9/lib/python/site-packages/airflow/example_dags/example_branch_operator.py for tasks to queue
[2024-08-08T16:57:19.926-0700] {logging_mixin.py:188} INFO - [2024-08-08T16:57:19.926-0700] {dagbag.py:545} INFO - Filling up the DagBag from /Users/treylayton/Library/Python/3.9/lib/python/site-packages/airflow/example_dags/example_branch_operator.py
[2024-08-08T16:57:19.939-0700] {processor.py:842} WARNING - No viable dags retrieved from /Users/treylayton/Library/Python/3.9/lib/python/site-packages/airflow/example_dags/example_branch_operator.py
[2024-08-08T16:57:19.986-0700] {processor.py:183} INFO - Processing /Users/treylayton/Library/Python/3.9/lib/python/site-packages/airflow/example_dags/example_branch_operator.py took 0.063 seconds
[2024-08-08T16:58:33.266-0700] {processor.py:161} INFO - Started process (PID=99951) to work on /Users/treylayton/Library/Python/3.9/lib/python/site-packages/airflow/example_dags/example_branch_operator.py
[2024-08-08T16:58:33.267-0700] {processor.py:830} INFO - Processing file /Users/treylayton/Library/Python/3.9/lib/python/site-packages/airflow/example_dags/example_branch_operator.py for tasks to queue
[2024-08-08T16:58:33.268-0700] {logging_mixin.py:188} INFO - [2024-08-08T16:58:33.268-0700] {dagbag.py:545} INFO - Filling up the DagBag from /Users/treylayton/Library/Python/3.9/lib/python/site-packages/airflow/example_dags/example_branch_operator.py
[2024-08-08T16:58:33.279-0700] {processor.py:842} WARNING - No viable dags retrieved from /Users/treylayton/Library/Python/3.9/lib/python/site-packages/airflow/example_dags/example_branch_operator.py
[2024-08-08T16:58:33.327-0700] {processor.py:183} INFO - Processing /Users/treylayton/Library/Python/3.9/lib/python/site-packages/airflow/example_dags/example_branch_operator.py took 0.063 seconds
[2024-08-08T16:59:48.069-0700] {processor.py:161} INFO - Started process (PID=182) to work on /Users/treylayton/Library/Python/3.9/lib/python/site-packages/airflow/example_dags/example_branch_operator.py
[2024-08-08T16:59:48.071-0700] {processor.py:830} INFO - Processing file /Users/treylayton/Library/Python/3.9/lib/python/site-packages/airflow/example_dags/example_branch_operator.py for tasks to queue
[2024-08-08T16:59:48.071-0700] {logging_mixin.py:188} INFO - [2024-08-08T16:59:48.071-0700] {dagbag.py:545} INFO - Filling up the DagBag from /Users/treylayton/Library/Python/3.9/lib/python/site-packages/airflow/example_dags/example_branch_operator.py
[2024-08-08T16:59:48.083-0700] {processor.py:842} WARNING - No viable dags retrieved from /Users/treylayton/Library/Python/3.9/lib/python/site-packages/airflow/example_dags/example_branch_operator.py
[2024-08-08T16:59:48.130-0700] {processor.py:183} INFO - Processing /Users/treylayton/Library/Python/3.9/lib/python/site-packages/airflow/example_dags/example_branch_operator.py took 0.062 seconds
