[2024-08-08T16:48:16.903-0700] {processor.py:161} INFO - Started process (PID=98724) to work on /Users/treylayton/Library/Python/3.9/lib/python/site-packages/airflow/example_dags/example_latest_only.py
[2024-08-08T16:48:16.904-0700] {processor.py:830} INFO - Processing file /Users/treylayton/Library/Python/3.9/lib/python/site-packages/airflow/example_dags/example_latest_only.py for tasks to queue
[2024-08-08T16:48:16.905-0700] {logging_mixin.py:188} INFO - [2024-08-08T16:48:16.905-0700] {dagbag.py:545} INFO - Filling up the DagBag from /Users/treylayton/Library/Python/3.9/lib/python/site-packages/airflow/example_dags/example_latest_only.py
[2024-08-08T16:48:16.909-0700] {processor.py:840} INFO - DAG(s) 'latest_only' retrieved from /Users/treylayton/Library/Python/3.9/lib/python/site-packages/airflow/example_dags/example_latest_only.py
[2024-08-08T16:48:17.012-0700] {logging_mixin.py:188} INFO - [2024-08-08T16:48:17.012-0700] {dag.py:3089} INFO - Sync 1 DAGs
[2024-08-08T16:48:17.024-0700] {logging_mixin.py:188} INFO - [2024-08-08T16:48:17.024-0700] {dag.py:3947} INFO - Setting next_dagrun for latest_only to 2024-08-08 16:00:00+00:00, run_after=2024-08-08 20:00:00+00:00
[2024-08-08T16:48:17.035-0700] {processor.py:183} INFO - Processing /Users/treylayton/Library/Python/3.9/lib/python/site-packages/airflow/example_dags/example_latest_only.py took 0.134 seconds
[2024-08-08T16:50:02.047-0700] {processor.py:161} INFO - Started process (PID=98929) to work on /Users/treylayton/Library/Python/3.9/lib/python/site-packages/airflow/example_dags/example_latest_only.py
[2024-08-08T16:50:02.049-0700] {processor.py:830} INFO - Processing file /Users/treylayton/Library/Python/3.9/lib/python/site-packages/airflow/example_dags/example_latest_only.py for tasks to queue
[2024-08-08T16:50:02.050-0700] {logging_mixin.py:188} INFO - [2024-08-08T16:50:02.050-0700] {dagbag.py:545} INFO - Filling up the DagBag from /Users/treylayton/Library/Python/3.9/lib/python/site-packages/airflow/example_dags/example_latest_only.py
[2024-08-08T16:50:02.054-0700] {processor.py:840} INFO - DAG(s) 'latest_only' retrieved from /Users/treylayton/Library/Python/3.9/lib/python/site-packages/airflow/example_dags/example_latest_only.py
[2024-08-08T16:50:02.161-0700] {logging_mixin.py:188} INFO - [2024-08-08T16:50:02.160-0700] {dag.py:3089} INFO - Sync 1 DAGs
[2024-08-08T16:50:02.172-0700] {logging_mixin.py:188} INFO - [2024-08-08T16:50:02.172-0700] {dag.py:3947} INFO - Setting next_dagrun for latest_only to 2024-08-08 16:00:00+00:00, run_after=2024-08-08 20:00:00+00:00
[2024-08-08T16:50:02.184-0700] {processor.py:183} INFO - Processing /Users/treylayton/Library/Python/3.9/lib/python/site-packages/airflow/example_dags/example_latest_only.py took 0.139 seconds
[2024-08-08T16:51:59.833-0700] {processor.py:161} INFO - Started process (PID=99186) to work on /Users/treylayton/Library/Python/3.9/lib/python/site-packages/airflow/example_dags/example_latest_only.py
[2024-08-08T16:51:59.834-0700] {processor.py:830} INFO - Processing file /Users/treylayton/Library/Python/3.9/lib/python/site-packages/airflow/example_dags/example_latest_only.py for tasks to queue
[2024-08-08T16:51:59.835-0700] {logging_mixin.py:188} INFO - [2024-08-08T16:51:59.835-0700] {dagbag.py:545} INFO - Filling up the DagBag from /Users/treylayton/Library/Python/3.9/lib/python/site-packages/airflow/example_dags/example_latest_only.py
[2024-08-08T16:51:59.839-0700] {processor.py:840} INFO - DAG(s) 'latest_only' retrieved from /Users/treylayton/Library/Python/3.9/lib/python/site-packages/airflow/example_dags/example_latest_only.py
[2024-08-08T16:51:59.902-0700] {logging_mixin.py:188} INFO - [2024-08-08T16:51:59.902-0700] {dag.py:3089} INFO - Sync 1 DAGs
[2024-08-08T16:51:59.914-0700] {logging_mixin.py:188} INFO - [2024-08-08T16:51:59.914-0700] {dag.py:3947} INFO - Setting next_dagrun for latest_only to 2024-08-08 16:00:00+00:00, run_after=2024-08-08 20:00:00+00:00
[2024-08-08T16:51:59.929-0700] {processor.py:183} INFO - Processing /Users/treylayton/Library/Python/3.9/lib/python/site-packages/airflow/example_dags/example_latest_only.py took 0.098 seconds
[2024-08-08T16:52:24.689-0700] {processor.py:161} INFO - Started process (PID=99245) to work on /Users/treylayton/Library/Python/3.9/lib/python/site-packages/airflow/example_dags/example_latest_only.py
[2024-08-08T16:52:24.691-0700] {processor.py:830} INFO - Processing file /Users/treylayton/Library/Python/3.9/lib/python/site-packages/airflow/example_dags/example_latest_only.py for tasks to queue
[2024-08-08T16:52:24.691-0700] {logging_mixin.py:188} INFO - [2024-08-08T16:52:24.691-0700] {dagbag.py:545} INFO - Filling up the DagBag from /Users/treylayton/Library/Python/3.9/lib/python/site-packages/airflow/example_dags/example_latest_only.py
[2024-08-08T16:52:24.696-0700] {processor.py:840} INFO - DAG(s) 'latest_only' retrieved from /Users/treylayton/Library/Python/3.9/lib/python/site-packages/airflow/example_dags/example_latest_only.py
[2024-08-08T16:52:24.760-0700] {logging_mixin.py:188} INFO - [2024-08-08T16:52:24.760-0700] {dag.py:3089} INFO - Sync 1 DAGs
[2024-08-08T16:52:24.773-0700] {logging_mixin.py:188} INFO - [2024-08-08T16:52:24.773-0700] {dag.py:3947} INFO - Setting next_dagrun for latest_only to 2024-08-08 16:00:00+00:00, run_after=2024-08-08 20:00:00+00:00
[2024-08-08T16:52:24.786-0700] {processor.py:183} INFO - Processing /Users/treylayton/Library/Python/3.9/lib/python/site-packages/airflow/example_dags/example_latest_only.py took 0.099 seconds
[2024-08-08T16:53:44.554-0700] {processor.py:161} INFO - Started process (PID=99381) to work on /Users/treylayton/Library/Python/3.9/lib/python/site-packages/airflow/example_dags/example_latest_only.py
[2024-08-08T16:53:44.556-0700] {processor.py:830} INFO - Processing file /Users/treylayton/Library/Python/3.9/lib/python/site-packages/airflow/example_dags/example_latest_only.py for tasks to queue
[2024-08-08T16:53:44.556-0700] {logging_mixin.py:188} INFO - [2024-08-08T16:53:44.556-0700] {dagbag.py:545} INFO - Filling up the DagBag from /Users/treylayton/Library/Python/3.9/lib/python/site-packages/airflow/example_dags/example_latest_only.py
[2024-08-08T16:53:44.560-0700] {processor.py:840} INFO - DAG(s) 'latest_only' retrieved from /Users/treylayton/Library/Python/3.9/lib/python/site-packages/airflow/example_dags/example_latest_only.py
[2024-08-08T16:53:44.619-0700] {logging_mixin.py:188} INFO - [2024-08-08T16:53:44.618-0700] {dag.py:3089} INFO - Sync 1 DAGs
[2024-08-08T16:53:44.630-0700] {logging_mixin.py:188} INFO - [2024-08-08T16:53:44.630-0700] {dag.py:3947} INFO - Setting next_dagrun for latest_only to 2024-08-08 16:00:00+00:00, run_after=2024-08-08 20:00:00+00:00
[2024-08-08T16:53:44.643-0700] {processor.py:183} INFO - Processing /Users/treylayton/Library/Python/3.9/lib/python/site-packages/airflow/example_dags/example_latest_only.py took 0.091 seconds
[2024-08-08T16:54:58.295-0700] {processor.py:161} INFO - Started process (PID=99524) to work on /Users/treylayton/Library/Python/3.9/lib/python/site-packages/airflow/example_dags/example_latest_only.py
[2024-08-08T16:54:58.297-0700] {processor.py:830} INFO - Processing file /Users/treylayton/Library/Python/3.9/lib/python/site-packages/airflow/example_dags/example_latest_only.py for tasks to queue
[2024-08-08T16:54:58.297-0700] {logging_mixin.py:188} INFO - [2024-08-08T16:54:58.297-0700] {dagbag.py:545} INFO - Filling up the DagBag from /Users/treylayton/Library/Python/3.9/lib/python/site-packages/airflow/example_dags/example_latest_only.py
[2024-08-08T16:54:58.302-0700] {processor.py:840} INFO - DAG(s) 'latest_only' retrieved from /Users/treylayton/Library/Python/3.9/lib/python/site-packages/airflow/example_dags/example_latest_only.py
[2024-08-08T16:54:58.357-0700] {logging_mixin.py:188} INFO - [2024-08-08T16:54:58.357-0700] {dag.py:3089} INFO - Sync 1 DAGs
[2024-08-08T16:54:58.367-0700] {logging_mixin.py:188} INFO - [2024-08-08T16:54:58.367-0700] {dag.py:3947} INFO - Setting next_dagrun for latest_only to 2024-08-08 16:00:00+00:00, run_after=2024-08-08 20:00:00+00:00
[2024-08-08T16:54:58.379-0700] {processor.py:183} INFO - Processing /Users/treylayton/Library/Python/3.9/lib/python/site-packages/airflow/example_dags/example_latest_only.py took 0.085 seconds
[2024-08-08T16:56:12.433-0700] {processor.py:161} INFO - Started process (PID=99687) to work on /Users/treylayton/Library/Python/3.9/lib/python/site-packages/airflow/example_dags/example_latest_only.py
[2024-08-08T16:56:12.435-0700] {processor.py:830} INFO - Processing file /Users/treylayton/Library/Python/3.9/lib/python/site-packages/airflow/example_dags/example_latest_only.py for tasks to queue
[2024-08-08T16:56:12.435-0700] {logging_mixin.py:188} INFO - [2024-08-08T16:56:12.435-0700] {dagbag.py:545} INFO - Filling up the DagBag from /Users/treylayton/Library/Python/3.9/lib/python/site-packages/airflow/example_dags/example_latest_only.py
[2024-08-08T16:56:12.439-0700] {processor.py:840} INFO - DAG(s) 'latest_only' retrieved from /Users/treylayton/Library/Python/3.9/lib/python/site-packages/airflow/example_dags/example_latest_only.py
[2024-08-08T16:56:12.499-0700] {logging_mixin.py:188} INFO - [2024-08-08T16:56:12.498-0700] {dag.py:3089} INFO - Sync 1 DAGs
[2024-08-08T16:56:12.510-0700] {logging_mixin.py:188} INFO - [2024-08-08T16:56:12.510-0700] {dag.py:3947} INFO - Setting next_dagrun for latest_only to 2024-08-08 16:00:00+00:00, run_after=2024-08-08 20:00:00+00:00
[2024-08-08T16:56:12.522-0700] {processor.py:183} INFO - Processing /Users/treylayton/Library/Python/3.9/lib/python/site-packages/airflow/example_dags/example_latest_only.py took 0.091 seconds
[2024-08-08T16:57:25.102-0700] {processor.py:161} INFO - Started process (PID=99800) to work on /Users/treylayton/Library/Python/3.9/lib/python/site-packages/airflow/example_dags/example_latest_only.py
[2024-08-08T16:57:25.104-0700] {processor.py:830} INFO - Processing file /Users/treylayton/Library/Python/3.9/lib/python/site-packages/airflow/example_dags/example_latest_only.py for tasks to queue
[2024-08-08T16:57:25.104-0700] {logging_mixin.py:188} INFO - [2024-08-08T16:57:25.104-0700] {dagbag.py:545} INFO - Filling up the DagBag from /Users/treylayton/Library/Python/3.9/lib/python/site-packages/airflow/example_dags/example_latest_only.py
[2024-08-08T16:57:25.109-0700] {processor.py:840} INFO - DAG(s) 'latest_only' retrieved from /Users/treylayton/Library/Python/3.9/lib/python/site-packages/airflow/example_dags/example_latest_only.py
[2024-08-08T16:57:25.169-0700] {logging_mixin.py:188} INFO - [2024-08-08T16:57:25.169-0700] {dag.py:3089} INFO - Sync 1 DAGs
[2024-08-08T16:57:25.181-0700] {logging_mixin.py:188} INFO - [2024-08-08T16:57:25.181-0700] {dag.py:3947} INFO - Setting next_dagrun for latest_only to 2024-08-08 16:00:00+00:00, run_after=2024-08-08 20:00:00+00:00
[2024-08-08T16:57:25.194-0700] {processor.py:183} INFO - Processing /Users/treylayton/Library/Python/3.9/lib/python/site-packages/airflow/example_dags/example_latest_only.py took 0.094 seconds
[2024-08-08T16:58:42.240-0700] {processor.py:161} INFO - Started process (PID=99974) to work on /Users/treylayton/Library/Python/3.9/lib/python/site-packages/airflow/example_dags/example_latest_only.py
[2024-08-08T16:58:42.241-0700] {processor.py:830} INFO - Processing file /Users/treylayton/Library/Python/3.9/lib/python/site-packages/airflow/example_dags/example_latest_only.py for tasks to queue
[2024-08-08T16:58:42.242-0700] {logging_mixin.py:188} INFO - [2024-08-08T16:58:42.242-0700] {dagbag.py:545} INFO - Filling up the DagBag from /Users/treylayton/Library/Python/3.9/lib/python/site-packages/airflow/example_dags/example_latest_only.py
[2024-08-08T16:58:42.246-0700] {processor.py:840} INFO - DAG(s) 'latest_only' retrieved from /Users/treylayton/Library/Python/3.9/lib/python/site-packages/airflow/example_dags/example_latest_only.py
[2024-08-08T16:58:42.304-0700] {logging_mixin.py:188} INFO - [2024-08-08T16:58:42.304-0700] {dag.py:3089} INFO - Sync 1 DAGs
[2024-08-08T16:58:42.316-0700] {logging_mixin.py:188} INFO - [2024-08-08T16:58:42.316-0700] {dag.py:3947} INFO - Setting next_dagrun for latest_only to 2024-08-08 16:00:00+00:00, run_after=2024-08-08 20:00:00+00:00
[2024-08-08T16:58:42.327-0700] {processor.py:183} INFO - Processing /Users/treylayton/Library/Python/3.9/lib/python/site-packages/airflow/example_dags/example_latest_only.py took 0.090 seconds
[2024-08-08T16:59:52.672-0700] {processor.py:161} INFO - Started process (PID=191) to work on /Users/treylayton/Library/Python/3.9/lib/python/site-packages/airflow/example_dags/example_latest_only.py
[2024-08-08T16:59:52.674-0700] {processor.py:830} INFO - Processing file /Users/treylayton/Library/Python/3.9/lib/python/site-packages/airflow/example_dags/example_latest_only.py for tasks to queue
[2024-08-08T16:59:52.674-0700] {logging_mixin.py:188} INFO - [2024-08-08T16:59:52.674-0700] {dagbag.py:545} INFO - Filling up the DagBag from /Users/treylayton/Library/Python/3.9/lib/python/site-packages/airflow/example_dags/example_latest_only.py
[2024-08-08T16:59:52.678-0700] {processor.py:840} INFO - DAG(s) 'latest_only' retrieved from /Users/treylayton/Library/Python/3.9/lib/python/site-packages/airflow/example_dags/example_latest_only.py
[2024-08-08T16:59:52.735-0700] {logging_mixin.py:188} INFO - [2024-08-08T16:59:52.735-0700] {dag.py:3089} INFO - Sync 1 DAGs
[2024-08-08T16:59:52.746-0700] {logging_mixin.py:188} INFO - [2024-08-08T16:59:52.746-0700] {dag.py:3947} INFO - Setting next_dagrun for latest_only to 2024-08-08 16:00:00+00:00, run_after=2024-08-08 20:00:00+00:00
[2024-08-08T16:59:52.759-0700] {processor.py:183} INFO - Processing /Users/treylayton/Library/Python/3.9/lib/python/site-packages/airflow/example_dags/example_latest_only.py took 0.089 seconds
