[2024-08-08T16:48:35.608-0700] {processor.py:161} INFO - Started process (PID=98739) to work on /Users/treylayton/Library/Python/3.9/lib/python/site-packages/airflow/example_dags/example_branch_python_dop_operator_3.py
[2024-08-08T16:48:35.610-0700] {processor.py:830} INFO - Processing file /Users/treylayton/Library/Python/3.9/lib/python/site-packages/airflow/example_dags/example_branch_python_dop_operator_3.py for tasks to queue
[2024-08-08T16:48:35.610-0700] {logging_mixin.py:188} INFO - [2024-08-08T16:48:35.610-0700] {dagbag.py:545} INFO - Filling up the DagBag from /Users/treylayton/Library/Python/3.9/lib/python/site-packages/airflow/example_dags/example_branch_python_dop_operator_3.py
[2024-08-08T16:48:35.634-0700] {processor.py:840} INFO - DAG(s) 'example_branch_dop_operator_v3' retrieved from /Users/treylayton/Library/Python/3.9/lib/python/site-packages/airflow/example_dags/example_branch_python_dop_operator_3.py
[2024-08-08T16:48:35.745-0700] {logging_mixin.py:188} INFO - [2024-08-08T16:48:35.745-0700] {dag.py:3089} INFO - Sync 1 DAGs
[2024-08-08T16:48:35.761-0700] {logging_mixin.py:188} INFO - [2024-08-08T16:48:35.761-0700] {dag.py:3947} INFO - Setting next_dagrun for example_branch_dop_operator_v3 to 2024-08-08 23:47:00+00:00, run_after=2024-08-08 23:48:00+00:00
[2024-08-08T16:48:35.774-0700] {processor.py:183} INFO - Processing /Users/treylayton/Library/Python/3.9/lib/python/site-packages/airflow/example_dags/example_branch_python_dop_operator_3.py took 0.169 seconds
[2024-08-08T16:51:02.548-0700] {processor.py:161} INFO - Started process (PID=99100) to work on /Users/treylayton/Library/Python/3.9/lib/python/site-packages/airflow/example_dags/example_branch_python_dop_operator_3.py
[2024-08-08T16:51:02.549-0700] {processor.py:830} INFO - Processing file /Users/treylayton/Library/Python/3.9/lib/python/site-packages/airflow/example_dags/example_branch_python_dop_operator_3.py for tasks to queue
[2024-08-08T16:51:02.550-0700] {logging_mixin.py:188} INFO - [2024-08-08T16:51:02.550-0700] {dagbag.py:545} INFO - Filling up the DagBag from /Users/treylayton/Library/Python/3.9/lib/python/site-packages/airflow/example_dags/example_branch_python_dop_operator_3.py
[2024-08-08T16:51:02.575-0700] {processor.py:840} INFO - DAG(s) 'example_branch_dop_operator_v3' retrieved from /Users/treylayton/Library/Python/3.9/lib/python/site-packages/airflow/example_dags/example_branch_python_dop_operator_3.py
[2024-08-08T16:51:02.682-0700] {logging_mixin.py:188} INFO - [2024-08-08T16:51:02.681-0700] {dag.py:3089} INFO - Sync 1 DAGs
[2024-08-08T16:51:02.695-0700] {logging_mixin.py:188} INFO - [2024-08-08T16:51:02.695-0700] {dag.py:3947} INFO - Setting next_dagrun for example_branch_dop_operator_v3 to 2024-08-08 23:50:00+00:00, run_after=2024-08-08 23:51:00+00:00
[2024-08-08T16:51:02.707-0700] {processor.py:183} INFO - Processing /Users/treylayton/Library/Python/3.9/lib/python/site-packages/airflow/example_dags/example_branch_python_dop_operator_3.py took 0.161 seconds
[2024-08-08T16:52:17.942-0700] {processor.py:161} INFO - Started process (PID=99229) to work on /Users/treylayton/Library/Python/3.9/lib/python/site-packages/airflow/example_dags/example_branch_python_dop_operator_3.py
[2024-08-08T16:52:17.944-0700] {processor.py:830} INFO - Processing file /Users/treylayton/Library/Python/3.9/lib/python/site-packages/airflow/example_dags/example_branch_python_dop_operator_3.py for tasks to queue
[2024-08-08T16:52:17.944-0700] {logging_mixin.py:188} INFO - [2024-08-08T16:52:17.944-0700] {dagbag.py:545} INFO - Filling up the DagBag from /Users/treylayton/Library/Python/3.9/lib/python/site-packages/airflow/example_dags/example_branch_python_dop_operator_3.py
[2024-08-08T16:52:17.966-0700] {processor.py:840} INFO - DAG(s) 'example_branch_dop_operator_v3' retrieved from /Users/treylayton/Library/Python/3.9/lib/python/site-packages/airflow/example_dags/example_branch_python_dop_operator_3.py
[2024-08-08T16:52:18.020-0700] {logging_mixin.py:188} INFO - [2024-08-08T16:52:18.020-0700] {dag.py:3089} INFO - Sync 1 DAGs
[2024-08-08T16:52:18.034-0700] {logging_mixin.py:188} INFO - [2024-08-08T16:52:18.033-0700] {dag.py:3947} INFO - Setting next_dagrun for example_branch_dop_operator_v3 to 2024-08-08 23:51:00+00:00, run_after=2024-08-08 23:52:00+00:00
[2024-08-08T16:52:18.044-0700] {processor.py:183} INFO - Processing /Users/treylayton/Library/Python/3.9/lib/python/site-packages/airflow/example_dags/example_branch_python_dop_operator_3.py took 0.104 seconds
[2024-08-08T16:53:30.738-0700] {processor.py:161} INFO - Started process (PID=99355) to work on /Users/treylayton/Library/Python/3.9/lib/python/site-packages/airflow/example_dags/example_branch_python_dop_operator_3.py
[2024-08-08T16:53:30.740-0700] {processor.py:830} INFO - Processing file /Users/treylayton/Library/Python/3.9/lib/python/site-packages/airflow/example_dags/example_branch_python_dop_operator_3.py for tasks to queue
[2024-08-08T16:53:30.740-0700] {logging_mixin.py:188} INFO - [2024-08-08T16:53:30.740-0700] {dagbag.py:545} INFO - Filling up the DagBag from /Users/treylayton/Library/Python/3.9/lib/python/site-packages/airflow/example_dags/example_branch_python_dop_operator_3.py
[2024-08-08T16:53:30.762-0700] {processor.py:840} INFO - DAG(s) 'example_branch_dop_operator_v3' retrieved from /Users/treylayton/Library/Python/3.9/lib/python/site-packages/airflow/example_dags/example_branch_python_dop_operator_3.py
[2024-08-08T16:53:30.820-0700] {logging_mixin.py:188} INFO - [2024-08-08T16:53:30.820-0700] {dag.py:3089} INFO - Sync 1 DAGs
[2024-08-08T16:53:30.836-0700] {logging_mixin.py:188} INFO - [2024-08-08T16:53:30.836-0700] {dag.py:3947} INFO - Setting next_dagrun for example_branch_dop_operator_v3 to 2024-08-08 23:52:00+00:00, run_after=2024-08-08 23:53:00+00:00
[2024-08-08T16:53:30.848-0700] {processor.py:183} INFO - Processing /Users/treylayton/Library/Python/3.9/lib/python/site-packages/airflow/example_dags/example_branch_python_dop_operator_3.py took 0.111 seconds
[2024-08-08T16:54:46.841-0700] {processor.py:161} INFO - Started process (PID=99496) to work on /Users/treylayton/Library/Python/3.9/lib/python/site-packages/airflow/example_dags/example_branch_python_dop_operator_3.py
[2024-08-08T16:54:46.843-0700] {processor.py:830} INFO - Processing file /Users/treylayton/Library/Python/3.9/lib/python/site-packages/airflow/example_dags/example_branch_python_dop_operator_3.py for tasks to queue
[2024-08-08T16:54:46.843-0700] {logging_mixin.py:188} INFO - [2024-08-08T16:54:46.843-0700] {dagbag.py:545} INFO - Filling up the DagBag from /Users/treylayton/Library/Python/3.9/lib/python/site-packages/airflow/example_dags/example_branch_python_dop_operator_3.py
[2024-08-08T16:54:46.867-0700] {processor.py:840} INFO - DAG(s) 'example_branch_dop_operator_v3' retrieved from /Users/treylayton/Library/Python/3.9/lib/python/site-packages/airflow/example_dags/example_branch_python_dop_operator_3.py
[2024-08-08T16:54:46.925-0700] {logging_mixin.py:188} INFO - [2024-08-08T16:54:46.925-0700] {dag.py:3089} INFO - Sync 1 DAGs
[2024-08-08T16:54:46.939-0700] {logging_mixin.py:188} INFO - [2024-08-08T16:54:46.939-0700] {dag.py:3947} INFO - Setting next_dagrun for example_branch_dop_operator_v3 to 2024-08-08 23:53:00+00:00, run_after=2024-08-08 23:54:00+00:00
[2024-08-08T16:54:46.951-0700] {processor.py:183} INFO - Processing /Users/treylayton/Library/Python/3.9/lib/python/site-packages/airflow/example_dags/example_branch_python_dop_operator_3.py took 0.112 seconds
[2024-08-08T16:56:00.709-0700] {processor.py:161} INFO - Started process (PID=99655) to work on /Users/treylayton/Library/Python/3.9/lib/python/site-packages/airflow/example_dags/example_branch_python_dop_operator_3.py
[2024-08-08T16:56:00.711-0700] {processor.py:830} INFO - Processing file /Users/treylayton/Library/Python/3.9/lib/python/site-packages/airflow/example_dags/example_branch_python_dop_operator_3.py for tasks to queue
[2024-08-08T16:56:00.711-0700] {logging_mixin.py:188} INFO - [2024-08-08T16:56:00.711-0700] {dagbag.py:545} INFO - Filling up the DagBag from /Users/treylayton/Library/Python/3.9/lib/python/site-packages/airflow/example_dags/example_branch_python_dop_operator_3.py
[2024-08-08T16:56:00.734-0700] {processor.py:840} INFO - DAG(s) 'example_branch_dop_operator_v3' retrieved from /Users/treylayton/Library/Python/3.9/lib/python/site-packages/airflow/example_dags/example_branch_python_dop_operator_3.py
[2024-08-08T16:56:00.788-0700] {logging_mixin.py:188} INFO - [2024-08-08T16:56:00.788-0700] {dag.py:3089} INFO - Sync 1 DAGs
[2024-08-08T16:56:00.802-0700] {logging_mixin.py:188} INFO - [2024-08-08T16:56:00.802-0700] {dag.py:3947} INFO - Setting next_dagrun for example_branch_dop_operator_v3 to 2024-08-08 23:55:00+00:00, run_after=2024-08-08 23:56:00+00:00
[2024-08-08T16:56:00.813-0700] {processor.py:183} INFO - Processing /Users/treylayton/Library/Python/3.9/lib/python/site-packages/airflow/example_dags/example_branch_python_dop_operator_3.py took 0.105 seconds
[2024-08-08T16:57:16.452-0700] {processor.py:161} INFO - Started process (PID=99781) to work on /Users/treylayton/Library/Python/3.9/lib/python/site-packages/airflow/example_dags/example_branch_python_dop_operator_3.py
[2024-08-08T16:57:16.454-0700] {processor.py:830} INFO - Processing file /Users/treylayton/Library/Python/3.9/lib/python/site-packages/airflow/example_dags/example_branch_python_dop_operator_3.py for tasks to queue
[2024-08-08T16:57:16.454-0700] {logging_mixin.py:188} INFO - [2024-08-08T16:57:16.454-0700] {dagbag.py:545} INFO - Filling up the DagBag from /Users/treylayton/Library/Python/3.9/lib/python/site-packages/airflow/example_dags/example_branch_python_dop_operator_3.py
[2024-08-08T16:57:16.476-0700] {processor.py:840} INFO - DAG(s) 'example_branch_dop_operator_v3' retrieved from /Users/treylayton/Library/Python/3.9/lib/python/site-packages/airflow/example_dags/example_branch_python_dop_operator_3.py
[2024-08-08T16:57:16.530-0700] {logging_mixin.py:188} INFO - [2024-08-08T16:57:16.530-0700] {dag.py:3089} INFO - Sync 1 DAGs
[2024-08-08T16:57:16.544-0700] {logging_mixin.py:188} INFO - [2024-08-08T16:57:16.544-0700] {dag.py:3947} INFO - Setting next_dagrun for example_branch_dop_operator_v3 to 2024-08-08 23:56:00+00:00, run_after=2024-08-08 23:57:00+00:00
[2024-08-08T16:57:16.555-0700] {processor.py:183} INFO - Processing /Users/treylayton/Library/Python/3.9/lib/python/site-packages/airflow/example_dags/example_branch_python_dop_operator_3.py took 0.105 seconds
[2024-08-08T16:58:29.174-0700] {processor.py:161} INFO - Started process (PID=99943) to work on /Users/treylayton/Library/Python/3.9/lib/python/site-packages/airflow/example_dags/example_branch_python_dop_operator_3.py
[2024-08-08T16:58:29.176-0700] {processor.py:830} INFO - Processing file /Users/treylayton/Library/Python/3.9/lib/python/site-packages/airflow/example_dags/example_branch_python_dop_operator_3.py for tasks to queue
[2024-08-08T16:58:29.177-0700] {logging_mixin.py:188} INFO - [2024-08-08T16:58:29.176-0700] {dagbag.py:545} INFO - Filling up the DagBag from /Users/treylayton/Library/Python/3.9/lib/python/site-packages/airflow/example_dags/example_branch_python_dop_operator_3.py
[2024-08-08T16:58:29.200-0700] {processor.py:840} INFO - DAG(s) 'example_branch_dop_operator_v3' retrieved from /Users/treylayton/Library/Python/3.9/lib/python/site-packages/airflow/example_dags/example_branch_python_dop_operator_3.py
[2024-08-08T16:58:29.257-0700] {logging_mixin.py:188} INFO - [2024-08-08T16:58:29.257-0700] {dag.py:3089} INFO - Sync 1 DAGs
[2024-08-08T16:58:29.271-0700] {logging_mixin.py:188} INFO - [2024-08-08T16:58:29.271-0700] {dag.py:3947} INFO - Setting next_dagrun for example_branch_dop_operator_v3 to 2024-08-08 23:57:00+00:00, run_after=2024-08-08 23:58:00+00:00
[2024-08-08T16:58:29.281-0700] {processor.py:183} INFO - Processing /Users/treylayton/Library/Python/3.9/lib/python/site-packages/airflow/example_dags/example_branch_python_dop_operator_3.py took 0.109 seconds
[2024-08-08T16:59:44.107-0700] {processor.py:161} INFO - Started process (PID=178) to work on /Users/treylayton/Library/Python/3.9/lib/python/site-packages/airflow/example_dags/example_branch_python_dop_operator_3.py
[2024-08-08T16:59:44.109-0700] {processor.py:830} INFO - Processing file /Users/treylayton/Library/Python/3.9/lib/python/site-packages/airflow/example_dags/example_branch_python_dop_operator_3.py for tasks to queue
[2024-08-08T16:59:44.109-0700] {logging_mixin.py:188} INFO - [2024-08-08T16:59:44.109-0700] {dagbag.py:545} INFO - Filling up the DagBag from /Users/treylayton/Library/Python/3.9/lib/python/site-packages/airflow/example_dags/example_branch_python_dop_operator_3.py
[2024-08-08T16:59:44.131-0700] {processor.py:840} INFO - DAG(s) 'example_branch_dop_operator_v3' retrieved from /Users/treylayton/Library/Python/3.9/lib/python/site-packages/airflow/example_dags/example_branch_python_dop_operator_3.py
[2024-08-08T16:59:44.188-0700] {logging_mixin.py:188} INFO - [2024-08-08T16:59:44.187-0700] {dag.py:3089} INFO - Sync 1 DAGs
[2024-08-08T16:59:44.203-0700] {logging_mixin.py:188} INFO - [2024-08-08T16:59:44.202-0700] {dag.py:3947} INFO - Setting next_dagrun for example_branch_dop_operator_v3 to 2024-08-08 23:58:00+00:00, run_after=2024-08-08 23:59:00+00:00
[2024-08-08T16:59:44.214-0700] {processor.py:183} INFO - Processing /Users/treylayton/Library/Python/3.9/lib/python/site-packages/airflow/example_dags/example_branch_python_dop_operator_3.py took 0.109 seconds
