[2024-08-08T16:47:33.341-0700] {processor.py:161} INFO - Started process (PID=98640) to work on /Users/treylayton/Library/Python/3.9/lib/python/site-packages/airflow/example_dags/example_trigger_controller_dag.py
[2024-08-08T16:47:33.343-0700] {processor.py:830} INFO - Processing file /Users/treylayton/Library/Python/3.9/lib/python/site-packages/airflow/example_dags/example_trigger_controller_dag.py for tasks to queue
[2024-08-08T16:47:33.344-0700] {logging_mixin.py:188} INFO - [2024-08-08T16:47:33.343-0700] {dagbag.py:545} INFO - Filling up the DagBag from /Users/treylayton/Library/Python/3.9/lib/python/site-packages/airflow/example_dags/example_trigger_controller_dag.py
[2024-08-08T16:47:33.350-0700] {processor.py:840} INFO - DAG(s) 'example_trigger_controller_dag' retrieved from /Users/treylayton/Library/Python/3.9/lib/python/site-packages/airflow/example_dags/example_trigger_controller_dag.py
[2024-08-08T16:47:33.462-0700] {logging_mixin.py:188} INFO - [2024-08-08T16:47:33.462-0700] {dag.py:3089} INFO - Sync 1 DAGs
[2024-08-08T16:47:33.471-0700] {logging_mixin.py:188} INFO - [2024-08-08T16:47:33.471-0700] {dag.py:3947} INFO - Setting next_dagrun for example_trigger_controller_dag to 2021-01-01 00:00:00+00:00, run_after=2021-01-01 00:00:00+00:00
[2024-08-08T16:47:33.484-0700] {processor.py:183} INFO - Processing /Users/treylayton/Library/Python/3.9/lib/python/site-packages/airflow/example_dags/example_trigger_controller_dag.py took 0.145 seconds
[2024-08-08T16:49:20.083-0700] {processor.py:161} INFO - Started process (PID=98829) to work on /Users/treylayton/Library/Python/3.9/lib/python/site-packages/airflow/example_dags/example_trigger_controller_dag.py
[2024-08-08T16:49:20.085-0700] {processor.py:830} INFO - Processing file /Users/treylayton/Library/Python/3.9/lib/python/site-packages/airflow/example_dags/example_trigger_controller_dag.py for tasks to queue
[2024-08-08T16:49:20.086-0700] {logging_mixin.py:188} INFO - [2024-08-08T16:49:20.085-0700] {dagbag.py:545} INFO - Filling up the DagBag from /Users/treylayton/Library/Python/3.9/lib/python/site-packages/airflow/example_dags/example_trigger_controller_dag.py
[2024-08-08T16:49:20.092-0700] {processor.py:840} INFO - DAG(s) 'example_trigger_controller_dag' retrieved from /Users/treylayton/Library/Python/3.9/lib/python/site-packages/airflow/example_dags/example_trigger_controller_dag.py
[2024-08-08T16:49:20.146-0700] {logging_mixin.py:188} INFO - [2024-08-08T16:49:20.146-0700] {dag.py:3089} INFO - Sync 1 DAGs
[2024-08-08T16:49:20.154-0700] {logging_mixin.py:188} INFO - [2024-08-08T16:49:20.154-0700] {dag.py:3947} INFO - Setting next_dagrun for example_trigger_controller_dag to 2021-01-01 00:00:00+00:00, run_after=2021-01-01 00:00:00+00:00
[2024-08-08T16:49:20.165-0700] {processor.py:183} INFO - Processing /Users/treylayton/Library/Python/3.9/lib/python/site-packages/airflow/example_dags/example_trigger_controller_dag.py took 0.083 seconds
[2024-08-08T16:50:34.604-0700] {processor.py:161} INFO - Started process (PID=99022) to work on /Users/treylayton/Library/Python/3.9/lib/python/site-packages/airflow/example_dags/example_trigger_controller_dag.py
[2024-08-08T16:50:34.606-0700] {processor.py:830} INFO - Processing file /Users/treylayton/Library/Python/3.9/lib/python/site-packages/airflow/example_dags/example_trigger_controller_dag.py for tasks to queue
[2024-08-08T16:50:34.606-0700] {logging_mixin.py:188} INFO - [2024-08-08T16:50:34.606-0700] {dagbag.py:545} INFO - Filling up the DagBag from /Users/treylayton/Library/Python/3.9/lib/python/site-packages/airflow/example_dags/example_trigger_controller_dag.py
[2024-08-08T16:50:34.612-0700] {processor.py:840} INFO - DAG(s) 'example_trigger_controller_dag' retrieved from /Users/treylayton/Library/Python/3.9/lib/python/site-packages/airflow/example_dags/example_trigger_controller_dag.py
[2024-08-08T16:50:34.718-0700] {logging_mixin.py:188} INFO - [2024-08-08T16:50:34.718-0700] {dag.py:3089} INFO - Sync 1 DAGs
[2024-08-08T16:50:34.726-0700] {logging_mixin.py:188} INFO - [2024-08-08T16:50:34.726-0700] {dag.py:3947} INFO - Setting next_dagrun for example_trigger_controller_dag to 2021-01-01 00:00:00+00:00, run_after=2021-01-01 00:00:00+00:00
[2024-08-08T16:50:34.738-0700] {processor.py:183} INFO - Processing /Users/treylayton/Library/Python/3.9/lib/python/site-packages/airflow/example_dags/example_trigger_controller_dag.py took 0.135 seconds
[2024-08-08T16:51:18.004-0700] {processor.py:161} INFO - Started process (PID=99117) to work on /Users/treylayton/Library/Python/3.9/lib/python/site-packages/airflow/example_dags/example_trigger_controller_dag.py
[2024-08-08T16:51:18.005-0700] {processor.py:830} INFO - Processing file /Users/treylayton/Library/Python/3.9/lib/python/site-packages/airflow/example_dags/example_trigger_controller_dag.py for tasks to queue
[2024-08-08T16:51:18.006-0700] {logging_mixin.py:188} INFO - [2024-08-08T16:51:18.006-0700] {dagbag.py:545} INFO - Filling up the DagBag from /Users/treylayton/Library/Python/3.9/lib/python/site-packages/airflow/example_dags/example_trigger_controller_dag.py
[2024-08-08T16:51:18.011-0700] {processor.py:840} INFO - DAG(s) 'example_trigger_controller_dag' retrieved from /Users/treylayton/Library/Python/3.9/lib/python/site-packages/airflow/example_dags/example_trigger_controller_dag.py
[2024-08-08T16:51:18.064-0700] {logging_mixin.py:188} INFO - [2024-08-08T16:51:18.064-0700] {dag.py:3089} INFO - Sync 1 DAGs
[2024-08-08T16:51:18.072-0700] {logging_mixin.py:188} INFO - [2024-08-08T16:51:18.072-0700] {dag.py:3947} INFO - Setting next_dagrun for example_trigger_controller_dag to 2021-01-01 00:00:00+00:00, run_after=2021-01-01 00:00:00+00:00
[2024-08-08T16:51:18.083-0700] {processor.py:183} INFO - Processing /Users/treylayton/Library/Python/3.9/lib/python/site-packages/airflow/example_dags/example_trigger_controller_dag.py took 0.081 seconds
[2024-08-08T16:51:47.602-0700] {processor.py:161} INFO - Started process (PID=99152) to work on /Users/treylayton/Library/Python/3.9/lib/python/site-packages/airflow/example_dags/example_trigger_controller_dag.py
[2024-08-08T16:51:47.604-0700] {processor.py:830} INFO - Processing file /Users/treylayton/Library/Python/3.9/lib/python/site-packages/airflow/example_dags/example_trigger_controller_dag.py for tasks to queue
[2024-08-08T16:51:47.604-0700] {logging_mixin.py:188} INFO - [2024-08-08T16:51:47.604-0700] {dagbag.py:545} INFO - Filling up the DagBag from /Users/treylayton/Library/Python/3.9/lib/python/site-packages/airflow/example_dags/example_trigger_controller_dag.py
[2024-08-08T16:51:47.610-0700] {processor.py:840} INFO - DAG(s) 'example_trigger_controller_dag' retrieved from /Users/treylayton/Library/Python/3.9/lib/python/site-packages/airflow/example_dags/example_trigger_controller_dag.py
[2024-08-08T16:51:47.667-0700] {logging_mixin.py:188} INFO - [2024-08-08T16:51:47.667-0700] {dag.py:3089} INFO - Sync 1 DAGs
[2024-08-08T16:51:47.676-0700] {logging_mixin.py:188} INFO - [2024-08-08T16:51:47.676-0700] {dag.py:3947} INFO - Setting next_dagrun for example_trigger_controller_dag to 2021-01-01 00:00:00+00:00, run_after=2021-01-01 00:00:00+00:00
[2024-08-08T16:51:47.687-0700] {processor.py:183} INFO - Processing /Users/treylayton/Library/Python/3.9/lib/python/site-packages/airflow/example_dags/example_trigger_controller_dag.py took 0.087 seconds
[2024-08-08T16:52:59.886-0700] {processor.py:161} INFO - Started process (PID=99315) to work on /Users/treylayton/Library/Python/3.9/lib/python/site-packages/airflow/example_dags/example_trigger_controller_dag.py
[2024-08-08T16:52:59.888-0700] {processor.py:830} INFO - Processing file /Users/treylayton/Library/Python/3.9/lib/python/site-packages/airflow/example_dags/example_trigger_controller_dag.py for tasks to queue
[2024-08-08T16:52:59.889-0700] {logging_mixin.py:188} INFO - [2024-08-08T16:52:59.889-0700] {dagbag.py:545} INFO - Filling up the DagBag from /Users/treylayton/Library/Python/3.9/lib/python/site-packages/airflow/example_dags/example_trigger_controller_dag.py
[2024-08-08T16:52:59.895-0700] {processor.py:840} INFO - DAG(s) 'example_trigger_controller_dag' retrieved from /Users/treylayton/Library/Python/3.9/lib/python/site-packages/airflow/example_dags/example_trigger_controller_dag.py
[2024-08-08T16:52:59.955-0700] {logging_mixin.py:188} INFO - [2024-08-08T16:52:59.955-0700] {dag.py:3089} INFO - Sync 1 DAGs
[2024-08-08T16:52:59.965-0700] {logging_mixin.py:188} INFO - [2024-08-08T16:52:59.964-0700] {dag.py:3947} INFO - Setting next_dagrun for example_trigger_controller_dag to 2021-01-01 00:00:00+00:00, run_after=2021-01-01 00:00:00+00:00
[2024-08-08T16:52:59.976-0700] {processor.py:183} INFO - Processing /Users/treylayton/Library/Python/3.9/lib/python/site-packages/airflow/example_dags/example_trigger_controller_dag.py took 0.092 seconds
[2024-08-08T16:53:02.703-0700] {processor.py:161} INFO - Started process (PID=99319) to work on /Users/treylayton/Library/Python/3.9/lib/python/site-packages/airflow/example_dags/example_trigger_controller_dag.py
[2024-08-08T16:53:02.704-0700] {processor.py:830} INFO - Processing file /Users/treylayton/Library/Python/3.9/lib/python/site-packages/airflow/example_dags/example_trigger_controller_dag.py for tasks to queue
[2024-08-08T16:53:02.705-0700] {logging_mixin.py:188} INFO - [2024-08-08T16:53:02.705-0700] {dagbag.py:545} INFO - Filling up the DagBag from /Users/treylayton/Library/Python/3.9/lib/python/site-packages/airflow/example_dags/example_trigger_controller_dag.py
[2024-08-08T16:53:02.712-0700] {processor.py:840} INFO - DAG(s) 'example_trigger_controller_dag' retrieved from /Users/treylayton/Library/Python/3.9/lib/python/site-packages/airflow/example_dags/example_trigger_controller_dag.py
[2024-08-08T16:53:02.765-0700] {logging_mixin.py:188} INFO - [2024-08-08T16:53:02.765-0700] {dag.py:3089} INFO - Sync 1 DAGs
[2024-08-08T16:53:02.774-0700] {logging_mixin.py:188} INFO - [2024-08-08T16:53:02.774-0700] {dag.py:3947} INFO - Setting next_dagrun for example_trigger_controller_dag to 2021-01-01 00:00:00+00:00, run_after=2021-01-01 00:00:00+00:00
[2024-08-08T16:53:02.784-0700] {processor.py:183} INFO - Processing /Users/treylayton/Library/Python/3.9/lib/python/site-packages/airflow/example_dags/example_trigger_controller_dag.py took 0.083 seconds
[2024-08-08T16:54:16.274-0700] {processor.py:161} INFO - Started process (PID=99446) to work on /Users/treylayton/Library/Python/3.9/lib/python/site-packages/airflow/example_dags/example_trigger_controller_dag.py
[2024-08-08T16:54:16.276-0700] {processor.py:830} INFO - Processing file /Users/treylayton/Library/Python/3.9/lib/python/site-packages/airflow/example_dags/example_trigger_controller_dag.py for tasks to queue
[2024-08-08T16:54:16.276-0700] {logging_mixin.py:188} INFO - [2024-08-08T16:54:16.276-0700] {dagbag.py:545} INFO - Filling up the DagBag from /Users/treylayton/Library/Python/3.9/lib/python/site-packages/airflow/example_dags/example_trigger_controller_dag.py
[2024-08-08T16:54:16.282-0700] {processor.py:840} INFO - DAG(s) 'example_trigger_controller_dag' retrieved from /Users/treylayton/Library/Python/3.9/lib/python/site-packages/airflow/example_dags/example_trigger_controller_dag.py
[2024-08-08T16:54:16.338-0700] {logging_mixin.py:188} INFO - [2024-08-08T16:54:16.338-0700] {dag.py:3089} INFO - Sync 1 DAGs
[2024-08-08T16:54:16.348-0700] {logging_mixin.py:188} INFO - [2024-08-08T16:54:16.347-0700] {dag.py:3947} INFO - Setting next_dagrun for example_trigger_controller_dag to 2021-01-01 00:00:00+00:00, run_after=2021-01-01 00:00:00+00:00
[2024-08-08T16:54:16.359-0700] {processor.py:183} INFO - Processing /Users/treylayton/Library/Python/3.9/lib/python/site-packages/airflow/example_dags/example_trigger_controller_dag.py took 0.087 seconds
[2024-08-08T16:54:16.825-0700] {processor.py:161} INFO - Started process (PID=99447) to work on /Users/treylayton/Library/Python/3.9/lib/python/site-packages/airflow/example_dags/example_trigger_controller_dag.py
[2024-08-08T16:54:16.827-0700] {processor.py:830} INFO - Processing file /Users/treylayton/Library/Python/3.9/lib/python/site-packages/airflow/example_dags/example_trigger_controller_dag.py for tasks to queue
[2024-08-08T16:54:16.827-0700] {logging_mixin.py:188} INFO - [2024-08-08T16:54:16.827-0700] {dagbag.py:545} INFO - Filling up the DagBag from /Users/treylayton/Library/Python/3.9/lib/python/site-packages/airflow/example_dags/example_trigger_controller_dag.py
[2024-08-08T16:54:16.833-0700] {processor.py:840} INFO - DAG(s) 'example_trigger_controller_dag' retrieved from /Users/treylayton/Library/Python/3.9/lib/python/site-packages/airflow/example_dags/example_trigger_controller_dag.py
[2024-08-08T16:54:16.888-0700] {logging_mixin.py:188} INFO - [2024-08-08T16:54:16.888-0700] {dag.py:3089} INFO - Sync 1 DAGs
[2024-08-08T16:54:16.897-0700] {logging_mixin.py:188} INFO - [2024-08-08T16:54:16.897-0700] {dag.py:3947} INFO - Setting next_dagrun for example_trigger_controller_dag to 2021-01-01 00:00:00+00:00, run_after=2021-01-01 00:00:00+00:00
[2024-08-08T16:54:16.907-0700] {processor.py:183} INFO - Processing /Users/treylayton/Library/Python/3.9/lib/python/site-packages/airflow/example_dags/example_trigger_controller_dag.py took 0.084 seconds
[2024-08-08T16:55:30.502-0700] {processor.py:161} INFO - Started process (PID=99591) to work on /Users/treylayton/Library/Python/3.9/lib/python/site-packages/airflow/example_dags/example_trigger_controller_dag.py
[2024-08-08T16:55:30.504-0700] {processor.py:830} INFO - Processing file /Users/treylayton/Library/Python/3.9/lib/python/site-packages/airflow/example_dags/example_trigger_controller_dag.py for tasks to queue
[2024-08-08T16:55:30.504-0700] {logging_mixin.py:188} INFO - [2024-08-08T16:55:30.504-0700] {dagbag.py:545} INFO - Filling up the DagBag from /Users/treylayton/Library/Python/3.9/lib/python/site-packages/airflow/example_dags/example_trigger_controller_dag.py
[2024-08-08T16:55:30.510-0700] {processor.py:840} INFO - DAG(s) 'example_trigger_controller_dag' retrieved from /Users/treylayton/Library/Python/3.9/lib/python/site-packages/airflow/example_dags/example_trigger_controller_dag.py
[2024-08-08T16:55:30.563-0700] {logging_mixin.py:188} INFO - [2024-08-08T16:55:30.563-0700] {dag.py:3089} INFO - Sync 1 DAGs
[2024-08-08T16:55:30.572-0700] {logging_mixin.py:188} INFO - [2024-08-08T16:55:30.572-0700] {dag.py:3947} INFO - Setting next_dagrun for example_trigger_controller_dag to 2021-01-01 00:00:00+00:00, run_after=2021-01-01 00:00:00+00:00
[2024-08-08T16:55:30.583-0700] {processor.py:183} INFO - Processing /Users/treylayton/Library/Python/3.9/lib/python/site-packages/airflow/example_dags/example_trigger_controller_dag.py took 0.083 seconds
[2024-08-08T16:55:30.934-0700] {processor.py:161} INFO - Started process (PID=99592) to work on /Users/treylayton/Library/Python/3.9/lib/python/site-packages/airflow/example_dags/example_trigger_controller_dag.py
[2024-08-08T16:55:30.936-0700] {processor.py:830} INFO - Processing file /Users/treylayton/Library/Python/3.9/lib/python/site-packages/airflow/example_dags/example_trigger_controller_dag.py for tasks to queue
[2024-08-08T16:55:30.936-0700] {logging_mixin.py:188} INFO - [2024-08-08T16:55:30.936-0700] {dagbag.py:545} INFO - Filling up the DagBag from /Users/treylayton/Library/Python/3.9/lib/python/site-packages/airflow/example_dags/example_trigger_controller_dag.py
[2024-08-08T16:55:30.942-0700] {processor.py:840} INFO - DAG(s) 'example_trigger_controller_dag' retrieved from /Users/treylayton/Library/Python/3.9/lib/python/site-packages/airflow/example_dags/example_trigger_controller_dag.py
[2024-08-08T16:55:30.996-0700] {logging_mixin.py:188} INFO - [2024-08-08T16:55:30.996-0700] {dag.py:3089} INFO - Sync 1 DAGs
[2024-08-08T16:55:31.005-0700] {logging_mixin.py:188} INFO - [2024-08-08T16:55:31.005-0700] {dag.py:3947} INFO - Setting next_dagrun for example_trigger_controller_dag to 2021-01-01 00:00:00+00:00, run_after=2021-01-01 00:00:00+00:00
[2024-08-08T16:55:31.016-0700] {processor.py:183} INFO - Processing /Users/treylayton/Library/Python/3.9/lib/python/site-packages/airflow/example_dags/example_trigger_controller_dag.py took 0.084 seconds
[2024-08-08T16:56:45.020-0700] {processor.py:161} INFO - Started process (PID=99731) to work on /Users/treylayton/Library/Python/3.9/lib/python/site-packages/airflow/example_dags/example_trigger_controller_dag.py
[2024-08-08T16:56:45.022-0700] {processor.py:830} INFO - Processing file /Users/treylayton/Library/Python/3.9/lib/python/site-packages/airflow/example_dags/example_trigger_controller_dag.py for tasks to queue
[2024-08-08T16:56:45.022-0700] {logging_mixin.py:188} INFO - [2024-08-08T16:56:45.022-0700] {dagbag.py:545} INFO - Filling up the DagBag from /Users/treylayton/Library/Python/3.9/lib/python/site-packages/airflow/example_dags/example_trigger_controller_dag.py
[2024-08-08T16:56:45.030-0700] {processor.py:840} INFO - DAG(s) 'example_trigger_controller_dag' retrieved from /Users/treylayton/Library/Python/3.9/lib/python/site-packages/airflow/example_dags/example_trigger_controller_dag.py
[2024-08-08T16:56:45.089-0700] {logging_mixin.py:188} INFO - [2024-08-08T16:56:45.089-0700] {dag.py:3089} INFO - Sync 1 DAGs
[2024-08-08T16:56:45.099-0700] {logging_mixin.py:188} INFO - [2024-08-08T16:56:45.098-0700] {dag.py:3947} INFO - Setting next_dagrun for example_trigger_controller_dag to 2021-01-01 00:00:00+00:00, run_after=2021-01-01 00:00:00+00:00
[2024-08-08T16:56:45.112-0700] {processor.py:183} INFO - Processing /Users/treylayton/Library/Python/3.9/lib/python/site-packages/airflow/example_dags/example_trigger_controller_dag.py took 0.094 seconds
[2024-08-08T16:56:45.932-0700] {processor.py:161} INFO - Started process (PID=99732) to work on /Users/treylayton/Library/Python/3.9/lib/python/site-packages/airflow/example_dags/example_trigger_controller_dag.py
[2024-08-08T16:56:45.934-0700] {processor.py:830} INFO - Processing file /Users/treylayton/Library/Python/3.9/lib/python/site-packages/airflow/example_dags/example_trigger_controller_dag.py for tasks to queue
[2024-08-08T16:56:45.934-0700] {logging_mixin.py:188} INFO - [2024-08-08T16:56:45.934-0700] {dagbag.py:545} INFO - Filling up the DagBag from /Users/treylayton/Library/Python/3.9/lib/python/site-packages/airflow/example_dags/example_trigger_controller_dag.py
[2024-08-08T16:56:45.941-0700] {processor.py:840} INFO - DAG(s) 'example_trigger_controller_dag' retrieved from /Users/treylayton/Library/Python/3.9/lib/python/site-packages/airflow/example_dags/example_trigger_controller_dag.py
[2024-08-08T16:56:46.002-0700] {logging_mixin.py:188} INFO - [2024-08-08T16:56:46.002-0700] {dag.py:3089} INFO - Sync 1 DAGs
[2024-08-08T16:56:46.011-0700] {logging_mixin.py:188} INFO - [2024-08-08T16:56:46.011-0700] {dag.py:3947} INFO - Setting next_dagrun for example_trigger_controller_dag to 2021-01-01 00:00:00+00:00, run_after=2021-01-01 00:00:00+00:00
[2024-08-08T16:56:46.024-0700] {processor.py:183} INFO - Processing /Users/treylayton/Library/Python/3.9/lib/python/site-packages/airflow/example_dags/example_trigger_controller_dag.py took 0.094 seconds
[2024-08-08T16:57:59.421-0700] {processor.py:161} INFO - Started process (PID=99872) to work on /Users/treylayton/Library/Python/3.9/lib/python/site-packages/airflow/example_dags/example_trigger_controller_dag.py
[2024-08-08T16:57:59.423-0700] {processor.py:830} INFO - Processing file /Users/treylayton/Library/Python/3.9/lib/python/site-packages/airflow/example_dags/example_trigger_controller_dag.py for tasks to queue
[2024-08-08T16:57:59.423-0700] {logging_mixin.py:188} INFO - [2024-08-08T16:57:59.423-0700] {dagbag.py:545} INFO - Filling up the DagBag from /Users/treylayton/Library/Python/3.9/lib/python/site-packages/airflow/example_dags/example_trigger_controller_dag.py
[2024-08-08T16:57:59.429-0700] {processor.py:840} INFO - DAG(s) 'example_trigger_controller_dag' retrieved from /Users/treylayton/Library/Python/3.9/lib/python/site-packages/airflow/example_dags/example_trigger_controller_dag.py
[2024-08-08T16:57:59.484-0700] {logging_mixin.py:188} INFO - [2024-08-08T16:57:59.483-0700] {dag.py:3089} INFO - Sync 1 DAGs
[2024-08-08T16:57:59.492-0700] {logging_mixin.py:188} INFO - [2024-08-08T16:57:59.492-0700] {dag.py:3947} INFO - Setting next_dagrun for example_trigger_controller_dag to 2021-01-01 00:00:00+00:00, run_after=2021-01-01 00:00:00+00:00
[2024-08-08T16:57:59.503-0700] {processor.py:183} INFO - Processing /Users/treylayton/Library/Python/3.9/lib/python/site-packages/airflow/example_dags/example_trigger_controller_dag.py took 0.083 seconds
[2024-08-08T16:57:59.547-0700] {processor.py:161} INFO - Started process (PID=99873) to work on /Users/treylayton/Library/Python/3.9/lib/python/site-packages/airflow/example_dags/example_trigger_controller_dag.py
[2024-08-08T16:57:59.549-0700] {processor.py:830} INFO - Processing file /Users/treylayton/Library/Python/3.9/lib/python/site-packages/airflow/example_dags/example_trigger_controller_dag.py for tasks to queue
[2024-08-08T16:57:59.549-0700] {logging_mixin.py:188} INFO - [2024-08-08T16:57:59.549-0700] {dagbag.py:545} INFO - Filling up the DagBag from /Users/treylayton/Library/Python/3.9/lib/python/site-packages/airflow/example_dags/example_trigger_controller_dag.py
[2024-08-08T16:57:59.556-0700] {processor.py:840} INFO - DAG(s) 'example_trigger_controller_dag' retrieved from /Users/treylayton/Library/Python/3.9/lib/python/site-packages/airflow/example_dags/example_trigger_controller_dag.py
[2024-08-08T16:57:59.611-0700] {logging_mixin.py:188} INFO - [2024-08-08T16:57:59.611-0700] {dag.py:3089} INFO - Sync 1 DAGs
[2024-08-08T16:57:59.620-0700] {logging_mixin.py:188} INFO - [2024-08-08T16:57:59.619-0700] {dag.py:3947} INFO - Setting next_dagrun for example_trigger_controller_dag to 2021-01-01 00:00:00+00:00, run_after=2021-01-01 00:00:00+00:00
[2024-08-08T16:57:59.631-0700] {processor.py:183} INFO - Processing /Users/treylayton/Library/Python/3.9/lib/python/site-packages/airflow/example_dags/example_trigger_controller_dag.py took 0.086 seconds
[2024-08-08T16:59:12.834-0700] {processor.py:161} INFO - Started process (PID=145) to work on /Users/treylayton/Library/Python/3.9/lib/python/site-packages/airflow/example_dags/example_trigger_controller_dag.py
[2024-08-08T16:59:12.836-0700] {processor.py:830} INFO - Processing file /Users/treylayton/Library/Python/3.9/lib/python/site-packages/airflow/example_dags/example_trigger_controller_dag.py for tasks to queue
[2024-08-08T16:59:12.837-0700] {logging_mixin.py:188} INFO - [2024-08-08T16:59:12.837-0700] {dagbag.py:545} INFO - Filling up the DagBag from /Users/treylayton/Library/Python/3.9/lib/python/site-packages/airflow/example_dags/example_trigger_controller_dag.py
[2024-08-08T16:59:12.844-0700] {processor.py:840} INFO - DAG(s) 'example_trigger_controller_dag' retrieved from /Users/treylayton/Library/Python/3.9/lib/python/site-packages/airflow/example_dags/example_trigger_controller_dag.py
[2024-08-08T16:59:12.900-0700] {logging_mixin.py:188} INFO - [2024-08-08T16:59:12.900-0700] {dag.py:3089} INFO - Sync 1 DAGs
[2024-08-08T16:59:12.908-0700] {logging_mixin.py:188} INFO - [2024-08-08T16:59:12.908-0700] {dag.py:3947} INFO - Setting next_dagrun for example_trigger_controller_dag to 2021-01-01 00:00:00+00:00, run_after=2021-01-01 00:00:00+00:00
[2024-08-08T16:59:12.920-0700] {processor.py:183} INFO - Processing /Users/treylayton/Library/Python/3.9/lib/python/site-packages/airflow/example_dags/example_trigger_controller_dag.py took 0.088 seconds
[2024-08-08T16:59:14.049-0700] {processor.py:161} INFO - Started process (PID=146) to work on /Users/treylayton/Library/Python/3.9/lib/python/site-packages/airflow/example_dags/example_trigger_controller_dag.py
[2024-08-08T16:59:14.051-0700] {processor.py:830} INFO - Processing file /Users/treylayton/Library/Python/3.9/lib/python/site-packages/airflow/example_dags/example_trigger_controller_dag.py for tasks to queue
[2024-08-08T16:59:14.051-0700] {logging_mixin.py:188} INFO - [2024-08-08T16:59:14.051-0700] {dagbag.py:545} INFO - Filling up the DagBag from /Users/treylayton/Library/Python/3.9/lib/python/site-packages/airflow/example_dags/example_trigger_controller_dag.py
[2024-08-08T16:59:14.057-0700] {processor.py:840} INFO - DAG(s) 'example_trigger_controller_dag' retrieved from /Users/treylayton/Library/Python/3.9/lib/python/site-packages/airflow/example_dags/example_trigger_controller_dag.py
[2024-08-08T16:59:14.116-0700] {logging_mixin.py:188} INFO - [2024-08-08T16:59:14.116-0700] {dag.py:3089} INFO - Sync 1 DAGs
[2024-08-08T16:59:14.126-0700] {logging_mixin.py:188} INFO - [2024-08-08T16:59:14.126-0700] {dag.py:3947} INFO - Setting next_dagrun for example_trigger_controller_dag to 2021-01-01 00:00:00+00:00, run_after=2021-01-01 00:00:00+00:00
[2024-08-08T16:59:14.138-0700] {processor.py:183} INFO - Processing /Users/treylayton/Library/Python/3.9/lib/python/site-packages/airflow/example_dags/example_trigger_controller_dag.py took 0.090 seconds
