[2024-08-08T16:48:37.982-0700] {processor.py:161} INFO - Started process (PID=98740) to work on /Users/treylayton/Library/Python/3.9/lib/python/site-packages/airflow/example_dags/example_branch_operator_decorator.py
[2024-08-08T16:48:37.984-0700] {processor.py:830} INFO - Processing file /Users/treylayton/Library/Python/3.9/lib/python/site-packages/airflow/example_dags/example_branch_operator_decorator.py for tasks to queue
[2024-08-08T16:48:37.984-0700] {logging_mixin.py:188} INFO - [2024-08-08T16:48:37.984-0700] {dagbag.py:545} INFO - Filling up the DagBag from /Users/treylayton/Library/Python/3.9/lib/python/site-packages/airflow/example_dags/example_branch_operator_decorator.py
[2024-08-08T16:48:37.997-0700] {processor.py:842} WARNING - No viable dags retrieved from /Users/treylayton/Library/Python/3.9/lib/python/site-packages/airflow/example_dags/example_branch_operator_decorator.py
[2024-08-08T16:48:38.049-0700] {processor.py:183} INFO - Processing /Users/treylayton/Library/Python/3.9/lib/python/site-packages/airflow/example_dags/example_branch_operator_decorator.py took 0.069 seconds
[2024-08-08T16:51:04.714-0700] {processor.py:161} INFO - Started process (PID=99102) to work on /Users/treylayton/Library/Python/3.9/lib/python/site-packages/airflow/example_dags/example_branch_operator_decorator.py
[2024-08-08T16:51:04.716-0700] {processor.py:830} INFO - Processing file /Users/treylayton/Library/Python/3.9/lib/python/site-packages/airflow/example_dags/example_branch_operator_decorator.py for tasks to queue
[2024-08-08T16:51:04.716-0700] {logging_mixin.py:188} INFO - [2024-08-08T16:51:04.716-0700] {dagbag.py:545} INFO - Filling up the DagBag from /Users/treylayton/Library/Python/3.9/lib/python/site-packages/airflow/example_dags/example_branch_operator_decorator.py
[2024-08-08T16:51:04.728-0700] {processor.py:842} WARNING - No viable dags retrieved from /Users/treylayton/Library/Python/3.9/lib/python/site-packages/airflow/example_dags/example_branch_operator_decorator.py
[2024-08-08T16:51:04.774-0700] {processor.py:183} INFO - Processing /Users/treylayton/Library/Python/3.9/lib/python/site-packages/airflow/example_dags/example_branch_operator_decorator.py took 0.062 seconds
[2024-08-08T16:52:20.122-0700] {processor.py:161} INFO - Started process (PID=99231) to work on /Users/treylayton/Library/Python/3.9/lib/python/site-packages/airflow/example_dags/example_branch_operator_decorator.py
[2024-08-08T16:52:20.123-0700] {processor.py:830} INFO - Processing file /Users/treylayton/Library/Python/3.9/lib/python/site-packages/airflow/example_dags/example_branch_operator_decorator.py for tasks to queue
[2024-08-08T16:52:20.124-0700] {logging_mixin.py:188} INFO - [2024-08-08T16:52:20.124-0700] {dagbag.py:545} INFO - Filling up the DagBag from /Users/treylayton/Library/Python/3.9/lib/python/site-packages/airflow/example_dags/example_branch_operator_decorator.py
[2024-08-08T16:52:20.135-0700] {processor.py:842} WARNING - No viable dags retrieved from /Users/treylayton/Library/Python/3.9/lib/python/site-packages/airflow/example_dags/example_branch_operator_decorator.py
[2024-08-08T16:52:20.181-0700] {processor.py:183} INFO - Processing /Users/treylayton/Library/Python/3.9/lib/python/site-packages/airflow/example_dags/example_branch_operator_decorator.py took 0.061 seconds
[2024-08-08T16:53:32.590-0700] {processor.py:161} INFO - Started process (PID=99357) to work on /Users/treylayton/Library/Python/3.9/lib/python/site-packages/airflow/example_dags/example_branch_operator_decorator.py
[2024-08-08T16:53:32.592-0700] {processor.py:830} INFO - Processing file /Users/treylayton/Library/Python/3.9/lib/python/site-packages/airflow/example_dags/example_branch_operator_decorator.py for tasks to queue
[2024-08-08T16:53:32.592-0700] {logging_mixin.py:188} INFO - [2024-08-08T16:53:32.592-0700] {dagbag.py:545} INFO - Filling up the DagBag from /Users/treylayton/Library/Python/3.9/lib/python/site-packages/airflow/example_dags/example_branch_operator_decorator.py
[2024-08-08T16:53:32.605-0700] {processor.py:842} WARNING - No viable dags retrieved from /Users/treylayton/Library/Python/3.9/lib/python/site-packages/airflow/example_dags/example_branch_operator_decorator.py
[2024-08-08T16:53:32.656-0700] {processor.py:183} INFO - Processing /Users/treylayton/Library/Python/3.9/lib/python/site-packages/airflow/example_dags/example_branch_operator_decorator.py took 0.067 seconds
[2024-08-08T16:54:48.998-0700] {processor.py:161} INFO - Started process (PID=99504) to work on /Users/treylayton/Library/Python/3.9/lib/python/site-packages/airflow/example_dags/example_branch_operator_decorator.py
[2024-08-08T16:54:49.000-0700] {processor.py:830} INFO - Processing file /Users/treylayton/Library/Python/3.9/lib/python/site-packages/airflow/example_dags/example_branch_operator_decorator.py for tasks to queue
[2024-08-08T16:54:49.000-0700] {logging_mixin.py:188} INFO - [2024-08-08T16:54:49.000-0700] {dagbag.py:545} INFO - Filling up the DagBag from /Users/treylayton/Library/Python/3.9/lib/python/site-packages/airflow/example_dags/example_branch_operator_decorator.py
[2024-08-08T16:54:49.012-0700] {processor.py:842} WARNING - No viable dags retrieved from /Users/treylayton/Library/Python/3.9/lib/python/site-packages/airflow/example_dags/example_branch_operator_decorator.py
[2024-08-08T16:54:49.059-0700] {processor.py:183} INFO - Processing /Users/treylayton/Library/Python/3.9/lib/python/site-packages/airflow/example_dags/example_branch_operator_decorator.py took 0.063 seconds
[2024-08-08T16:56:02.591-0700] {processor.py:161} INFO - Started process (PID=99657) to work on /Users/treylayton/Library/Python/3.9/lib/python/site-packages/airflow/example_dags/example_branch_operator_decorator.py
[2024-08-08T16:56:02.593-0700] {processor.py:830} INFO - Processing file /Users/treylayton/Library/Python/3.9/lib/python/site-packages/airflow/example_dags/example_branch_operator_decorator.py for tasks to queue
[2024-08-08T16:56:02.593-0700] {logging_mixin.py:188} INFO - [2024-08-08T16:56:02.593-0700] {dagbag.py:545} INFO - Filling up the DagBag from /Users/treylayton/Library/Python/3.9/lib/python/site-packages/airflow/example_dags/example_branch_operator_decorator.py
[2024-08-08T16:56:02.605-0700] {processor.py:842} WARNING - No viable dags retrieved from /Users/treylayton/Library/Python/3.9/lib/python/site-packages/airflow/example_dags/example_branch_operator_decorator.py
[2024-08-08T16:56:02.652-0700] {processor.py:183} INFO - Processing /Users/treylayton/Library/Python/3.9/lib/python/site-packages/airflow/example_dags/example_branch_operator_decorator.py took 0.062 seconds
[2024-08-08T16:57:17.817-0700] {processor.py:161} INFO - Started process (PID=99785) to work on /Users/treylayton/Library/Python/3.9/lib/python/site-packages/airflow/example_dags/example_branch_operator_decorator.py
[2024-08-08T16:57:17.819-0700] {processor.py:830} INFO - Processing file /Users/treylayton/Library/Python/3.9/lib/python/site-packages/airflow/example_dags/example_branch_operator_decorator.py for tasks to queue
[2024-08-08T16:57:17.819-0700] {logging_mixin.py:188} INFO - [2024-08-08T16:57:17.819-0700] {dagbag.py:545} INFO - Filling up the DagBag from /Users/treylayton/Library/Python/3.9/lib/python/site-packages/airflow/example_dags/example_branch_operator_decorator.py
[2024-08-08T16:57:17.832-0700] {processor.py:842} WARNING - No viable dags retrieved from /Users/treylayton/Library/Python/3.9/lib/python/site-packages/airflow/example_dags/example_branch_operator_decorator.py
[2024-08-08T16:57:17.879-0700] {processor.py:183} INFO - Processing /Users/treylayton/Library/Python/3.9/lib/python/site-packages/airflow/example_dags/example_branch_operator_decorator.py took 0.063 seconds
[2024-08-08T16:58:31.342-0700] {processor.py:161} INFO - Started process (PID=99947) to work on /Users/treylayton/Library/Python/3.9/lib/python/site-packages/airflow/example_dags/example_branch_operator_decorator.py
[2024-08-08T16:58:31.344-0700] {processor.py:830} INFO - Processing file /Users/treylayton/Library/Python/3.9/lib/python/site-packages/airflow/example_dags/example_branch_operator_decorator.py for tasks to queue
[2024-08-08T16:58:31.344-0700] {logging_mixin.py:188} INFO - [2024-08-08T16:58:31.344-0700] {dagbag.py:545} INFO - Filling up the DagBag from /Users/treylayton/Library/Python/3.9/lib/python/site-packages/airflow/example_dags/example_branch_operator_decorator.py
[2024-08-08T16:58:31.356-0700] {processor.py:842} WARNING - No viable dags retrieved from /Users/treylayton/Library/Python/3.9/lib/python/site-packages/airflow/example_dags/example_branch_operator_decorator.py
[2024-08-08T16:58:31.401-0700] {processor.py:183} INFO - Processing /Users/treylayton/Library/Python/3.9/lib/python/site-packages/airflow/example_dags/example_branch_operator_decorator.py took 0.061 seconds
[2024-08-08T16:59:45.958-0700] {processor.py:161} INFO - Started process (PID=180) to work on /Users/treylayton/Library/Python/3.9/lib/python/site-packages/airflow/example_dags/example_branch_operator_decorator.py
[2024-08-08T16:59:45.959-0700] {processor.py:830} INFO - Processing file /Users/treylayton/Library/Python/3.9/lib/python/site-packages/airflow/example_dags/example_branch_operator_decorator.py for tasks to queue
[2024-08-08T16:59:45.960-0700] {logging_mixin.py:188} INFO - [2024-08-08T16:59:45.960-0700] {dagbag.py:545} INFO - Filling up the DagBag from /Users/treylayton/Library/Python/3.9/lib/python/site-packages/airflow/example_dags/example_branch_operator_decorator.py
[2024-08-08T16:59:45.971-0700] {processor.py:842} WARNING - No viable dags retrieved from /Users/treylayton/Library/Python/3.9/lib/python/site-packages/airflow/example_dags/example_branch_operator_decorator.py
[2024-08-08T16:59:46.020-0700] {processor.py:183} INFO - Processing /Users/treylayton/Library/Python/3.9/lib/python/site-packages/airflow/example_dags/example_branch_operator_decorator.py took 0.064 seconds
