[2024-08-08T16:47:41.871-0700] {processor.py:161} INFO - Started process (PID=98648) to work on /Users/treylayton/Library/Python/3.9/lib/python/site-packages/airflow/example_dags/example_subdag_operator.py
[2024-08-08T16:47:41.873-0700] {processor.py:830} INFO - Processing file /Users/treylayton/Library/Python/3.9/lib/python/site-packages/airflow/example_dags/example_subdag_operator.py for tasks to queue
[2024-08-08T16:47:41.873-0700] {logging_mixin.py:188} INFO - [2024-08-08T16:47:41.873-0700] {dagbag.py:545} INFO - Filling up the DagBag from /Users/treylayton/Library/Python/3.9/lib/python/site-packages/airflow/example_dags/example_subdag_operator.py
[2024-08-08T16:47:41.926-0700] {processor.py:840} INFO - DAG(s) 'example_subdag_operator.section-1', 'example_subdag_operator.section-2', 'example_subdag_operator' retrieved from /Users/treylayton/Library/Python/3.9/lib/python/site-packages/airflow/example_dags/example_subdag_operator.py
[2024-08-08T16:47:41.996-0700] {logging_mixin.py:188} INFO - [2024-08-08T16:47:41.996-0700] {dag.py:3089} INFO - Sync 3 DAGs
[2024-08-08T16:47:42.004-0700] {logging_mixin.py:188} INFO - [2024-08-08T16:47:42.004-0700] {dag.py:3947} INFO - Setting next_dagrun for example_subdag_operator to 2022-01-01 00:00:00+00:00, run_after=2022-01-01 00:00:00+00:00
[2024-08-08T16:47:42.006-0700] {logging_mixin.py:188} INFO - [2024-08-08T16:47:42.006-0700] {dag.py:3947} INFO - Setting next_dagrun for example_subdag_operator.section-1 to None, run_after=None
[2024-08-08T16:47:42.006-0700] {logging_mixin.py:188} INFO - [2024-08-08T16:47:42.006-0700] {dag.py:3947} INFO - Setting next_dagrun for example_subdag_operator.section-2 to None, run_after=None
[2024-08-08T16:47:42.010-0700] {logging_mixin.py:188} INFO - [2024-08-08T16:47:42.010-0700] {dag.py:3089} INFO - Sync 2 DAGs
[2024-08-08T16:47:42.012-0700] {logging_mixin.py:188} INFO - [2024-08-08T16:47:42.011-0700] {dag.py:3947} INFO - Setting next_dagrun for example_subdag_operator.section-1 to None, run_after=None
[2024-08-08T16:47:42.012-0700] {logging_mixin.py:188} INFO - [2024-08-08T16:47:42.012-0700] {dag.py:3947} INFO - Setting next_dagrun for example_subdag_operator.section-2 to None, run_after=None
[2024-08-08T16:47:42.020-0700] {processor.py:183} INFO - Processing /Users/treylayton/Library/Python/3.9/lib/python/site-packages/airflow/example_dags/example_subdag_operator.py took 0.150 seconds
[2024-08-08T16:49:28.312-0700] {processor.py:161} INFO - Started process (PID=98846) to work on /Users/treylayton/Library/Python/3.9/lib/python/site-packages/airflow/example_dags/example_subdag_operator.py
[2024-08-08T16:49:28.314-0700] {processor.py:830} INFO - Processing file /Users/treylayton/Library/Python/3.9/lib/python/site-packages/airflow/example_dags/example_subdag_operator.py for tasks to queue
[2024-08-08T16:49:28.314-0700] {logging_mixin.py:188} INFO - [2024-08-08T16:49:28.314-0700] {dagbag.py:545} INFO - Filling up the DagBag from /Users/treylayton/Library/Python/3.9/lib/python/site-packages/airflow/example_dags/example_subdag_operator.py
[2024-08-08T16:49:28.369-0700] {processor.py:840} INFO - DAG(s) 'example_subdag_operator.section-1', 'example_subdag_operator.section-2', 'example_subdag_operator' retrieved from /Users/treylayton/Library/Python/3.9/lib/python/site-packages/airflow/example_dags/example_subdag_operator.py
[2024-08-08T16:49:28.376-0700] {logging_mixin.py:188} INFO - [2024-08-08T16:49:28.376-0700] {dag.py:3089} INFO - Sync 3 DAGs
[2024-08-08T16:49:28.384-0700] {logging_mixin.py:188} INFO - [2024-08-08T16:49:28.384-0700] {dag.py:3947} INFO - Setting next_dagrun for example_subdag_operator to 2022-01-01 00:00:00+00:00, run_after=2022-01-01 00:00:00+00:00
[2024-08-08T16:49:28.386-0700] {logging_mixin.py:188} INFO - [2024-08-08T16:49:28.385-0700] {dag.py:3947} INFO - Setting next_dagrun for example_subdag_operator.section-1 to None, run_after=None
[2024-08-08T16:49:28.386-0700] {logging_mixin.py:188} INFO - [2024-08-08T16:49:28.386-0700] {dag.py:3947} INFO - Setting next_dagrun for example_subdag_operator.section-2 to None, run_after=None
[2024-08-08T16:49:28.389-0700] {logging_mixin.py:188} INFO - [2024-08-08T16:49:28.389-0700] {dag.py:3089} INFO - Sync 2 DAGs
[2024-08-08T16:49:28.391-0700] {logging_mixin.py:188} INFO - [2024-08-08T16:49:28.391-0700] {dag.py:3947} INFO - Setting next_dagrun for example_subdag_operator.section-1 to None, run_after=None
[2024-08-08T16:49:28.391-0700] {logging_mixin.py:188} INFO - [2024-08-08T16:49:28.391-0700] {dag.py:3947} INFO - Setting next_dagrun for example_subdag_operator.section-2 to None, run_after=None
[2024-08-08T16:49:28.399-0700] {processor.py:183} INFO - Processing /Users/treylayton/Library/Python/3.9/lib/python/site-packages/airflow/example_dags/example_subdag_operator.py took 0.089 seconds
[2024-08-08T16:50:42.593-0700] {processor.py:161} INFO - Started process (PID=99044) to work on /Users/treylayton/Library/Python/3.9/lib/python/site-packages/airflow/example_dags/example_subdag_operator.py
[2024-08-08T16:50:42.595-0700] {processor.py:830} INFO - Processing file /Users/treylayton/Library/Python/3.9/lib/python/site-packages/airflow/example_dags/example_subdag_operator.py for tasks to queue
[2024-08-08T16:50:42.595-0700] {logging_mixin.py:188} INFO - [2024-08-08T16:50:42.595-0700] {dagbag.py:545} INFO - Filling up the DagBag from /Users/treylayton/Library/Python/3.9/lib/python/site-packages/airflow/example_dags/example_subdag_operator.py
[2024-08-08T16:50:42.650-0700] {processor.py:840} INFO - DAG(s) 'example_subdag_operator.section-1', 'example_subdag_operator.section-2', 'example_subdag_operator' retrieved from /Users/treylayton/Library/Python/3.9/lib/python/site-packages/airflow/example_dags/example_subdag_operator.py
[2024-08-08T16:50:42.726-0700] {logging_mixin.py:188} INFO - [2024-08-08T16:50:42.725-0700] {dag.py:3089} INFO - Sync 3 DAGs
[2024-08-08T16:50:42.734-0700] {logging_mixin.py:188} INFO - [2024-08-08T16:50:42.734-0700] {dag.py:3947} INFO - Setting next_dagrun for example_subdag_operator to 2022-01-01 00:00:00+00:00, run_after=2022-01-01 00:00:00+00:00
[2024-08-08T16:50:42.736-0700] {logging_mixin.py:188} INFO - [2024-08-08T16:50:42.735-0700] {dag.py:3947} INFO - Setting next_dagrun for example_subdag_operator.section-1 to None, run_after=None
[2024-08-08T16:50:42.736-0700] {logging_mixin.py:188} INFO - [2024-08-08T16:50:42.736-0700] {dag.py:3947} INFO - Setting next_dagrun for example_subdag_operator.section-2 to None, run_after=None
[2024-08-08T16:50:42.740-0700] {logging_mixin.py:188} INFO - [2024-08-08T16:50:42.740-0700] {dag.py:3089} INFO - Sync 2 DAGs
[2024-08-08T16:50:42.742-0700] {logging_mixin.py:188} INFO - [2024-08-08T16:50:42.742-0700] {dag.py:3947} INFO - Setting next_dagrun for example_subdag_operator.section-1 to None, run_after=None
[2024-08-08T16:50:42.742-0700] {logging_mixin.py:188} INFO - [2024-08-08T16:50:42.742-0700] {dag.py:3947} INFO - Setting next_dagrun for example_subdag_operator.section-2 to None, run_after=None
[2024-08-08T16:50:42.750-0700] {processor.py:183} INFO - Processing /Users/treylayton/Library/Python/3.9/lib/python/site-packages/airflow/example_dags/example_subdag_operator.py took 0.159 seconds
[2024-08-08T16:51:25.845-0700] {processor.py:161} INFO - Started process (PID=99129) to work on /Users/treylayton/Library/Python/3.9/lib/python/site-packages/airflow/example_dags/example_subdag_operator.py
[2024-08-08T16:51:25.847-0700] {processor.py:830} INFO - Processing file /Users/treylayton/Library/Python/3.9/lib/python/site-packages/airflow/example_dags/example_subdag_operator.py for tasks to queue
[2024-08-08T16:51:25.848-0700] {logging_mixin.py:188} INFO - [2024-08-08T16:51:25.847-0700] {dagbag.py:545} INFO - Filling up the DagBag from /Users/treylayton/Library/Python/3.9/lib/python/site-packages/airflow/example_dags/example_subdag_operator.py
[2024-08-08T16:51:25.901-0700] {processor.py:840} INFO - DAG(s) 'example_subdag_operator.section-1', 'example_subdag_operator.section-2', 'example_subdag_operator' retrieved from /Users/treylayton/Library/Python/3.9/lib/python/site-packages/airflow/example_dags/example_subdag_operator.py
[2024-08-08T16:51:25.926-0700] {logging_mixin.py:188} INFO - [2024-08-08T16:51:25.925-0700] {dag.py:3089} INFO - Sync 3 DAGs
[2024-08-08T16:51:25.934-0700] {logging_mixin.py:188} INFO - [2024-08-08T16:51:25.934-0700] {dag.py:3947} INFO - Setting next_dagrun for example_subdag_operator to 2022-01-01 00:00:00+00:00, run_after=2022-01-01 00:00:00+00:00
[2024-08-08T16:51:25.936-0700] {logging_mixin.py:188} INFO - [2024-08-08T16:51:25.936-0700] {dag.py:3947} INFO - Setting next_dagrun for example_subdag_operator.section-1 to None, run_after=None
[2024-08-08T16:51:25.937-0700] {logging_mixin.py:188} INFO - [2024-08-08T16:51:25.937-0700] {dag.py:3947} INFO - Setting next_dagrun for example_subdag_operator.section-2 to None, run_after=None
[2024-08-08T16:51:25.940-0700] {logging_mixin.py:188} INFO - [2024-08-08T16:51:25.940-0700] {dag.py:3089} INFO - Sync 2 DAGs
[2024-08-08T16:51:25.942-0700] {logging_mixin.py:188} INFO - [2024-08-08T16:51:25.942-0700] {dag.py:3947} INFO - Setting next_dagrun for example_subdag_operator.section-1 to None, run_after=None
[2024-08-08T16:51:25.942-0700] {logging_mixin.py:188} INFO - [2024-08-08T16:51:25.942-0700] {dag.py:3947} INFO - Setting next_dagrun for example_subdag_operator.section-2 to None, run_after=None
[2024-08-08T16:51:25.950-0700] {processor.py:183} INFO - Processing /Users/treylayton/Library/Python/3.9/lib/python/site-packages/airflow/example_dags/example_subdag_operator.py took 0.106 seconds
[2024-08-08T16:51:54.617-0700] {processor.py:161} INFO - Started process (PID=99173) to work on /Users/treylayton/Library/Python/3.9/lib/python/site-packages/airflow/example_dags/example_subdag_operator.py
[2024-08-08T16:51:54.618-0700] {processor.py:830} INFO - Processing file /Users/treylayton/Library/Python/3.9/lib/python/site-packages/airflow/example_dags/example_subdag_operator.py for tasks to queue
[2024-08-08T16:51:54.619-0700] {logging_mixin.py:188} INFO - [2024-08-08T16:51:54.618-0700] {dagbag.py:545} INFO - Filling up the DagBag from /Users/treylayton/Library/Python/3.9/lib/python/site-packages/airflow/example_dags/example_subdag_operator.py
[2024-08-08T16:51:54.673-0700] {processor.py:840} INFO - DAG(s) 'example_subdag_operator.section-1', 'example_subdag_operator.section-2', 'example_subdag_operator' retrieved from /Users/treylayton/Library/Python/3.9/lib/python/site-packages/airflow/example_dags/example_subdag_operator.py
[2024-08-08T16:51:54.698-0700] {logging_mixin.py:188} INFO - [2024-08-08T16:51:54.698-0700] {dag.py:3089} INFO - Sync 3 DAGs
[2024-08-08T16:51:54.707-0700] {logging_mixin.py:188} INFO - [2024-08-08T16:51:54.706-0700] {dag.py:3947} INFO - Setting next_dagrun for example_subdag_operator to 2022-01-01 00:00:00+00:00, run_after=2022-01-01 00:00:00+00:00
[2024-08-08T16:51:54.709-0700] {logging_mixin.py:188} INFO - [2024-08-08T16:51:54.709-0700] {dag.py:3947} INFO - Setting next_dagrun for example_subdag_operator.section-1 to None, run_after=None
[2024-08-08T16:51:54.710-0700] {logging_mixin.py:188} INFO - [2024-08-08T16:51:54.710-0700] {dag.py:3947} INFO - Setting next_dagrun for example_subdag_operator.section-2 to None, run_after=None
[2024-08-08T16:51:54.713-0700] {logging_mixin.py:188} INFO - [2024-08-08T16:51:54.713-0700] {dag.py:3089} INFO - Sync 2 DAGs
[2024-08-08T16:51:54.715-0700] {logging_mixin.py:188} INFO - [2024-08-08T16:51:54.715-0700] {dag.py:3947} INFO - Setting next_dagrun for example_subdag_operator.section-1 to None, run_after=None
[2024-08-08T16:51:54.715-0700] {logging_mixin.py:188} INFO - [2024-08-08T16:51:54.715-0700] {dag.py:3947} INFO - Setting next_dagrun for example_subdag_operator.section-2 to None, run_after=None
[2024-08-08T16:51:54.723-0700] {processor.py:183} INFO - Processing /Users/treylayton/Library/Python/3.9/lib/python/site-packages/airflow/example_dags/example_subdag_operator.py took 0.108 seconds
[2024-08-08T16:53:07.847-0700] {processor.py:161} INFO - Started process (PID=99327) to work on /Users/treylayton/Library/Python/3.9/lib/python/site-packages/airflow/example_dags/example_subdag_operator.py
[2024-08-08T16:53:07.849-0700] {processor.py:830} INFO - Processing file /Users/treylayton/Library/Python/3.9/lib/python/site-packages/airflow/example_dags/example_subdag_operator.py for tasks to queue
[2024-08-08T16:53:07.849-0700] {logging_mixin.py:188} INFO - [2024-08-08T16:53:07.849-0700] {dagbag.py:545} INFO - Filling up the DagBag from /Users/treylayton/Library/Python/3.9/lib/python/site-packages/airflow/example_dags/example_subdag_operator.py
[2024-08-08T16:53:07.910-0700] {processor.py:840} INFO - DAG(s) 'example_subdag_operator.section-1', 'example_subdag_operator.section-2', 'example_subdag_operator' retrieved from /Users/treylayton/Library/Python/3.9/lib/python/site-packages/airflow/example_dags/example_subdag_operator.py
[2024-08-08T16:53:07.939-0700] {logging_mixin.py:188} INFO - [2024-08-08T16:53:07.939-0700] {dag.py:3089} INFO - Sync 3 DAGs
[2024-08-08T16:53:07.950-0700] {logging_mixin.py:188} INFO - [2024-08-08T16:53:07.949-0700] {dag.py:3947} INFO - Setting next_dagrun for example_subdag_operator to 2022-01-01 00:00:00+00:00, run_after=2022-01-01 00:00:00+00:00
[2024-08-08T16:53:07.953-0700] {logging_mixin.py:188} INFO - [2024-08-08T16:53:07.952-0700] {dag.py:3947} INFO - Setting next_dagrun for example_subdag_operator.section-1 to None, run_after=None
[2024-08-08T16:53:07.953-0700] {logging_mixin.py:188} INFO - [2024-08-08T16:53:07.953-0700] {dag.py:3947} INFO - Setting next_dagrun for example_subdag_operator.section-2 to None, run_after=None
[2024-08-08T16:53:07.957-0700] {logging_mixin.py:188} INFO - [2024-08-08T16:53:07.956-0700] {dag.py:3089} INFO - Sync 2 DAGs
[2024-08-08T16:53:07.959-0700] {logging_mixin.py:188} INFO - [2024-08-08T16:53:07.958-0700] {dag.py:3947} INFO - Setting next_dagrun for example_subdag_operator.section-1 to None, run_after=None
[2024-08-08T16:53:07.959-0700] {logging_mixin.py:188} INFO - [2024-08-08T16:53:07.959-0700] {dag.py:3947} INFO - Setting next_dagrun for example_subdag_operator.section-2 to None, run_after=None
[2024-08-08T16:53:07.969-0700] {processor.py:183} INFO - Processing /Users/treylayton/Library/Python/3.9/lib/python/site-packages/airflow/example_dags/example_subdag_operator.py took 0.123 seconds
[2024-08-08T16:53:09.913-0700] {processor.py:161} INFO - Started process (PID=99331) to work on /Users/treylayton/Library/Python/3.9/lib/python/site-packages/airflow/example_dags/example_subdag_operator.py
[2024-08-08T16:53:09.915-0700] {processor.py:830} INFO - Processing file /Users/treylayton/Library/Python/3.9/lib/python/site-packages/airflow/example_dags/example_subdag_operator.py for tasks to queue
[2024-08-08T16:53:09.916-0700] {logging_mixin.py:188} INFO - [2024-08-08T16:53:09.916-0700] {dagbag.py:545} INFO - Filling up the DagBag from /Users/treylayton/Library/Python/3.9/lib/python/site-packages/airflow/example_dags/example_subdag_operator.py
[2024-08-08T16:53:09.975-0700] {processor.py:840} INFO - DAG(s) 'example_subdag_operator.section-1', 'example_subdag_operator.section-2', 'example_subdag_operator' retrieved from /Users/treylayton/Library/Python/3.9/lib/python/site-packages/airflow/example_dags/example_subdag_operator.py
[2024-08-08T16:53:10.004-0700] {logging_mixin.py:188} INFO - [2024-08-08T16:53:10.003-0700] {dag.py:3089} INFO - Sync 3 DAGs
[2024-08-08T16:53:10.014-0700] {logging_mixin.py:188} INFO - [2024-08-08T16:53:10.014-0700] {dag.py:3947} INFO - Setting next_dagrun for example_subdag_operator to 2022-01-01 00:00:00+00:00, run_after=2022-01-01 00:00:00+00:00
[2024-08-08T16:53:10.017-0700] {logging_mixin.py:188} INFO - [2024-08-08T16:53:10.017-0700] {dag.py:3947} INFO - Setting next_dagrun for example_subdag_operator.section-1 to None, run_after=None
[2024-08-08T16:53:10.018-0700] {logging_mixin.py:188} INFO - [2024-08-08T16:53:10.018-0700] {dag.py:3947} INFO - Setting next_dagrun for example_subdag_operator.section-2 to None, run_after=None
[2024-08-08T16:53:10.021-0700] {logging_mixin.py:188} INFO - [2024-08-08T16:53:10.021-0700] {dag.py:3089} INFO - Sync 2 DAGs
[2024-08-08T16:53:10.024-0700] {logging_mixin.py:188} INFO - [2024-08-08T16:53:10.024-0700] {dag.py:3947} INFO - Setting next_dagrun for example_subdag_operator.section-1 to None, run_after=None
[2024-08-08T16:53:10.024-0700] {logging_mixin.py:188} INFO - [2024-08-08T16:53:10.024-0700] {dag.py:3947} INFO - Setting next_dagrun for example_subdag_operator.section-2 to None, run_after=None
[2024-08-08T16:53:10.033-0700] {processor.py:183} INFO - Processing /Users/treylayton/Library/Python/3.9/lib/python/site-packages/airflow/example_dags/example_subdag_operator.py took 0.121 seconds
[2024-08-08T16:54:24.456-0700] {processor.py:161} INFO - Started process (PID=99460) to work on /Users/treylayton/Library/Python/3.9/lib/python/site-packages/airflow/example_dags/example_subdag_operator.py
[2024-08-08T16:54:24.458-0700] {processor.py:830} INFO - Processing file /Users/treylayton/Library/Python/3.9/lib/python/site-packages/airflow/example_dags/example_subdag_operator.py for tasks to queue
[2024-08-08T16:54:24.458-0700] {logging_mixin.py:188} INFO - [2024-08-08T16:54:24.458-0700] {dagbag.py:545} INFO - Filling up the DagBag from /Users/treylayton/Library/Python/3.9/lib/python/site-packages/airflow/example_dags/example_subdag_operator.py
[2024-08-08T16:54:24.512-0700] {processor.py:840} INFO - DAG(s) 'example_subdag_operator.section-1', 'example_subdag_operator.section-2', 'example_subdag_operator' retrieved from /Users/treylayton/Library/Python/3.9/lib/python/site-packages/airflow/example_dags/example_subdag_operator.py
[2024-08-08T16:54:24.536-0700] {logging_mixin.py:188} INFO - [2024-08-08T16:54:24.536-0700] {dag.py:3089} INFO - Sync 3 DAGs
[2024-08-08T16:54:24.544-0700] {logging_mixin.py:188} INFO - [2024-08-08T16:54:24.544-0700] {dag.py:3947} INFO - Setting next_dagrun for example_subdag_operator to 2022-01-01 00:00:00+00:00, run_after=2022-01-01 00:00:00+00:00
[2024-08-08T16:54:24.547-0700] {logging_mixin.py:188} INFO - [2024-08-08T16:54:24.547-0700] {dag.py:3947} INFO - Setting next_dagrun for example_subdag_operator.section-1 to None, run_after=None
[2024-08-08T16:54:24.547-0700] {logging_mixin.py:188} INFO - [2024-08-08T16:54:24.547-0700] {dag.py:3947} INFO - Setting next_dagrun for example_subdag_operator.section-2 to None, run_after=None
[2024-08-08T16:54:24.550-0700] {logging_mixin.py:188} INFO - [2024-08-08T16:54:24.550-0700] {dag.py:3089} INFO - Sync 2 DAGs
[2024-08-08T16:54:24.552-0700] {logging_mixin.py:188} INFO - [2024-08-08T16:54:24.552-0700] {dag.py:3947} INFO - Setting next_dagrun for example_subdag_operator.section-1 to None, run_after=None
[2024-08-08T16:54:24.552-0700] {logging_mixin.py:188} INFO - [2024-08-08T16:54:24.552-0700] {dag.py:3947} INFO - Setting next_dagrun for example_subdag_operator.section-2 to None, run_after=None
[2024-08-08T16:54:24.560-0700] {processor.py:183} INFO - Processing /Users/treylayton/Library/Python/3.9/lib/python/site-packages/airflow/example_dags/example_subdag_operator.py took 0.105 seconds
[2024-08-08T16:54:25.016-0700] {processor.py:161} INFO - Started process (PID=99461) to work on /Users/treylayton/Library/Python/3.9/lib/python/site-packages/airflow/example_dags/example_subdag_operator.py
[2024-08-08T16:54:25.017-0700] {processor.py:830} INFO - Processing file /Users/treylayton/Library/Python/3.9/lib/python/site-packages/airflow/example_dags/example_subdag_operator.py for tasks to queue
[2024-08-08T16:54:25.018-0700] {logging_mixin.py:188} INFO - [2024-08-08T16:54:25.018-0700] {dagbag.py:545} INFO - Filling up the DagBag from /Users/treylayton/Library/Python/3.9/lib/python/site-packages/airflow/example_dags/example_subdag_operator.py
[2024-08-08T16:54:25.073-0700] {processor.py:840} INFO - DAG(s) 'example_subdag_operator.section-1', 'example_subdag_operator.section-2', 'example_subdag_operator' retrieved from /Users/treylayton/Library/Python/3.9/lib/python/site-packages/airflow/example_dags/example_subdag_operator.py
[2024-08-08T16:54:25.100-0700] {logging_mixin.py:188} INFO - [2024-08-08T16:54:25.100-0700] {dag.py:3089} INFO - Sync 3 DAGs
[2024-08-08T16:54:25.110-0700] {logging_mixin.py:188} INFO - [2024-08-08T16:54:25.110-0700] {dag.py:3947} INFO - Setting next_dagrun for example_subdag_operator to 2022-01-01 00:00:00+00:00, run_after=2022-01-01 00:00:00+00:00
[2024-08-08T16:54:25.113-0700] {logging_mixin.py:188} INFO - [2024-08-08T16:54:25.113-0700] {dag.py:3947} INFO - Setting next_dagrun for example_subdag_operator.section-1 to None, run_after=None
[2024-08-08T16:54:25.114-0700] {logging_mixin.py:188} INFO - [2024-08-08T16:54:25.114-0700] {dag.py:3947} INFO - Setting next_dagrun for example_subdag_operator.section-2 to None, run_after=None
[2024-08-08T16:54:25.117-0700] {logging_mixin.py:188} INFO - [2024-08-08T16:54:25.117-0700] {dag.py:3089} INFO - Sync 2 DAGs
[2024-08-08T16:54:25.119-0700] {logging_mixin.py:188} INFO - [2024-08-08T16:54:25.119-0700] {dag.py:3947} INFO - Setting next_dagrun for example_subdag_operator.section-1 to None, run_after=None
[2024-08-08T16:54:25.119-0700] {logging_mixin.py:188} INFO - [2024-08-08T16:54:25.119-0700] {dag.py:3947} INFO - Setting next_dagrun for example_subdag_operator.section-2 to None, run_after=None
[2024-08-08T16:54:25.128-0700] {processor.py:183} INFO - Processing /Users/treylayton/Library/Python/3.9/lib/python/site-packages/airflow/example_dags/example_subdag_operator.py took 0.115 seconds
[2024-08-08T16:55:38.037-0700] {processor.py:161} INFO - Started process (PID=99609) to work on /Users/treylayton/Library/Python/3.9/lib/python/site-packages/airflow/example_dags/example_subdag_operator.py
[2024-08-08T16:55:38.039-0700] {processor.py:830} INFO - Processing file /Users/treylayton/Library/Python/3.9/lib/python/site-packages/airflow/example_dags/example_subdag_operator.py for tasks to queue
[2024-08-08T16:55:38.039-0700] {logging_mixin.py:188} INFO - [2024-08-08T16:55:38.039-0700] {dagbag.py:545} INFO - Filling up the DagBag from /Users/treylayton/Library/Python/3.9/lib/python/site-packages/airflow/example_dags/example_subdag_operator.py
[2024-08-08T16:55:38.093-0700] {processor.py:840} INFO - DAG(s) 'example_subdag_operator.section-1', 'example_subdag_operator.section-2', 'example_subdag_operator' retrieved from /Users/treylayton/Library/Python/3.9/lib/python/site-packages/airflow/example_dags/example_subdag_operator.py
[2024-08-08T16:55:38.117-0700] {logging_mixin.py:188} INFO - [2024-08-08T16:55:38.117-0700] {dag.py:3089} INFO - Sync 3 DAGs
[2024-08-08T16:55:38.125-0700] {logging_mixin.py:188} INFO - [2024-08-08T16:55:38.125-0700] {dag.py:3947} INFO - Setting next_dagrun for example_subdag_operator to 2022-01-01 00:00:00+00:00, run_after=2022-01-01 00:00:00+00:00
[2024-08-08T16:55:38.127-0700] {logging_mixin.py:188} INFO - [2024-08-08T16:55:38.127-0700] {dag.py:3947} INFO - Setting next_dagrun for example_subdag_operator.section-1 to None, run_after=None
[2024-08-08T16:55:38.129-0700] {logging_mixin.py:188} INFO - [2024-08-08T16:55:38.129-0700] {dag.py:3947} INFO - Setting next_dagrun for example_subdag_operator.section-2 to None, run_after=None
[2024-08-08T16:55:38.132-0700] {logging_mixin.py:188} INFO - [2024-08-08T16:55:38.132-0700] {dag.py:3089} INFO - Sync 2 DAGs
[2024-08-08T16:55:38.134-0700] {logging_mixin.py:188} INFO - [2024-08-08T16:55:38.134-0700] {dag.py:3947} INFO - Setting next_dagrun for example_subdag_operator.section-1 to None, run_after=None
[2024-08-08T16:55:38.134-0700] {logging_mixin.py:188} INFO - [2024-08-08T16:55:38.134-0700] {dag.py:3947} INFO - Setting next_dagrun for example_subdag_operator.section-2 to None, run_after=None
[2024-08-08T16:55:38.142-0700] {processor.py:183} INFO - Processing /Users/treylayton/Library/Python/3.9/lib/python/site-packages/airflow/example_dags/example_subdag_operator.py took 0.107 seconds
[2024-08-08T16:55:38.603-0700] {processor.py:161} INFO - Started process (PID=99611) to work on /Users/treylayton/Library/Python/3.9/lib/python/site-packages/airflow/example_dags/example_subdag_operator.py
[2024-08-08T16:55:38.605-0700] {processor.py:830} INFO - Processing file /Users/treylayton/Library/Python/3.9/lib/python/site-packages/airflow/example_dags/example_subdag_operator.py for tasks to queue
[2024-08-08T16:55:38.605-0700] {logging_mixin.py:188} INFO - [2024-08-08T16:55:38.605-0700] {dagbag.py:545} INFO - Filling up the DagBag from /Users/treylayton/Library/Python/3.9/lib/python/site-packages/airflow/example_dags/example_subdag_operator.py
[2024-08-08T16:55:38.659-0700] {processor.py:840} INFO - DAG(s) 'example_subdag_operator.section-1', 'example_subdag_operator.section-2', 'example_subdag_operator' retrieved from /Users/treylayton/Library/Python/3.9/lib/python/site-packages/airflow/example_dags/example_subdag_operator.py
[2024-08-08T16:55:38.684-0700] {logging_mixin.py:188} INFO - [2024-08-08T16:55:38.683-0700] {dag.py:3089} INFO - Sync 3 DAGs
[2024-08-08T16:55:38.692-0700] {logging_mixin.py:188} INFO - [2024-08-08T16:55:38.692-0700] {dag.py:3947} INFO - Setting next_dagrun for example_subdag_operator to 2022-01-01 00:00:00+00:00, run_after=2022-01-01 00:00:00+00:00
[2024-08-08T16:55:38.694-0700] {logging_mixin.py:188} INFO - [2024-08-08T16:55:38.694-0700] {dag.py:3947} INFO - Setting next_dagrun for example_subdag_operator.section-1 to None, run_after=None
[2024-08-08T16:55:38.695-0700] {logging_mixin.py:188} INFO - [2024-08-08T16:55:38.695-0700] {dag.py:3947} INFO - Setting next_dagrun for example_subdag_operator.section-2 to None, run_after=None
[2024-08-08T16:55:38.698-0700] {logging_mixin.py:188} INFO - [2024-08-08T16:55:38.698-0700] {dag.py:3089} INFO - Sync 2 DAGs
[2024-08-08T16:55:38.700-0700] {logging_mixin.py:188} INFO - [2024-08-08T16:55:38.700-0700] {dag.py:3947} INFO - Setting next_dagrun for example_subdag_operator.section-1 to None, run_after=None
[2024-08-08T16:55:38.700-0700] {logging_mixin.py:188} INFO - [2024-08-08T16:55:38.700-0700] {dag.py:3947} INFO - Setting next_dagrun for example_subdag_operator.section-2 to None, run_after=None
[2024-08-08T16:55:38.708-0700] {processor.py:183} INFO - Processing /Users/treylayton/Library/Python/3.9/lib/python/site-packages/airflow/example_dags/example_subdag_operator.py took 0.107 seconds
[2024-08-08T16:56:52.676-0700] {processor.py:161} INFO - Started process (PID=99739) to work on /Users/treylayton/Library/Python/3.9/lib/python/site-packages/airflow/example_dags/example_subdag_operator.py
[2024-08-08T16:56:52.678-0700] {processor.py:830} INFO - Processing file /Users/treylayton/Library/Python/3.9/lib/python/site-packages/airflow/example_dags/example_subdag_operator.py for tasks to queue
[2024-08-08T16:56:52.678-0700] {logging_mixin.py:188} INFO - [2024-08-08T16:56:52.678-0700] {dagbag.py:545} INFO - Filling up the DagBag from /Users/treylayton/Library/Python/3.9/lib/python/site-packages/airflow/example_dags/example_subdag_operator.py
[2024-08-08T16:56:52.737-0700] {processor.py:840} INFO - DAG(s) 'example_subdag_operator.section-1', 'example_subdag_operator.section-2', 'example_subdag_operator' retrieved from /Users/treylayton/Library/Python/3.9/lib/python/site-packages/airflow/example_dags/example_subdag_operator.py
[2024-08-08T16:56:52.764-0700] {logging_mixin.py:188} INFO - [2024-08-08T16:56:52.763-0700] {dag.py:3089} INFO - Sync 3 DAGs
[2024-08-08T16:56:52.773-0700] {logging_mixin.py:188} INFO - [2024-08-08T16:56:52.772-0700] {dag.py:3947} INFO - Setting next_dagrun for example_subdag_operator to 2022-01-01 00:00:00+00:00, run_after=2022-01-01 00:00:00+00:00
[2024-08-08T16:56:52.775-0700] {logging_mixin.py:188} INFO - [2024-08-08T16:56:52.775-0700] {dag.py:3947} INFO - Setting next_dagrun for example_subdag_operator.section-1 to None, run_after=None
[2024-08-08T16:56:52.775-0700] {logging_mixin.py:188} INFO - [2024-08-08T16:56:52.775-0700] {dag.py:3947} INFO - Setting next_dagrun for example_subdag_operator.section-2 to None, run_after=None
[2024-08-08T16:56:52.778-0700] {logging_mixin.py:188} INFO - [2024-08-08T16:56:52.778-0700] {dag.py:3089} INFO - Sync 2 DAGs
[2024-08-08T16:56:52.780-0700] {logging_mixin.py:188} INFO - [2024-08-08T16:56:52.780-0700] {dag.py:3947} INFO - Setting next_dagrun for example_subdag_operator.section-1 to None, run_after=None
[2024-08-08T16:56:52.781-0700] {logging_mixin.py:188} INFO - [2024-08-08T16:56:52.780-0700] {dag.py:3947} INFO - Setting next_dagrun for example_subdag_operator.section-2 to None, run_after=None
[2024-08-08T16:56:52.789-0700] {processor.py:183} INFO - Processing /Users/treylayton/Library/Python/3.9/lib/python/site-packages/airflow/example_dags/example_subdag_operator.py took 0.115 seconds
[2024-08-08T16:56:54.074-0700] {processor.py:161} INFO - Started process (PID=99741) to work on /Users/treylayton/Library/Python/3.9/lib/python/site-packages/airflow/example_dags/example_subdag_operator.py
[2024-08-08T16:56:54.076-0700] {processor.py:830} INFO - Processing file /Users/treylayton/Library/Python/3.9/lib/python/site-packages/airflow/example_dags/example_subdag_operator.py for tasks to queue
[2024-08-08T16:56:54.076-0700] {logging_mixin.py:188} INFO - [2024-08-08T16:56:54.076-0700] {dagbag.py:545} INFO - Filling up the DagBag from /Users/treylayton/Library/Python/3.9/lib/python/site-packages/airflow/example_dags/example_subdag_operator.py
[2024-08-08T16:56:54.130-0700] {processor.py:840} INFO - DAG(s) 'example_subdag_operator.section-1', 'example_subdag_operator.section-2', 'example_subdag_operator' retrieved from /Users/treylayton/Library/Python/3.9/lib/python/site-packages/airflow/example_dags/example_subdag_operator.py
[2024-08-08T16:56:54.155-0700] {logging_mixin.py:188} INFO - [2024-08-08T16:56:54.154-0700] {dag.py:3089} INFO - Sync 3 DAGs
[2024-08-08T16:56:54.163-0700] {logging_mixin.py:188} INFO - [2024-08-08T16:56:54.163-0700] {dag.py:3947} INFO - Setting next_dagrun for example_subdag_operator to 2022-01-01 00:00:00+00:00, run_after=2022-01-01 00:00:00+00:00
[2024-08-08T16:56:54.165-0700] {logging_mixin.py:188} INFO - [2024-08-08T16:56:54.165-0700] {dag.py:3947} INFO - Setting next_dagrun for example_subdag_operator.section-1 to None, run_after=None
[2024-08-08T16:56:54.166-0700] {logging_mixin.py:188} INFO - [2024-08-08T16:56:54.166-0700] {dag.py:3947} INFO - Setting next_dagrun for example_subdag_operator.section-2 to None, run_after=None
[2024-08-08T16:56:54.169-0700] {logging_mixin.py:188} INFO - [2024-08-08T16:56:54.169-0700] {dag.py:3089} INFO - Sync 2 DAGs
[2024-08-08T16:56:54.171-0700] {logging_mixin.py:188} INFO - [2024-08-08T16:56:54.171-0700] {dag.py:3947} INFO - Setting next_dagrun for example_subdag_operator.section-1 to None, run_after=None
[2024-08-08T16:56:54.171-0700] {logging_mixin.py:188} INFO - [2024-08-08T16:56:54.171-0700] {dag.py:3947} INFO - Setting next_dagrun for example_subdag_operator.section-2 to None, run_after=None
[2024-08-08T16:56:54.179-0700] {processor.py:183} INFO - Processing /Users/treylayton/Library/Python/3.9/lib/python/site-packages/airflow/example_dags/example_subdag_operator.py took 0.107 seconds
[2024-08-08T16:58:07.112-0700] {processor.py:161} INFO - Started process (PID=99886) to work on /Users/treylayton/Library/Python/3.9/lib/python/site-packages/airflow/example_dags/example_subdag_operator.py
[2024-08-08T16:58:07.114-0700] {processor.py:830} INFO - Processing file /Users/treylayton/Library/Python/3.9/lib/python/site-packages/airflow/example_dags/example_subdag_operator.py for tasks to queue
[2024-08-08T16:58:07.114-0700] {logging_mixin.py:188} INFO - [2024-08-08T16:58:07.114-0700] {dagbag.py:545} INFO - Filling up the DagBag from /Users/treylayton/Library/Python/3.9/lib/python/site-packages/airflow/example_dags/example_subdag_operator.py
[2024-08-08T16:58:07.167-0700] {processor.py:840} INFO - DAG(s) 'example_subdag_operator.section-1', 'example_subdag_operator.section-2', 'example_subdag_operator' retrieved from /Users/treylayton/Library/Python/3.9/lib/python/site-packages/airflow/example_dags/example_subdag_operator.py
[2024-08-08T16:58:07.193-0700] {logging_mixin.py:188} INFO - [2024-08-08T16:58:07.193-0700] {dag.py:3089} INFO - Sync 3 DAGs
[2024-08-08T16:58:07.201-0700] {logging_mixin.py:188} INFO - [2024-08-08T16:58:07.201-0700] {dag.py:3947} INFO - Setting next_dagrun for example_subdag_operator to 2022-01-01 00:00:00+00:00, run_after=2022-01-01 00:00:00+00:00
[2024-08-08T16:58:07.203-0700] {logging_mixin.py:188} INFO - [2024-08-08T16:58:07.203-0700] {dag.py:3947} INFO - Setting next_dagrun for example_subdag_operator.section-1 to None, run_after=None
[2024-08-08T16:58:07.204-0700] {logging_mixin.py:188} INFO - [2024-08-08T16:58:07.204-0700] {dag.py:3947} INFO - Setting next_dagrun for example_subdag_operator.section-2 to None, run_after=None
[2024-08-08T16:58:07.207-0700] {logging_mixin.py:188} INFO - [2024-08-08T16:58:07.207-0700] {dag.py:3089} INFO - Sync 2 DAGs
[2024-08-08T16:58:07.208-0700] {logging_mixin.py:188} INFO - [2024-08-08T16:58:07.208-0700] {dag.py:3947} INFO - Setting next_dagrun for example_subdag_operator.section-1 to None, run_after=None
[2024-08-08T16:58:07.209-0700] {logging_mixin.py:188} INFO - [2024-08-08T16:58:07.209-0700] {dag.py:3947} INFO - Setting next_dagrun for example_subdag_operator.section-2 to None, run_after=None
[2024-08-08T16:58:07.217-0700] {processor.py:183} INFO - Processing /Users/treylayton/Library/Python/3.9/lib/python/site-packages/airflow/example_dags/example_subdag_operator.py took 0.107 seconds
[2024-08-08T16:58:07.710-0700] {processor.py:161} INFO - Started process (PID=99889) to work on /Users/treylayton/Library/Python/3.9/lib/python/site-packages/airflow/example_dags/example_subdag_operator.py
[2024-08-08T16:58:07.712-0700] {processor.py:830} INFO - Processing file /Users/treylayton/Library/Python/3.9/lib/python/site-packages/airflow/example_dags/example_subdag_operator.py for tasks to queue
[2024-08-08T16:58:07.712-0700] {logging_mixin.py:188} INFO - [2024-08-08T16:58:07.712-0700] {dagbag.py:545} INFO - Filling up the DagBag from /Users/treylayton/Library/Python/3.9/lib/python/site-packages/airflow/example_dags/example_subdag_operator.py
[2024-08-08T16:58:07.767-0700] {processor.py:840} INFO - DAG(s) 'example_subdag_operator.section-1', 'example_subdag_operator.section-2', 'example_subdag_operator' retrieved from /Users/treylayton/Library/Python/3.9/lib/python/site-packages/airflow/example_dags/example_subdag_operator.py
[2024-08-08T16:58:07.793-0700] {logging_mixin.py:188} INFO - [2024-08-08T16:58:07.793-0700] {dag.py:3089} INFO - Sync 3 DAGs
[2024-08-08T16:58:07.802-0700] {logging_mixin.py:188} INFO - [2024-08-08T16:58:07.802-0700] {dag.py:3947} INFO - Setting next_dagrun for example_subdag_operator to 2022-01-01 00:00:00+00:00, run_after=2022-01-01 00:00:00+00:00
[2024-08-08T16:58:07.804-0700] {logging_mixin.py:188} INFO - [2024-08-08T16:58:07.804-0700] {dag.py:3947} INFO - Setting next_dagrun for example_subdag_operator.section-1 to None, run_after=None
[2024-08-08T16:58:07.805-0700] {logging_mixin.py:188} INFO - [2024-08-08T16:58:07.805-0700] {dag.py:3947} INFO - Setting next_dagrun for example_subdag_operator.section-2 to None, run_after=None
[2024-08-08T16:58:07.808-0700] {logging_mixin.py:188} INFO - [2024-08-08T16:58:07.808-0700] {dag.py:3089} INFO - Sync 2 DAGs
[2024-08-08T16:58:07.809-0700] {logging_mixin.py:188} INFO - [2024-08-08T16:58:07.809-0700] {dag.py:3947} INFO - Setting next_dagrun for example_subdag_operator.section-1 to None, run_after=None
[2024-08-08T16:58:07.810-0700] {logging_mixin.py:188} INFO - [2024-08-08T16:58:07.810-0700] {dag.py:3947} INFO - Setting next_dagrun for example_subdag_operator.section-2 to None, run_after=None
[2024-08-08T16:58:07.818-0700] {processor.py:183} INFO - Processing /Users/treylayton/Library/Python/3.9/lib/python/site-packages/airflow/example_dags/example_subdag_operator.py took 0.110 seconds
[2024-08-08T16:59:20.275-0700] {processor.py:161} INFO - Started process (PID=154) to work on /Users/treylayton/Library/Python/3.9/lib/python/site-packages/airflow/example_dags/example_subdag_operator.py
[2024-08-08T16:59:20.277-0700] {processor.py:830} INFO - Processing file /Users/treylayton/Library/Python/3.9/lib/python/site-packages/airflow/example_dags/example_subdag_operator.py for tasks to queue
[2024-08-08T16:59:20.278-0700] {logging_mixin.py:188} INFO - [2024-08-08T16:59:20.278-0700] {dagbag.py:545} INFO - Filling up the DagBag from /Users/treylayton/Library/Python/3.9/lib/python/site-packages/airflow/example_dags/example_subdag_operator.py
[2024-08-08T16:59:20.333-0700] {processor.py:840} INFO - DAG(s) 'example_subdag_operator.section-1', 'example_subdag_operator.section-2', 'example_subdag_operator' retrieved from /Users/treylayton/Library/Python/3.9/lib/python/site-packages/airflow/example_dags/example_subdag_operator.py
[2024-08-08T16:59:20.360-0700] {logging_mixin.py:188} INFO - [2024-08-08T16:59:20.360-0700] {dag.py:3089} INFO - Sync 3 DAGs
[2024-08-08T16:59:20.369-0700] {logging_mixin.py:188} INFO - [2024-08-08T16:59:20.369-0700] {dag.py:3947} INFO - Setting next_dagrun for example_subdag_operator to 2022-01-01 00:00:00+00:00, run_after=2022-01-01 00:00:00+00:00
[2024-08-08T16:59:20.372-0700] {logging_mixin.py:188} INFO - [2024-08-08T16:59:20.372-0700] {dag.py:3947} INFO - Setting next_dagrun for example_subdag_operator.section-1 to None, run_after=None
[2024-08-08T16:59:20.372-0700] {logging_mixin.py:188} INFO - [2024-08-08T16:59:20.372-0700] {dag.py:3947} INFO - Setting next_dagrun for example_subdag_operator.section-2 to None, run_after=None
[2024-08-08T16:59:20.375-0700] {logging_mixin.py:188} INFO - [2024-08-08T16:59:20.375-0700] {dag.py:3089} INFO - Sync 2 DAGs
[2024-08-08T16:59:20.377-0700] {logging_mixin.py:188} INFO - [2024-08-08T16:59:20.377-0700] {dag.py:3947} INFO - Setting next_dagrun for example_subdag_operator.section-1 to None, run_after=None
[2024-08-08T16:59:20.378-0700] {logging_mixin.py:188} INFO - [2024-08-08T16:59:20.378-0700] {dag.py:3947} INFO - Setting next_dagrun for example_subdag_operator.section-2 to None, run_after=None
[2024-08-08T16:59:20.386-0700] {processor.py:183} INFO - Processing /Users/treylayton/Library/Python/3.9/lib/python/site-packages/airflow/example_dags/example_subdag_operator.py took 0.112 seconds
[2024-08-08T16:59:22.052-0700] {processor.py:161} INFO - Started process (PID=155) to work on /Users/treylayton/Library/Python/3.9/lib/python/site-packages/airflow/example_dags/example_subdag_operator.py
[2024-08-08T16:59:22.053-0700] {processor.py:830} INFO - Processing file /Users/treylayton/Library/Python/3.9/lib/python/site-packages/airflow/example_dags/example_subdag_operator.py for tasks to queue
[2024-08-08T16:59:22.054-0700] {logging_mixin.py:188} INFO - [2024-08-08T16:59:22.054-0700] {dagbag.py:545} INFO - Filling up the DagBag from /Users/treylayton/Library/Python/3.9/lib/python/site-packages/airflow/example_dags/example_subdag_operator.py
[2024-08-08T16:59:22.106-0700] {processor.py:840} INFO - DAG(s) 'example_subdag_operator.section-1', 'example_subdag_operator.section-2', 'example_subdag_operator' retrieved from /Users/treylayton/Library/Python/3.9/lib/python/site-packages/airflow/example_dags/example_subdag_operator.py
[2024-08-08T16:59:22.131-0700] {logging_mixin.py:188} INFO - [2024-08-08T16:59:22.131-0700] {dag.py:3089} INFO - Sync 3 DAGs
[2024-08-08T16:59:22.139-0700] {logging_mixin.py:188} INFO - [2024-08-08T16:59:22.139-0700] {dag.py:3947} INFO - Setting next_dagrun for example_subdag_operator to 2022-01-01 00:00:00+00:00, run_after=2022-01-01 00:00:00+00:00
[2024-08-08T16:59:22.141-0700] {logging_mixin.py:188} INFO - [2024-08-08T16:59:22.141-0700] {dag.py:3947} INFO - Setting next_dagrun for example_subdag_operator.section-1 to None, run_after=None
[2024-08-08T16:59:22.142-0700] {logging_mixin.py:188} INFO - [2024-08-08T16:59:22.142-0700] {dag.py:3947} INFO - Setting next_dagrun for example_subdag_operator.section-2 to None, run_after=None
[2024-08-08T16:59:22.145-0700] {logging_mixin.py:188} INFO - [2024-08-08T16:59:22.145-0700] {dag.py:3089} INFO - Sync 2 DAGs
[2024-08-08T16:59:22.147-0700] {logging_mixin.py:188} INFO - [2024-08-08T16:59:22.147-0700] {dag.py:3947} INFO - Setting next_dagrun for example_subdag_operator.section-1 to None, run_after=None
[2024-08-08T16:59:22.147-0700] {logging_mixin.py:188} INFO - [2024-08-08T16:59:22.147-0700] {dag.py:3947} INFO - Setting next_dagrun for example_subdag_operator.section-2 to None, run_after=None
[2024-08-08T16:59:22.155-0700] {processor.py:183} INFO - Processing /Users/treylayton/Library/Python/3.9/lib/python/site-packages/airflow/example_dags/example_subdag_operator.py took 0.105 seconds
