[2024-08-08T16:47:48.121-0700] {processor.py:161} INFO - Started process (PID=98666) to work on /Users/treylayton/Library/Python/3.9/lib/python/site-packages/airflow/example_dags/example_short_circuit_operator.py
[2024-08-08T16:47:48.122-0700] {processor.py:830} INFO - Processing file /Users/treylayton/Library/Python/3.9/lib/python/site-packages/airflow/example_dags/example_short_circuit_operator.py for tasks to queue
[2024-08-08T16:47:48.123-0700] {logging_mixin.py:188} INFO - [2024-08-08T16:47:48.123-0700] {dagbag.py:545} INFO - Filling up the DagBag from /Users/treylayton/Library/Python/3.9/lib/python/site-packages/airflow/example_dags/example_short_circuit_operator.py
[2024-08-08T16:47:48.139-0700] {processor.py:840} INFO - DAG(s) 'example_short_circuit_operator' retrieved from /Users/treylayton/Library/Python/3.9/lib/python/site-packages/airflow/example_dags/example_short_circuit_operator.py
[2024-08-08T16:47:48.238-0700] {logging_mixin.py:188} INFO - [2024-08-08T16:47:48.238-0700] {dag.py:3089} INFO - Sync 1 DAGs
[2024-08-08T16:47:48.248-0700] {logging_mixin.py:188} INFO - [2024-08-08T16:47:48.248-0700] {dag.py:3947} INFO - Setting next_dagrun for example_short_circuit_operator to 2024-08-07 00:00:00+00:00, run_after=2024-08-08 00:00:00+00:00
[2024-08-08T16:47:48.261-0700] {processor.py:183} INFO - Processing /Users/treylayton/Library/Python/3.9/lib/python/site-packages/airflow/example_dags/example_short_circuit_operator.py took 0.142 seconds
[2024-08-08T16:49:34.395-0700] {processor.py:161} INFO - Started process (PID=98859) to work on /Users/treylayton/Library/Python/3.9/lib/python/site-packages/airflow/example_dags/example_short_circuit_operator.py
[2024-08-08T16:49:34.398-0700] {processor.py:830} INFO - Processing file /Users/treylayton/Library/Python/3.9/lib/python/site-packages/airflow/example_dags/example_short_circuit_operator.py for tasks to queue
[2024-08-08T16:49:34.398-0700] {logging_mixin.py:188} INFO - [2024-08-08T16:49:34.398-0700] {dagbag.py:545} INFO - Filling up the DagBag from /Users/treylayton/Library/Python/3.9/lib/python/site-packages/airflow/example_dags/example_short_circuit_operator.py
[2024-08-08T16:49:34.415-0700] {processor.py:840} INFO - DAG(s) 'example_short_circuit_operator' retrieved from /Users/treylayton/Library/Python/3.9/lib/python/site-packages/airflow/example_dags/example_short_circuit_operator.py
[2024-08-08T16:49:34.424-0700] {logging_mixin.py:188} INFO - [2024-08-08T16:49:34.424-0700] {dag.py:3089} INFO - Sync 1 DAGs
[2024-08-08T16:49:34.476-0700] {logging_mixin.py:188} INFO - [2024-08-08T16:49:34.476-0700] {dag.py:3947} INFO - Setting next_dagrun for example_short_circuit_operator to 2024-08-07 00:00:00+00:00, run_after=2024-08-08 00:00:00+00:00
[2024-08-08T16:49:34.489-0700] {processor.py:183} INFO - Processing /Users/treylayton/Library/Python/3.9/lib/python/site-packages/airflow/example_dags/example_short_circuit_operator.py took 0.095 seconds
[2024-08-08T16:50:47.577-0700] {processor.py:161} INFO - Started process (PID=99055) to work on /Users/treylayton/Library/Python/3.9/lib/python/site-packages/airflow/example_dags/example_short_circuit_operator.py
[2024-08-08T16:50:47.579-0700] {processor.py:830} INFO - Processing file /Users/treylayton/Library/Python/3.9/lib/python/site-packages/airflow/example_dags/example_short_circuit_operator.py for tasks to queue
[2024-08-08T16:50:47.579-0700] {logging_mixin.py:188} INFO - [2024-08-08T16:50:47.579-0700] {dagbag.py:545} INFO - Filling up the DagBag from /Users/treylayton/Library/Python/3.9/lib/python/site-packages/airflow/example_dags/example_short_circuit_operator.py
[2024-08-08T16:50:47.594-0700] {processor.py:840} INFO - DAG(s) 'example_short_circuit_operator' retrieved from /Users/treylayton/Library/Python/3.9/lib/python/site-packages/airflow/example_dags/example_short_circuit_operator.py
[2024-08-08T16:50:47.701-0700] {logging_mixin.py:188} INFO - [2024-08-08T16:50:47.701-0700] {dag.py:3089} INFO - Sync 1 DAGs
[2024-08-08T16:50:47.712-0700] {logging_mixin.py:188} INFO - [2024-08-08T16:50:47.712-0700] {dag.py:3947} INFO - Setting next_dagrun for example_short_circuit_operator to 2024-08-07 00:00:00+00:00, run_after=2024-08-08 00:00:00+00:00
[2024-08-08T16:50:47.725-0700] {processor.py:183} INFO - Processing /Users/treylayton/Library/Python/3.9/lib/python/site-packages/airflow/example_dags/example_short_circuit_operator.py took 0.150 seconds
[2024-08-08T16:51:31.197-0700] {processor.py:161} INFO - Started process (PID=99135) to work on /Users/treylayton/Library/Python/3.9/lib/python/site-packages/airflow/example_dags/example_short_circuit_operator.py
[2024-08-08T16:51:31.198-0700] {processor.py:830} INFO - Processing file /Users/treylayton/Library/Python/3.9/lib/python/site-packages/airflow/example_dags/example_short_circuit_operator.py for tasks to queue
[2024-08-08T16:51:31.199-0700] {logging_mixin.py:188} INFO - [2024-08-08T16:51:31.199-0700] {dagbag.py:545} INFO - Filling up the DagBag from /Users/treylayton/Library/Python/3.9/lib/python/site-packages/airflow/example_dags/example_short_circuit_operator.py
[2024-08-08T16:51:31.214-0700] {processor.py:840} INFO - DAG(s) 'example_short_circuit_operator' retrieved from /Users/treylayton/Library/Python/3.9/lib/python/site-packages/airflow/example_dags/example_short_circuit_operator.py
[2024-08-08T16:51:31.271-0700] {logging_mixin.py:188} INFO - [2024-08-08T16:51:31.270-0700] {dag.py:3089} INFO - Sync 1 DAGs
[2024-08-08T16:51:31.282-0700] {logging_mixin.py:188} INFO - [2024-08-08T16:51:31.282-0700] {dag.py:3947} INFO - Setting next_dagrun for example_short_circuit_operator to 2024-08-07 00:00:00+00:00, run_after=2024-08-08 00:00:00+00:00
[2024-08-08T16:51:31.293-0700] {processor.py:183} INFO - Processing /Users/treylayton/Library/Python/3.9/lib/python/site-packages/airflow/example_dags/example_short_circuit_operator.py took 0.098 seconds
[2024-08-08T16:53:13.613-0700] {processor.py:161} INFO - Started process (PID=99334) to work on /Users/treylayton/Library/Python/3.9/lib/python/site-packages/airflow/example_dags/example_short_circuit_operator.py
[2024-08-08T16:53:13.614-0700] {processor.py:830} INFO - Processing file /Users/treylayton/Library/Python/3.9/lib/python/site-packages/airflow/example_dags/example_short_circuit_operator.py for tasks to queue
[2024-08-08T16:53:13.615-0700] {logging_mixin.py:188} INFO - [2024-08-08T16:53:13.615-0700] {dagbag.py:545} INFO - Filling up the DagBag from /Users/treylayton/Library/Python/3.9/lib/python/site-packages/airflow/example_dags/example_short_circuit_operator.py
[2024-08-08T16:53:13.631-0700] {processor.py:840} INFO - DAG(s) 'example_short_circuit_operator' retrieved from /Users/treylayton/Library/Python/3.9/lib/python/site-packages/airflow/example_dags/example_short_circuit_operator.py
[2024-08-08T16:53:13.692-0700] {logging_mixin.py:188} INFO - [2024-08-08T16:53:13.692-0700] {dag.py:3089} INFO - Sync 1 DAGs
[2024-08-08T16:53:13.704-0700] {logging_mixin.py:188} INFO - [2024-08-08T16:53:13.704-0700] {dag.py:3947} INFO - Setting next_dagrun for example_short_circuit_operator to 2024-08-07 00:00:00+00:00, run_after=2024-08-08 00:00:00+00:00
[2024-08-08T16:53:13.716-0700] {processor.py:183} INFO - Processing /Users/treylayton/Library/Python/3.9/lib/python/site-packages/airflow/example_dags/example_short_circuit_operator.py took 0.106 seconds
[2024-08-08T16:53:16.177-0700] {processor.py:161} INFO - Started process (PID=99339) to work on /Users/treylayton/Library/Python/3.9/lib/python/site-packages/airflow/example_dags/example_short_circuit_operator.py
[2024-08-08T16:53:16.179-0700] {processor.py:830} INFO - Processing file /Users/treylayton/Library/Python/3.9/lib/python/site-packages/airflow/example_dags/example_short_circuit_operator.py for tasks to queue
[2024-08-08T16:53:16.180-0700] {logging_mixin.py:188} INFO - [2024-08-08T16:53:16.180-0700] {dagbag.py:545} INFO - Filling up the DagBag from /Users/treylayton/Library/Python/3.9/lib/python/site-packages/airflow/example_dags/example_short_circuit_operator.py
[2024-08-08T16:53:16.198-0700] {processor.py:840} INFO - DAG(s) 'example_short_circuit_operator' retrieved from /Users/treylayton/Library/Python/3.9/lib/python/site-packages/airflow/example_dags/example_short_circuit_operator.py
[2024-08-08T16:53:16.264-0700] {logging_mixin.py:188} INFO - [2024-08-08T16:53:16.264-0700] {dag.py:3089} INFO - Sync 1 DAGs
[2024-08-08T16:53:16.279-0700] {logging_mixin.py:188} INFO - [2024-08-08T16:53:16.278-0700] {dag.py:3947} INFO - Setting next_dagrun for example_short_circuit_operator to 2024-08-07 00:00:00+00:00, run_after=2024-08-08 00:00:00+00:00
[2024-08-08T16:53:16.291-0700] {processor.py:183} INFO - Processing /Users/treylayton/Library/Python/3.9/lib/python/site-packages/airflow/example_dags/example_short_circuit_operator.py took 0.116 seconds
[2024-08-08T16:54:29.528-0700] {processor.py:161} INFO - Started process (PID=99466) to work on /Users/treylayton/Library/Python/3.9/lib/python/site-packages/airflow/example_dags/example_short_circuit_operator.py
[2024-08-08T16:54:29.530-0700] {processor.py:830} INFO - Processing file /Users/treylayton/Library/Python/3.9/lib/python/site-packages/airflow/example_dags/example_short_circuit_operator.py for tasks to queue
[2024-08-08T16:54:29.530-0700] {logging_mixin.py:188} INFO - [2024-08-08T16:54:29.530-0700] {dagbag.py:545} INFO - Filling up the DagBag from /Users/treylayton/Library/Python/3.9/lib/python/site-packages/airflow/example_dags/example_short_circuit_operator.py
[2024-08-08T16:54:29.546-0700] {processor.py:840} INFO - DAG(s) 'example_short_circuit_operator' retrieved from /Users/treylayton/Library/Python/3.9/lib/python/site-packages/airflow/example_dags/example_short_circuit_operator.py
[2024-08-08T16:54:29.604-0700] {logging_mixin.py:188} INFO - [2024-08-08T16:54:29.604-0700] {dag.py:3089} INFO - Sync 1 DAGs
[2024-08-08T16:54:29.616-0700] {logging_mixin.py:188} INFO - [2024-08-08T16:54:29.616-0700] {dag.py:3947} INFO - Setting next_dagrun for example_short_circuit_operator to 2024-08-07 00:00:00+00:00, run_after=2024-08-08 00:00:00+00:00
[2024-08-08T16:54:29.626-0700] {processor.py:183} INFO - Processing /Users/treylayton/Library/Python/3.9/lib/python/site-packages/airflow/example_dags/example_short_circuit_operator.py took 0.100 seconds
[2024-08-08T16:54:30.797-0700] {processor.py:161} INFO - Started process (PID=99467) to work on /Users/treylayton/Library/Python/3.9/lib/python/site-packages/airflow/example_dags/example_short_circuit_operator.py
[2024-08-08T16:54:30.799-0700] {processor.py:830} INFO - Processing file /Users/treylayton/Library/Python/3.9/lib/python/site-packages/airflow/example_dags/example_short_circuit_operator.py for tasks to queue
[2024-08-08T16:54:30.799-0700] {logging_mixin.py:188} INFO - [2024-08-08T16:54:30.799-0700] {dagbag.py:545} INFO - Filling up the DagBag from /Users/treylayton/Library/Python/3.9/lib/python/site-packages/airflow/example_dags/example_short_circuit_operator.py
[2024-08-08T16:54:30.816-0700] {processor.py:840} INFO - DAG(s) 'example_short_circuit_operator' retrieved from /Users/treylayton/Library/Python/3.9/lib/python/site-packages/airflow/example_dags/example_short_circuit_operator.py
[2024-08-08T16:54:30.879-0700] {logging_mixin.py:188} INFO - [2024-08-08T16:54:30.879-0700] {dag.py:3089} INFO - Sync 1 DAGs
[2024-08-08T16:54:30.892-0700] {logging_mixin.py:188} INFO - [2024-08-08T16:54:30.892-0700] {dag.py:3947} INFO - Setting next_dagrun for example_short_circuit_operator to 2024-08-07 00:00:00+00:00, run_after=2024-08-08 00:00:00+00:00
[2024-08-08T16:54:30.904-0700] {processor.py:183} INFO - Processing /Users/treylayton/Library/Python/3.9/lib/python/site-packages/airflow/example_dags/example_short_circuit_operator.py took 0.109 seconds
[2024-08-08T16:55:44.129-0700] {processor.py:161} INFO - Started process (PID=99620) to work on /Users/treylayton/Library/Python/3.9/lib/python/site-packages/airflow/example_dags/example_short_circuit_operator.py
[2024-08-08T16:55:44.131-0700] {processor.py:830} INFO - Processing file /Users/treylayton/Library/Python/3.9/lib/python/site-packages/airflow/example_dags/example_short_circuit_operator.py for tasks to queue
[2024-08-08T16:55:44.131-0700] {logging_mixin.py:188} INFO - [2024-08-08T16:55:44.131-0700] {dagbag.py:545} INFO - Filling up the DagBag from /Users/treylayton/Library/Python/3.9/lib/python/site-packages/airflow/example_dags/example_short_circuit_operator.py
[2024-08-08T16:55:44.147-0700] {processor.py:840} INFO - DAG(s) 'example_short_circuit_operator' retrieved from /Users/treylayton/Library/Python/3.9/lib/python/site-packages/airflow/example_dags/example_short_circuit_operator.py
[2024-08-08T16:55:44.202-0700] {logging_mixin.py:188} INFO - [2024-08-08T16:55:44.202-0700] {dag.py:3089} INFO - Sync 1 DAGs
[2024-08-08T16:55:44.213-0700] {logging_mixin.py:188} INFO - [2024-08-08T16:55:44.213-0700] {dag.py:3947} INFO - Setting next_dagrun for example_short_circuit_operator to 2024-08-07 00:00:00+00:00, run_after=2024-08-08 00:00:00+00:00
[2024-08-08T16:55:44.224-0700] {processor.py:183} INFO - Processing /Users/treylayton/Library/Python/3.9/lib/python/site-packages/airflow/example_dags/example_short_circuit_operator.py took 0.096 seconds
[2024-08-08T16:55:44.747-0700] {processor.py:161} INFO - Started process (PID=99621) to work on /Users/treylayton/Library/Python/3.9/lib/python/site-packages/airflow/example_dags/example_short_circuit_operator.py
[2024-08-08T16:55:44.749-0700] {processor.py:830} INFO - Processing file /Users/treylayton/Library/Python/3.9/lib/python/site-packages/airflow/example_dags/example_short_circuit_operator.py for tasks to queue
[2024-08-08T16:55:44.749-0700] {logging_mixin.py:188} INFO - [2024-08-08T16:55:44.749-0700] {dagbag.py:545} INFO - Filling up the DagBag from /Users/treylayton/Library/Python/3.9/lib/python/site-packages/airflow/example_dags/example_short_circuit_operator.py
[2024-08-08T16:55:44.766-0700] {processor.py:840} INFO - DAG(s) 'example_short_circuit_operator' retrieved from /Users/treylayton/Library/Python/3.9/lib/python/site-packages/airflow/example_dags/example_short_circuit_operator.py
[2024-08-08T16:55:44.825-0700] {logging_mixin.py:188} INFO - [2024-08-08T16:55:44.824-0700] {dag.py:3089} INFO - Sync 1 DAGs
[2024-08-08T16:55:44.836-0700] {logging_mixin.py:188} INFO - [2024-08-08T16:55:44.836-0700] {dag.py:3947} INFO - Setting next_dagrun for example_short_circuit_operator to 2024-08-07 00:00:00+00:00, run_after=2024-08-08 00:00:00+00:00
[2024-08-08T16:55:44.848-0700] {processor.py:183} INFO - Processing /Users/treylayton/Library/Python/3.9/lib/python/site-packages/airflow/example_dags/example_short_circuit_operator.py took 0.103 seconds
[2024-08-08T16:56:58.430-0700] {processor.py:161} INFO - Started process (PID=99748) to work on /Users/treylayton/Library/Python/3.9/lib/python/site-packages/airflow/example_dags/example_short_circuit_operator.py
[2024-08-08T16:56:58.432-0700] {processor.py:830} INFO - Processing file /Users/treylayton/Library/Python/3.9/lib/python/site-packages/airflow/example_dags/example_short_circuit_operator.py for tasks to queue
[2024-08-08T16:56:58.433-0700] {logging_mixin.py:188} INFO - [2024-08-08T16:56:58.433-0700] {dagbag.py:545} INFO - Filling up the DagBag from /Users/treylayton/Library/Python/3.9/lib/python/site-packages/airflow/example_dags/example_short_circuit_operator.py
[2024-08-08T16:56:58.450-0700] {processor.py:840} INFO - DAG(s) 'example_short_circuit_operator' retrieved from /Users/treylayton/Library/Python/3.9/lib/python/site-packages/airflow/example_dags/example_short_circuit_operator.py
[2024-08-08T16:56:58.510-0700] {logging_mixin.py:188} INFO - [2024-08-08T16:56:58.510-0700] {dag.py:3089} INFO - Sync 1 DAGs
[2024-08-08T16:56:58.523-0700] {logging_mixin.py:188} INFO - [2024-08-08T16:56:58.523-0700] {dag.py:3947} INFO - Setting next_dagrun for example_short_circuit_operator to 2024-08-07 00:00:00+00:00, run_after=2024-08-08 00:00:00+00:00
[2024-08-08T16:56:58.536-0700] {processor.py:183} INFO - Processing /Users/treylayton/Library/Python/3.9/lib/python/site-packages/airflow/example_dags/example_short_circuit_operator.py took 0.108 seconds
[2024-08-08T16:57:00.455-0700] {processor.py:161} INFO - Started process (PID=99755) to work on /Users/treylayton/Library/Python/3.9/lib/python/site-packages/airflow/example_dags/example_short_circuit_operator.py
[2024-08-08T16:57:00.457-0700] {processor.py:830} INFO - Processing file /Users/treylayton/Library/Python/3.9/lib/python/site-packages/airflow/example_dags/example_short_circuit_operator.py for tasks to queue
[2024-08-08T16:57:00.457-0700] {logging_mixin.py:188} INFO - [2024-08-08T16:57:00.457-0700] {dagbag.py:545} INFO - Filling up the DagBag from /Users/treylayton/Library/Python/3.9/lib/python/site-packages/airflow/example_dags/example_short_circuit_operator.py
[2024-08-08T16:57:00.473-0700] {processor.py:840} INFO - DAG(s) 'example_short_circuit_operator' retrieved from /Users/treylayton/Library/Python/3.9/lib/python/site-packages/airflow/example_dags/example_short_circuit_operator.py
[2024-08-08T16:57:00.530-0700] {logging_mixin.py:188} INFO - [2024-08-08T16:57:00.530-0700] {dag.py:3089} INFO - Sync 1 DAGs
[2024-08-08T16:57:00.543-0700] {logging_mixin.py:188} INFO - [2024-08-08T16:57:00.542-0700] {dag.py:3947} INFO - Setting next_dagrun for example_short_circuit_operator to 2024-08-07 00:00:00+00:00, run_after=2024-08-08 00:00:00+00:00
[2024-08-08T16:57:00.555-0700] {processor.py:183} INFO - Processing /Users/treylayton/Library/Python/3.9/lib/python/site-packages/airflow/example_dags/example_short_circuit_operator.py took 0.101 seconds
[2024-08-08T16:58:13.092-0700] {processor.py:161} INFO - Started process (PID=99902) to work on /Users/treylayton/Library/Python/3.9/lib/python/site-packages/airflow/example_dags/example_short_circuit_operator.py
[2024-08-08T16:58:13.093-0700] {processor.py:830} INFO - Processing file /Users/treylayton/Library/Python/3.9/lib/python/site-packages/airflow/example_dags/example_short_circuit_operator.py for tasks to queue
[2024-08-08T16:58:13.094-0700] {logging_mixin.py:188} INFO - [2024-08-08T16:58:13.094-0700] {dagbag.py:545} INFO - Filling up the DagBag from /Users/treylayton/Library/Python/3.9/lib/python/site-packages/airflow/example_dags/example_short_circuit_operator.py
[2024-08-08T16:58:13.110-0700] {processor.py:840} INFO - DAG(s) 'example_short_circuit_operator' retrieved from /Users/treylayton/Library/Python/3.9/lib/python/site-packages/airflow/example_dags/example_short_circuit_operator.py
[2024-08-08T16:58:13.166-0700] {logging_mixin.py:188} INFO - [2024-08-08T16:58:13.166-0700] {dag.py:3089} INFO - Sync 1 DAGs
[2024-08-08T16:58:13.177-0700] {logging_mixin.py:188} INFO - [2024-08-08T16:58:13.177-0700] {dag.py:3947} INFO - Setting next_dagrun for example_short_circuit_operator to 2024-08-07 00:00:00+00:00, run_after=2024-08-08 00:00:00+00:00
[2024-08-08T16:58:13.188-0700] {processor.py:183} INFO - Processing /Users/treylayton/Library/Python/3.9/lib/python/site-packages/airflow/example_dags/example_short_circuit_operator.py took 0.098 seconds
[2024-08-08T16:58:13.567-0700] {processor.py:161} INFO - Started process (PID=99903) to work on /Users/treylayton/Library/Python/3.9/lib/python/site-packages/airflow/example_dags/example_short_circuit_operator.py
[2024-08-08T16:58:13.569-0700] {processor.py:830} INFO - Processing file /Users/treylayton/Library/Python/3.9/lib/python/site-packages/airflow/example_dags/example_short_circuit_operator.py for tasks to queue
[2024-08-08T16:58:13.569-0700] {logging_mixin.py:188} INFO - [2024-08-08T16:58:13.569-0700] {dagbag.py:545} INFO - Filling up the DagBag from /Users/treylayton/Library/Python/3.9/lib/python/site-packages/airflow/example_dags/example_short_circuit_operator.py
[2024-08-08T16:58:13.585-0700] {processor.py:840} INFO - DAG(s) 'example_short_circuit_operator' retrieved from /Users/treylayton/Library/Python/3.9/lib/python/site-packages/airflow/example_dags/example_short_circuit_operator.py
[2024-08-08T16:58:13.643-0700] {logging_mixin.py:188} INFO - [2024-08-08T16:58:13.643-0700] {dag.py:3089} INFO - Sync 1 DAGs
[2024-08-08T16:58:13.655-0700] {logging_mixin.py:188} INFO - [2024-08-08T16:58:13.655-0700] {dag.py:3947} INFO - Setting next_dagrun for example_short_circuit_operator to 2024-08-07 00:00:00+00:00, run_after=2024-08-08 00:00:00+00:00
[2024-08-08T16:58:13.667-0700] {processor.py:183} INFO - Processing /Users/treylayton/Library/Python/3.9/lib/python/site-packages/airflow/example_dags/example_short_circuit_operator.py took 0.101 seconds
[2024-08-08T16:59:26.081-0700] {processor.py:161} INFO - Started process (PID=159) to work on /Users/treylayton/Library/Python/3.9/lib/python/site-packages/airflow/example_dags/example_short_circuit_operator.py
[2024-08-08T16:59:26.082-0700] {processor.py:830} INFO - Processing file /Users/treylayton/Library/Python/3.9/lib/python/site-packages/airflow/example_dags/example_short_circuit_operator.py for tasks to queue
[2024-08-08T16:59:26.083-0700] {logging_mixin.py:188} INFO - [2024-08-08T16:59:26.083-0700] {dagbag.py:545} INFO - Filling up the DagBag from /Users/treylayton/Library/Python/3.9/lib/python/site-packages/airflow/example_dags/example_short_circuit_operator.py
[2024-08-08T16:59:26.099-0700] {processor.py:840} INFO - DAG(s) 'example_short_circuit_operator' retrieved from /Users/treylayton/Library/Python/3.9/lib/python/site-packages/airflow/example_dags/example_short_circuit_operator.py
[2024-08-08T16:59:26.155-0700] {logging_mixin.py:188} INFO - [2024-08-08T16:59:26.155-0700] {dag.py:3089} INFO - Sync 1 DAGs
[2024-08-08T16:59:26.168-0700] {logging_mixin.py:188} INFO - [2024-08-08T16:59:26.168-0700] {dag.py:3947} INFO - Setting next_dagrun for example_short_circuit_operator to 2024-08-07 00:00:00+00:00, run_after=2024-08-08 00:00:00+00:00
[2024-08-08T16:59:26.180-0700] {processor.py:183} INFO - Processing /Users/treylayton/Library/Python/3.9/lib/python/site-packages/airflow/example_dags/example_short_circuit_operator.py took 0.101 seconds
[2024-08-08T16:59:28.150-0700] {processor.py:161} INFO - Started process (PID=161) to work on /Users/treylayton/Library/Python/3.9/lib/python/site-packages/airflow/example_dags/example_short_circuit_operator.py
[2024-08-08T16:59:28.151-0700] {processor.py:830} INFO - Processing file /Users/treylayton/Library/Python/3.9/lib/python/site-packages/airflow/example_dags/example_short_circuit_operator.py for tasks to queue
[2024-08-08T16:59:28.152-0700] {logging_mixin.py:188} INFO - [2024-08-08T16:59:28.152-0700] {dagbag.py:545} INFO - Filling up the DagBag from /Users/treylayton/Library/Python/3.9/lib/python/site-packages/airflow/example_dags/example_short_circuit_operator.py
[2024-08-08T16:59:28.168-0700] {processor.py:840} INFO - DAG(s) 'example_short_circuit_operator' retrieved from /Users/treylayton/Library/Python/3.9/lib/python/site-packages/airflow/example_dags/example_short_circuit_operator.py
[2024-08-08T16:59:28.224-0700] {logging_mixin.py:188} INFO - [2024-08-08T16:59:28.224-0700] {dag.py:3089} INFO - Sync 1 DAGs
[2024-08-08T16:59:28.236-0700] {logging_mixin.py:188} INFO - [2024-08-08T16:59:28.235-0700] {dag.py:3947} INFO - Setting next_dagrun for example_short_circuit_operator to 2024-08-07 00:00:00+00:00, run_after=2024-08-08 00:00:00+00:00
[2024-08-08T16:59:28.247-0700] {processor.py:183} INFO - Processing /Users/treylayton/Library/Python/3.9/lib/python/site-packages/airflow/example_dags/example_short_circuit_operator.py took 0.100 seconds
