[2024-08-08T16:48:41.951-0700] {processor.py:161} INFO - Started process (PID=98743) to work on /Users/treylayton/Library/Python/3.9/lib/python/site-packages/airflow/example_dags/example_branch_labels.py
[2024-08-08T16:48:41.953-0700] {processor.py:830} INFO - Processing file /Users/treylayton/Library/Python/3.9/lib/python/site-packages/airflow/example_dags/example_branch_labels.py for tasks to queue
[2024-08-08T16:48:41.953-0700] {logging_mixin.py:188} INFO - [2024-08-08T16:48:41.953-0700] {dagbag.py:545} INFO - Filling up the DagBag from /Users/treylayton/Library/Python/3.9/lib/python/site-packages/airflow/example_dags/example_branch_labels.py
[2024-08-08T16:48:41.960-0700] {processor.py:840} INFO - DAG(s) 'example_branch_labels' retrieved from /Users/treylayton/Library/Python/3.9/lib/python/site-packages/airflow/example_dags/example_branch_labels.py
[2024-08-08T16:48:42.074-0700] {logging_mixin.py:188} INFO - [2024-08-08T16:48:42.073-0700] {dag.py:3089} INFO - Sync 1 DAGs
[2024-08-08T16:48:42.083-0700] {logging_mixin.py:188} INFO - [2024-08-08T16:48:42.083-0700] {dag.py:3947} INFO - Setting next_dagrun for example_branch_labels to 2024-08-07 00:00:00+00:00, run_after=2024-08-08 00:00:00+00:00
[2024-08-08T16:48:42.095-0700] {processor.py:183} INFO - Processing /Users/treylayton/Library/Python/3.9/lib/python/site-packages/airflow/example_dags/example_branch_labels.py took 0.147 seconds
[2024-08-08T16:51:08.988-0700] {processor.py:161} INFO - Started process (PID=99106) to work on /Users/treylayton/Library/Python/3.9/lib/python/site-packages/airflow/example_dags/example_branch_labels.py
[2024-08-08T16:51:08.990-0700] {processor.py:830} INFO - Processing file /Users/treylayton/Library/Python/3.9/lib/python/site-packages/airflow/example_dags/example_branch_labels.py for tasks to queue
[2024-08-08T16:51:08.991-0700] {logging_mixin.py:188} INFO - [2024-08-08T16:51:08.990-0700] {dagbag.py:545} INFO - Filling up the DagBag from /Users/treylayton/Library/Python/3.9/lib/python/site-packages/airflow/example_dags/example_branch_labels.py
[2024-08-08T16:51:08.995-0700] {processor.py:840} INFO - DAG(s) 'example_branch_labels' retrieved from /Users/treylayton/Library/Python/3.9/lib/python/site-packages/airflow/example_dags/example_branch_labels.py
[2024-08-08T16:51:09.110-0700] {logging_mixin.py:188} INFO - [2024-08-08T16:51:09.109-0700] {dag.py:3089} INFO - Sync 1 DAGs
[2024-08-08T16:51:09.119-0700] {logging_mixin.py:188} INFO - [2024-08-08T16:51:09.119-0700] {dag.py:3947} INFO - Setting next_dagrun for example_branch_labels to 2024-08-07 00:00:00+00:00, run_after=2024-08-08 00:00:00+00:00
[2024-08-08T16:51:09.131-0700] {processor.py:183} INFO - Processing /Users/treylayton/Library/Python/3.9/lib/python/site-packages/airflow/example_dags/example_branch_labels.py took 0.145 seconds
[2024-08-08T16:52:23.850-0700] {processor.py:161} INFO - Started process (PID=99244) to work on /Users/treylayton/Library/Python/3.9/lib/python/site-packages/airflow/example_dags/example_branch_labels.py
[2024-08-08T16:52:23.852-0700] {processor.py:830} INFO - Processing file /Users/treylayton/Library/Python/3.9/lib/python/site-packages/airflow/example_dags/example_branch_labels.py for tasks to queue
[2024-08-08T16:52:23.852-0700] {logging_mixin.py:188} INFO - [2024-08-08T16:52:23.852-0700] {dagbag.py:545} INFO - Filling up the DagBag from /Users/treylayton/Library/Python/3.9/lib/python/site-packages/airflow/example_dags/example_branch_labels.py
[2024-08-08T16:52:23.857-0700] {processor.py:840} INFO - DAG(s) 'example_branch_labels' retrieved from /Users/treylayton/Library/Python/3.9/lib/python/site-packages/airflow/example_dags/example_branch_labels.py
[2024-08-08T16:52:23.922-0700] {logging_mixin.py:188} INFO - [2024-08-08T16:52:23.922-0700] {dag.py:3089} INFO - Sync 1 DAGs
[2024-08-08T16:52:23.932-0700] {logging_mixin.py:188} INFO - [2024-08-08T16:52:23.932-0700] {dag.py:3947} INFO - Setting next_dagrun for example_branch_labels to 2024-08-07 00:00:00+00:00, run_after=2024-08-08 00:00:00+00:00
[2024-08-08T16:52:23.945-0700] {processor.py:183} INFO - Processing /Users/treylayton/Library/Python/3.9/lib/python/site-packages/airflow/example_dags/example_branch_labels.py took 0.097 seconds
[2024-08-08T16:53:37.011-0700] {processor.py:161} INFO - Started process (PID=99360) to work on /Users/treylayton/Library/Python/3.9/lib/python/site-packages/airflow/example_dags/example_branch_labels.py
[2024-08-08T16:53:37.013-0700] {processor.py:830} INFO - Processing file /Users/treylayton/Library/Python/3.9/lib/python/site-packages/airflow/example_dags/example_branch_labels.py for tasks to queue
[2024-08-08T16:53:37.014-0700] {logging_mixin.py:188} INFO - [2024-08-08T16:53:37.013-0700] {dagbag.py:545} INFO - Filling up the DagBag from /Users/treylayton/Library/Python/3.9/lib/python/site-packages/airflow/example_dags/example_branch_labels.py
[2024-08-08T16:53:37.018-0700] {processor.py:840} INFO - DAG(s) 'example_branch_labels' retrieved from /Users/treylayton/Library/Python/3.9/lib/python/site-packages/airflow/example_dags/example_branch_labels.py
[2024-08-08T16:53:37.081-0700] {logging_mixin.py:188} INFO - [2024-08-08T16:53:37.081-0700] {dag.py:3089} INFO - Sync 1 DAGs
[2024-08-08T16:53:37.091-0700] {logging_mixin.py:188} INFO - [2024-08-08T16:53:37.091-0700] {dag.py:3947} INFO - Setting next_dagrun for example_branch_labels to 2024-08-07 00:00:00+00:00, run_after=2024-08-08 00:00:00+00:00
[2024-08-08T16:53:37.103-0700] {processor.py:183} INFO - Processing /Users/treylayton/Library/Python/3.9/lib/python/site-packages/airflow/example_dags/example_branch_labels.py took 0.093 seconds
[2024-08-08T16:54:52.976-0700] {processor.py:161} INFO - Started process (PID=99515) to work on /Users/treylayton/Library/Python/3.9/lib/python/site-packages/airflow/example_dags/example_branch_labels.py
[2024-08-08T16:54:52.978-0700] {processor.py:830} INFO - Processing file /Users/treylayton/Library/Python/3.9/lib/python/site-packages/airflow/example_dags/example_branch_labels.py for tasks to queue
[2024-08-08T16:54:52.979-0700] {logging_mixin.py:188} INFO - [2024-08-08T16:54:52.978-0700] {dagbag.py:545} INFO - Filling up the DagBag from /Users/treylayton/Library/Python/3.9/lib/python/site-packages/airflow/example_dags/example_branch_labels.py
[2024-08-08T16:54:52.984-0700] {processor.py:840} INFO - DAG(s) 'example_branch_labels' retrieved from /Users/treylayton/Library/Python/3.9/lib/python/site-packages/airflow/example_dags/example_branch_labels.py
[2024-08-08T16:54:53.043-0700] {logging_mixin.py:188} INFO - [2024-08-08T16:54:53.043-0700] {dag.py:3089} INFO - Sync 1 DAGs
[2024-08-08T16:54:53.052-0700] {logging_mixin.py:188} INFO - [2024-08-08T16:54:53.052-0700] {dag.py:3947} INFO - Setting next_dagrun for example_branch_labels to 2024-08-07 00:00:00+00:00, run_after=2024-08-08 00:00:00+00:00
[2024-08-08T16:54:53.064-0700] {processor.py:183} INFO - Processing /Users/treylayton/Library/Python/3.9/lib/python/site-packages/airflow/example_dags/example_branch_labels.py took 0.089 seconds
[2024-08-08T16:56:05.546-0700] {processor.py:161} INFO - Started process (PID=99664) to work on /Users/treylayton/Library/Python/3.9/lib/python/site-packages/airflow/example_dags/example_branch_labels.py
[2024-08-08T16:56:05.547-0700] {processor.py:830} INFO - Processing file /Users/treylayton/Library/Python/3.9/lib/python/site-packages/airflow/example_dags/example_branch_labels.py for tasks to queue
[2024-08-08T16:56:05.548-0700] {logging_mixin.py:188} INFO - [2024-08-08T16:56:05.548-0700] {dagbag.py:545} INFO - Filling up the DagBag from /Users/treylayton/Library/Python/3.9/lib/python/site-packages/airflow/example_dags/example_branch_labels.py
[2024-08-08T16:56:05.553-0700] {processor.py:840} INFO - DAG(s) 'example_branch_labels' retrieved from /Users/treylayton/Library/Python/3.9/lib/python/site-packages/airflow/example_dags/example_branch_labels.py
[2024-08-08T16:56:05.610-0700] {logging_mixin.py:188} INFO - [2024-08-08T16:56:05.610-0700] {dag.py:3089} INFO - Sync 1 DAGs
[2024-08-08T16:56:05.619-0700] {logging_mixin.py:188} INFO - [2024-08-08T16:56:05.619-0700] {dag.py:3947} INFO - Setting next_dagrun for example_branch_labels to 2024-08-07 00:00:00+00:00, run_after=2024-08-08 00:00:00+00:00
[2024-08-08T16:56:05.631-0700] {processor.py:183} INFO - Processing /Users/treylayton/Library/Python/3.9/lib/python/site-packages/airflow/example_dags/example_branch_labels.py took 0.087 seconds
[2024-08-08T16:57:21.995-0700] {processor.py:161} INFO - Started process (PID=99793) to work on /Users/treylayton/Library/Python/3.9/lib/python/site-packages/airflow/example_dags/example_branch_labels.py
[2024-08-08T16:57:21.997-0700] {processor.py:830} INFO - Processing file /Users/treylayton/Library/Python/3.9/lib/python/site-packages/airflow/example_dags/example_branch_labels.py for tasks to queue
[2024-08-08T16:57:21.997-0700] {logging_mixin.py:188} INFO - [2024-08-08T16:57:21.997-0700] {dagbag.py:545} INFO - Filling up the DagBag from /Users/treylayton/Library/Python/3.9/lib/python/site-packages/airflow/example_dags/example_branch_labels.py
[2024-08-08T16:57:22.003-0700] {processor.py:840} INFO - DAG(s) 'example_branch_labels' retrieved from /Users/treylayton/Library/Python/3.9/lib/python/site-packages/airflow/example_dags/example_branch_labels.py
[2024-08-08T16:57:22.064-0700] {logging_mixin.py:188} INFO - [2024-08-08T16:57:22.063-0700] {dag.py:3089} INFO - Sync 1 DAGs
[2024-08-08T16:57:22.073-0700] {logging_mixin.py:188} INFO - [2024-08-08T16:57:22.072-0700] {dag.py:3947} INFO - Setting next_dagrun for example_branch_labels to 2024-08-07 00:00:00+00:00, run_after=2024-08-08 00:00:00+00:00
[2024-08-08T16:57:22.094-0700] {processor.py:183} INFO - Processing /Users/treylayton/Library/Python/3.9/lib/python/site-packages/airflow/example_dags/example_branch_labels.py took 0.101 seconds
[2024-08-08T16:58:35.365-0700] {processor.py:161} INFO - Started process (PID=99955) to work on /Users/treylayton/Library/Python/3.9/lib/python/site-packages/airflow/example_dags/example_branch_labels.py
[2024-08-08T16:58:35.367-0700] {processor.py:830} INFO - Processing file /Users/treylayton/Library/Python/3.9/lib/python/site-packages/airflow/example_dags/example_branch_labels.py for tasks to queue
[2024-08-08T16:58:35.367-0700] {logging_mixin.py:188} INFO - [2024-08-08T16:58:35.367-0700] {dagbag.py:545} INFO - Filling up the DagBag from /Users/treylayton/Library/Python/3.9/lib/python/site-packages/airflow/example_dags/example_branch_labels.py
[2024-08-08T16:58:35.372-0700] {processor.py:840} INFO - DAG(s) 'example_branch_labels' retrieved from /Users/treylayton/Library/Python/3.9/lib/python/site-packages/airflow/example_dags/example_branch_labels.py
[2024-08-08T16:58:35.434-0700] {logging_mixin.py:188} INFO - [2024-08-08T16:58:35.434-0700] {dag.py:3089} INFO - Sync 1 DAGs
[2024-08-08T16:58:35.443-0700] {logging_mixin.py:188} INFO - [2024-08-08T16:58:35.443-0700] {dag.py:3947} INFO - Setting next_dagrun for example_branch_labels to 2024-08-07 00:00:00+00:00, run_after=2024-08-08 00:00:00+00:00
[2024-08-08T16:58:35.455-0700] {processor.py:183} INFO - Processing /Users/treylayton/Library/Python/3.9/lib/python/site-packages/airflow/example_dags/example_branch_labels.py took 0.092 seconds
[2024-08-08T16:59:50.118-0700] {processor.py:161} INFO - Started process (PID=184) to work on /Users/treylayton/Library/Python/3.9/lib/python/site-packages/airflow/example_dags/example_branch_labels.py
[2024-08-08T16:59:50.119-0700] {processor.py:830} INFO - Processing file /Users/treylayton/Library/Python/3.9/lib/python/site-packages/airflow/example_dags/example_branch_labels.py for tasks to queue
[2024-08-08T16:59:50.120-0700] {logging_mixin.py:188} INFO - [2024-08-08T16:59:50.120-0700] {dagbag.py:545} INFO - Filling up the DagBag from /Users/treylayton/Library/Python/3.9/lib/python/site-packages/airflow/example_dags/example_branch_labels.py
[2024-08-08T16:59:50.125-0700] {processor.py:840} INFO - DAG(s) 'example_branch_labels' retrieved from /Users/treylayton/Library/Python/3.9/lib/python/site-packages/airflow/example_dags/example_branch_labels.py
[2024-08-08T16:59:50.183-0700] {logging_mixin.py:188} INFO - [2024-08-08T16:59:50.183-0700] {dag.py:3089} INFO - Sync 1 DAGs
[2024-08-08T16:59:50.191-0700] {logging_mixin.py:188} INFO - [2024-08-08T16:59:50.191-0700] {dag.py:3947} INFO - Setting next_dagrun for example_branch_labels to 2024-08-07 00:00:00+00:00, run_after=2024-08-08 00:00:00+00:00
[2024-08-08T16:59:50.203-0700] {processor.py:183} INFO - Processing /Users/treylayton/Library/Python/3.9/lib/python/site-packages/airflow/example_dags/example_branch_labels.py took 0.086 seconds
