[2024-08-08T16:47:17.868-0700] {processor.py:161} INFO - Started process (PID=98611) to work on /Users/treylayton/Library/Python/3.9/lib/python/site-packages/airflow/example_dags/tutorial_taskflow_api_virtualenv.py
[2024-08-08T16:47:17.870-0700] {processor.py:830} INFO - Processing file /Users/treylayton/Library/Python/3.9/lib/python/site-packages/airflow/example_dags/tutorial_taskflow_api_virtualenv.py for tasks to queue
[2024-08-08T16:47:17.870-0700] {logging_mixin.py:188} INFO - [2024-08-08T16:47:17.870-0700] {dagbag.py:545} INFO - Filling up the DagBag from /Users/treylayton/Library/Python/3.9/lib/python/site-packages/airflow/example_dags/tutorial_taskflow_api_virtualenv.py
[2024-08-08T16:47:17.890-0700] {logging_mixin.py:188} INFO - [2024-08-08T16:47:17.890-0700] {tutorial_taskflow_api_virtualenv.py:29} WARNING - The tutorial_taskflow_api_virtualenv example DAG requires virtualenv, please install it.
[2024-08-08T16:47:17.890-0700] {processor.py:842} WARNING - No viable dags retrieved from /Users/treylayton/Library/Python/3.9/lib/python/site-packages/airflow/example_dags/tutorial_taskflow_api_virtualenv.py
[2024-08-08T16:47:17.936-0700] {processor.py:183} INFO - Processing /Users/treylayton/Library/Python/3.9/lib/python/site-packages/airflow/example_dags/tutorial_taskflow_api_virtualenv.py took 0.069 seconds
[2024-08-08T16:49:03.777-0700] {processor.py:161} INFO - Started process (PID=98781) to work on /Users/treylayton/Library/Python/3.9/lib/python/site-packages/airflow/example_dags/tutorial_taskflow_api_virtualenv.py
[2024-08-08T16:49:03.778-0700] {processor.py:830} INFO - Processing file /Users/treylayton/Library/Python/3.9/lib/python/site-packages/airflow/example_dags/tutorial_taskflow_api_virtualenv.py for tasks to queue
[2024-08-08T16:49:03.779-0700] {logging_mixin.py:188} INFO - [2024-08-08T16:49:03.779-0700] {dagbag.py:545} INFO - Filling up the DagBag from /Users/treylayton/Library/Python/3.9/lib/python/site-packages/airflow/example_dags/tutorial_taskflow_api_virtualenv.py
[2024-08-08T16:49:03.798-0700] {logging_mixin.py:188} INFO - [2024-08-08T16:49:03.797-0700] {tutorial_taskflow_api_virtualenv.py:29} WARNING - The tutorial_taskflow_api_virtualenv example DAG requires virtualenv, please install it.
[2024-08-08T16:49:03.798-0700] {processor.py:842} WARNING - No viable dags retrieved from /Users/treylayton/Library/Python/3.9/lib/python/site-packages/airflow/example_dags/tutorial_taskflow_api_virtualenv.py
[2024-08-08T16:49:03.844-0700] {processor.py:183} INFO - Processing /Users/treylayton/Library/Python/3.9/lib/python/site-packages/airflow/example_dags/tutorial_taskflow_api_virtualenv.py took 0.069 seconds
[2024-08-08T16:50:18.674-0700] {processor.py:161} INFO - Started process (PID=98964) to work on /Users/treylayton/Library/Python/3.9/lib/python/site-packages/airflow/example_dags/tutorial_taskflow_api_virtualenv.py
[2024-08-08T16:50:18.676-0700] {processor.py:830} INFO - Processing file /Users/treylayton/Library/Python/3.9/lib/python/site-packages/airflow/example_dags/tutorial_taskflow_api_virtualenv.py for tasks to queue
[2024-08-08T16:50:18.676-0700] {logging_mixin.py:188} INFO - [2024-08-08T16:50:18.676-0700] {dagbag.py:545} INFO - Filling up the DagBag from /Users/treylayton/Library/Python/3.9/lib/python/site-packages/airflow/example_dags/tutorial_taskflow_api_virtualenv.py
[2024-08-08T16:50:18.696-0700] {logging_mixin.py:188} INFO - [2024-08-08T16:50:18.695-0700] {tutorial_taskflow_api_virtualenv.py:29} WARNING - The tutorial_taskflow_api_virtualenv example DAG requires virtualenv, please install it.
[2024-08-08T16:50:18.696-0700] {processor.py:842} WARNING - No viable dags retrieved from /Users/treylayton/Library/Python/3.9/lib/python/site-packages/airflow/example_dags/tutorial_taskflow_api_virtualenv.py
[2024-08-08T16:50:18.744-0700] {processor.py:183} INFO - Processing /Users/treylayton/Library/Python/3.9/lib/python/site-packages/airflow/example_dags/tutorial_taskflow_api_virtualenv.py took 0.072 seconds
[2024-08-08T16:51:01.914-0700] {processor.py:161} INFO - Started process (PID=99097) to work on /Users/treylayton/Library/Python/3.9/lib/python/site-packages/airflow/example_dags/tutorial_taskflow_api_virtualenv.py
[2024-08-08T16:51:01.916-0700] {processor.py:830} INFO - Processing file /Users/treylayton/Library/Python/3.9/lib/python/site-packages/airflow/example_dags/tutorial_taskflow_api_virtualenv.py for tasks to queue
[2024-08-08T16:51:01.916-0700] {logging_mixin.py:188} INFO - [2024-08-08T16:51:01.916-0700] {dagbag.py:545} INFO - Filling up the DagBag from /Users/treylayton/Library/Python/3.9/lib/python/site-packages/airflow/example_dags/tutorial_taskflow_api_virtualenv.py
[2024-08-08T16:51:01.935-0700] {logging_mixin.py:188} INFO - [2024-08-08T16:51:01.935-0700] {tutorial_taskflow_api_virtualenv.py:29} WARNING - The tutorial_taskflow_api_virtualenv example DAG requires virtualenv, please install it.
[2024-08-08T16:51:01.935-0700] {processor.py:842} WARNING - No viable dags retrieved from /Users/treylayton/Library/Python/3.9/lib/python/site-packages/airflow/example_dags/tutorial_taskflow_api_virtualenv.py
[2024-08-08T16:51:01.980-0700] {processor.py:183} INFO - Processing /Users/treylayton/Library/Python/3.9/lib/python/site-packages/airflow/example_dags/tutorial_taskflow_api_virtualenv.py took 0.067 seconds
[2024-08-08T16:51:30.703-0700] {processor.py:161} INFO - Started process (PID=99134) to work on /Users/treylayton/Library/Python/3.9/lib/python/site-packages/airflow/example_dags/tutorial_taskflow_api_virtualenv.py
[2024-08-08T16:51:30.705-0700] {processor.py:830} INFO - Processing file /Users/treylayton/Library/Python/3.9/lib/python/site-packages/airflow/example_dags/tutorial_taskflow_api_virtualenv.py for tasks to queue
[2024-08-08T16:51:30.705-0700] {logging_mixin.py:188} INFO - [2024-08-08T16:51:30.705-0700] {dagbag.py:545} INFO - Filling up the DagBag from /Users/treylayton/Library/Python/3.9/lib/python/site-packages/airflow/example_dags/tutorial_taskflow_api_virtualenv.py
[2024-08-08T16:51:30.724-0700] {logging_mixin.py:188} INFO - [2024-08-08T16:51:30.724-0700] {tutorial_taskflow_api_virtualenv.py:29} WARNING - The tutorial_taskflow_api_virtualenv example DAG requires virtualenv, please install it.
[2024-08-08T16:51:30.724-0700] {processor.py:842} WARNING - No viable dags retrieved from /Users/treylayton/Library/Python/3.9/lib/python/site-packages/airflow/example_dags/tutorial_taskflow_api_virtualenv.py
[2024-08-08T16:51:30.769-0700] {processor.py:183} INFO - Processing /Users/treylayton/Library/Python/3.9/lib/python/site-packages/airflow/example_dags/tutorial_taskflow_api_virtualenv.py took 0.067 seconds
[2024-08-08T16:52:43.179-0700] {processor.py:161} INFO - Started process (PID=99290) to work on /Users/treylayton/Library/Python/3.9/lib/python/site-packages/airflow/example_dags/tutorial_taskflow_api_virtualenv.py
[2024-08-08T16:52:43.181-0700] {processor.py:830} INFO - Processing file /Users/treylayton/Library/Python/3.9/lib/python/site-packages/airflow/example_dags/tutorial_taskflow_api_virtualenv.py for tasks to queue
[2024-08-08T16:52:43.181-0700] {logging_mixin.py:188} INFO - [2024-08-08T16:52:43.181-0700] {dagbag.py:545} INFO - Filling up the DagBag from /Users/treylayton/Library/Python/3.9/lib/python/site-packages/airflow/example_dags/tutorial_taskflow_api_virtualenv.py
[2024-08-08T16:52:43.201-0700] {logging_mixin.py:188} INFO - [2024-08-08T16:52:43.201-0700] {tutorial_taskflow_api_virtualenv.py:29} WARNING - The tutorial_taskflow_api_virtualenv example DAG requires virtualenv, please install it.
[2024-08-08T16:52:43.201-0700] {processor.py:842} WARNING - No viable dags retrieved from /Users/treylayton/Library/Python/3.9/lib/python/site-packages/airflow/example_dags/tutorial_taskflow_api_virtualenv.py
[2024-08-08T16:52:43.267-0700] {processor.py:183} INFO - Processing /Users/treylayton/Library/Python/3.9/lib/python/site-packages/airflow/example_dags/tutorial_taskflow_api_virtualenv.py took 0.090 seconds
[2024-08-08T16:52:46.072-0700] {processor.py:161} INFO - Started process (PID=99295) to work on /Users/treylayton/Library/Python/3.9/lib/python/site-packages/airflow/example_dags/tutorial_taskflow_api_virtualenv.py
[2024-08-08T16:52:46.074-0700] {processor.py:830} INFO - Processing file /Users/treylayton/Library/Python/3.9/lib/python/site-packages/airflow/example_dags/tutorial_taskflow_api_virtualenv.py for tasks to queue
[2024-08-08T16:52:46.075-0700] {logging_mixin.py:188} INFO - [2024-08-08T16:52:46.075-0700] {dagbag.py:545} INFO - Filling up the DagBag from /Users/treylayton/Library/Python/3.9/lib/python/site-packages/airflow/example_dags/tutorial_taskflow_api_virtualenv.py
[2024-08-08T16:52:46.094-0700] {logging_mixin.py:188} INFO - [2024-08-08T16:52:46.094-0700] {tutorial_taskflow_api_virtualenv.py:29} WARNING - The tutorial_taskflow_api_virtualenv example DAG requires virtualenv, please install it.
[2024-08-08T16:52:46.094-0700] {processor.py:842} WARNING - No viable dags retrieved from /Users/treylayton/Library/Python/3.9/lib/python/site-packages/airflow/example_dags/tutorial_taskflow_api_virtualenv.py
[2024-08-08T16:52:46.141-0700] {processor.py:183} INFO - Processing /Users/treylayton/Library/Python/3.9/lib/python/site-packages/airflow/example_dags/tutorial_taskflow_api_virtualenv.py took 0.071 seconds
[2024-08-08T16:53:59.946-0700] {processor.py:161} INFO - Started process (PID=99415) to work on /Users/treylayton/Library/Python/3.9/lib/python/site-packages/airflow/example_dags/tutorial_taskflow_api_virtualenv.py
[2024-08-08T16:53:59.948-0700] {processor.py:830} INFO - Processing file /Users/treylayton/Library/Python/3.9/lib/python/site-packages/airflow/example_dags/tutorial_taskflow_api_virtualenv.py for tasks to queue
[2024-08-08T16:53:59.948-0700] {logging_mixin.py:188} INFO - [2024-08-08T16:53:59.948-0700] {dagbag.py:545} INFO - Filling up the DagBag from /Users/treylayton/Library/Python/3.9/lib/python/site-packages/airflow/example_dags/tutorial_taskflow_api_virtualenv.py
[2024-08-08T16:53:59.966-0700] {logging_mixin.py:188} INFO - [2024-08-08T16:53:59.966-0700] {tutorial_taskflow_api_virtualenv.py:29} WARNING - The tutorial_taskflow_api_virtualenv example DAG requires virtualenv, please install it.
[2024-08-08T16:53:59.966-0700] {processor.py:842} WARNING - No viable dags retrieved from /Users/treylayton/Library/Python/3.9/lib/python/site-packages/airflow/example_dags/tutorial_taskflow_api_virtualenv.py
[2024-08-08T16:54:00.013-0700] {processor.py:183} INFO - Processing /Users/treylayton/Library/Python/3.9/lib/python/site-packages/airflow/example_dags/tutorial_taskflow_api_virtualenv.py took 0.069 seconds
[2024-08-08T16:54:00.688-0700] {processor.py:161} INFO - Started process (PID=99416) to work on /Users/treylayton/Library/Python/3.9/lib/python/site-packages/airflow/example_dags/tutorial_taskflow_api_virtualenv.py
[2024-08-08T16:54:00.689-0700] {processor.py:830} INFO - Processing file /Users/treylayton/Library/Python/3.9/lib/python/site-packages/airflow/example_dags/tutorial_taskflow_api_virtualenv.py for tasks to queue
[2024-08-08T16:54:00.690-0700] {logging_mixin.py:188} INFO - [2024-08-08T16:54:00.690-0700] {dagbag.py:545} INFO - Filling up the DagBag from /Users/treylayton/Library/Python/3.9/lib/python/site-packages/airflow/example_dags/tutorial_taskflow_api_virtualenv.py
[2024-08-08T16:54:00.709-0700] {logging_mixin.py:188} INFO - [2024-08-08T16:54:00.709-0700] {tutorial_taskflow_api_virtualenv.py:29} WARNING - The tutorial_taskflow_api_virtualenv example DAG requires virtualenv, please install it.
[2024-08-08T16:54:00.709-0700] {processor.py:842} WARNING - No viable dags retrieved from /Users/treylayton/Library/Python/3.9/lib/python/site-packages/airflow/example_dags/tutorial_taskflow_api_virtualenv.py
[2024-08-08T16:54:00.755-0700] {processor.py:183} INFO - Processing /Users/treylayton/Library/Python/3.9/lib/python/site-packages/airflow/example_dags/tutorial_taskflow_api_virtualenv.py took 0.069 seconds
[2024-08-08T16:55:14.272-0700] {processor.py:161} INFO - Started process (PID=99559) to work on /Users/treylayton/Library/Python/3.9/lib/python/site-packages/airflow/example_dags/tutorial_taskflow_api_virtualenv.py
[2024-08-08T16:55:14.273-0700] {processor.py:830} INFO - Processing file /Users/treylayton/Library/Python/3.9/lib/python/site-packages/airflow/example_dags/tutorial_taskflow_api_virtualenv.py for tasks to queue
[2024-08-08T16:55:14.274-0700] {logging_mixin.py:188} INFO - [2024-08-08T16:55:14.274-0700] {dagbag.py:545} INFO - Filling up the DagBag from /Users/treylayton/Library/Python/3.9/lib/python/site-packages/airflow/example_dags/tutorial_taskflow_api_virtualenv.py
[2024-08-08T16:55:14.293-0700] {logging_mixin.py:188} INFO - [2024-08-08T16:55:14.293-0700] {tutorial_taskflow_api_virtualenv.py:29} WARNING - The tutorial_taskflow_api_virtualenv example DAG requires virtualenv, please install it.
[2024-08-08T16:55:14.293-0700] {processor.py:842} WARNING - No viable dags retrieved from /Users/treylayton/Library/Python/3.9/lib/python/site-packages/airflow/example_dags/tutorial_taskflow_api_virtualenv.py
[2024-08-08T16:55:14.338-0700] {processor.py:183} INFO - Processing /Users/treylayton/Library/Python/3.9/lib/python/site-packages/airflow/example_dags/tutorial_taskflow_api_virtualenv.py took 0.068 seconds
[2024-08-08T16:55:14.564-0700] {processor.py:161} INFO - Started process (PID=99560) to work on /Users/treylayton/Library/Python/3.9/lib/python/site-packages/airflow/example_dags/tutorial_taskflow_api_virtualenv.py
[2024-08-08T16:55:14.565-0700] {processor.py:830} INFO - Processing file /Users/treylayton/Library/Python/3.9/lib/python/site-packages/airflow/example_dags/tutorial_taskflow_api_virtualenv.py for tasks to queue
[2024-08-08T16:55:14.566-0700] {logging_mixin.py:188} INFO - [2024-08-08T16:55:14.566-0700] {dagbag.py:545} INFO - Filling up the DagBag from /Users/treylayton/Library/Python/3.9/lib/python/site-packages/airflow/example_dags/tutorial_taskflow_api_virtualenv.py
[2024-08-08T16:55:14.585-0700] {logging_mixin.py:188} INFO - [2024-08-08T16:55:14.585-0700] {tutorial_taskflow_api_virtualenv.py:29} WARNING - The tutorial_taskflow_api_virtualenv example DAG requires virtualenv, please install it.
[2024-08-08T16:55:14.585-0700] {processor.py:842} WARNING - No viable dags retrieved from /Users/treylayton/Library/Python/3.9/lib/python/site-packages/airflow/example_dags/tutorial_taskflow_api_virtualenv.py
[2024-08-08T16:55:14.632-0700] {processor.py:183} INFO - Processing /Users/treylayton/Library/Python/3.9/lib/python/site-packages/airflow/example_dags/tutorial_taskflow_api_virtualenv.py took 0.069 seconds
[2024-08-08T16:56:28.701-0700] {processor.py:161} INFO - Started process (PID=99715) to work on /Users/treylayton/Library/Python/3.9/lib/python/site-packages/airflow/example_dags/tutorial_taskflow_api_virtualenv.py
[2024-08-08T16:56:28.703-0700] {processor.py:830} INFO - Processing file /Users/treylayton/Library/Python/3.9/lib/python/site-packages/airflow/example_dags/tutorial_taskflow_api_virtualenv.py for tasks to queue
[2024-08-08T16:56:28.703-0700] {logging_mixin.py:188} INFO - [2024-08-08T16:56:28.703-0700] {dagbag.py:545} INFO - Filling up the DagBag from /Users/treylayton/Library/Python/3.9/lib/python/site-packages/airflow/example_dags/tutorial_taskflow_api_virtualenv.py
[2024-08-08T16:56:28.724-0700] {logging_mixin.py:188} INFO - [2024-08-08T16:56:28.724-0700] {tutorial_taskflow_api_virtualenv.py:29} WARNING - The tutorial_taskflow_api_virtualenv example DAG requires virtualenv, please install it.
[2024-08-08T16:56:28.724-0700] {processor.py:842} WARNING - No viable dags retrieved from /Users/treylayton/Library/Python/3.9/lib/python/site-packages/airflow/example_dags/tutorial_taskflow_api_virtualenv.py
[2024-08-08T16:56:28.772-0700] {processor.py:183} INFO - Processing /Users/treylayton/Library/Python/3.9/lib/python/site-packages/airflow/example_dags/tutorial_taskflow_api_virtualenv.py took 0.074 seconds
[2024-08-08T16:56:29.230-0700] {processor.py:161} INFO - Started process (PID=99716) to work on /Users/treylayton/Library/Python/3.9/lib/python/site-packages/airflow/example_dags/tutorial_taskflow_api_virtualenv.py
[2024-08-08T16:56:29.232-0700] {processor.py:830} INFO - Processing file /Users/treylayton/Library/Python/3.9/lib/python/site-packages/airflow/example_dags/tutorial_taskflow_api_virtualenv.py for tasks to queue
[2024-08-08T16:56:29.232-0700] {logging_mixin.py:188} INFO - [2024-08-08T16:56:29.232-0700] {dagbag.py:545} INFO - Filling up the DagBag from /Users/treylayton/Library/Python/3.9/lib/python/site-packages/airflow/example_dags/tutorial_taskflow_api_virtualenv.py
[2024-08-08T16:56:29.253-0700] {logging_mixin.py:188} INFO - [2024-08-08T16:56:29.252-0700] {tutorial_taskflow_api_virtualenv.py:29} WARNING - The tutorial_taskflow_api_virtualenv example DAG requires virtualenv, please install it.
[2024-08-08T16:56:29.253-0700] {processor.py:842} WARNING - No viable dags retrieved from /Users/treylayton/Library/Python/3.9/lib/python/site-packages/airflow/example_dags/tutorial_taskflow_api_virtualenv.py
[2024-08-08T16:56:29.305-0700] {processor.py:183} INFO - Processing /Users/treylayton/Library/Python/3.9/lib/python/site-packages/airflow/example_dags/tutorial_taskflow_api_virtualenv.py took 0.077 seconds
[2024-08-08T16:57:43.340-0700] {processor.py:161} INFO - Started process (PID=99836) to work on /Users/treylayton/Library/Python/3.9/lib/python/site-packages/airflow/example_dags/tutorial_taskflow_api_virtualenv.py
[2024-08-08T16:57:43.342-0700] {processor.py:830} INFO - Processing file /Users/treylayton/Library/Python/3.9/lib/python/site-packages/airflow/example_dags/tutorial_taskflow_api_virtualenv.py for tasks to queue
[2024-08-08T16:57:43.342-0700] {logging_mixin.py:188} INFO - [2024-08-08T16:57:43.342-0700] {dagbag.py:545} INFO - Filling up the DagBag from /Users/treylayton/Library/Python/3.9/lib/python/site-packages/airflow/example_dags/tutorial_taskflow_api_virtualenv.py
[2024-08-08T16:57:43.362-0700] {logging_mixin.py:188} INFO - [2024-08-08T16:57:43.362-0700] {tutorial_taskflow_api_virtualenv.py:29} WARNING - The tutorial_taskflow_api_virtualenv example DAG requires virtualenv, please install it.
[2024-08-08T16:57:43.362-0700] {processor.py:842} WARNING - No viable dags retrieved from /Users/treylayton/Library/Python/3.9/lib/python/site-packages/airflow/example_dags/tutorial_taskflow_api_virtualenv.py
[2024-08-08T16:57:43.408-0700] {processor.py:183} INFO - Processing /Users/treylayton/Library/Python/3.9/lib/python/site-packages/airflow/example_dags/tutorial_taskflow_api_virtualenv.py took 0.070 seconds
[2024-08-08T16:57:44.567-0700] {processor.py:161} INFO - Started process (PID=99837) to work on /Users/treylayton/Library/Python/3.9/lib/python/site-packages/airflow/example_dags/tutorial_taskflow_api_virtualenv.py
[2024-08-08T16:57:44.569-0700] {processor.py:830} INFO - Processing file /Users/treylayton/Library/Python/3.9/lib/python/site-packages/airflow/example_dags/tutorial_taskflow_api_virtualenv.py for tasks to queue
[2024-08-08T16:57:44.570-0700] {logging_mixin.py:188} INFO - [2024-08-08T16:57:44.569-0700] {dagbag.py:545} INFO - Filling up the DagBag from /Users/treylayton/Library/Python/3.9/lib/python/site-packages/airflow/example_dags/tutorial_taskflow_api_virtualenv.py
[2024-08-08T16:57:44.590-0700] {logging_mixin.py:188} INFO - [2024-08-08T16:57:44.590-0700] {tutorial_taskflow_api_virtualenv.py:29} WARNING - The tutorial_taskflow_api_virtualenv example DAG requires virtualenv, please install it.
[2024-08-08T16:57:44.590-0700] {processor.py:842} WARNING - No viable dags retrieved from /Users/treylayton/Library/Python/3.9/lib/python/site-packages/airflow/example_dags/tutorial_taskflow_api_virtualenv.py
[2024-08-08T16:57:44.637-0700] {processor.py:183} INFO - Processing /Users/treylayton/Library/Python/3.9/lib/python/site-packages/airflow/example_dags/tutorial_taskflow_api_virtualenv.py took 0.071 seconds
[2024-08-08T16:58:56.529-0700] {processor.py:161} INFO - Started process (PID=113) to work on /Users/treylayton/Library/Python/3.9/lib/python/site-packages/airflow/example_dags/tutorial_taskflow_api_virtualenv.py
[2024-08-08T16:58:56.531-0700] {processor.py:830} INFO - Processing file /Users/treylayton/Library/Python/3.9/lib/python/site-packages/airflow/example_dags/tutorial_taskflow_api_virtualenv.py for tasks to queue
[2024-08-08T16:58:56.531-0700] {logging_mixin.py:188} INFO - [2024-08-08T16:58:56.531-0700] {dagbag.py:545} INFO - Filling up the DagBag from /Users/treylayton/Library/Python/3.9/lib/python/site-packages/airflow/example_dags/tutorial_taskflow_api_virtualenv.py
[2024-08-08T16:58:56.550-0700] {logging_mixin.py:188} INFO - [2024-08-08T16:58:56.550-0700] {tutorial_taskflow_api_virtualenv.py:29} WARNING - The tutorial_taskflow_api_virtualenv example DAG requires virtualenv, please install it.
[2024-08-08T16:58:56.550-0700] {processor.py:842} WARNING - No viable dags retrieved from /Users/treylayton/Library/Python/3.9/lib/python/site-packages/airflow/example_dags/tutorial_taskflow_api_virtualenv.py
[2024-08-08T16:58:56.596-0700] {processor.py:183} INFO - Processing /Users/treylayton/Library/Python/3.9/lib/python/site-packages/airflow/example_dags/tutorial_taskflow_api_virtualenv.py took 0.069 seconds
[2024-08-08T16:58:57.462-0700] {processor.py:161} INFO - Started process (PID=116) to work on /Users/treylayton/Library/Python/3.9/lib/python/site-packages/airflow/example_dags/tutorial_taskflow_api_virtualenv.py
[2024-08-08T16:58:57.464-0700] {processor.py:830} INFO - Processing file /Users/treylayton/Library/Python/3.9/lib/python/site-packages/airflow/example_dags/tutorial_taskflow_api_virtualenv.py for tasks to queue
[2024-08-08T16:58:57.464-0700] {logging_mixin.py:188} INFO - [2024-08-08T16:58:57.464-0700] {dagbag.py:545} INFO - Filling up the DagBag from /Users/treylayton/Library/Python/3.9/lib/python/site-packages/airflow/example_dags/tutorial_taskflow_api_virtualenv.py
[2024-08-08T16:58:57.483-0700] {logging_mixin.py:188} INFO - [2024-08-08T16:58:57.483-0700] {tutorial_taskflow_api_virtualenv.py:29} WARNING - The tutorial_taskflow_api_virtualenv example DAG requires virtualenv, please install it.
[2024-08-08T16:58:57.483-0700] {processor.py:842} WARNING - No viable dags retrieved from /Users/treylayton/Library/Python/3.9/lib/python/site-packages/airflow/example_dags/tutorial_taskflow_api_virtualenv.py
[2024-08-08T16:58:57.528-0700] {processor.py:183} INFO - Processing /Users/treylayton/Library/Python/3.9/lib/python/site-packages/airflow/example_dags/tutorial_taskflow_api_virtualenv.py took 0.068 seconds
