[2024-08-08T16:47:05.244-0700] {processor.py:161} INFO - Started process (PID=98587) to work on /Users/treylayton/Desktop/Coding/beehiiv_project/airflow/dags/postonce_workflow.py
[2024-08-08T16:47:05.246-0700] {processor.py:830} INFO - Processing file /Users/treylayton/Desktop/Coding/beehiiv_project/airflow/dags/postonce_workflow.py for tasks to queue
[2024-08-08T16:47:05.246-0700] {logging_mixin.py:188} INFO - [2024-08-08T16:47:05.246-0700] {dagbag.py:545} INFO - Filling up the DagBag from /Users/treylayton/Desktop/Coding/beehiiv_project/airflow/dags/postonce_workflow.py
[2024-08-08T16:47:05.260-0700] {processor.py:840} INFO - DAG(s) 'postonce_workflow' retrieved from /Users/treylayton/Desktop/Coding/beehiiv_project/airflow/dags/postonce_workflow.py
[2024-08-08T16:47:05.368-0700] {logging_mixin.py:188} INFO - [2024-08-08T16:47:05.368-0700] {override.py:1858} INFO - Created Permission View: can delete on DAG:postonce_workflow
[2024-08-08T16:47:05.373-0700] {logging_mixin.py:188} INFO - [2024-08-08T16:47:05.373-0700] {override.py:1858} INFO - Created Permission View: can edit on DAG:postonce_workflow
[2024-08-08T16:47:05.377-0700] {logging_mixin.py:188} INFO - [2024-08-08T16:47:05.376-0700] {override.py:1858} INFO - Created Permission View: can read on DAG:postonce_workflow
[2024-08-08T16:47:05.377-0700] {logging_mixin.py:188} INFO - [2024-08-08T16:47:05.377-0700] {dag.py:3089} INFO - Sync 1 DAGs
[2024-08-08T16:47:05.383-0700] {logging_mixin.py:188} INFO - [2024-08-08T16:47:05.383-0700] {dag.py:3111} INFO - Creating ORM DAG for postonce_workflow
[2024-08-08T16:47:05.383-0700] {logging_mixin.py:188} INFO - [2024-08-08T16:47:05.383-0700] {dag.py:3947} INFO - Setting next_dagrun for postonce_workflow to None, run_after=None
[2024-08-08T16:47:05.392-0700] {processor.py:183} INFO - Processing /Users/treylayton/Desktop/Coding/beehiiv_project/airflow/dags/postonce_workflow.py took 0.150 seconds
[2024-08-08T16:48:52.743-0700] {processor.py:161} INFO - Started process (PID=98750) to work on /Users/treylayton/Desktop/Coding/beehiiv_project/airflow/dags/postonce_workflow.py
[2024-08-08T16:48:52.744-0700] {processor.py:830} INFO - Processing file /Users/treylayton/Desktop/Coding/beehiiv_project/airflow/dags/postonce_workflow.py for tasks to queue
[2024-08-08T16:48:52.745-0700] {logging_mixin.py:188} INFO - [2024-08-08T16:48:52.745-0700] {dagbag.py:545} INFO - Filling up the DagBag from /Users/treylayton/Desktop/Coding/beehiiv_project/airflow/dags/postonce_workflow.py
[2024-08-08T16:48:52.760-0700] {processor.py:840} INFO - DAG(s) 'postonce_workflow' retrieved from /Users/treylayton/Desktop/Coding/beehiiv_project/airflow/dags/postonce_workflow.py
[2024-08-08T16:48:52.819-0700] {logging_mixin.py:188} INFO - [2024-08-08T16:48:52.819-0700] {dag.py:3089} INFO - Sync 1 DAGs
[2024-08-08T16:48:52.825-0700] {logging_mixin.py:188} INFO - [2024-08-08T16:48:52.825-0700] {dag.py:3947} INFO - Setting next_dagrun for postonce_workflow to None, run_after=None
[2024-08-08T16:48:52.836-0700] {processor.py:183} INFO - Processing /Users/treylayton/Desktop/Coding/beehiiv_project/airflow/dags/postonce_workflow.py took 0.095 seconds
[2024-08-08T16:50:08.326-0700] {processor.py:161} INFO - Started process (PID=98945) to work on /Users/treylayton/Desktop/Coding/beehiiv_project/airflow/dags/postonce_workflow.py
[2024-08-08T16:50:08.328-0700] {processor.py:830} INFO - Processing file /Users/treylayton/Desktop/Coding/beehiiv_project/airflow/dags/postonce_workflow.py for tasks to queue
[2024-08-08T16:50:08.328-0700] {logging_mixin.py:188} INFO - [2024-08-08T16:50:08.328-0700] {dagbag.py:545} INFO - Filling up the DagBag from /Users/treylayton/Desktop/Coding/beehiiv_project/airflow/dags/postonce_workflow.py
[2024-08-08T16:50:08.343-0700] {processor.py:840} INFO - DAG(s) 'postonce_workflow' retrieved from /Users/treylayton/Desktop/Coding/beehiiv_project/airflow/dags/postonce_workflow.py
[2024-08-08T16:50:08.454-0700] {logging_mixin.py:188} INFO - [2024-08-08T16:50:08.454-0700] {dag.py:3089} INFO - Sync 1 DAGs
[2024-08-08T16:50:08.459-0700] {logging_mixin.py:188} INFO - [2024-08-08T16:50:08.459-0700] {dag.py:3947} INFO - Setting next_dagrun for postonce_workflow to None, run_after=None
[2024-08-08T16:50:08.472-0700] {processor.py:183} INFO - Processing /Users/treylayton/Desktop/Coding/beehiiv_project/airflow/dags/postonce_workflow.py took 0.149 seconds
[2024-08-08T16:50:24.266-0700] {processor.py:161} INFO - Started process (PID=98986) to work on /Users/treylayton/Desktop/Coding/beehiiv_project/airflow/dags/postonce_workflow.py
[2024-08-08T16:50:24.268-0700] {processor.py:830} INFO - Processing file /Users/treylayton/Desktop/Coding/beehiiv_project/airflow/dags/postonce_workflow.py for tasks to queue
[2024-08-08T16:50:24.268-0700] {logging_mixin.py:188} INFO - [2024-08-08T16:50:24.268-0700] {dagbag.py:545} INFO - Filling up the DagBag from /Users/treylayton/Desktop/Coding/beehiiv_project/airflow/dags/postonce_workflow.py
[2024-08-08T16:50:24.282-0700] {processor.py:840} INFO - DAG(s) 'postonce_workflow' retrieved from /Users/treylayton/Desktop/Coding/beehiiv_project/airflow/dags/postonce_workflow.py
[2024-08-08T16:50:24.290-0700] {logging_mixin.py:188} INFO - [2024-08-08T16:50:24.290-0700] {dag.py:3089} INFO - Sync 1 DAGs
[2024-08-08T16:50:24.337-0700] {logging_mixin.py:188} INFO - [2024-08-08T16:50:24.337-0700] {dag.py:3947} INFO - Setting next_dagrun for postonce_workflow to None, run_after=None
[2024-08-08T16:50:24.349-0700] {processor.py:183} INFO - Processing /Users/treylayton/Desktop/Coding/beehiiv_project/airflow/dags/postonce_workflow.py took 0.084 seconds
[2024-08-08T16:50:49.354-0700] {processor.py:161} INFO - Started process (PID=99062) to work on /Users/treylayton/Desktop/Coding/beehiiv_project/airflow/dags/postonce_workflow.py
[2024-08-08T16:50:49.356-0700] {processor.py:830} INFO - Processing file /Users/treylayton/Desktop/Coding/beehiiv_project/airflow/dags/postonce_workflow.py for tasks to queue
[2024-08-08T16:50:49.357-0700] {logging_mixin.py:188} INFO - [2024-08-08T16:50:49.356-0700] {dagbag.py:545} INFO - Filling up the DagBag from /Users/treylayton/Desktop/Coding/beehiiv_project/airflow/dags/postonce_workflow.py
[2024-08-08T16:50:49.371-0700] {processor.py:840} INFO - DAG(s) 'postonce_workflow' retrieved from /Users/treylayton/Desktop/Coding/beehiiv_project/airflow/dags/postonce_workflow.py
[2024-08-08T16:50:49.426-0700] {logging_mixin.py:188} INFO - [2024-08-08T16:50:49.425-0700] {dag.py:3089} INFO - Sync 1 DAGs
[2024-08-08T16:50:49.431-0700] {logging_mixin.py:188} INFO - [2024-08-08T16:50:49.431-0700] {dag.py:3947} INFO - Setting next_dagrun for postonce_workflow to None, run_after=None
[2024-08-08T16:50:49.440-0700] {processor.py:183} INFO - Processing /Users/treylayton/Desktop/Coding/beehiiv_project/airflow/dags/postonce_workflow.py took 0.087 seconds
[2024-08-08T16:51:18.701-0700] {processor.py:161} INFO - Started process (PID=99118) to work on /Users/treylayton/Desktop/Coding/beehiiv_project/airflow/dags/postonce_workflow.py
[2024-08-08T16:51:18.702-0700] {processor.py:830} INFO - Processing file /Users/treylayton/Desktop/Coding/beehiiv_project/airflow/dags/postonce_workflow.py for tasks to queue
[2024-08-08T16:51:18.703-0700] {logging_mixin.py:188} INFO - [2024-08-08T16:51:18.703-0700] {dagbag.py:545} INFO - Filling up the DagBag from /Users/treylayton/Desktop/Coding/beehiiv_project/airflow/dags/postonce_workflow.py
[2024-08-08T16:51:18.717-0700] {processor.py:840} INFO - DAG(s) 'postonce_workflow' retrieved from /Users/treylayton/Desktop/Coding/beehiiv_project/airflow/dags/postonce_workflow.py
[2024-08-08T16:51:18.773-0700] {logging_mixin.py:188} INFO - [2024-08-08T16:51:18.772-0700] {dag.py:3089} INFO - Sync 1 DAGs
[2024-08-08T16:51:18.778-0700] {logging_mixin.py:188} INFO - [2024-08-08T16:51:18.778-0700] {dag.py:3947} INFO - Setting next_dagrun for postonce_workflow to None, run_after=None
[2024-08-08T16:51:18.789-0700] {processor.py:183} INFO - Processing /Users/treylayton/Desktop/Coding/beehiiv_project/airflow/dags/postonce_workflow.py took 0.090 seconds
[2024-08-08T16:52:30.887-0700] {processor.py:161} INFO - Started process (PID=99265) to work on /Users/treylayton/Desktop/Coding/beehiiv_project/airflow/dags/postonce_workflow.py
[2024-08-08T16:52:30.889-0700] {processor.py:830} INFO - Processing file /Users/treylayton/Desktop/Coding/beehiiv_project/airflow/dags/postonce_workflow.py for tasks to queue
[2024-08-08T16:52:30.889-0700] {logging_mixin.py:188} INFO - [2024-08-08T16:52:30.889-0700] {dagbag.py:545} INFO - Filling up the DagBag from /Users/treylayton/Desktop/Coding/beehiiv_project/airflow/dags/postonce_workflow.py
[2024-08-08T16:52:30.903-0700] {processor.py:840} INFO - DAG(s) 'postonce_workflow' retrieved from /Users/treylayton/Desktop/Coding/beehiiv_project/airflow/dags/postonce_workflow.py
[2024-08-08T16:52:30.958-0700] {logging_mixin.py:188} INFO - [2024-08-08T16:52:30.958-0700] {dag.py:3089} INFO - Sync 1 DAGs
[2024-08-08T16:52:30.963-0700] {logging_mixin.py:188} INFO - [2024-08-08T16:52:30.963-0700] {dag.py:3947} INFO - Setting next_dagrun for postonce_workflow to None, run_after=None
[2024-08-08T16:52:30.974-0700] {processor.py:183} INFO - Processing /Users/treylayton/Desktop/Coding/beehiiv_project/airflow/dags/postonce_workflow.py took 0.088 seconds
[2024-08-08T16:52:33.380-0700] {processor.py:161} INFO - Started process (PID=99268) to work on /Users/treylayton/Desktop/Coding/beehiiv_project/airflow/dags/postonce_workflow.py
[2024-08-08T16:52:33.381-0700] {processor.py:830} INFO - Processing file /Users/treylayton/Desktop/Coding/beehiiv_project/airflow/dags/postonce_workflow.py for tasks to queue
[2024-08-08T16:52:33.382-0700] {logging_mixin.py:188} INFO - [2024-08-08T16:52:33.382-0700] {dagbag.py:545} INFO - Filling up the DagBag from /Users/treylayton/Desktop/Coding/beehiiv_project/airflow/dags/postonce_workflow.py
[2024-08-08T16:52:33.395-0700] {processor.py:840} INFO - DAG(s) 'postonce_workflow' retrieved from /Users/treylayton/Desktop/Coding/beehiiv_project/airflow/dags/postonce_workflow.py
[2024-08-08T16:52:33.451-0700] {logging_mixin.py:188} INFO - [2024-08-08T16:52:33.450-0700] {dag.py:3089} INFO - Sync 1 DAGs
[2024-08-08T16:52:33.456-0700] {logging_mixin.py:188} INFO - [2024-08-08T16:52:33.456-0700] {dag.py:3947} INFO - Setting next_dagrun for postonce_workflow to None, run_after=None
[2024-08-08T16:52:33.467-0700] {processor.py:183} INFO - Processing /Users/treylayton/Desktop/Coding/beehiiv_project/airflow/dags/postonce_workflow.py took 0.089 seconds
[2024-08-08T16:53:47.370-0700] {processor.py:161} INFO - Started process (PID=99389) to work on /Users/treylayton/Desktop/Coding/beehiiv_project/airflow/dags/postonce_workflow.py
[2024-08-08T16:53:47.371-0700] {processor.py:830} INFO - Processing file /Users/treylayton/Desktop/Coding/beehiiv_project/airflow/dags/postonce_workflow.py for tasks to queue
[2024-08-08T16:53:47.372-0700] {logging_mixin.py:188} INFO - [2024-08-08T16:53:47.372-0700] {dagbag.py:545} INFO - Filling up the DagBag from /Users/treylayton/Desktop/Coding/beehiiv_project/airflow/dags/postonce_workflow.py
[2024-08-08T16:53:47.386-0700] {processor.py:840} INFO - DAG(s) 'postonce_workflow' retrieved from /Users/treylayton/Desktop/Coding/beehiiv_project/airflow/dags/postonce_workflow.py
[2024-08-08T16:53:47.444-0700] {logging_mixin.py:188} INFO - [2024-08-08T16:53:47.444-0700] {dag.py:3089} INFO - Sync 1 DAGs
[2024-08-08T16:53:47.450-0700] {logging_mixin.py:188} INFO - [2024-08-08T16:53:47.450-0700] {dag.py:3947} INFO - Setting next_dagrun for postonce_workflow to None, run_after=None
[2024-08-08T16:53:47.461-0700] {processor.py:183} INFO - Processing /Users/treylayton/Desktop/Coding/beehiiv_project/airflow/dags/postonce_workflow.py took 0.093 seconds
[2024-08-08T16:53:48.263-0700] {processor.py:161} INFO - Started process (PID=99390) to work on /Users/treylayton/Desktop/Coding/beehiiv_project/airflow/dags/postonce_workflow.py
[2024-08-08T16:53:48.265-0700] {processor.py:830} INFO - Processing file /Users/treylayton/Desktop/Coding/beehiiv_project/airflow/dags/postonce_workflow.py for tasks to queue
[2024-08-08T16:53:48.265-0700] {logging_mixin.py:188} INFO - [2024-08-08T16:53:48.265-0700] {dagbag.py:545} INFO - Filling up the DagBag from /Users/treylayton/Desktop/Coding/beehiiv_project/airflow/dags/postonce_workflow.py
[2024-08-08T16:53:48.280-0700] {processor.py:840} INFO - DAG(s) 'postonce_workflow' retrieved from /Users/treylayton/Desktop/Coding/beehiiv_project/airflow/dags/postonce_workflow.py
[2024-08-08T16:53:48.341-0700] {logging_mixin.py:188} INFO - [2024-08-08T16:53:48.340-0700] {dag.py:3089} INFO - Sync 1 DAGs
[2024-08-08T16:53:48.346-0700] {logging_mixin.py:188} INFO - [2024-08-08T16:53:48.346-0700] {dag.py:3947} INFO - Setting next_dagrun for postonce_workflow to None, run_after=None
[2024-08-08T16:53:48.359-0700] {processor.py:183} INFO - Processing /Users/treylayton/Desktop/Coding/beehiiv_project/airflow/dags/postonce_workflow.py took 0.099 seconds
[2024-08-08T16:55:02.956-0700] {processor.py:161} INFO - Started process (PID=99533) to work on /Users/treylayton/Desktop/Coding/beehiiv_project/airflow/dags/postonce_workflow.py
[2024-08-08T16:55:02.957-0700] {processor.py:830} INFO - Processing file /Users/treylayton/Desktop/Coding/beehiiv_project/airflow/dags/postonce_workflow.py for tasks to queue
[2024-08-08T16:55:02.958-0700] {logging_mixin.py:188} INFO - [2024-08-08T16:55:02.958-0700] {dagbag.py:545} INFO - Filling up the DagBag from /Users/treylayton/Desktop/Coding/beehiiv_project/airflow/dags/postonce_workflow.py
[2024-08-08T16:55:02.972-0700] {processor.py:840} INFO - DAG(s) 'postonce_workflow' retrieved from /Users/treylayton/Desktop/Coding/beehiiv_project/airflow/dags/postonce_workflow.py
[2024-08-08T16:55:03.026-0700] {logging_mixin.py:188} INFO - [2024-08-08T16:55:03.026-0700] {dag.py:3089} INFO - Sync 1 DAGs
[2024-08-08T16:55:03.031-0700] {logging_mixin.py:188} INFO - [2024-08-08T16:55:03.031-0700] {dag.py:3947} INFO - Setting next_dagrun for postonce_workflow to None, run_after=None
[2024-08-08T16:55:03.042-0700] {processor.py:183} INFO - Processing /Users/treylayton/Desktop/Coding/beehiiv_project/airflow/dags/postonce_workflow.py took 0.088 seconds
[2024-08-08T16:55:03.521-0700] {processor.py:161} INFO - Started process (PID=99534) to work on /Users/treylayton/Desktop/Coding/beehiiv_project/airflow/dags/postonce_workflow.py
[2024-08-08T16:55:03.523-0700] {processor.py:830} INFO - Processing file /Users/treylayton/Desktop/Coding/beehiiv_project/airflow/dags/postonce_workflow.py for tasks to queue
[2024-08-08T16:55:03.524-0700] {logging_mixin.py:188} INFO - [2024-08-08T16:55:03.524-0700] {dagbag.py:545} INFO - Filling up the DagBag from /Users/treylayton/Desktop/Coding/beehiiv_project/airflow/dags/postonce_workflow.py
[2024-08-08T16:55:03.539-0700] {processor.py:840} INFO - DAG(s) 'postonce_workflow' retrieved from /Users/treylayton/Desktop/Coding/beehiiv_project/airflow/dags/postonce_workflow.py
[2024-08-08T16:55:03.595-0700] {logging_mixin.py:188} INFO - [2024-08-08T16:55:03.594-0700] {dag.py:3089} INFO - Sync 1 DAGs
[2024-08-08T16:55:03.600-0700] {logging_mixin.py:188} INFO - [2024-08-08T16:55:03.600-0700] {dag.py:3947} INFO - Setting next_dagrun for postonce_workflow to None, run_after=None
[2024-08-08T16:55:03.612-0700] {processor.py:183} INFO - Processing /Users/treylayton/Desktop/Coding/beehiiv_project/airflow/dags/postonce_workflow.py took 0.092 seconds
[2024-08-08T16:56:15.978-0700] {processor.py:161} INFO - Started process (PID=99699) to work on /Users/treylayton/Desktop/Coding/beehiiv_project/airflow/dags/postonce_workflow.py
[2024-08-08T16:56:15.980-0700] {processor.py:830} INFO - Processing file /Users/treylayton/Desktop/Coding/beehiiv_project/airflow/dags/postonce_workflow.py for tasks to queue
[2024-08-08T16:56:15.980-0700] {logging_mixin.py:188} INFO - [2024-08-08T16:56:15.980-0700] {dagbag.py:545} INFO - Filling up the DagBag from /Users/treylayton/Desktop/Coding/beehiiv_project/airflow/dags/postonce_workflow.py
[2024-08-08T16:56:15.993-0700] {logging_mixin.py:188} INFO - [2024-08-08T16:56:15.981-0700] {dagbag.py:355} ERROR - Failed to import: /Users/treylayton/Desktop/Coding/beehiiv_project/airflow/dags/postonce_workflow.py
Traceback (most recent call last):
  File "/Users/treylayton/Library/Python/3.9/lib/python/site-packages/airflow/models/dagbag.py", line 351, in parse
    loader.exec_module(new_module)
  File "<frozen importlib._bootstrap_external>", line 846, in exec_module
  File "<frozen importlib._bootstrap_external>", line 983, in get_code
  File "<frozen importlib._bootstrap_external>", line 913, in source_to_code
  File "<frozen importlib._bootstrap>", line 228, in _call_with_frames_removed
  File "/Users/treylayton/Desktop/Coding/beehiiv_project/airflow/dags/postonce_workflow.py", line 6
    Import your custom functions here
IndentationError: unexpected indent
[2024-08-08T16:56:15.997-0700] {processor.py:842} WARNING - No viable dags retrieved from /Users/treylayton/Desktop/Coding/beehiiv_project/airflow/dags/postonce_workflow.py
[2024-08-08T16:56:16.052-0700] {processor.py:183} INFO - Processing /Users/treylayton/Desktop/Coding/beehiiv_project/airflow/dags/postonce_workflow.py took 0.076 seconds
[2024-08-08T16:56:16.584-0700] {processor.py:161} INFO - Started process (PID=99700) to work on /Users/treylayton/Desktop/Coding/beehiiv_project/airflow/dags/postonce_workflow.py
[2024-08-08T16:56:16.586-0700] {processor.py:830} INFO - Processing file /Users/treylayton/Desktop/Coding/beehiiv_project/airflow/dags/postonce_workflow.py for tasks to queue
[2024-08-08T16:56:16.587-0700] {logging_mixin.py:188} INFO - [2024-08-08T16:56:16.587-0700] {dagbag.py:545} INFO - Filling up the DagBag from /Users/treylayton/Desktop/Coding/beehiiv_project/airflow/dags/postonce_workflow.py
[2024-08-08T16:56:16.600-0700] {logging_mixin.py:188} INFO - [2024-08-08T16:56:16.588-0700] {dagbag.py:355} ERROR - Failed to import: /Users/treylayton/Desktop/Coding/beehiiv_project/airflow/dags/postonce_workflow.py
Traceback (most recent call last):
  File "/Users/treylayton/Library/Python/3.9/lib/python/site-packages/airflow/models/dagbag.py", line 351, in parse
    loader.exec_module(new_module)
  File "<frozen importlib._bootstrap_external>", line 846, in exec_module
  File "<frozen importlib._bootstrap_external>", line 983, in get_code
  File "<frozen importlib._bootstrap_external>", line 913, in source_to_code
  File "<frozen importlib._bootstrap>", line 228, in _call_with_frames_removed
  File "/Users/treylayton/Desktop/Coding/beehiiv_project/airflow/dags/postonce_workflow.py", line 6
    Import your custom functions here
IndentationError: unexpected indent
[2024-08-08T16:56:16.605-0700] {processor.py:842} WARNING - No viable dags retrieved from /Users/treylayton/Desktop/Coding/beehiiv_project/airflow/dags/postonce_workflow.py
[2024-08-08T16:56:16.661-0700] {processor.py:183} INFO - Processing /Users/treylayton/Desktop/Coding/beehiiv_project/airflow/dags/postonce_workflow.py took 0.079 seconds
[2024-08-08T16:57:31.510-0700] {processor.py:161} INFO - Started process (PID=99814) to work on /Users/treylayton/Desktop/Coding/beehiiv_project/airflow/dags/postonce_workflow.py
[2024-08-08T16:57:31.511-0700] {processor.py:830} INFO - Processing file /Users/treylayton/Desktop/Coding/beehiiv_project/airflow/dags/postonce_workflow.py for tasks to queue
[2024-08-08T16:57:31.512-0700] {logging_mixin.py:188} INFO - [2024-08-08T16:57:31.512-0700] {dagbag.py:545} INFO - Filling up the DagBag from /Users/treylayton/Desktop/Coding/beehiiv_project/airflow/dags/postonce_workflow.py
[2024-08-08T16:57:31.523-0700] {logging_mixin.py:188} INFO - [2024-08-08T16:57:31.512-0700] {dagbag.py:355} ERROR - Failed to import: /Users/treylayton/Desktop/Coding/beehiiv_project/airflow/dags/postonce_workflow.py
Traceback (most recent call last):
  File "/Users/treylayton/Library/Python/3.9/lib/python/site-packages/airflow/models/dagbag.py", line 351, in parse
    loader.exec_module(new_module)
  File "<frozen importlib._bootstrap_external>", line 846, in exec_module
  File "<frozen importlib._bootstrap_external>", line 983, in get_code
  File "<frozen importlib._bootstrap_external>", line 913, in source_to_code
  File "<frozen importlib._bootstrap>", line 228, in _call_with_frames_removed
  File "/Users/treylayton/Desktop/Coding/beehiiv_project/airflow/dags/postonce_workflow.py", line 6
    Import your custom functions here
IndentationError: unexpected indent
[2024-08-08T16:57:31.527-0700] {processor.py:842} WARNING - No viable dags retrieved from /Users/treylayton/Desktop/Coding/beehiiv_project/airflow/dags/postonce_workflow.py
[2024-08-08T16:57:31.578-0700] {processor.py:183} INFO - Processing /Users/treylayton/Desktop/Coding/beehiiv_project/airflow/dags/postonce_workflow.py took 0.070 seconds
[2024-08-08T16:57:32.682-0700] {processor.py:161} INFO - Started process (PID=99815) to work on /Users/treylayton/Desktop/Coding/beehiiv_project/airflow/dags/postonce_workflow.py
[2024-08-08T16:57:32.684-0700] {processor.py:830} INFO - Processing file /Users/treylayton/Desktop/Coding/beehiiv_project/airflow/dags/postonce_workflow.py for tasks to queue
[2024-08-08T16:57:32.684-0700] {logging_mixin.py:188} INFO - [2024-08-08T16:57:32.684-0700] {dagbag.py:545} INFO - Filling up the DagBag from /Users/treylayton/Desktop/Coding/beehiiv_project/airflow/dags/postonce_workflow.py
[2024-08-08T16:57:32.695-0700] {logging_mixin.py:188} INFO - [2024-08-08T16:57:32.684-0700] {dagbag.py:355} ERROR - Failed to import: /Users/treylayton/Desktop/Coding/beehiiv_project/airflow/dags/postonce_workflow.py
Traceback (most recent call last):
  File "/Users/treylayton/Library/Python/3.9/lib/python/site-packages/airflow/models/dagbag.py", line 351, in parse
    loader.exec_module(new_module)
  File "<frozen importlib._bootstrap_external>", line 846, in exec_module
  File "<frozen importlib._bootstrap_external>", line 983, in get_code
  File "<frozen importlib._bootstrap_external>", line 913, in source_to_code
  File "<frozen importlib._bootstrap>", line 228, in _call_with_frames_removed
  File "/Users/treylayton/Desktop/Coding/beehiiv_project/airflow/dags/postonce_workflow.py", line 6
    Import your custom functions here
IndentationError: unexpected indent
[2024-08-08T16:57:32.700-0700] {processor.py:842} WARNING - No viable dags retrieved from /Users/treylayton/Desktop/Coding/beehiiv_project/airflow/dags/postonce_workflow.py
[2024-08-08T16:57:32.769-0700] {processor.py:183} INFO - Processing /Users/treylayton/Desktop/Coding/beehiiv_project/airflow/dags/postonce_workflow.py took 0.089 seconds
[2024-08-08T16:58:45.277-0700] {processor.py:161} INFO - Started process (PID=99979) to work on /Users/treylayton/Desktop/Coding/beehiiv_project/airflow/dags/postonce_workflow.py
[2024-08-08T16:58:45.278-0700] {processor.py:830} INFO - Processing file /Users/treylayton/Desktop/Coding/beehiiv_project/airflow/dags/postonce_workflow.py for tasks to queue
[2024-08-08T16:58:45.279-0700] {logging_mixin.py:188} INFO - [2024-08-08T16:58:45.279-0700] {dagbag.py:545} INFO - Filling up the DagBag from /Users/treylayton/Desktop/Coding/beehiiv_project/airflow/dags/postonce_workflow.py
[2024-08-08T16:58:45.292-0700] {logging_mixin.py:188} INFO - [2024-08-08T16:58:45.279-0700] {dagbag.py:355} ERROR - Failed to import: /Users/treylayton/Desktop/Coding/beehiiv_project/airflow/dags/postonce_workflow.py
Traceback (most recent call last):
  File "/Users/treylayton/Library/Python/3.9/lib/python/site-packages/airflow/models/dagbag.py", line 351, in parse
    loader.exec_module(new_module)
  File "<frozen importlib._bootstrap_external>", line 846, in exec_module
  File "<frozen importlib._bootstrap_external>", line 983, in get_code
  File "<frozen importlib._bootstrap_external>", line 913, in source_to_code
  File "<frozen importlib._bootstrap>", line 228, in _call_with_frames_removed
  File "/Users/treylayton/Desktop/Coding/beehiiv_project/airflow/dags/postonce_workflow.py", line 6
    Import your custom functions here
IndentationError: unexpected indent
[2024-08-08T16:58:45.297-0700] {processor.py:842} WARNING - No viable dags retrieved from /Users/treylayton/Desktop/Coding/beehiiv_project/airflow/dags/postonce_workflow.py
[2024-08-08T16:58:45.349-0700] {processor.py:183} INFO - Processing /Users/treylayton/Desktop/Coding/beehiiv_project/airflow/dags/postonce_workflow.py took 0.074 seconds
[2024-08-08T16:58:45.824-0700] {processor.py:161} INFO - Started process (PID=99984) to work on /Users/treylayton/Desktop/Coding/beehiiv_project/airflow/dags/postonce_workflow.py
[2024-08-08T16:58:45.825-0700] {processor.py:830} INFO - Processing file /Users/treylayton/Desktop/Coding/beehiiv_project/airflow/dags/postonce_workflow.py for tasks to queue
[2024-08-08T16:58:45.826-0700] {logging_mixin.py:188} INFO - [2024-08-08T16:58:45.826-0700] {dagbag.py:545} INFO - Filling up the DagBag from /Users/treylayton/Desktop/Coding/beehiiv_project/airflow/dags/postonce_workflow.py
[2024-08-08T16:58:45.838-0700] {logging_mixin.py:188} INFO - [2024-08-08T16:58:45.826-0700] {dagbag.py:355} ERROR - Failed to import: /Users/treylayton/Desktop/Coding/beehiiv_project/airflow/dags/postonce_workflow.py
Traceback (most recent call last):
  File "/Users/treylayton/Library/Python/3.9/lib/python/site-packages/airflow/models/dagbag.py", line 351, in parse
    loader.exec_module(new_module)
  File "<frozen importlib._bootstrap_external>", line 846, in exec_module
  File "<frozen importlib._bootstrap_external>", line 983, in get_code
  File "<frozen importlib._bootstrap_external>", line 913, in source_to_code
  File "<frozen importlib._bootstrap>", line 228, in _call_with_frames_removed
  File "/Users/treylayton/Desktop/Coding/beehiiv_project/airflow/dags/postonce_workflow.py", line 6
    Import your custom functions here
IndentationError: unexpected indent
[2024-08-08T16:58:45.842-0700] {processor.py:842} WARNING - No viable dags retrieved from /Users/treylayton/Desktop/Coding/beehiiv_project/airflow/dags/postonce_workflow.py
[2024-08-08T16:58:45.891-0700] {processor.py:183} INFO - Processing /Users/treylayton/Desktop/Coding/beehiiv_project/airflow/dags/postonce_workflow.py took 0.069 seconds
[2024-08-08T16:59:58.934-0700] {processor.py:161} INFO - Started process (PID=201) to work on /Users/treylayton/Desktop/Coding/beehiiv_project/airflow/dags/postonce_workflow.py
[2024-08-08T16:59:58.936-0700] {processor.py:830} INFO - Processing file /Users/treylayton/Desktop/Coding/beehiiv_project/airflow/dags/postonce_workflow.py for tasks to queue
[2024-08-08T16:59:58.936-0700] {logging_mixin.py:188} INFO - [2024-08-08T16:59:58.936-0700] {dagbag.py:545} INFO - Filling up the DagBag from /Users/treylayton/Desktop/Coding/beehiiv_project/airflow/dags/postonce_workflow.py
[2024-08-08T16:59:58.960-0700] {logging_mixin.py:188} INFO - [2024-08-08T16:59:58.950-0700] {dagbag.py:355} ERROR - Failed to import: /Users/treylayton/Desktop/Coding/beehiiv_project/airflow/dags/postonce_workflow.py
Traceback (most recent call last):
  File "/Users/treylayton/Library/Python/3.9/lib/python/site-packages/airflow/models/dagbag.py", line 351, in parse
    loader.exec_module(new_module)
  File "<frozen importlib._bootstrap_external>", line 850, in exec_module
  File "<frozen importlib._bootstrap>", line 228, in _call_with_frames_removed
  File "/Users/treylayton/Desktop/Coding/beehiiv_project/airflow/dags/postonce_workflow.py", line 5, in <module>
    from core.content.content_fetcher import fetch_beehiiv_content
ModuleNotFoundError: No module named 'core'
[2024-08-08T16:59:58.963-0700] {processor.py:842} WARNING - No viable dags retrieved from /Users/treylayton/Desktop/Coding/beehiiv_project/airflow/dags/postonce_workflow.py
[2024-08-08T16:59:59.014-0700] {processor.py:183} INFO - Processing /Users/treylayton/Desktop/Coding/beehiiv_project/airflow/dags/postonce_workflow.py took 0.081 seconds
