[2024-08-08T16:47:07.554-0700] {processor.py:161} INFO - Started process (PID=98592) to work on /Users/treylayton/Library/Python/3.9/lib/python/site-packages/airflow/example_dags/subdags/subdag.py
[2024-08-08T16:47:07.556-0700] {processor.py:830} INFO - Processing file /Users/treylayton/Library/Python/3.9/lib/python/site-packages/airflow/example_dags/subdags/subdag.py for tasks to queue
[2024-08-08T16:47:07.557-0700] {logging_mixin.py:188} INFO - [2024-08-08T16:47:07.556-0700] {dagbag.py:545} INFO - Filling up the DagBag from /Users/treylayton/Library/Python/3.9/lib/python/site-packages/airflow/example_dags/subdags/subdag.py
[2024-08-08T16:47:07.558-0700] {processor.py:842} WARNING - No viable dags retrieved from /Users/treylayton/Library/Python/3.9/lib/python/site-packages/airflow/example_dags/subdags/subdag.py
[2024-08-08T16:47:07.611-0700] {processor.py:183} INFO - Processing /Users/treylayton/Library/Python/3.9/lib/python/site-packages/airflow/example_dags/subdags/subdag.py took 0.059 seconds
[2024-08-08T16:48:54.150-0700] {processor.py:161} INFO - Started process (PID=98755) to work on /Users/treylayton/Library/Python/3.9/lib/python/site-packages/airflow/example_dags/subdags/subdag.py
[2024-08-08T16:48:54.152-0700] {processor.py:830} INFO - Processing file /Users/treylayton/Library/Python/3.9/lib/python/site-packages/airflow/example_dags/subdags/subdag.py for tasks to queue
[2024-08-08T16:48:54.152-0700] {logging_mixin.py:188} INFO - [2024-08-08T16:48:54.152-0700] {dagbag.py:545} INFO - Filling up the DagBag from /Users/treylayton/Library/Python/3.9/lib/python/site-packages/airflow/example_dags/subdags/subdag.py
[2024-08-08T16:48:54.153-0700] {processor.py:842} WARNING - No viable dags retrieved from /Users/treylayton/Library/Python/3.9/lib/python/site-packages/airflow/example_dags/subdags/subdag.py
[2024-08-08T16:48:54.201-0700] {processor.py:183} INFO - Processing /Users/treylayton/Library/Python/3.9/lib/python/site-packages/airflow/example_dags/subdags/subdag.py took 0.053 seconds
[2024-08-08T16:50:10.548-0700] {processor.py:161} INFO - Started process (PID=98948) to work on /Users/treylayton/Library/Python/3.9/lib/python/site-packages/airflow/example_dags/subdags/subdag.py
[2024-08-08T16:50:10.550-0700] {processor.py:830} INFO - Processing file /Users/treylayton/Library/Python/3.9/lib/python/site-packages/airflow/example_dags/subdags/subdag.py for tasks to queue
[2024-08-08T16:50:10.550-0700] {logging_mixin.py:188} INFO - [2024-08-08T16:50:10.550-0700] {dagbag.py:545} INFO - Filling up the DagBag from /Users/treylayton/Library/Python/3.9/lib/python/site-packages/airflow/example_dags/subdags/subdag.py
[2024-08-08T16:50:10.551-0700] {processor.py:842} WARNING - No viable dags retrieved from /Users/treylayton/Library/Python/3.9/lib/python/site-packages/airflow/example_dags/subdags/subdag.py
[2024-08-08T16:50:10.600-0700] {processor.py:183} INFO - Processing /Users/treylayton/Library/Python/3.9/lib/python/site-packages/airflow/example_dags/subdags/subdag.py took 0.053 seconds
[2024-08-08T16:50:26.410-0700] {processor.py:161} INFO - Started process (PID=98988) to work on /Users/treylayton/Library/Python/3.9/lib/python/site-packages/airflow/example_dags/subdags/subdag.py
[2024-08-08T16:50:26.412-0700] {processor.py:830} INFO - Processing file /Users/treylayton/Library/Python/3.9/lib/python/site-packages/airflow/example_dags/subdags/subdag.py for tasks to queue
[2024-08-08T16:50:26.412-0700] {logging_mixin.py:188} INFO - [2024-08-08T16:50:26.412-0700] {dagbag.py:545} INFO - Filling up the DagBag from /Users/treylayton/Library/Python/3.9/lib/python/site-packages/airflow/example_dags/subdags/subdag.py
[2024-08-08T16:50:26.413-0700] {processor.py:842} WARNING - No viable dags retrieved from /Users/treylayton/Library/Python/3.9/lib/python/site-packages/airflow/example_dags/subdags/subdag.py
[2024-08-08T16:50:26.461-0700] {processor.py:183} INFO - Processing /Users/treylayton/Library/Python/3.9/lib/python/site-packages/airflow/example_dags/subdags/subdag.py took 0.053 seconds
[2024-08-08T16:50:51.535-0700] {processor.py:161} INFO - Started process (PID=99064) to work on /Users/treylayton/Library/Python/3.9/lib/python/site-packages/airflow/example_dags/subdags/subdag.py
[2024-08-08T16:50:51.537-0700] {processor.py:830} INFO - Processing file /Users/treylayton/Library/Python/3.9/lib/python/site-packages/airflow/example_dags/subdags/subdag.py for tasks to queue
[2024-08-08T16:50:51.538-0700] {logging_mixin.py:188} INFO - [2024-08-08T16:50:51.538-0700] {dagbag.py:545} INFO - Filling up the DagBag from /Users/treylayton/Library/Python/3.9/lib/python/site-packages/airflow/example_dags/subdags/subdag.py
[2024-08-08T16:50:51.539-0700] {processor.py:842} WARNING - No viable dags retrieved from /Users/treylayton/Library/Python/3.9/lib/python/site-packages/airflow/example_dags/subdags/subdag.py
[2024-08-08T16:50:51.586-0700] {processor.py:183} INFO - Processing /Users/treylayton/Library/Python/3.9/lib/python/site-packages/airflow/example_dags/subdags/subdag.py took 0.052 seconds
[2024-08-08T16:51:20.145-0700] {processor.py:161} INFO - Started process (PID=99120) to work on /Users/treylayton/Library/Python/3.9/lib/python/site-packages/airflow/example_dags/subdags/subdag.py
[2024-08-08T16:51:20.147-0700] {processor.py:830} INFO - Processing file /Users/treylayton/Library/Python/3.9/lib/python/site-packages/airflow/example_dags/subdags/subdag.py for tasks to queue
[2024-08-08T16:51:20.147-0700] {logging_mixin.py:188} INFO - [2024-08-08T16:51:20.147-0700] {dagbag.py:545} INFO - Filling up the DagBag from /Users/treylayton/Library/Python/3.9/lib/python/site-packages/airflow/example_dags/subdags/subdag.py
[2024-08-08T16:51:20.149-0700] {processor.py:842} WARNING - No viable dags retrieved from /Users/treylayton/Library/Python/3.9/lib/python/site-packages/airflow/example_dags/subdags/subdag.py
[2024-08-08T16:51:20.198-0700] {processor.py:183} INFO - Processing /Users/treylayton/Library/Python/3.9/lib/python/site-packages/airflow/example_dags/subdags/subdag.py took 0.055 seconds
[2024-08-08T16:52:32.987-0700] {processor.py:161} INFO - Started process (PID=99267) to work on /Users/treylayton/Library/Python/3.9/lib/python/site-packages/airflow/example_dags/subdags/subdag.py
[2024-08-08T16:52:32.989-0700] {processor.py:830} INFO - Processing file /Users/treylayton/Library/Python/3.9/lib/python/site-packages/airflow/example_dags/subdags/subdag.py for tasks to queue
[2024-08-08T16:52:32.989-0700] {logging_mixin.py:188} INFO - [2024-08-08T16:52:32.989-0700] {dagbag.py:545} INFO - Filling up the DagBag from /Users/treylayton/Library/Python/3.9/lib/python/site-packages/airflow/example_dags/subdags/subdag.py
[2024-08-08T16:52:32.990-0700] {processor.py:842} WARNING - No viable dags retrieved from /Users/treylayton/Library/Python/3.9/lib/python/site-packages/airflow/example_dags/subdags/subdag.py
[2024-08-08T16:52:33.038-0700] {processor.py:183} INFO - Processing /Users/treylayton/Library/Python/3.9/lib/python/site-packages/airflow/example_dags/subdags/subdag.py took 0.053 seconds
[2024-08-08T16:52:35.554-0700] {processor.py:161} INFO - Started process (PID=99274) to work on /Users/treylayton/Library/Python/3.9/lib/python/site-packages/airflow/example_dags/subdags/subdag.py
[2024-08-08T16:52:35.556-0700] {processor.py:830} INFO - Processing file /Users/treylayton/Library/Python/3.9/lib/python/site-packages/airflow/example_dags/subdags/subdag.py for tasks to queue
[2024-08-08T16:52:35.557-0700] {logging_mixin.py:188} INFO - [2024-08-08T16:52:35.557-0700] {dagbag.py:545} INFO - Filling up the DagBag from /Users/treylayton/Library/Python/3.9/lib/python/site-packages/airflow/example_dags/subdags/subdag.py
[2024-08-08T16:52:35.558-0700] {processor.py:842} WARNING - No viable dags retrieved from /Users/treylayton/Library/Python/3.9/lib/python/site-packages/airflow/example_dags/subdags/subdag.py
[2024-08-08T16:52:35.608-0700] {processor.py:183} INFO - Processing /Users/treylayton/Library/Python/3.9/lib/python/site-packages/airflow/example_dags/subdags/subdag.py took 0.055 seconds
[2024-08-08T16:53:49.532-0700] {processor.py:161} INFO - Started process (PID=99393) to work on /Users/treylayton/Library/Python/3.9/lib/python/site-packages/airflow/example_dags/subdags/subdag.py
[2024-08-08T16:53:49.534-0700] {processor.py:830} INFO - Processing file /Users/treylayton/Library/Python/3.9/lib/python/site-packages/airflow/example_dags/subdags/subdag.py for tasks to queue
[2024-08-08T16:53:49.534-0700] {logging_mixin.py:188} INFO - [2024-08-08T16:53:49.534-0700] {dagbag.py:545} INFO - Filling up the DagBag from /Users/treylayton/Library/Python/3.9/lib/python/site-packages/airflow/example_dags/subdags/subdag.py
[2024-08-08T16:53:49.535-0700] {processor.py:842} WARNING - No viable dags retrieved from /Users/treylayton/Library/Python/3.9/lib/python/site-packages/airflow/example_dags/subdags/subdag.py
[2024-08-08T16:53:49.586-0700] {processor.py:183} INFO - Processing /Users/treylayton/Library/Python/3.9/lib/python/site-packages/airflow/example_dags/subdags/subdag.py took 0.056 seconds
[2024-08-08T16:53:50.438-0700] {processor.py:161} INFO - Started process (PID=99394) to work on /Users/treylayton/Library/Python/3.9/lib/python/site-packages/airflow/example_dags/subdags/subdag.py
[2024-08-08T16:53:50.440-0700] {processor.py:830} INFO - Processing file /Users/treylayton/Library/Python/3.9/lib/python/site-packages/airflow/example_dags/subdags/subdag.py for tasks to queue
[2024-08-08T16:53:50.440-0700] {logging_mixin.py:188} INFO - [2024-08-08T16:53:50.440-0700] {dagbag.py:545} INFO - Filling up the DagBag from /Users/treylayton/Library/Python/3.9/lib/python/site-packages/airflow/example_dags/subdags/subdag.py
[2024-08-08T16:53:50.441-0700] {processor.py:842} WARNING - No viable dags retrieved from /Users/treylayton/Library/Python/3.9/lib/python/site-packages/airflow/example_dags/subdags/subdag.py
[2024-08-08T16:53:50.492-0700] {processor.py:183} INFO - Processing /Users/treylayton/Library/Python/3.9/lib/python/site-packages/airflow/example_dags/subdags/subdag.py took 0.056 seconds
[2024-08-08T16:55:05.025-0700] {processor.py:161} INFO - Started process (PID=99535) to work on /Users/treylayton/Library/Python/3.9/lib/python/site-packages/airflow/example_dags/subdags/subdag.py
[2024-08-08T16:55:05.026-0700] {processor.py:830} INFO - Processing file /Users/treylayton/Library/Python/3.9/lib/python/site-packages/airflow/example_dags/subdags/subdag.py for tasks to queue
[2024-08-08T16:55:05.027-0700] {logging_mixin.py:188} INFO - [2024-08-08T16:55:05.026-0700] {dagbag.py:545} INFO - Filling up the DagBag from /Users/treylayton/Library/Python/3.9/lib/python/site-packages/airflow/example_dags/subdags/subdag.py
[2024-08-08T16:55:05.028-0700] {processor.py:842} WARNING - No viable dags retrieved from /Users/treylayton/Library/Python/3.9/lib/python/site-packages/airflow/example_dags/subdags/subdag.py
[2024-08-08T16:55:05.074-0700] {processor.py:183} INFO - Processing /Users/treylayton/Library/Python/3.9/lib/python/site-packages/airflow/example_dags/subdags/subdag.py took 0.051 seconds
[2024-08-08T16:55:05.637-0700] {processor.py:161} INFO - Started process (PID=99540) to work on /Users/treylayton/Library/Python/3.9/lib/python/site-packages/airflow/example_dags/subdags/subdag.py
[2024-08-08T16:55:05.639-0700] {processor.py:830} INFO - Processing file /Users/treylayton/Library/Python/3.9/lib/python/site-packages/airflow/example_dags/subdags/subdag.py for tasks to queue
[2024-08-08T16:55:05.639-0700] {logging_mixin.py:188} INFO - [2024-08-08T16:55:05.639-0700] {dagbag.py:545} INFO - Filling up the DagBag from /Users/treylayton/Library/Python/3.9/lib/python/site-packages/airflow/example_dags/subdags/subdag.py
[2024-08-08T16:55:05.640-0700] {processor.py:842} WARNING - No viable dags retrieved from /Users/treylayton/Library/Python/3.9/lib/python/site-packages/airflow/example_dags/subdags/subdag.py
[2024-08-08T16:55:05.693-0700] {processor.py:183} INFO - Processing /Users/treylayton/Library/Python/3.9/lib/python/site-packages/airflow/example_dags/subdags/subdag.py took 0.058 seconds
[2024-08-08T16:56:18.211-0700] {processor.py:161} INFO - Started process (PID=99701) to work on /Users/treylayton/Library/Python/3.9/lib/python/site-packages/airflow/example_dags/subdags/subdag.py
[2024-08-08T16:56:18.213-0700] {processor.py:830} INFO - Processing file /Users/treylayton/Library/Python/3.9/lib/python/site-packages/airflow/example_dags/subdags/subdag.py for tasks to queue
[2024-08-08T16:56:18.214-0700] {logging_mixin.py:188} INFO - [2024-08-08T16:56:18.214-0700] {dagbag.py:545} INFO - Filling up the DagBag from /Users/treylayton/Library/Python/3.9/lib/python/site-packages/airflow/example_dags/subdags/subdag.py
[2024-08-08T16:56:18.215-0700] {processor.py:842} WARNING - No viable dags retrieved from /Users/treylayton/Library/Python/3.9/lib/python/site-packages/airflow/example_dags/subdags/subdag.py
[2024-08-08T16:56:18.265-0700] {processor.py:183} INFO - Processing /Users/treylayton/Library/Python/3.9/lib/python/site-packages/airflow/example_dags/subdags/subdag.py took 0.057 seconds
[2024-08-08T16:56:18.835-0700] {processor.py:161} INFO - Started process (PID=99702) to work on /Users/treylayton/Library/Python/3.9/lib/python/site-packages/airflow/example_dags/subdags/subdag.py
[2024-08-08T16:56:18.837-0700] {processor.py:830} INFO - Processing file /Users/treylayton/Library/Python/3.9/lib/python/site-packages/airflow/example_dags/subdags/subdag.py for tasks to queue
[2024-08-08T16:56:18.837-0700] {logging_mixin.py:188} INFO - [2024-08-08T16:56:18.837-0700] {dagbag.py:545} INFO - Filling up the DagBag from /Users/treylayton/Library/Python/3.9/lib/python/site-packages/airflow/example_dags/subdags/subdag.py
[2024-08-08T16:56:18.838-0700] {processor.py:842} WARNING - No viable dags retrieved from /Users/treylayton/Library/Python/3.9/lib/python/site-packages/airflow/example_dags/subdags/subdag.py
[2024-08-08T16:56:18.894-0700] {processor.py:183} INFO - Processing /Users/treylayton/Library/Python/3.9/lib/python/site-packages/airflow/example_dags/subdags/subdag.py took 0.062 seconds
[2024-08-08T16:57:33.394-0700] {processor.py:161} INFO - Started process (PID=99816) to work on /Users/treylayton/Library/Python/3.9/lib/python/site-packages/airflow/example_dags/subdags/subdag.py
[2024-08-08T16:57:33.396-0700] {processor.py:830} INFO - Processing file /Users/treylayton/Library/Python/3.9/lib/python/site-packages/airflow/example_dags/subdags/subdag.py for tasks to queue
[2024-08-08T16:57:33.396-0700] {logging_mixin.py:188} INFO - [2024-08-08T16:57:33.396-0700] {dagbag.py:545} INFO - Filling up the DagBag from /Users/treylayton/Library/Python/3.9/lib/python/site-packages/airflow/example_dags/subdags/subdag.py
[2024-08-08T16:57:33.397-0700] {processor.py:842} WARNING - No viable dags retrieved from /Users/treylayton/Library/Python/3.9/lib/python/site-packages/airflow/example_dags/subdags/subdag.py
[2024-08-08T16:57:33.447-0700] {processor.py:183} INFO - Processing /Users/treylayton/Library/Python/3.9/lib/python/site-packages/airflow/example_dags/subdags/subdag.py took 0.055 seconds
[2024-08-08T16:57:34.433-0700] {processor.py:161} INFO - Started process (PID=99823) to work on /Users/treylayton/Library/Python/3.9/lib/python/site-packages/airflow/example_dags/subdags/subdag.py
[2024-08-08T16:57:34.435-0700] {processor.py:830} INFO - Processing file /Users/treylayton/Library/Python/3.9/lib/python/site-packages/airflow/example_dags/subdags/subdag.py for tasks to queue
[2024-08-08T16:57:34.435-0700] {logging_mixin.py:188} INFO - [2024-08-08T16:57:34.435-0700] {dagbag.py:545} INFO - Filling up the DagBag from /Users/treylayton/Library/Python/3.9/lib/python/site-packages/airflow/example_dags/subdags/subdag.py
[2024-08-08T16:57:34.436-0700] {processor.py:842} WARNING - No viable dags retrieved from /Users/treylayton/Library/Python/3.9/lib/python/site-packages/airflow/example_dags/subdags/subdag.py
[2024-08-08T16:57:34.489-0700] {processor.py:183} INFO - Processing /Users/treylayton/Library/Python/3.9/lib/python/site-packages/airflow/example_dags/subdags/subdag.py took 0.058 seconds
[2024-08-08T16:58:47.312-0700] {processor.py:161} INFO - Started process (PID=99985) to work on /Users/treylayton/Library/Python/3.9/lib/python/site-packages/airflow/example_dags/subdags/subdag.py
[2024-08-08T16:58:47.313-0700] {processor.py:830} INFO - Processing file /Users/treylayton/Library/Python/3.9/lib/python/site-packages/airflow/example_dags/subdags/subdag.py for tasks to queue
[2024-08-08T16:58:47.314-0700] {logging_mixin.py:188} INFO - [2024-08-08T16:58:47.314-0700] {dagbag.py:545} INFO - Filling up the DagBag from /Users/treylayton/Library/Python/3.9/lib/python/site-packages/airflow/example_dags/subdags/subdag.py
[2024-08-08T16:58:47.315-0700] {processor.py:842} WARNING - No viable dags retrieved from /Users/treylayton/Library/Python/3.9/lib/python/site-packages/airflow/example_dags/subdags/subdag.py
[2024-08-08T16:58:47.361-0700] {processor.py:183} INFO - Processing /Users/treylayton/Library/Python/3.9/lib/python/site-packages/airflow/example_dags/subdags/subdag.py took 0.051 seconds
[2024-08-08T16:58:47.889-0700] {processor.py:161} INFO - Started process (PID=99986) to work on /Users/treylayton/Library/Python/3.9/lib/python/site-packages/airflow/example_dags/subdags/subdag.py
[2024-08-08T16:58:47.891-0700] {processor.py:830} INFO - Processing file /Users/treylayton/Library/Python/3.9/lib/python/site-packages/airflow/example_dags/subdags/subdag.py for tasks to queue
[2024-08-08T16:58:47.891-0700] {logging_mixin.py:188} INFO - [2024-08-08T16:58:47.891-0700] {dagbag.py:545} INFO - Filling up the DagBag from /Users/treylayton/Library/Python/3.9/lib/python/site-packages/airflow/example_dags/subdags/subdag.py
[2024-08-08T16:58:47.892-0700] {processor.py:842} WARNING - No viable dags retrieved from /Users/treylayton/Library/Python/3.9/lib/python/site-packages/airflow/example_dags/subdags/subdag.py
[2024-08-08T16:58:47.944-0700] {processor.py:183} INFO - Processing /Users/treylayton/Library/Python/3.9/lib/python/site-packages/airflow/example_dags/subdags/subdag.py took 0.057 seconds
